<?xml version="1.0" encoding="UTF-8"?>
<!-- Generated by org.testng.reporters.JUnitXMLReporter -->
<testsuite hostname="NBSP000BOP-TP" ignored="0" name="Default test" tests="3" failures="3" timestamp="24 Feb 2021 03:27:42 GMT" time="0.069" errors="0">
  <testcase name="testServiceWithoutApiKey" time="0.016" classname="HCLAssesmnt.Assesment.Scenario3">
    <failure type="java.lang.StackOverflowError">
      <![CDATA[java.lang.StackOverflowError
	at HCLAssesmnt.Assesment.Scenario3.testServiceWithoutApiKey(Scenario3.java:13)
	at HCLAssesmnt.Assesment.Scenario3.testServiceWithoutApiKey(Scenario3.java:13)
	at HCLAssesmnt.Assesment.Scenario3.testServiceWithoutApiKey(Scenario3.java:13)
	at HCLAssesmnt.Assesment.Scenario3.testServiceWithoutApiKey(Scenario3.java:13)
	at HCLAssesmnt.Assesment.Scenario3.testServiceWithoutApiKey(Scenario3.java:13)
	at HCLAssesmnt.Assesment.Scenario3.testServiceWithoutApiKey(Scenario3.java:13)
	at HCLAssesmnt.Assesment.Scenario3.testServiceWithoutApiKey(Scenario3.java:13)
	at HCLAssesmnt.Assesment.Scenario3.testServiceWithoutApiKey(Scenario3.java:13)
	at HCLAssesmnt.Assesment.Scenario3.testServiceWithoutApiKey(Scenario3.java:13)
	at HCLAssesmnt.Assesment.Scenario3.testServiceWithoutApiKey(Scenario3.java:13)
	at HCLAssesmnt.Assesment.Scenario3.testServiceWithoutApiKey(Scenario3.java:13)
	at HCLAssesmnt.Assesment.Scenario3.testServiceWithoutApiKey(Scenario3.java:13)
	at HCLAssesmnt.Assesment.Scenario3.testServiceWithoutApiKey(Scenario3.java:13)
	at HCLAssesmnt.Assesment.Scenario3.testServiceWithoutApiKey(Scenario3.java:13)
	at HCLAssesmnt.Assesment.Scenario3.testServiceWithoutApiKey(Scenario3.java:13)
	at HCLAssesmnt.Assesment.Scenario3.testServiceWithoutApiKey(Scenario3.java:13)
	at HCLAssesmnt.Assesment.Scenario3.testServiceWithoutApiKey(Scenario3.java:13)
	at HCLAssesmnt.Assesment.Scenario3.testServiceWithoutApiKey(Scenario3.java:13)
	at HCLAssesmnt.Assesment.Scenario3.testServiceWithoutApiKey(Scenario3.java:13)
	at HCLAssesmnt.Assesment.Scenario3.testServiceWithoutApiKey(Scenario3.java:13)
	at HCLAssesmnt.Assesment.Scenario3.testServiceWithoutApiKey(Scenario3.java:13)
	at HCLAssesmnt.Assesment.Scenario3.testServiceWithoutApiKey(Scenario3.java:13)
	at HCLAssesmnt.Assesment.Scenario3.testServiceWithoutApiKey(Scenario3.java:13)
	at HCLAssesmnt.Assesment.Scenario3.testServiceWithoutApiKey(Scenario3.java:13)
	at HCLAssesmnt.Assesment.Scenario3.testServiceWithoutApiKey(Scenario3.java:13)
	at HCLAssesmnt.Assesment.Scenario3.testServiceWithoutApiKey(Scenario3.java:13)
	at HCLAssesmnt.Assesment.Scenario3.testServiceWithoutApiKey(Scenario3.java:13)
	at HCLAssesmnt.Assesment.Scenario3.testServiceWithoutApiKey(Scenario3.java:13)
	at HCLAssesmnt.Assesment.Scenario3.testServiceWithoutApiKey(Scenario3.java:13)
	at HCLAssesmnt.Assesment.Scenario3.testServiceWithoutApiKey(Scenario3.java:13)
	at HCLAssesmnt.Assesment.Scenario3.testServiceWithoutApiKey(Scenario3.java:13)
	at HCLAssesmnt.Assesment.Scenario3.testServiceWithoutApiKey(Scenario3.java:13)
	at HCLAssesmnt.Assesment.Scenario3.testServiceWithoutApiKey(Scenario3.java:13)
	at HCLAssesmnt.Assesment.Scenario3.testServiceWithoutApiKey(Scenario3.java:13)
	at HCLAssesmnt.Assesment.Scenario3.testServiceWithoutApiKey(Scenario3.java:13)
	at HCLAssesmnt.Assesment.Scenario3.testServiceWithoutApiKey(Scenario3.java:13)
	at HCLAssesmnt.Assesment.Scenario3.testServiceWithoutApiKey(Scenario3.java:13)
	at HCLAssesmnt.Assesment.Scenario3.testServiceWithoutApiKey(Scenario3.java:13)
	at HCLAssesmnt.Assesment.Scenario3.testServiceWithoutApiKey(Scenario3.java:13)
	at HCLAssesmnt.Assesment.Scenario3.testServiceWithoutApiKey(Scenario3.java:13)
	at HCLAssesmnt.Assesment.Scenario3.testServiceWithoutApiKey(Scenario3.java:13)
	at HCLAssesmnt.Assesment.Scenario3.testServiceWithoutApiKey(Scenario3.java:13)
	at HCLAssesmnt.Assesment.Scenario3.testServiceWithoutApiKey(Scenario3.java:13)
	at HCLAssesmnt.Assesment.Scenario3.testServiceWithoutApiKey(Scenario3.java:13)
	at HCLAssesmnt.Assesment.Scenario3.testServiceWithoutApiKey(Scenario3.java:13)
	at HCLAssesmnt.Assesment.Scenario3.testServiceWithoutApiKey(Scenario3.java:13)
	at HCLAssesmnt.Assesment.Scenario3.testServiceWithoutApiKey(Scenario3.java:13)
	at HCLAssesmnt.Assesment.Scenario3.testServiceWithoutApiKey(Scenario3.java:13)
	at HCLAssesmnt.Assesment.Scenario3.testServiceWithoutApiKey(Scenario3.java:13)
	at HCLAssesmnt.Assesment.Scenario3.testServiceWithoutApiKey(Scenario3.java:13)
	at HCLAssesmnt.Assesment.Scenario3.testServiceWithoutApiKey(Scenario3.java:13)
	at HCLAssesmnt.Assesment.Scenario3.testServiceWithoutApiKey(Scenario3.java:13)
	at HCLAssesmnt.Assesment.Scenario3.testServiceWithoutApiKey(Scenario3.java:13)
	at HCLAssesmnt.Assesment.Scenario3.testServiceWithoutApiKey(Scenario3.java:13)
	at HCLAssesmnt.Assesment.Scenario3.testServiceWithoutApiKey(Scenario3.java:13)
	at HCLAssesmnt.Assesment.Scenario3.testServiceWithoutApiKey(Scenario3.java:13)
	at HCLAssesmnt.Assesment.Scenario3.testServiceWithoutApiKey(Scenario3.java:13)
	at HCLAssesmnt.Assesment.Scenario3.testServiceWithoutApiKey(Scenario3.java:13)
	at HCLAssesmnt.Assesment.Scenario3.testServiceWithoutApiKey(Scenario3.java:13)
	at HCLAssesmnt.Assesment.Scenario3.testServiceWithoutApiKey(Scenario3.java:13)
	at HCLAssesmnt.Assesment.Scenario3.testServiceWithoutApiKey(Scenario3.java:13)
	at HCLAssesmnt.Assesment.Scenario3.testServiceWithoutApiKey(Scenario3.java:13)
	at HCLAssesmnt.Assesment.Scenario3.testServiceWithoutApiKey(Scenario3.java:13)
	at HCLAssesmnt.Assesment.Scenario3.testServiceWithoutApiKey(Scenario3.java:13)
	at HCLAssesmnt.Assesment.Scenario3.testServiceWithoutApiKey(Scenario3.java:13)
	at HCLAssesmnt.Assesment.Scenario3.testServiceWithoutApiKey(Scenario3.java:13)
	at HCLAssesmnt.Assesment.Scenario3.testServiceWithoutApiKey(Scenario3.java:13)
	at HCLAssesmnt.Assesment.Scenario3.testServiceWithoutApiKey(Scenario3.java:13)
	at HCLAssesmnt.Assesment.Scenario3.testServiceWithoutApiKey(Scenario3.java:13)
	at HCLAssesmnt.Assesment.Scenario3.testServiceWithoutApiKey(Scenario3.java:13)
	at HCLAssesmnt.Assesment.Scenario3.testServiceWithoutApiKey(Scenario3.java:13)
	at HCLAssesmnt.Assesment.Scenario3.testServiceWithoutApiKey(Scenario3.java:13)
	at HCLAssesmnt.Assesment.Scenario3.testServiceWithoutApiKey(Scenario3.java:13)
	at HCLAssesmnt.Assesment.Scenario3.testServiceWithoutApiKey(Scenario3.java:13)
	at HCLAssesmnt.Assesment.Scenario3.testServiceWithoutApiKey(Scenario3.java:13)
	at HCLAssesmnt.Assesment.Scenario3.testServiceWithoutApiKey(Scenario3.java:13)
	at HCLAssesmnt.Assesment.Scenario3.testServiceWithoutApiKey(Scenario3.java:13)
	at HCLAssesmnt.Assesment.Scenario3.testServiceWithoutApiKey(Scenario3.java:13)
	at HCLAssesmnt.Assesment.Scenario3.testServiceWithoutApiKey(Scenario3.java:13)
	at HCLAssesmnt.Assesment.Scenario3.testServiceWithoutApiKey(Scenario3.java:13)
	at HCLAssesmnt.Assesment.Scenario3.testServiceWithoutApiKey(Scenario3.java:13)
	at HCLAssesmnt.Assesment.Scenario3.testServiceWithoutApiKey(Scenario3.java:13)
	at HCLAssesmnt.Assesment.Scenario3.testServiceWithoutApiKey(Scenario3.java:13)
	at HCLAssesmnt.Assesment.Scenario3.testServiceWithoutApiKey(Scenario3.java:13)
	at HCLAssesmnt.Assesment.Scenario3.testServiceWithoutApiKey(Scenario3.java:13)
	at HCLAssesmnt.Assesment.Scenario3.testServiceWithoutApiKey(Scenario3.java:13)
	at HCLAssesmnt.Assesment.Scenario3.testServiceWithoutApiKey(Scenario3.java:13)
	at HCLAssesmnt.Assesment.Scenario3.testServiceWithoutApiKey(Scenario3.java:13)
	at HCLAssesmnt.Assesment.Scenario3.testServiceWithoutApiKey(Scenario3.java:13)
	at HCLAssesmnt.Assesment.Scenario3.testServiceWithoutApiKey(Scenario3.java:13)
	at HCLAssesmnt.Assesment.Scenario3.testServiceWithoutApiKey(Scenario3.java:13)
	at HCLAssesmnt.Assesment.Scenario3.testServiceWithoutApiKey(Scenario3.java:13)
	at HCLAssesmnt.Assesment.Scenario3.testServiceWithoutApiKey(Scenario3.java:13)
	at HCLAssesmnt.Assesment.Scenario3.testServiceWithoutApiKey(Scenario3.java:13)
	at HCLAssesmnt.Assesment.Scenario3.testServiceWithoutApiKey(Scenario3.java:13)
	at HCLAssesmnt.Assesment.Scenario3.testServiceWithoutApiKey(Scenario3.java:13)
	at HCLAssesmnt.Assesment.Scenario3.testServiceWithoutApiKey(Scenario3.java:13)
	at HCLAssesmnt.Assesment.Scenario3.testServiceWithoutApiKey(Scenario3.java:13)
	at HCLAssesmnt.Assesment.Scenario3.testServiceWithoutApiKey(Scenario3.java:13)
	at HCLAssesmnt.Assesment.Scenario3.testServiceWithoutApiKey(Scenario3.java:13)
	at HCLAssesmnt.Assesment.Scenario3.testServiceWithoutApiKey(Scenario3.java:13)
	at HCLAssesmnt.Assesment.Scenario3.testServiceWithoutApiKey(Scenario3.java:13)
	at HCLAssesmnt.Assesment.Scenario3.testServiceWithoutApiKey(Scenario3.java:13)
	at HCLAssesmnt.Assesment.Scenario3.testServiceWithoutApiKey(Scenario3.java:13)
	at HCLAssesmnt.Assesment.Scenario3.testServiceWithoutApiKey(Scenario3.java:13)
	at HCLAssesmnt.Assesment.Scenario3.testServiceWithoutApiKey(Scenario3.java:13)
	at HCLAssesmnt.Assesment.Scenario3.testServiceWithoutApiKey(Scenario3.java:13)
	at HCLAssesmnt.Assesment.Scenario3.testServiceWithoutApiKey(Scenario3.java:13)
	at HCLAssesmnt.Assesment.Scenario3.testServiceWithoutApiKey(Scenario3.java:13)
	at HCLAssesmnt.Assesment.Scenario3.testServiceWithoutApiKey(Scenario3.java:13)
	at HCLAssesmnt.Assesment.Scenario3.testServiceWithoutApiKey(Scenario3.java:13)
	at HCLAssesmnt.Assesment.Scenario3.testServiceWithoutApiKey(Scenario3.java:13)
	at HCLAssesmnt.Assesment.Scenario3.testServiceWithoutApiKey(Scenario3.java:13)
	at HCLAssesmnt.Assesment.Scenario3.testServiceWithoutApiKey(Scenario3.java:13)
	at HCLAssesmnt.Assesment.Scenario3.testServiceWithoutApiKey(Scenario3.java:13)
	at HCLAssesmnt.Assesment.Scenario3.testServiceWithoutApiKey(Scenario3.java:13)
	at HCLAssesmnt.Assesment.Scenario3.testServiceWithoutApiKey(Scenario3.java:13)
	at HCLAssesmnt.Assesment.Scenario3.testServiceWithoutApiKey(Scenario3.java:13)
	at HCLAssesmnt.Assesment.Scenario3.testServiceWithoutApiKey(Scenario3.java:13)
	at HCLAssesmnt.Assesment.Scenario3.testServiceWithoutApiKey(Scenario3.java:13)
	at HCLAssesmnt.Assesment.Scenario3.testServiceWithoutApiKey(Scenario3.java:13)
	at HCLAssesmnt.Assesment.Scenario3.testServiceWithoutApiKey(Scenario3.java:13)
	at HCLAssesmnt.Assesment.Scenario3.testServiceWithoutApiKey(Scenario3.java:13)
	at HCLAssesmnt.Assesment.Scenario3.testServiceWithoutApiKey(Scenario3.java:13)
	at HCLAssesmnt.Assesment.Scenario3.testServiceWithoutApiKey(Scenario3.java:13)
	at HCLAssesmnt.Assesment.Scenario3.testServiceWithoutApiKey(Scenario3.java:13)
	at HCLAssesmnt.Assesment.Scenario3.testServiceWithoutApiKey(Scenario3.java:13)
	at HCLAssesmnt.Assesment.Scenario3.testServiceWithoutApiKey(Scenario3.java:13)
	at HCLAssesmnt.Assesment.Scenario3.testServiceWithoutApiKey(Scenario3.java:13)
	at HCLAssesmnt.Assesment.Scenario3.testServiceWithoutApiKey(Scenario3.java:13)
	at HCLAssesmnt.Assesment.Scenario3.testServiceWithoutApiKey(Scenario3.java:13)
	at HCLAssesmnt.Assesment.Scenario3.testServiceWithoutApiKey(Scenario3.java:13)
	at HCLAssesmnt.Assesment.Scenario3.testServiceWithoutApiKey(Scenario3.java:13)
	at HCLAssesmnt.Assesment.Scenario3.testServiceWithoutApiKey(Scenario3.java:13)
	at HCLAssesmnt.Assesment.Scenario3.testServiceWithoutApiKey(Scenario3.java:13)
	at HCLAssesmnt.Assesment.Scenario3.testServiceWithoutApiKey(Scenario3.java:13)
	at HCLAssesmnt.Assesment.Scenario3.testServiceWithoutApiKey(Scenario3.java:13)
	at HCLAssesmnt.Assesment.Scenario3.testServiceWithoutApiKey(Scenario3.java:13)
	at HCLAssesmnt.Assesment.Scenario3.testServiceWithoutApiKey(Scenario3.java:13)
	at HCLAssesmnt.Assesment.Scenario3.testServiceWithoutApiKey(Scenario3.java:13)
	at HCLAssesmnt.Assesment.Scenario3.testServiceWithoutApiKey(Scenario3.java:13)
	at HCLAssesmnt.Assesment.Scenario3.testServiceWithoutApiKey(Scenario3.java:13)
	at HCLAssesmnt.Assesment.Scenario3.testServiceWithoutApiKey(Scenario3.java:13)
	at HCLAssesmnt.Assesment.Scenario3.testServiceWithoutApiKey(Scenario3.java:13)
	at HCLAssesmnt.Assesment.Scenario3.testServiceWithoutApiKey(Scenario3.java:13)
	at HCLAssesmnt.Assesment.Scenario3.testServiceWithoutApiKey(Scenario3.java:13)
	at HCLAssesmnt.Assesment.Scenario3.testServiceWithoutApiKey(Scenario3.java:13)
	at HCLAssesmnt.Assesment.Scenario3.testServiceWithoutApiKey(Scenario3.java:13)
	at HCLAssesmnt.Assesment.Scenario3.testServiceWithoutApiKey(Scenario3.java:13)
	at HCLAssesmnt.Assesment.Scenario3.testServiceWithoutApiKey(Scenario3.java:13)
	at HCLAssesmnt.Assesment.Scenario3.testServiceWithoutApiKey(Scenario3.java:13)
	at HCLAssesmnt.Assesment.Scenario3.testServiceWithoutApiKey(Scenario3.java:13)
	at HCLAssesmnt.Assesment.Scenario3.testServiceWithoutApiKey(Scenario3.java:13)
	at HCLAssesmnt.Assesment.Scenario3.testServiceWithoutApiKey(Scenario3.java:13)
	at HCLAssesmnt.Assesment.Scenario3.testServiceWithoutApiKey(Scenario3.java:13)
	at HCLAssesmnt.Assesment.Scenario3.testServiceWithoutApiKey(Scenario3.java:13)
	at HCLAssesmnt.Assesment.Scenario3.testServiceWithoutApiKey(Scenario3.java:13)
	at HCLAssesmnt.Assesment.Scenario3.testServiceWithoutApiKey(Scenario3.java:13)
	at HCLAssesmnt.Assesment.Scenario3.testServiceWithoutApiKey(Scenario3.java:13)
	at HCLAssesmnt.Assesment.Scenario3.testServiceWithoutApiKey(Scenario3.java:13)
	at HCLAssesmnt.Assesment.Scenario3.testServiceWithoutApiKey(Scenario3.java:13)
	at HCLAssesmnt.Assesment.Scenario3.testServiceWithoutApiKey(Scenario3.java:13)
	at HCLAssesmnt.Assesment.Scenario3.testServiceWithoutApiKey(Scenario3.java:13)
	at HCLAssesmnt.Assesment.Scenario3.testServiceWithoutApiKey(Scenario3.java:13)
	at HCLAssesmnt.Assesment.Scenario3.testServiceWithoutApiKey(Scenario3.java:13)
	at HCLAssesmnt.Assesment.Scenario3.testServiceWithoutApiKey(Scenario3.java:13)
	at HCLAssesmnt.Assesment.Scenario3.testServiceWithoutApiKey(Scenario3.java:13)
	at HCLAssesmnt.Assesment.Scenario3.testServiceWithoutApiKey(Scenario3.java:13)
	at HCLAssesmnt.Assesment.Scenario3.testServiceWithoutApiKey(Scenario3.java:13)
	at HCLAssesmnt.Assesment.Scenario3.testServiceWithoutApiKey(Scenario3.java:13)
	at HCLAssesmnt.Assesment.Scenario3.testServiceWithoutApiKey(Scenario3.java:13)
	at HCLAssesmnt.Assesment.Scenario3.testServiceWithoutApiKey(Scenario3.java:13)
	at HCLAssesmnt.Assesment.Scenario3.testServiceWithoutApiKey(Scenario3.java:13)
	at HCLAssesmnt.Assesment.Scenario3.testServiceWithoutApiKey(Scenario3.java:13)
	at HCLAssesmnt.Assesment.Scenario3.testServiceWithoutApiKey(Scenario3.java:13)
	at HCLAssesmnt.Assesment.Scenario3.testServiceWithoutApiKey(Scenario3.java:13)
	at HCLAssesmnt.Assesment.Scenario3.testServiceWithoutApiKey(Scenario3.java:13)
	at HCLAssesmnt.Assesment.Scenario3.testServiceWithoutApiKey(Scenario3.java:13)
	at HCLAssesmnt.Assesment.Scenario3.testServiceWithoutApiKey(Scenario3.java:13)
	at HCLAssesmnt.Assesment.Scenario3.testServiceWithoutApiKey(Scenario3.java:13)
	at HCLAssesmnt.Assesment.Scenario3.testServiceWithoutApiKey(Scenario3.java:13)
	at HCLAssesmnt.Assesment.Scenario3.testServiceWithoutApiKey(Scenario3.java:13)
	at HCLAssesmnt.Assesment.Scenario3.testServiceWithoutApiKey(Scenario3.java:13)
	at HCLAssesmnt.Assesment.Scenario3.testServiceWithoutApiKey(Scenario3.java:13)
	at HCLAssesmnt.Assesment.Scenario3.testServiceWithoutApiKey(Scenario3.java:13)
	at HCLAssesmnt.Assesment.Scenario3.testServiceWithoutApiKey(Scenario3.java:13)
	at HCLAssesmnt.Assesment.Scenario3.testServiceWithoutApiKey(Scenario3.java:13)
	at HCLAssesmnt.Assesment.Scenario3.testServiceWithoutApiKey(Scenario3.java:13)
	at HCLAssesmnt.Assesment.Scenario3.testServiceWithoutApiKey(Scenario3.java:13)
	at HCLAssesmnt.Assesment.Scenario3.testServiceWithoutApiKey(Scenario3.java:13)
	at HCLAssesmnt.Assesment.Scenario3.testServiceWithoutApiKey(Scenario3.java:13)
	at HCLAssesmnt.Assesment.Scenario3.testServiceWithoutApiKey(Scenario3.java:13)
	at HCLAssesmnt.Assesment.Scenario3.testServiceWithoutApiKey(Scenario3.java:13)
	at HCLAssesmnt.Assesment.Scenario3.testServiceWithoutApiKey(Scenario3.java:13)
	at HCLAssesmnt.Assesment.Scenario3.testServiceWithoutApiKey(Scenario3.java:13)
	at HCLAssesmnt.Assesment.Scenario3.testServiceWithoutApiKey(Scenario3.java:13)
	at HCLAssesmnt.Assesment.Scenario3.testServiceWithoutApiKey(Scenario3.java:13)
	at HCLAssesmnt.Assesment.Scenario3.testServiceWithoutApiKey(Scenario3.java:13)
	at HCLAssesmnt.Assesment.Scenario3.testServiceWithoutApiKey(Scenario3.java:13)
	at HCLAssesmnt.Assesment.Scenario3.testServiceWithoutApiKey(Scenario3.java:13)
	at HCLAssesmnt.Assesment.Scenario3.testServiceWithoutApiKey(Scenario3.java:13)
	at HCLAssesmnt.Assesment.Scenario3.testServiceWithoutApiKey(Scenario3.java:13)
	at HCLAssesmnt.Assesment.Scenario3.testServiceWithoutApiKey(Scenario3.java:13)
	at HCLAssesmnt.Assesment.Scenario3.testServiceWithoutApiKey(Scenario3.java:13)
	at HCLAssesmnt.Assesment.Scenario3.testServiceWithoutApiKey(Scenario3.java:13)
	at HCLAssesmnt.Assesment.Scenario3.testServiceWithoutApiKey(Scenario3.java:13)
	at HCLAssesmnt.Assesment.Scenario3.testServiceWithoutApiKey(Scenario3.java:13)
	at HCLAssesmnt.Assesment.Scenario3.testServiceWithoutApiKey(Scenario3.java:13)
	at HCLAssesmnt.Assesment.Scenario3.testServiceWithoutApiKey(Scenario3.java:13)
	at HCLAssesmnt.Assesment.Scenario3.testServiceWithoutApiKey(Scenario3.java:13)
	at HCLAssesmnt.Assesment.Scenario3.testServiceWithoutApiKey(Scenario3.java:13)
	at HCLAssesmnt.Assesment.Scenario3.testServiceWithoutApiKey(Scenario3.java:13)
	at HCLAssesmnt.Assesment.Scenario3.testServiceWithoutApiKey(Scenario3.java:13)
	at HCLAssesmnt.Assesment.Scenario3.testServiceWithoutApiKey(Scenario3.java:13)
	at HCLAssesmnt.Assesment.Scenario3.testServiceWithoutApiKey(Scenario3.java:13)
	at HCLAssesmnt.Assesment.Scenario3.testServiceWithoutApiKey(Scenario3.java:13)
	at HCLAssesmnt.Assesment.Scenario3.testServiceWithoutApiKey(Scenario3.java:13)
	at HCLAssesmnt.Assesment.Scenario3.testServiceWithoutApiKey(Scenario3.java:13)
	at HCLAssesmnt.Assesment.Scenario3.testServiceWithoutApiKey(Scenario3.java:13)
	at HCLAssesmnt.Assesment.Scenario3.testServiceWithoutApiKey(Scenario3.java:13)
	at HCLAssesmnt.Assesment.Scenario3.testServiceWithoutApiKey(Scenario3.java:13)
	at HCLAssesmnt.Assesment.Scenario3.testServiceWithoutApiKey(Scenario3.java:13)
	at HCLAssesmnt.Assesment.Scenario3.testServiceWithoutApiKey(Scenario3.java:13)
	at HCLAssesmnt.Assesment.Scenario3.testServiceWithoutApiKey(Scenario3.java:13)
	at HCLAssesmnt.Assesment.Scenario3.testServiceWithoutApiKey(Scenario3.java:13)
	at HCLAssesmnt.Assesment.Scenario3.testServiceWithoutApiKey(Scenario3.java:13)
	at HCLAssesmnt.Assesment.Scenario3.testServiceWithoutApiKey(Scenario3.java:13)
	at HCLAssesmnt.Assesment.Scenario3.testServiceWithoutApiKey(Scenario3.java:13)
	at HCLAssesmnt.Assesment.Scenario3.testServiceWithoutApiKey(Scenario3.java:13)
	at HCLAssesmnt.Assesment.Scenario3.testServiceWithoutApiKey(Scenario3.java:13)
	at HCLAssesmnt.Assesment.Scenario3.testServiceWithoutApiKey(Scenario3.java:13)
	at HCLAssesmnt.Assesment.Scenario3.testServiceWithoutApiKey(Scenario3.java:13)
	at HCLAssesmnt.Assesment.Scenario3.testServiceWithoutApiKey(Scenario3.java:13)
	at HCLAssesmnt.Assesment.Scenario3.testServiceWithoutApiKey(Scenario3.java:13)
	at HCLAssesmnt.Assesment.Scenario3.testServiceWithoutApiKey(Scenario3.java:13)
	at HCLAssesmnt.Assesment.Scenario3.testServiceWithoutApiKey(Scenario3.java:13)
	at HCLAssesmnt.Assesment.Scenario3.testServiceWithoutApiKey(Scenario3.java:13)
	at HCLAssesmnt.Assesment.Scenario3.testServiceWithoutApiKey(Scenario3.java:13)
	at HCLAssesmnt.Assesment.Scenario3.testServiceWithoutApiKey(Scenario3.java:13)
	at HCLAssesmnt.Assesment.Scenario3.testServiceWithoutApiKey(Scenario3.java:13)
	at HCLAssesmnt.Assesment.Scenario3.testServiceWithoutApiKey(Scenario3.java:13)
	at HCLAssesmnt.Assesment.Scenario3.testServiceWithoutApiKey(Scenario3.java:13)
	at HCLAssesmnt.Assesment.Scenario3.testServiceWithoutApiKey(Scenario3.java:13)
	at HCLAssesmnt.Assesment.Scenario3.testServiceWithoutApiKey(Scenario3.java:13)
	at HCLAssesmnt.Assesment.Scenario3.testServiceWithoutApiKey(Scenario3.java:13)
	at HCLAssesmnt.Assesment.Scenario3.testServiceWithoutApiKey(Scenario3.java:13)
	at HCLAssesmnt.Assesment.Scenario3.testServiceWithoutApiKey(Scenario3.java:13)
	at HCLAssesmnt.Assesment.Scenario3.testServiceWithoutApiKey(Scenario3.java:13)
	at HCLAssesmnt.Assesment.Scenario3.testServiceWithoutApiKey(Scenario3.java:13)
	at HCLAssesmnt.Assesment.Scenario3.testServiceWithoutApiKey(Scenario3.java:13)
	at HCLAssesmnt.Assesment.Scenario3.testServiceWithoutApiKey(Scenario3.java:13)
	at HCLAssesmnt.Assesment.Scenario3.testServiceWithoutApiKey(Scenario3.java:13)
	at HCLAssesmnt.Assesment.Scenario3.testServiceWithoutApiKey(Scenario3.java:13)
	at HCLAssesmnt.Assesment.Scenario3.testServiceWithoutApiKey(Scenario3.java:13)
	at HCLAssesmnt.Assesment.Scenario3.testServiceWithoutApiKey(Scenario3.java:13)
	at HCLAssesmnt.Assesment.Scenario3.testServiceWithoutApiKey(Scenario3.java:13)
	at HCLAssesmnt.Assesment.Scenario3.testServiceWithoutApiKey(Scenario3.java:13)
	at HCLAssesmnt.Assesment.Scenario3.testServiceWithoutApiKey(Scenario3.java:13)
	at HCLAssesmnt.Assesment.Scenario3.testServiceWithoutApiKey(Scenario3.java:13)
	at HCLAssesmnt.Assesment.Scenario3.testServiceWithoutApiKey(Scenario3.java:13)
	at HCLAssesmnt.Assesment.Scenario3.testServiceWithoutApiKey(Scenario3.java:13)
	at HCLAssesmnt.Assesment.Scenario3.testServiceWithoutApiKey(Scenario3.java:13)
	at HCLAssesmnt.Assesment.Scenario3.testServiceWithoutApiKey(Scenario3.java:13)
	at HCLAssesmnt.Assesment.Scenario3.testServiceWithoutApiKey(Scenario3.java:13)
	at HCLAssesmnt.Assesment.Scenario3.testServiceWithoutApiKey(Scenario3.java:13)
	at HCLAssesmnt.Assesment.Scenario3.testServiceWithoutApiKey(Scenario3.java:13)
	at HCLAssesmnt.Assesment.Scenario3.testServiceWithoutApiKey(Scenario3.java:13)
	at HCLAssesmnt.Assesment.Scenario3.testServiceWithoutApiKey(Scenario3.java:13)
	at HCLAssesmnt.Assesment.Scenario3.testServiceWithoutApiKey(Scenario3.java:13)
	at HCLAssesmnt.Assesment.Scenario3.testServiceWithoutApiKey(Scenario3.java:13)
	at HCLAssesmnt.Assesment.Scenario3.testServiceWithoutApiKey(Scenario3.java:13)
	at HCLAssesmnt.Assesment.Scenario3.testServiceWithoutApiKey(Scenario3.java:13)
	at HCLAssesmnt.Assesment.Scenario3.testServiceWithoutApiKey(Scenario3.java:13)
	at HCLAssesmnt.Assesment.Scenario3.testServiceWithoutApiKey(Scenario3.java:13)
	at HCLAssesmnt.Assesment.Scenario3.testServiceWithoutApiKey(Scenario3.java:13)
	at HCLAssesmnt.Assesment.Scenario3.testServiceWithoutApiKey(Scenario3.java:13)
	at HCLAssesmnt.Assesment.Scenario3.testServiceWithoutApiKey(Scenario3.java:13)
	at HCLAssesmnt.Assesment.Scenario3.testServiceWithoutApiKey(Scenario3.java:13)
	at HCLAssesmnt.Assesment.Scenario3.testServiceWithoutApiKey(Scenario3.java:13)
	at HCLAssesmnt.Assesment.Scenario3.testServiceWithoutApiKey(Scenario3.java:13)
	at HCLAssesmnt.Assesment.Scenario3.testServiceWithoutApiKey(Scenario3.java:13)
	at HCLAssesmnt.Assesment.Scenario3.testServiceWithoutApiKey(Scenario3.java:13)
	at HCLAssesmnt.Assesment.Scenario3.testServiceWithoutApiKey(Scenario3.java:13)
	at HCLAssesmnt.Assesment.Scenario3.testServiceWithoutApiKey(Scenario3.java:13)
	at HCLAssesmnt.Assesment.Scenario3.testServiceWithoutApiKey(Scenario3.java:13)
	at HCLAssesmnt.Assesment.Scenario3.testServiceWithoutApiKey(Scenario3.java:13)
	at HCLAssesmnt.Assesment.Scenario3.testServiceWithoutApiKey(Scenario3.java:13)
	at HCLAssesmnt.Assesment.Scenario3.testServiceWithoutApiKey(Scenario3.java:13)
	at HCLAssesmnt.Assesment.Scenario3.testServiceWithoutApiKey(Scenario3.java:13)
	at HCLAssesmnt.Assesment.Scenario3.testServiceWithoutApiKey(Scenario3.java:13)
	at HCLAssesmnt.Assesment.Scenario3.testServiceWithoutApiKey(Scenario3.java:13)
	at HCLAssesmnt.Assesment.Scenario3.testServiceWithoutApiKey(Scenario3.java:13)
	at HCLAssesmnt.Assesment.Scenario3.testServiceWithoutApiKey(Scenario3.java:13)
	at HCLAssesmnt.Assesment.Scenario3.testServiceWithoutApiKey(Scenario3.java:13)
	at HCLAssesmnt.Assesment.Scenario3.testServiceWithoutApiKey(Scenario3.java:13)
	at HCLAssesmnt.Assesment.Scenario3.testServiceWithoutApiKey(Scenario3.java:13)
	at HCLAssesmnt.Assesment.Scenario3.testServiceWithoutApiKey(Scenario3.java:13)
	at HCLAssesmnt.Assesment.Scenario3.testServiceWithoutApiKey(Scenario3.java:13)
	at HCLAssesmnt.Assesment.Scenario3.testServiceWithoutApiKey(Scenario3.java:13)
	at HCLAssesmnt.Assesment.Scenario3.testServiceWithoutApiKey(Scenario3.java:13)
	at HCLAssesmnt.Assesment.Scenario3.testServiceWithoutApiKey(Scenario3.java:13)
	at HCLAssesmnt.Assesment.Scenario3.testServiceWithoutApiKey(Scenario3.java:13)
	at HCLAssesmnt.Assesment.Scenario3.testServiceWithoutApiKey(Scenario3.java:13)
	at HCLAssesmnt.Assesment.Scenario3.testServiceWithoutApiKey(Scenario3.java:13)
	at HCLAssesmnt.Assesment.Scenario3.testServiceWithoutApiKey(Scenario3.java:13)
	at HCLAssesmnt.Assesment.Scenario3.testServiceWithoutApiKey(Scenario3.java:13)
	at HCLAssesmnt.Assesment.Scenario3.testServiceWithoutApiKey(Scenario3.java:13)
	at HCLAssesmnt.Assesment.Scenario3.testServiceWithoutApiKey(Scenario3.java:13)
	at HCLAssesmnt.Assesment.Scenario3.testServiceWithoutApiKey(Scenario3.java:13)
	at HCLAssesmnt.Assesment.Scenario3.testServiceWithoutApiKey(Scenario3.java:13)
	at HCLAssesmnt.Assesment.Scenario3.testServiceWithoutApiKey(Scenario3.java:13)
	at HCLAssesmnt.Assesment.Scenario3.testServiceWithoutApiKey(Scenario3.java:13)
	at HCLAssesmnt.Assesment.Scenario3.testServiceWithoutApiKey(Scenario3.java:13)
	at HCLAssesmnt.Assesment.Scenario3.testServiceWithoutApiKey(Scenario3.java:13)
	at HCLAssesmnt.Assesment.Scenario3.testServiceWithoutApiKey(Scenario3.java:13)
	at HCLAssesmnt.Assesment.Scenario3.testServiceWithoutApiKey(Scenario3.java:13)
	at HCLAssesmnt.Assesment.Scenario3.testServiceWithoutApiKey(Scenario3.java:13)
	at HCLAssesmnt.Assesment.Scenario3.testServiceWithoutApiKey(Scenario3.java:13)
	at HCLAssesmnt.Assesment.Scenario3.testServiceWithoutApiKey(Scenario3.java:13)
	at HCLAssesmnt.Assesment.Scenario3.testServiceWithoutApiKey(Scenario3.java:13)
	at HCLAssesmnt.Assesment.Scenario3.testServiceWithoutApiKey(Scenario3.java:13)
	at HCLAssesmnt.Assesment.Scenario3.testServiceWithoutApiKey(Scenario3.java:13)
	at HCLAssesmnt.Assesment.Scenario3.testServiceWithoutApiKey(Scenario3.java:13)
	at HCLAssesmnt.Assesment.Scenario3.testServiceWithoutApiKey(Scenario3.java:13)
	at HCLAssesmnt.Assesment.Scenario3.testServiceWithoutApiKey(Scenario3.java:13)
	at HCLAssesmnt.Assesment.Scenario3.testServiceWithoutApiKey(Scenario3.java:13)
	at HCLAssesmnt.Assesment.Scenario3.testServiceWithoutApiKey(Scenario3.java:13)
	at HCLAssesmnt.Assesment.Scenario3.testServiceWithoutApiKey(Scenario3.java:13)
	at HCLAssesmnt.Assesment.Scenario3.testServiceWithoutApiKey(Scenario3.java:13)
	at HCLAssesmnt.Assesment.Scenario3.testServiceWithoutApiKey(Scenario3.java:13)
	at HCLAssesmnt.Assesment.Scenario3.testServiceWithoutApiKey(Scenario3.java:13)
	at HCLAssesmnt.Assesment.Scenario3.testServiceWithoutApiKey(Scenario3.java:13)
	at HCLAssesmnt.Assesment.Scenario3.testServiceWithoutApiKey(Scenario3.java:13)
	at HCLAssesmnt.Assesment.Scenario3.testServiceWithoutApiKey(Scenario3.java:13)
	at HCLAssesmnt.Assesment.Scenario3.testServiceWithoutApiKey(Scenario3.java:13)
	at HCLAssesmnt.Assesment.Scenario3.testServiceWithoutApiKey(Scenario3.java:13)
	at HCLAssesmnt.Assesment.Scenario3.testServiceWithoutApiKey(Scenario3.java:13)
	at HCLAssesmnt.Assesment.Scenario3.testServiceWithoutApiKey(Scenario3.java:13)
	at HCLAssesmnt.Assesment.Scenario3.testServiceWithoutApiKey(Scenario3.java:13)
	at HCLAssesmnt.Assesment.Scenario3.testServiceWithoutApiKey(Scenario3.java:13)
	at HCLAssesmnt.Assesment.Scenario3.testServiceWithoutApiKey(Scenario3.java:13)
	at HCLAssesmnt.Assesment.Scenario3.testServiceWithoutApiKey(Scenario3.java:13)
	at HCLAssesmnt.Assesment.Scenario3.testServiceWithoutApiKey(Scenario3.java:13)
	at HCLAssesmnt.Assesment.Scenario3.testServiceWithoutApiKey(Scenario3.java:13)
	at HCLAssesmnt.Assesment.Scenario3.testServiceWithoutApiKey(Scenario3.java:13)
	at HCLAssesmnt.Assesment.Scenario3.testServiceWithoutApiKey(Scenario3.java:13)
	at HCLAssesmnt.Assesment.Scenario3.testServiceWithoutApiKey(Scenario3.java:13)
	at HCLAssesmnt.Assesment.Scenario3.testServiceWithoutApiKey(Scenario3.java:13)
	at HCLAssesmnt.Assesment.Scenario3.testServiceWithoutApiKey(Scenario3.java:13)
	at HCLAssesmnt.Assesment.Scenario3.testServiceWithoutApiKey(Scenario3.java:13)
	at HCLAssesmnt.Assesment.Scenario3.testServiceWithoutApiKey(Scenario3.java:13)
	at HCLAssesmnt.Assesment.Scenario3.testServiceWithoutApiKey(Scenario3.java:13)
	at HCLAssesmnt.Assesment.Scenario3.testServiceWithoutApiKey(Scenario3.java:13)
	at HCLAssesmnt.Assesment.Scenario3.testServiceWithoutApiKey(Scenario3.java:13)
	at HCLAssesmnt.Assesment.Scenario3.testServiceWithoutApiKey(Scenario3.java:13)
	at HCLAssesmnt.Assesment.Scenario3.testServiceWithoutApiKey(Scenario3.java:13)
	at HCLAssesmnt.Assesment.Scenario3.testServiceWithoutApiKey(Scenario3.java:13)
	at HCLAssesmnt.Assesment.Scenario3.testServiceWithoutApiKey(Scenario3.java:13)
	at HCLAssesmnt.Assesment.Scenario3.testServiceWithoutApiKey(Scenario3.java:13)
	at HCLAssesmnt.Assesment.Scenario3.testServiceWithoutApiKey(Scenario3.java:13)
	at HCLAssesmnt.Assesment.Scenario3.testServiceWithoutApiKey(Scenario3.java:13)
	at HCLAssesmnt.Assesment.Scenario3.testServiceWithoutApiKey(Scenario3.java:13)
	at HCLAssesmnt.Assesment.Scenario3.testServiceWithoutApiKey(Scenario3.java:13)
	at HCLAssesmnt.Assesment.Scenario3.testServiceWithoutApiKey(Scenario3.java:13)
	at HCLAssesmnt.Assesment.Scenario3.testServiceWithoutApiKey(Scenario3.java:13)
	at HCLAssesmnt.Assesment.Scenario3.testServiceWithoutApiKey(Scenario3.java:13)
	at HCLAssesmnt.Assesment.Scenario3.testServiceWithoutApiKey(Scenario3.java:13)
	at HCLAssesmnt.Assesment.Scenario3.testServiceWithoutApiKey(Scenario3.java:13)
	at HCLAssesmnt.Assesment.Scenario3.testServiceWithoutApiKey(Scenario3.java:13)
	at HCLAssesmnt.Assesment.Scenario3.testServiceWithoutApiKey(Scenario3.java:13)
	at HCLAssesmnt.Assesment.Scenario3.testServiceWithoutApiKey(Scenario3.java:13)
	at HCLAssesmnt.Assesment.Scenario3.testServiceWithoutApiKey(Scenario3.java:13)
	at HCLAssesmnt.Assesment.Scenario3.testServiceWithoutApiKey(Scenario3.java:13)
	at HCLAssesmnt.Assesment.Scenario3.testServiceWithoutApiKey(Scenario3.java:13)
	at HCLAssesmnt.Assesment.Scenario3.testServiceWithoutApiKey(Scenario3.java:13)
	at HCLAssesmnt.Assesment.Scenario3.testServiceWithoutApiKey(Scenario3.java:13)
	at HCLAssesmnt.Assesment.Scenario3.testServiceWithoutApiKey(Scenario3.java:13)
	at HCLAssesmnt.Assesment.Scenario3.testServiceWithoutApiKey(Scenario3.java:13)
	at HCLAssesmnt.Assesment.Scenario3.testServiceWithoutApiKey(Scenario3.java:13)
	at HCLAssesmnt.Assesment.Scenario3.testServiceWithoutApiKey(Scenario3.java:13)
	at HCLAssesmnt.Assesment.Scenario3.testServiceWithoutApiKey(Scenario3.java:13)
	at HCLAssesmnt.Assesment.Scenario3.testServiceWithoutApiKey(Scenario3.java:13)
	at HCLAssesmnt.Assesment.Scenario3.testServiceWithoutApiKey(Scenario3.java:13)
	at HCLAssesmnt.Assesment.Scenario3.testServiceWithoutApiKey(Scenario3.java:13)
	at HCLAssesmnt.Assesment.Scenario3.testServiceWithoutApiKey(Scenario3.java:13)
	at HCLAssesmnt.Assesment.Scenario3.testServiceWithoutApiKey(Scenario3.java:13)
	at HCLAssesmnt.Assesment.Scenario3.testServiceWithoutApiKey(Scenario3.java:13)
	at HCLAssesmnt.Assesment.Scenario3.testServiceWithoutApiKey(Scenario3.java:13)
	at HCLAssesmnt.Assesment.Scenario3.testServiceWithoutApiKey(Scenario3.java:13)
	at HCLAssesmnt.Assesment.Scenario3.testServiceWithoutApiKey(Scenario3.java:13)
	at HCLAssesmnt.Assesment.Scenario3.testServiceWithoutApiKey(Scenario3.java:13)
	at HCLAssesmnt.Assesment.Scenario3.testServiceWithoutApiKey(Scenario3.java:13)
	at HCLAssesmnt.Assesment.Scenario3.testServiceWithoutApiKey(Scenario3.java:13)
	at HCLAssesmnt.Assesment.Scenario3.testServiceWithoutApiKey(Scenario3.java:13)
	at HCLAssesmnt.Assesment.Scenario3.testServiceWithoutApiKey(Scenario3.java:13)
	at HCLAssesmnt.Assesment.Scenario3.testServiceWithoutApiKey(Scenario3.java:13)
	at HCLAssesmnt.Assesment.Scenario3.testServiceWithoutApiKey(Scenario3.java:13)
	at HCLAssesmnt.Assesment.Scenario3.testServiceWithoutApiKey(Scenario3.java:13)
	at HCLAssesmnt.Assesment.Scenario3.testServiceWithoutApiKey(Scenario3.java:13)
	at HCLAssesmnt.Assesment.Scenario3.testServiceWithoutApiKey(Scenario3.java:13)
	at HCLAssesmnt.Assesment.Scenario3.testServiceWithoutApiKey(Scenario3.java:13)
	at HCLAssesmnt.Assesment.Scenario3.testServiceWithoutApiKey(Scenario3.java:13)
	at HCLAssesmnt.Assesment.Scenario3.testServiceWithoutApiKey(Scenario3.java:13)
	at HCLAssesmnt.Assesment.Scenario3.testServiceWithoutApiKey(Scenario3.java:13)
	at HCLAssesmnt.Assesment.Scenario3.testServiceWithoutApiKey(Scenario3.java:13)
	at HCLAssesmnt.Assesment.Scenario3.testServiceWithoutApiKey(Scenario3.java:13)
	at HCLAssesmnt.Assesment.Scenario3.testServiceWithoutApiKey(Scenario3.java:13)
	at HCLAssesmnt.Assesment.Scenario3.testServiceWithoutApiKey(Scenario3.java:13)
	at HCLAssesmnt.Assesment.Scenario3.testServiceWithoutApiKey(Scenario3.java:13)
	at HCLAssesmnt.Assesment.Scenario3.testServiceWithoutApiKey(Scenario3.java:13)
	at HCLAssesmnt.Assesment.Scenario3.testServiceWithoutApiKey(Scenario3.java:13)
	at HCLAssesmnt.Assesment.Scenario3.testServiceWithoutApiKey(Scenario3.java:13)
	at HCLAssesmnt.Assesment.Scenario3.testServiceWithoutApiKey(Scenario3.java:13)
	at HCLAssesmnt.Assesment.Scenario3.testServiceWithoutApiKey(Scenario3.java:13)
	at HCLAssesmnt.Assesment.Scenario3.testServiceWithoutApiKey(Scenario3.java:13)
	at HCLAssesmnt.Assesment.Scenario3.testServiceWithoutApiKey(Scenario3.java:13)
	at HCLAssesmnt.Assesment.Scenario3.testServiceWithoutApiKey(Scenario3.java:13)
	at HCLAssesmnt.Assesment.Scenario3.testServiceWithoutApiKey(Scenario3.java:13)
	at HCLAssesmnt.Assesment.Scenario3.testServiceWithoutApiKey(Scenario3.java:13)
	at HCLAssesmnt.Assesment.Scenario3.testServiceWithoutApiKey(Scenario3.java:13)
	at HCLAssesmnt.Assesment.Scenario3.testServiceWithoutApiKey(Scenario3.java:13)
	at HCLAssesmnt.Assesment.Scenario3.testServiceWithoutApiKey(Scenario3.java:13)
	at HCLAssesmnt.Assesment.Scenario3.testServiceWithoutApiKey(Scenario3.java:13)
	at HCLAssesmnt.Assesment.Scenario3.testServiceWithoutApiKey(Scenario3.java:13)
	at HCLAssesmnt.Assesment.Scenario3.testServiceWithoutApiKey(Scenario3.java:13)
	at HCLAssesmnt.Assesment.Scenario3.testServiceWithoutApiKey(Scenario3.java:13)
	at HCLAssesmnt.Assesment.Scenario3.testServiceWithoutApiKey(Scenario3.java:13)
	at HCLAssesmnt.Assesment.Scenario3.testServiceWithoutApiKey(Scenario3.java:13)
	at HCLAssesmnt.Assesment.Scenario3.testServiceWithoutApiKey(Scenario3.java:13)
	at HCLAssesmnt.Assesment.Scenario3.testServiceWithoutApiKey(Scenario3.java:13)
	at HCLAssesmnt.Assesment.Scenario3.testServiceWithoutApiKey(Scenario3.java:13)
	at HCLAssesmnt.Assesment.Scenario3.testServiceWithoutApiKey(Scenario3.java:13)
	at HCLAssesmnt.Assesment.Scenario3.testServiceWithoutApiKey(Scenario3.java:13)
	at HCLAssesmnt.Assesment.Scenario3.testServiceWithoutApiKey(Scenario3.java:13)
	at HCLAssesmnt.Assesment.Scenario3.testServiceWithoutApiKey(Scenario3.java:13)
	at HCLAssesmnt.Assesment.Scenario3.testServiceWithoutApiKey(Scenario3.java:13)
	at HCLAssesmnt.Assesment.Scenario3.testServiceWithoutApiKey(Scenario3.java:13)
	at HCLAssesmnt.Assesment.Scenario3.testServiceWithoutApiKey(Scenario3.java:13)
	at HCLAssesmnt.Assesment.Scenario3.testServiceWithoutApiKey(Scenario3.java:13)
	at HCLAssesmnt.Assesment.Scenario3.testServiceWithoutApiKey(Scenario3.java:13)
	at HCLAssesmnt.Assesment.Scenario3.testServiceWithoutApiKey(Scenario3.java:13)
	at HCLAssesmnt.Assesment.Scenario3.testServiceWithoutApiKey(Scenario3.java:13)
	at HCLAssesmnt.Assesment.Scenario3.testServiceWithoutApiKey(Scenario3.java:13)
	at HCLAssesmnt.Assesment.Scenario3.testServiceWithoutApiKey(Scenario3.java:13)
	at HCLAssesmnt.Assesment.Scenario3.testServiceWithoutApiKey(Scenario3.java:13)
	at HCLAssesmnt.Assesment.Scenario3.testServiceWithoutApiKey(Scenario3.java:13)
	at HCLAssesmnt.Assesment.Scenario3.testServiceWithoutApiKey(Scenario3.java:13)
	at HCLAssesmnt.Assesment.Scenario3.testServiceWithoutApiKey(Scenario3.java:13)
	at HCLAssesmnt.Assesment.Scenario3.testServiceWithoutApiKey(Scenario3.java:13)
	at HCLAssesmnt.Assesment.Scenario3.testServiceWithoutApiKey(Scenario3.java:13)
	at HCLAssesmnt.Assesment.Scenario3.testServiceWithoutApiKey(Scenario3.java:13)
	at HCLAssesmnt.Assesment.Scenario3.testServiceWithoutApiKey(Scenario3.java:13)
	at HCLAssesmnt.Assesment.Scenario3.testServiceWithoutApiKey(Scenario3.java:13)
	at HCLAssesmnt.Assesment.Scenario3.testServiceWithoutApiKey(Scenario3.java:13)
	at HCLAssesmnt.Assesment.Scenario3.testServiceWithoutApiKey(Scenario3.java:13)
	at HCLAssesmnt.Assesment.Scenario3.testServiceWithoutApiKey(Scenario3.java:13)
	at HCLAssesmnt.Assesment.Scenario3.testServiceWithoutApiKey(Scenario3.java:13)
	at HCLAssesmnt.Assesment.Scenario3.testServiceWithoutApiKey(Scenario3.java:13)
	at HCLAssesmnt.Assesment.Scenario3.testServiceWithoutApiKey(Scenario3.java:13)
	at HCLAssesmnt.Assesment.Scenario3.testServiceWithoutApiKey(Scenario3.java:13)
	at HCLAssesmnt.Assesment.Scenario3.testServiceWithoutApiKey(Scenario3.java:13)
	at HCLAssesmnt.Assesment.Scenario3.testServiceWithoutApiKey(Scenario3.java:13)
	at HCLAssesmnt.Assesment.Scenario3.testServiceWithoutApiKey(Scenario3.java:13)
	at HCLAssesmnt.Assesment.Scenario3.testServiceWithoutApiKey(Scenario3.java:13)
	at HCLAssesmnt.Assesment.Scenario3.testServiceWithoutApiKey(Scenario3.java:13)
	at HCLAssesmnt.Assesment.Scenario3.testServiceWithoutApiKey(Scenario3.java:13)
	at HCLAssesmnt.Assesment.Scenario3.testServiceWithoutApiKey(Scenario3.java:13)
	at HCLAssesmnt.Assesment.Scenario3.testServiceWithoutApiKey(Scenario3.java:13)
	at HCLAssesmnt.Assesment.Scenario3.testServiceWithoutApiKey(Scenario3.java:13)
	at HCLAssesmnt.Assesment.Scenario3.testServiceWithoutApiKey(Scenario3.java:13)
	at HCLAssesmnt.Assesment.Scenario3.testServiceWithoutApiKey(Scenario3.java:13)
	at HCLAssesmnt.Assesment.Scenario3.testServiceWithoutApiKey(Scenario3.java:13)
	at HCLAssesmnt.Assesment.Scenario3.testServiceWithoutApiKey(Scenario3.java:13)
	at HCLAssesmnt.Assesment.Scenario3.testServiceWithoutApiKey(Scenario3.java:13)
	at HCLAssesmnt.Assesment.Scenario3.testServiceWithoutApiKey(Scenario3.java:13)
	at HCLAssesmnt.Assesment.Scenario3.testServiceWithoutApiKey(Scenario3.java:13)
	at HCLAssesmnt.Assesment.Scenario3.testServiceWithoutApiKey(Scenario3.java:13)
	at HCLAssesmnt.Assesment.Scenario3.testServiceWithoutApiKey(Scenario3.java:13)
	at HCLAssesmnt.Assesment.Scenario3.testServiceWithoutApiKey(Scenario3.java:13)
	at HCLAssesmnt.Assesment.Scenario3.testServiceWithoutApiKey(Scenario3.java:13)
	at HCLAssesmnt.Assesment.Scenario3.testServiceWithoutApiKey(Scenario3.java:13)
	at HCLAssesmnt.Assesment.Scenario3.testServiceWithoutApiKey(Scenario3.java:13)
	at HCLAssesmnt.Assesment.Scenario3.testServiceWithoutApiKey(Scenario3.java:13)
	at HCLAssesmnt.Assesment.Scenario3.testServiceWithoutApiKey(Scenario3.java:13)
	at HCLAssesmnt.Assesment.Scenario3.testServiceWithoutApiKey(Scenario3.java:13)
	at HCLAssesmnt.Assesment.Scenario3.testServiceWithoutApiKey(Scenario3.java:13)
	at HCLAssesmnt.Assesment.Scenario3.testServiceWithoutApiKey(Scenario3.java:13)
	at HCLAssesmnt.Assesment.Scenario3.testServiceWithoutApiKey(Scenario3.java:13)
	at HCLAssesmnt.Assesment.Scenario3.testServiceWithoutApiKey(Scenario3.java:13)
	at HCLAssesmnt.Assesment.Scenario3.testServiceWithoutApiKey(Scenario3.java:13)
	at HCLAssesmnt.Assesment.Scenario3.testServiceWithoutApiKey(Scenario3.java:13)
	at HCLAssesmnt.Assesment.Scenario3.testServiceWithoutApiKey(Scenario3.java:13)
	at HCLAssesmnt.Assesment.Scenario3.testServiceWithoutApiKey(Scenario3.java:13)
	at HCLAssesmnt.Assesment.Scenario3.testServiceWithoutApiKey(Scenario3.java:13)
	at HCLAssesmnt.Assesment.Scenario3.testServiceWithoutApiKey(Scenario3.java:13)
	at HCLAssesmnt.Assesment.Scenario3.testServiceWithoutApiKey(Scenario3.java:13)
	at HCLAssesmnt.Assesment.Scenario3.testServiceWithoutApiKey(Scenario3.java:13)
	at HCLAssesmnt.Assesment.Scenario3.testServiceWithoutApiKey(Scenario3.java:13)
	at HCLAssesmnt.Assesment.Scenario3.testServiceWithoutApiKey(Scenario3.java:13)
	at HCLAssesmnt.Assesment.Scenario3.testServiceWithoutApiKey(Scenario3.java:13)
	at HCLAssesmnt.Assesment.Scenario3.testServiceWithoutApiKey(Scenario3.java:13)
	at HCLAssesmnt.Assesment.Scenario3.testServiceWithoutApiKey(Scenario3.java:13)
	at HCLAssesmnt.Assesment.Scenario3.testServiceWithoutApiKey(Scenario3.java:13)
	at HCLAssesmnt.Assesment.Scenario3.testServiceWithoutApiKey(Scenario3.java:13)
	at HCLAssesmnt.Assesment.Scenario3.testServiceWithoutApiKey(Scenario3.java:13)
	at HCLAssesmnt.Assesment.Scenario3.testServiceWithoutApiKey(Scenario3.java:13)
	at HCLAssesmnt.Assesment.Scenario3.testServiceWithoutApiKey(Scenario3.java:13)
	at HCLAssesmnt.Assesment.Scenario3.testServiceWithoutApiKey(Scenario3.java:13)
	at HCLAssesmnt.Assesment.Scenario3.testServiceWithoutApiKey(Scenario3.java:13)
	at HCLAssesmnt.Assesment.Scenario3.testServiceWithoutApiKey(Scenario3.java:13)
	at HCLAssesmnt.Assesment.Scenario3.testServiceWithoutApiKey(Scenario3.java:13)
	at HCLAssesmnt.Assesment.Scenario3.testServiceWithoutApiKey(Scenario3.java:13)
	at HCLAssesmnt.Assesment.Scenario3.testServiceWithoutApiKey(Scenario3.java:13)
	at HCLAssesmnt.Assesment.Scenario3.testServiceWithoutApiKey(Scenario3.java:13)
	at HCLAssesmnt.Assesment.Scenario3.testServiceWithoutApiKey(Scenario3.java:13)
	at HCLAssesmnt.Assesment.Scenario3.testServiceWithoutApiKey(Scenario3.java:13)
	at HCLAssesmnt.Assesment.Scenario3.testServiceWithoutApiKey(Scenario3.java:13)
	at HCLAssesmnt.Assesment.Scenario3.testServiceWithoutApiKey(Scenario3.java:13)
	at HCLAssesmnt.Assesment.Scenario3.testServiceWithoutApiKey(Scenario3.java:13)
	at HCLAssesmnt.Assesment.Scenario3.testServiceWithoutApiKey(Scenario3.java:13)
	at HCLAssesmnt.Assesment.Scenario3.testServiceWithoutApiKey(Scenario3.java:13)
	at HCLAssesmnt.Assesment.Scenario3.testServiceWithoutApiKey(Scenario3.java:13)
	at HCLAssesmnt.Assesment.Scenario3.testServiceWithoutApiKey(Scenario3.java:13)
	at HCLAssesmnt.Assesment.Scenario3.testServiceWithoutApiKey(Scenario3.java:13)
	at HCLAssesmnt.Assesment.Scenario3.testServiceWithoutApiKey(Scenario3.java:13)
	at HCLAssesmnt.Assesment.Scenario3.testServiceWithoutApiKey(Scenario3.java:13)
	at HCLAssesmnt.Assesment.Scenario3.testServiceWithoutApiKey(Scenario3.java:13)
	at HCLAssesmnt.Assesment.Scenario3.testServiceWithoutApiKey(Scenario3.java:13)
	at HCLAssesmnt.Assesment.Scenario3.testServiceWithoutApiKey(Scenario3.java:13)
	at HCLAssesmnt.Assesment.Scenario3.testServiceWithoutApiKey(Scenario3.java:13)
	at HCLAssesmnt.Assesment.Scenario3.testServiceWithoutApiKey(Scenario3.java:13)
	at HCLAssesmnt.Assesment.Scenario3.testServiceWithoutApiKey(Scenario3.java:13)
	at HCLAssesmnt.Assesment.Scenario3.testServiceWithoutApiKey(Scenario3.java:13)
	at HCLAssesmnt.Assesment.Scenario3.testServiceWithoutApiKey(Scenario3.java:13)
	at HCLAssesmnt.Assesment.Scenario3.testServiceWithoutApiKey(Scenario3.java:13)
	at HCLAssesmnt.Assesment.Scenario3.testServiceWithoutApiKey(Scenario3.java:13)
	at HCLAssesmnt.Assesment.Scenario3.testServiceWithoutApiKey(Scenario3.java:13)
	at HCLAssesmnt.Assesment.Scenario3.testServiceWithoutApiKey(Scenario3.java:13)
	at HCLAssesmnt.Assesment.Scenario3.testServiceWithoutApiKey(Scenario3.java:13)
	at HCLAssesmnt.Assesment.Scenario3.testServiceWithoutApiKey(Scenario3.java:13)
	at HCLAssesmnt.Assesment.Scenario3.testServiceWithoutApiKey(Scenario3.java:13)
	at HCLAssesmnt.Assesment.Scenario3.testServiceWithoutApiKey(Scenario3.java:13)
	at HCLAssesmnt.Assesment.Scenario3.testServiceWithoutApiKey(Scenario3.java:13)
	at HCLAssesmnt.Assesment.Scenario3.testServiceWithoutApiKey(Scenario3.java:13)
	at HCLAssesmnt.Assesment.Scenario3.testServiceWithoutApiKey(Scenario3.java:13)
	at HCLAssesmnt.Assesment.Scenario3.testServiceWithoutApiKey(Scenario3.java:13)
	at HCLAssesmnt.Assesment.Scenario3.testServiceWithoutApiKey(Scenario3.java:13)
	at HCLAssesmnt.Assesment.Scenario3.testServiceWithoutApiKey(Scenario3.java:13)
	at HCLAssesmnt.Assesment.Scenario3.testServiceWithoutApiKey(Scenario3.java:13)
	at HCLAssesmnt.Assesment.Scenario3.testServiceWithoutApiKey(Scenario3.java:13)
	at HCLAssesmnt.Assesment.Scenario3.testServiceWithoutApiKey(Scenario3.java:13)
	at HCLAssesmnt.Assesment.Scenario3.testServiceWithoutApiKey(Scenario3.java:13)
	at HCLAssesmnt.Assesment.Scenario3.testServiceWithoutApiKey(Scenario3.java:13)
	at HCLAssesmnt.Assesment.Scenario3.testServiceWithoutApiKey(Scenario3.java:13)
	at HCLAssesmnt.Assesment.Scenario3.testServiceWithoutApiKey(Scenario3.java:13)
	at HCLAssesmnt.Assesment.Scenario3.testServiceWithoutApiKey(Scenario3.java:13)
	at HCLAssesmnt.Assesment.Scenario3.testServiceWithoutApiKey(Scenario3.java:13)
	at HCLAssesmnt.Assesment.Scenario3.testServiceWithoutApiKey(Scenario3.java:13)
	at HCLAssesmnt.Assesment.Scenario3.testServiceWithoutApiKey(Scenario3.java:13)
	at HCLAssesmnt.Assesment.Scenario3.testServiceWithoutApiKey(Scenario3.java:13)
	at HCLAssesmnt.Assesment.Scenario3.testServiceWithoutApiKey(Scenario3.java:13)
	at HCLAssesmnt.Assesment.Scenario3.testServiceWithoutApiKey(Scenario3.java:13)
	at HCLAssesmnt.Assesment.Scenario3.testServiceWithoutApiKey(Scenario3.java:13)
	at HCLAssesmnt.Assesment.Scenario3.testServiceWithoutApiKey(Scenario3.java:13)
	at HCLAssesmnt.Assesment.Scenario3.testServiceWithoutApiKey(Scenario3.java:13)
	at HCLAssesmnt.Assesment.Scenario3.testServiceWithoutApiKey(Scenario3.java:13)
	at HCLAssesmnt.Assesment.Scenario3.testServiceWithoutApiKey(Scenario3.java:13)
	at HCLAssesmnt.Assesment.Scenario3.testServiceWithoutApiKey(Scenario3.java:13)
	at HCLAssesmnt.Assesment.Scenario3.testServiceWithoutApiKey(Scenario3.java:13)
	at HCLAssesmnt.Assesment.Scenario3.testServiceWithoutApiKey(Scenario3.java:13)
	at HCLAssesmnt.Assesment.Scenario3.testServiceWithoutApiKey(Scenario3.java:13)
	at HCLAssesmnt.Assesment.Scenario3.testServiceWithoutApiKey(Scenario3.java:13)
	at HCLAssesmnt.Assesment.Scenario3.testServiceWithoutApiKey(Scenario3.java:13)
	at HCLAssesmnt.Assesment.Scenario3.testServiceWithoutApiKey(Scenario3.java:13)
	at HCLAssesmnt.Assesment.Scenario3.testServiceWithoutApiKey(Scenario3.java:13)
	at HCLAssesmnt.Assesment.Scenario3.testServiceWithoutApiKey(Scenario3.java:13)
	at HCLAssesmnt.Assesment.Scenario3.testServiceWithoutApiKey(Scenario3.java:13)
	at HCLAssesmnt.Assesment.Scenario3.testServiceWithoutApiKey(Scenario3.java:13)
	at HCLAssesmnt.Assesment.Scenario3.testServiceWithoutApiKey(Scenario3.java:13)
	at HCLAssesmnt.Assesment.Scenario3.testServiceWithoutApiKey(Scenario3.java:13)
	at HCLAssesmnt.Assesment.Scenario3.testServiceWithoutApiKey(Scenario3.java:13)
	at HCLAssesmnt.Assesment.Scenario3.testServiceWithoutApiKey(Scenario3.java:13)
	at HCLAssesmnt.Assesment.Scenario3.testServiceWithoutApiKey(Scenario3.java:13)
	at HCLAssesmnt.Assesment.Scenario3.testServiceWithoutApiKey(Scenario3.java:13)
	at HCLAssesmnt.Assesment.Scenario3.testServiceWithoutApiKey(Scenario3.java:13)
	at HCLAssesmnt.Assesment.Scenario3.testServiceWithoutApiKey(Scenario3.java:13)
	at HCLAssesmnt.Assesment.Scenario3.testServiceWithoutApiKey(Scenario3.java:13)
	at HCLAssesmnt.Assesment.Scenario3.testServiceWithoutApiKey(Scenario3.java:13)
	at HCLAssesmnt.Assesment.Scenario3.testServiceWithoutApiKey(Scenario3.java:13)
	at HCLAssesmnt.Assesment.Scenario3.testServiceWithoutApiKey(Scenario3.java:13)
	at HCLAssesmnt.Assesment.Scenario3.testServiceWithoutApiKey(Scenario3.java:13)
	at HCLAssesmnt.Assesment.Scenario3.testServiceWithoutApiKey(Scenario3.java:13)
	at HCLAssesmnt.Assesment.Scenario3.testServiceWithoutApiKey(Scenario3.java:13)
	at HCLAssesmnt.Assesment.Scenario3.testServiceWithoutApiKey(Scenario3.java:13)
	at HCLAssesmnt.Assesment.Scenario3.testServiceWithoutApiKey(Scenario3.java:13)
	at HCLAssesmnt.Assesment.Scenario3.testServiceWithoutApiKey(Scenario3.java:13)
	at HCLAssesmnt.Assesment.Scenario3.testServiceWithoutApiKey(Scenario3.java:13)
	at HCLAssesmnt.Assesment.Scenario3.testServiceWithoutApiKey(Scenario3.java:13)
	at HCLAssesmnt.Assesment.Scenario3.testServiceWithoutApiKey(Scenario3.java:13)
	at HCLAssesmnt.Assesment.Scenario3.testServiceWithoutApiKey(Scenario3.java:13)
	at HCLAssesmnt.Assesment.Scenario3.testServiceWithoutApiKey(Scenario3.java:13)
	at HCLAssesmnt.Assesment.Scenario3.testServiceWithoutApiKey(Scenario3.java:13)
	at HCLAssesmnt.Assesment.Scenario3.testServiceWithoutApiKey(Scenario3.java:13)
	at HCLAssesmnt.Assesment.Scenario3.testServiceWithoutApiKey(Scenario3.java:13)
	at HCLAssesmnt.Assesment.Scenario3.testServiceWithoutApiKey(Scenario3.java:13)
	at HCLAssesmnt.Assesment.Scenario3.testServiceWithoutApiKey(Scenario3.java:13)
	at HCLAssesmnt.Assesment.Scenario3.testServiceWithoutApiKey(Scenario3.java:13)
	at HCLAssesmnt.Assesment.Scenario3.testServiceWithoutApiKey(Scenario3.java:13)
	at HCLAssesmnt.Assesment.Scenario3.testServiceWithoutApiKey(Scenario3.java:13)
	at HCLAssesmnt.Assesment.Scenario3.testServiceWithoutApiKey(Scenario3.java:13)
	at HCLAssesmnt.Assesment.Scenario3.testServiceWithoutApiKey(Scenario3.java:13)
	at HCLAssesmnt.Assesment.Scenario3.testServiceWithoutApiKey(Scenario3.java:13)
	at HCLAssesmnt.Assesment.Scenario3.testServiceWithoutApiKey(Scenario3.java:13)
	at HCLAssesmnt.Assesment.Scenario3.testServiceWithoutApiKey(Scenario3.java:13)
	at HCLAssesmnt.Assesment.Scenario3.testServiceWithoutApiKey(Scenario3.java:13)
	at HCLAssesmnt.Assesment.Scenario3.testServiceWithoutApiKey(Scenario3.java:13)
	at HCLAssesmnt.Assesment.Scenario3.testServiceWithoutApiKey(Scenario3.java:13)
	at HCLAssesmnt.Assesment.Scenario3.testServiceWithoutApiKey(Scenario3.java:13)
	at HCLAssesmnt.Assesment.Scenario3.testServiceWithoutApiKey(Scenario3.java:13)
	at HCLAssesmnt.Assesment.Scenario3.testServiceWithoutApiKey(Scenario3.java:13)
	at HCLAssesmnt.Assesment.Scenario3.testServiceWithoutApiKey(Scenario3.java:13)
	at HCLAssesmnt.Assesment.Scenario3.testServiceWithoutApiKey(Scenario3.java:13)
	at HCLAssesmnt.Assesment.Scenario3.testServiceWithoutApiKey(Scenario3.java:13)
	at HCLAssesmnt.Assesment.Scenario3.testServiceWithoutApiKey(Scenario3.java:13)
	at HCLAssesmnt.Assesment.Scenario3.testServiceWithoutApiKey(Scenario3.java:13)
	at HCLAssesmnt.Assesment.Scenario3.testServiceWithoutApiKey(Scenario3.java:13)
	at HCLAssesmnt.Assesment.Scenario3.testServiceWithoutApiKey(Scenario3.java:13)
	at HCLAssesmnt.Assesment.Scenario3.testServiceWithoutApiKey(Scenario3.java:13)
	at HCLAssesmnt.Assesment.Scenario3.testServiceWithoutApiKey(Scenario3.java:13)
	at HCLAssesmnt.Assesment.Scenario3.testServiceWithoutApiKey(Scenario3.java:13)
	at HCLAssesmnt.Assesment.Scenario3.testServiceWithoutApiKey(Scenario3.java:13)
	at HCLAssesmnt.Assesment.Scenario3.testServiceWithoutApiKey(Scenario3.java:13)
	at HCLAssesmnt.Assesment.Scenario3.testServiceWithoutApiKey(Scenario3.java:13)
	at HCLAssesmnt.Assesment.Scenario3.testServiceWithoutApiKey(Scenario3.java:13)
	at HCLAssesmnt.Assesment.Scenario3.testServiceWithoutApiKey(Scenario3.java:13)
	at HCLAssesmnt.Assesment.Scenario3.testServiceWithoutApiKey(Scenario3.java:13)
	at HCLAssesmnt.Assesment.Scenario3.testServiceWithoutApiKey(Scenario3.java:13)
	at HCLAssesmnt.Assesment.Scenario3.testServiceWithoutApiKey(Scenario3.java:13)
	at HCLAssesmnt.Assesment.Scenario3.testServiceWithoutApiKey(Scenario3.java:13)
	at HCLAssesmnt.Assesment.Scenario3.testServiceWithoutApiKey(Scenario3.java:13)
	at HCLAssesmnt.Assesment.Scenario3.testServiceWithoutApiKey(Scenario3.java:13)
	at HCLAssesmnt.Assesment.Scenario3.testServiceWithoutApiKey(Scenario3.java:13)
	at HCLAssesmnt.Assesment.Scenario3.testServiceWithoutApiKey(Scenario3.java:13)
	at HCLAssesmnt.Assesment.Scenario3.testServiceWithoutApiKey(Scenario3.java:13)
	at HCLAssesmnt.Assesment.Scenario3.testServiceWithoutApiKey(Scenario3.java:13)
	at HCLAssesmnt.Assesment.Scenario3.testServiceWithoutApiKey(Scenario3.java:13)
	at HCLAssesmnt.Assesment.Scenario3.testServiceWithoutApiKey(Scenario3.java:13)
	at HCLAssesmnt.Assesment.Scenario3.testServiceWithoutApiKey(Scenario3.java:13)
	at HCLAssesmnt.Assesment.Scenario3.testServiceWithoutApiKey(Scenario3.java:13)
	at HCLAssesmnt.Assesment.Scenario3.testServiceWithoutApiKey(Scenario3.java:13)
	at HCLAssesmnt.Assesment.Scenario3.testServiceWithoutApiKey(Scenario3.java:13)
	at HCLAssesmnt.Assesment.Scenario3.testServiceWithoutApiKey(Scenario3.java:13)
	at HCLAssesmnt.Assesment.Scenario3.testServiceWithoutApiKey(Scenario3.java:13)
	at HCLAssesmnt.Assesment.Scenario3.testServiceWithoutApiKey(Scenario3.java:13)
	at HCLAssesmnt.Assesment.Scenario3.testServiceWithoutApiKey(Scenario3.java:13)
	at HCLAssesmnt.Assesment.Scenario3.testServiceWithoutApiKey(Scenario3.java:13)
	at HCLAssesmnt.Assesment.Scenario3.testServiceWithoutApiKey(Scenario3.java:13)
	at HCLAssesmnt.Assesment.Scenario3.testServiceWithoutApiKey(Scenario3.java:13)
	at HCLAssesmnt.Assesment.Scenario3.testServiceWithoutApiKey(Scenario3.java:13)
	at HCLAssesmnt.Assesment.Scenario3.testServiceWithoutApiKey(Scenario3.java:13)
	at HCLAssesmnt.Assesment.Scenario3.testServiceWithoutApiKey(Scenario3.java:13)
	at HCLAssesmnt.Assesment.Scenario3.testServiceWithoutApiKey(Scenario3.java:13)
	at HCLAssesmnt.Assesment.Scenario3.testServiceWithoutApiKey(Scenario3.java:13)
	at HCLAssesmnt.Assesment.Scenario3.testServiceWithoutApiKey(Scenario3.java:13)
	at HCLAssesmnt.Assesment.Scenario3.testServiceWithoutApiKey(Scenario3.java:13)
	at HCLAssesmnt.Assesment.Scenario3.testServiceWithoutApiKey(Scenario3.java:13)
	at HCLAssesmnt.Assesment.Scenario3.testServiceWithoutApiKey(Scenario3.java:13)
	at HCLAssesmnt.Assesment.Scenario3.testServiceWithoutApiKey(Scenario3.java:13)
	at HCLAssesmnt.Assesment.Scenario3.testServiceWithoutApiKey(Scenario3.java:13)
	at HCLAssesmnt.Assesment.Scenario3.testServiceWithoutApiKey(Scenario3.java:13)
	at HCLAssesmnt.Assesment.Scenario3.testServiceWithoutApiKey(Scenario3.java:13)
	at HCLAssesmnt.Assesment.Scenario3.testServiceWithoutApiKey(Scenario3.java:13)
	at HCLAssesmnt.Assesment.Scenario3.testServiceWithoutApiKey(Scenario3.java:13)
	at HCLAssesmnt.Assesment.Scenario3.testServiceWithoutApiKey(Scenario3.java:13)
	at HCLAssesmnt.Assesment.Scenario3.testServiceWithoutApiKey(Scenario3.java:13)
	at HCLAssesmnt.Assesment.Scenario3.testServiceWithoutApiKey(Scenario3.java:13)
	at HCLAssesmnt.Assesment.Scenario3.testServiceWithoutApiKey(Scenario3.java:13)
	at HCLAssesmnt.Assesment.Scenario3.testServiceWithoutApiKey(Scenario3.java:13)
	at HCLAssesmnt.Assesment.Scenario3.testServiceWithoutApiKey(Scenario3.java:13)
	at HCLAssesmnt.Assesment.Scenario3.testServiceWithoutApiKey(Scenario3.java:13)
	at HCLAssesmnt.Assesment.Scenario3.testServiceWithoutApiKey(Scenario3.java:13)
	at HCLAssesmnt.Assesment.Scenario3.testServiceWithoutApiKey(Scenario3.java:13)
	at HCLAssesmnt.Assesment.Scenario3.testServiceWithoutApiKey(Scenario3.java:13)
	at HCLAssesmnt.Assesment.Scenario3.testServiceWithoutApiKey(Scenario3.java:13)
	at HCLAssesmnt.Assesment.Scenario3.testServiceWithoutApiKey(Scenario3.java:13)
	at HCLAssesmnt.Assesment.Scenario3.testServiceWithoutApiKey(Scenario3.java:13)
	at HCLAssesmnt.Assesment.Scenario3.testServiceWithoutApiKey(Scenario3.java:13)
	at HCLAssesmnt.Assesment.Scenario3.testServiceWithoutApiKey(Scenario3.java:13)
	at HCLAssesmnt.Assesment.Scenario3.testServiceWithoutApiKey(Scenario3.java:13)
	at HCLAssesmnt.Assesment.Scenario3.testServiceWithoutApiKey(Scenario3.java:13)
	at HCLAssesmnt.Assesment.Scenario3.testServiceWithoutApiKey(Scenario3.java:13)
	at HCLAssesmnt.Assesment.Scenario3.testServiceWithoutApiKey(Scenario3.java:13)
	at HCLAssesmnt.Assesment.Scenario3.testServiceWithoutApiKey(Scenario3.java:13)
	at HCLAssesmnt.Assesment.Scenario3.testServiceWithoutApiKey(Scenario3.java:13)
	at HCLAssesmnt.Assesment.Scenario3.testServiceWithoutApiKey(Scenario3.java:13)
	at HCLAssesmnt.Assesment.Scenario3.testServiceWithoutApiKey(Scenario3.java:13)
	at HCLAssesmnt.Assesment.Scenario3.testServiceWithoutApiKey(Scenario3.java:13)
	at HCLAssesmnt.Assesment.Scenario3.testServiceWithoutApiKey(Scenario3.java:13)
	at HCLAssesmnt.Assesment.Scenario3.testServiceWithoutApiKey(Scenario3.java:13)
	at HCLAssesmnt.Assesment.Scenario3.testServiceWithoutApiKey(Scenario3.java:13)
	at HCLAssesmnt.Assesment.Scenario3.testServiceWithoutApiKey(Scenario3.java:13)
	at HCLAssesmnt.Assesment.Scenario3.testServiceWithoutApiKey(Scenario3.java:13)
	at HCLAssesmnt.Assesment.Scenario3.testServiceWithoutApiKey(Scenario3.java:13)
	at HCLAssesmnt.Assesment.Scenario3.testServiceWithoutApiKey(Scenario3.java:13)
	at HCLAssesmnt.Assesment.Scenario3.testServiceWithoutApiKey(Scenario3.java:13)
	at HCLAssesmnt.Assesment.Scenario3.testServiceWithoutApiKey(Scenario3.java:13)
	at HCLAssesmnt.Assesment.Scenario3.testServiceWithoutApiKey(Scenario3.java:13)
	at HCLAssesmnt.Assesment.Scenario3.testServiceWithoutApiKey(Scenario3.java:13)
	at HCLAssesmnt.Assesment.Scenario3.testServiceWithoutApiKey(Scenario3.java:13)
	at HCLAssesmnt.Assesment.Scenario3.testServiceWithoutApiKey(Scenario3.java:13)
	at HCLAssesmnt.Assesment.Scenario3.testServiceWithoutApiKey(Scenario3.java:13)
	at HCLAssesmnt.Assesment.Scenario3.testServiceWithoutApiKey(Scenario3.java:13)
	at HCLAssesmnt.Assesment.Scenario3.testServiceWithoutApiKey(Scenario3.java:13)
	at HCLAssesmnt.Assesment.Scenario3.testServiceWithoutApiKey(Scenario3.java:13)
	at HCLAssesmnt.Assesment.Scenario3.testServiceWithoutApiKey(Scenario3.java:13)
	at HCLAssesmnt.Assesment.Scenario3.testServiceWithoutApiKey(Scenario3.java:13)
	at HCLAssesmnt.Assesment.Scenario3.testServiceWithoutApiKey(Scenario3.java:13)
	at HCLAssesmnt.Assesment.Scenario3.testServiceWithoutApiKey(Scenario3.java:13)
	at HCLAssesmnt.Assesment.Scenario3.testServiceWithoutApiKey(Scenario3.java:13)
	at HCLAssesmnt.Assesment.Scenario3.testServiceWithoutApiKey(Scenario3.java:13)
	at HCLAssesmnt.Assesment.Scenario3.testServiceWithoutApiKey(Scenario3.java:13)
	at HCLAssesmnt.Assesment.Scenario3.testServiceWithoutApiKey(Scenario3.java:13)
	at HCLAssesmnt.Assesment.Scenario3.testServiceWithoutApiKey(Scenario3.java:13)
	at HCLAssesmnt.Assesment.Scenario3.testServiceWithoutApiKey(Scenario3.java:13)
	at HCLAssesmnt.Assesment.Scenario3.testServiceWithoutApiKey(Scenario3.java:13)
	at HCLAssesmnt.Assesment.Scenario3.testServiceWithoutApiKey(Scenario3.java:13)
	at HCLAssesmnt.Assesment.Scenario3.testServiceWithoutApiKey(Scenario3.java:13)
	at HCLAssesmnt.Assesment.Scenario3.testServiceWithoutApiKey(Scenario3.java:13)
	at HCLAssesmnt.Assesment.Scenario3.testServiceWithoutApiKey(Scenario3.java:13)
	at HCLAssesmnt.Assesment.Scenario3.testServiceWithoutApiKey(Scenario3.java:13)
	at HCLAssesmnt.Assesment.Scenario3.testServiceWithoutApiKey(Scenario3.java:13)
	at HCLAssesmnt.Assesment.Scenario3.testServiceWithoutApiKey(Scenario3.java:13)
	at HCLAssesmnt.Assesment.Scenario3.testServiceWithoutApiKey(Scenario3.java:13)
	at HCLAssesmnt.Assesment.Scenario3.testServiceWithoutApiKey(Scenario3.java:13)
	at HCLAssesmnt.Assesment.Scenario3.testServiceWithoutApiKey(Scenario3.java:13)
	at HCLAssesmnt.Assesment.Scenario3.testServiceWithoutApiKey(Scenario3.java:13)
	at HCLAssesmnt.Assesment.Scenario3.testServiceWithoutApiKey(Scenario3.java:13)
	at HCLAssesmnt.Assesment.Scenario3.testServiceWithoutApiKey(Scenario3.java:13)
	at HCLAssesmnt.Assesment.Scenario3.testServiceWithoutApiKey(Scenario3.java:13)
	at HCLAssesmnt.Assesment.Scenario3.testServiceWithoutApiKey(Scenario3.java:13)
	at HCLAssesmnt.Assesment.Scenario3.testServiceWithoutApiKey(Scenario3.java:13)
	at HCLAssesmnt.Assesment.Scenario3.testServiceWithoutApiKey(Scenario3.java:13)
	at HCLAssesmnt.Assesment.Scenario3.testServiceWithoutApiKey(Scenario3.java:13)
	at HCLAssesmnt.Assesment.Scenario3.testServiceWithoutApiKey(Scenario3.java:13)
	at HCLAssesmnt.Assesment.Scenario3.testServiceWithoutApiKey(Scenario3.java:13)
	at HCLAssesmnt.Assesment.Scenario3.testServiceWithoutApiKey(Scenario3.java:13)
	at HCLAssesmnt.Assesment.Scenario3.testServiceWithoutApiKey(Scenario3.java:13)
	at HCLAssesmnt.Assesment.Scenario3.testServiceWithoutApiKey(Scenario3.java:13)
	at HCLAssesmnt.Assesment.Scenario3.testServiceWithoutApiKey(Scenario3.java:13)
	at HCLAssesmnt.Assesment.Scenario3.testServiceWithoutApiKey(Scenario3.java:13)
	at HCLAssesmnt.Assesment.Scenario3.testServiceWithoutApiKey(Scenario3.java:13)
	at HCLAssesmnt.Assesment.Scenario3.testServiceWithoutApiKey(Scenario3.java:13)
	at HCLAssesmnt.Assesment.Scenario3.testServiceWithoutApiKey(Scenario3.java:13)
	at HCLAssesmnt.Assesment.Scenario3.testServiceWithoutApiKey(Scenario3.java:13)
	at HCLAssesmnt.Assesment.Scenario3.testServiceWithoutApiKey(Scenario3.java:13)
	at HCLAssesmnt.Assesment.Scenario3.testServiceWithoutApiKey(Scenario3.java:13)
	at HCLAssesmnt.Assesment.Scenario3.testServiceWithoutApiKey(Scenario3.java:13)
	at HCLAssesmnt.Assesment.Scenario3.testServiceWithoutApiKey(Scenario3.java:13)
	at HCLAssesmnt.Assesment.Scenario3.testServiceWithoutApiKey(Scenario3.java:13)
	at HCLAssesmnt.Assesment.Scenario3.testServiceWithoutApiKey(Scenario3.java:13)
	at HCLAssesmnt.Assesment.Scenario3.testServiceWithoutApiKey(Scenario3.java:13)
	at HCLAssesmnt.Assesment.Scenario3.testServiceWithoutApiKey(Scenario3.java:13)
	at HCLAssesmnt.Assesment.Scenario3.testServiceWithoutApiKey(Scenario3.java:13)
	at HCLAssesmnt.Assesment.Scenario3.testServiceWithoutApiKey(Scenario3.java:13)
	at HCLAssesmnt.Assesment.Scenario3.testServiceWithoutApiKey(Scenario3.java:13)
	at HCLAssesmnt.Assesment.Scenario3.testServiceWithoutApiKey(Scenario3.java:13)
	at HCLAssesmnt.Assesment.Scenario3.testServiceWithoutApiKey(Scenario3.java:13)
	at HCLAssesmnt.Assesment.Scenario3.testServiceWithoutApiKey(Scenario3.java:13)
	at HCLAssesmnt.Assesment.Scenario3.testServiceWithoutApiKey(Scenario3.java:13)
	at HCLAssesmnt.Assesment.Scenario3.testServiceWithoutApiKey(Scenario3.java:13)
	at HCLAssesmnt.Assesment.Scenario3.testServiceWithoutApiKey(Scenario3.java:13)
	at HCLAssesmnt.Assesment.Scenario3.testServiceWithoutApiKey(Scenario3.java:13)
	at HCLAssesmnt.Assesment.Scenario3.testServiceWithoutApiKey(Scenario3.java:13)
	at HCLAssesmnt.Assesment.Scenario3.testServiceWithoutApiKey(Scenario3.java:13)
	at HCLAssesmnt.Assesment.Scenario3.testServiceWithoutApiKey(Scenario3.java:13)
	at HCLAssesmnt.Assesment.Scenario3.testServiceWithoutApiKey(Scenario3.java:13)
	at HCLAssesmnt.Assesment.Scenario3.testServiceWithoutApiKey(Scenario3.java:13)
	at HCLAssesmnt.Assesment.Scenario3.testServiceWithoutApiKey(Scenario3.java:13)
	at HCLAssesmnt.Assesment.Scenario3.testServiceWithoutApiKey(Scenario3.java:13)
	at HCLAssesmnt.Assesment.Scenario3.testServiceWithoutApiKey(Scenario3.java:13)
	at HCLAssesmnt.Assesment.Scenario3.testServiceWithoutApiKey(Scenario3.java:13)
	at HCLAssesmnt.Assesment.Scenario3.testServiceWithoutApiKey(Scenario3.java:13)
	at HCLAssesmnt.Assesment.Scenario3.testServiceWithoutApiKey(Scenario3.java:13)
	at HCLAssesmnt.Assesment.Scenario3.testServiceWithoutApiKey(Scenario3.java:13)
	at HCLAssesmnt.Assesment.Scenario3.testServiceWithoutApiKey(Scenario3.java:13)
	at HCLAssesmnt.Assesment.Scenario3.testServiceWithoutApiKey(Scenario3.java:13)
	at HCLAssesmnt.Assesment.Scenario3.testServiceWithoutApiKey(Scenario3.java:13)
	at HCLAssesmnt.Assesment.Scenario3.testServiceWithoutApiKey(Scenario3.java:13)
	at HCLAssesmnt.Assesment.Scenario3.testServiceWithoutApiKey(Scenario3.java:13)
	at HCLAssesmnt.Assesment.Scenario3.testServiceWithoutApiKey(Scenario3.java:13)
	at HCLAssesmnt.Assesment.Scenario3.testServiceWithoutApiKey(Scenario3.java:13)
	at HCLAssesmnt.Assesment.Scenario3.testServiceWithoutApiKey(Scenario3.java:13)
	at HCLAssesmnt.Assesment.Scenario3.testServiceWithoutApiKey(Scenario3.java:13)
	at HCLAssesmnt.Assesment.Scenario3.testServiceWithoutApiKey(Scenario3.java:13)
	at HCLAssesmnt.Assesment.Scenario3.testServiceWithoutApiKey(Scenario3.java:13)
	at HCLAssesmnt.Assesment.Scenario3.testServiceWithoutApiKey(Scenario3.java:13)
	at HCLAssesmnt.Assesment.Scenario3.testServiceWithoutApiKey(Scenario3.java:13)
	at HCLAssesmnt.Assesment.Scenario3.testServiceWithoutApiKey(Scenario3.java:13)
	at HCLAssesmnt.Assesment.Scenario3.testServiceWithoutApiKey(Scenario3.java:13)
	at HCLAssesmnt.Assesment.Scenario3.testServiceWithoutApiKey(Scenario3.java:13)
	at HCLAssesmnt.Assesment.Scenario3.testServiceWithoutApiKey(Scenario3.java:13)
	at HCLAssesmnt.Assesment.Scenario3.testServiceWithoutApiKey(Scenario3.java:13)
	at HCLAssesmnt.Assesment.Scenario3.testServiceWithoutApiKey(Scenario3.java:13)
	at HCLAssesmnt.Assesment.Scenario3.testServiceWithoutApiKey(Scenario3.java:13)
	at HCLAssesmnt.Assesment.Scenario3.testServiceWithoutApiKey(Scenario3.java:13)
	at HCLAssesmnt.Assesment.Scenario3.testServiceWithoutApiKey(Scenario3.java:13)
	at HCLAssesmnt.Assesment.Scenario3.testServiceWithoutApiKey(Scenario3.java:13)
	at HCLAssesmnt.Assesment.Scenario3.testServiceWithoutApiKey(Scenario3.java:13)
	at HCLAssesmnt.Assesment.Scenario3.testServiceWithoutApiKey(Scenario3.java:13)
	at HCLAssesmnt.Assesment.Scenario3.testServiceWithoutApiKey(Scenario3.java:13)
	at HCLAssesmnt.Assesment.Scenario3.testServiceWithoutApiKey(Scenario3.java:13)
	at HCLAssesmnt.Assesment.Scenario3.testServiceWithoutApiKey(Scenario3.java:13)
	at HCLAssesmnt.Assesment.Scenario3.testServiceWithoutApiKey(Scenario3.java:13)
	at HCLAssesmnt.Assesment.Scenario3.testServiceWithoutApiKey(Scenario3.java:13)
	at HCLAssesmnt.Assesment.Scenario3.testServiceWithoutApiKey(Scenario3.java:13)
	at HCLAssesmnt.Assesment.Scenario3.testServiceWithoutApiKey(Scenario3.java:13)
	at HCLAssesmnt.Assesment.Scenario3.testServiceWithoutApiKey(Scenario3.java:13)
	at HCLAssesmnt.Assesment.Scenario3.testServiceWithoutApiKey(Scenario3.java:13)
	at HCLAssesmnt.Assesment.Scenario3.testServiceWithoutApiKey(Scenario3.java:13)
	at HCLAssesmnt.Assesment.Scenario3.testServiceWithoutApiKey(Scenario3.java:13)
	at HCLAssesmnt.Assesment.Scenario3.testServiceWithoutApiKey(Scenario3.java:13)
	at HCLAssesmnt.Assesment.Scenario3.testServiceWithoutApiKey(Scenario3.java:13)
	at HCLAssesmnt.Assesment.Scenario3.testServiceWithoutApiKey(Scenario3.java:13)
	at HCLAssesmnt.Assesment.Scenario3.testServiceWithoutApiKey(Scenario3.java:13)
	at HCLAssesmnt.Assesment.Scenario3.testServiceWithoutApiKey(Scenario3.java:13)
	at HCLAssesmnt.Assesment.Scenario3.testServiceWithoutApiKey(Scenario3.java:13)
	at HCLAssesmnt.Assesment.Scenario3.testServiceWithoutApiKey(Scenario3.java:13)
	at HCLAssesmnt.Assesment.Scenario3.testServiceWithoutApiKey(Scenario3.java:13)
	at HCLAssesmnt.Assesment.Scenario3.testServiceWithoutApiKey(Scenario3.java:13)
	at HCLAssesmnt.Assesment.Scenario3.testServiceWithoutApiKey(Scenario3.java:13)
	at HCLAssesmnt.Assesment.Scenario3.testServiceWithoutApiKey(Scenario3.java:13)
	at HCLAssesmnt.Assesment.Scenario3.testServiceWithoutApiKey(Scenario3.java:13)
	at HCLAssesmnt.Assesment.Scenario3.testServiceWithoutApiKey(Scenario3.java:13)
	at HCLAssesmnt.Assesment.Scenario3.testServiceWithoutApiKey(Scenario3.java:13)
	at HCLAssesmnt.Assesment.Scenario3.testServiceWithoutApiKey(Scenario3.java:13)
	at HCLAssesmnt.Assesment.Scenario3.testServiceWithoutApiKey(Scenario3.java:13)
	at HCLAssesmnt.Assesment.Scenario3.testServiceWithoutApiKey(Scenario3.java:13)
	at HCLAssesmnt.Assesment.Scenario3.testServiceWithoutApiKey(Scenario3.java:13)
	at HCLAssesmnt.Assesment.Scenario3.testServiceWithoutApiKey(Scenario3.java:13)
	at HCLAssesmnt.Assesment.Scenario3.testServiceWithoutApiKey(Scenario3.java:13)
	at HCLAssesmnt.Assesment.Scenario3.testServiceWithoutApiKey(Scenario3.java:13)
	at HCLAssesmnt.Assesment.Scenario3.testServiceWithoutApiKey(Scenario3.java:13)
	at HCLAssesmnt.Assesment.Scenario3.testServiceWithoutApiKey(Scenario3.java:13)
	at HCLAssesmnt.Assesment.Scenario3.testServiceWithoutApiKey(Scenario3.java:13)
	at HCLAssesmnt.Assesment.Scenario3.testServiceWithoutApiKey(Scenario3.java:13)
	at HCLAssesmnt.Assesment.Scenario3.testServiceWithoutApiKey(Scenario3.java:13)
	at HCLAssesmnt.Assesment.Scenario3.testServiceWithoutApiKey(Scenario3.java:13)
	at HCLAssesmnt.Assesment.Scenario3.testServiceWithoutApiKey(Scenario3.java:13)
	at HCLAssesmnt.Assesment.Scenario3.testServiceWithoutApiKey(Scenario3.java:13)
	at HCLAssesmnt.Assesment.Scenario3.testServiceWithoutApiKey(Scenario3.java:13)
	at HCLAssesmnt.Assesment.Scenario3.testServiceWithoutApiKey(Scenario3.java:13)
	at HCLAssesmnt.Assesment.Scenario3.testServiceWithoutApiKey(Scenario3.java:13)
	at HCLAssesmnt.Assesment.Scenario3.testServiceWithoutApiKey(Scenario3.java:13)
	at HCLAssesmnt.Assesment.Scenario3.testServiceWithoutApiKey(Scenario3.java:13)
	at HCLAssesmnt.Assesment.Scenario3.testServiceWithoutApiKey(Scenario3.java:13)
	at HCLAssesmnt.Assesment.Scenario3.testServiceWithoutApiKey(Scenario3.java:13)
	at HCLAssesmnt.Assesment.Scenario3.testServiceWithoutApiKey(Scenario3.java:13)
	at HCLAssesmnt.Assesment.Scenario3.testServiceWithoutApiKey(Scenario3.java:13)
	at HCLAssesmnt.Assesment.Scenario3.testServiceWithoutApiKey(Scenario3.java:13)
	at HCLAssesmnt.Assesment.Scenario3.testServiceWithoutApiKey(Scenario3.java:13)
	at HCLAssesmnt.Assesment.Scenario3.testServiceWithoutApiKey(Scenario3.java:13)
	at HCLAssesmnt.Assesment.Scenario3.testServiceWithoutApiKey(Scenario3.java:13)
	at HCLAssesmnt.Assesment.Scenario3.testServiceWithoutApiKey(Scenario3.java:13)
	at HCLAssesmnt.Assesment.Scenario3.testServiceWithoutApiKey(Scenario3.java:13)
	at HCLAssesmnt.Assesment.Scenario3.testServiceWithoutApiKey(Scenario3.java:13)
	at HCLAssesmnt.Assesment.Scenario3.testServiceWithoutApiKey(Scenario3.java:13)
	at HCLAssesmnt.Assesment.Scenario3.testServiceWithoutApiKey(Scenario3.java:13)
	at HCLAssesmnt.Assesment.Scenario3.testServiceWithoutApiKey(Scenario3.java:13)
	at HCLAssesmnt.Assesment.Scenario3.testServiceWithoutApiKey(Scenario3.java:13)
	at HCLAssesmnt.Assesment.Scenario3.testServiceWithoutApiKey(Scenario3.java:13)
	at HCLAssesmnt.Assesment.Scenario3.testServiceWithoutApiKey(Scenario3.java:13)
	at HCLAssesmnt.Assesment.Scenario3.testServiceWithoutApiKey(Scenario3.java:13)
	at HCLAssesmnt.Assesment.Scenario3.testServiceWithoutApiKey(Scenario3.java:13)
	at HCLAssesmnt.Assesment.Scenario3.testServiceWithoutApiKey(Scenario3.java:13)
	at HCLAssesmnt.Assesment.Scenario3.testServiceWithoutApiKey(Scenario3.java:13)
	at HCLAssesmnt.Assesment.Scenario3.testServiceWithoutApiKey(Scenario3.java:13)
	at HCLAssesmnt.Assesment.Scenario3.testServiceWithoutApiKey(Scenario3.java:13)
	at HCLAssesmnt.Assesment.Scenario3.testServiceWithoutApiKey(Scenario3.java:13)
	at HCLAssesmnt.Assesment.Scenario3.testServiceWithoutApiKey(Scenario3.java:13)
	at HCLAssesmnt.Assesment.Scenario3.testServiceWithoutApiKey(Scenario3.java:13)
	at HCLAssesmnt.Assesment.Scenario3.testServiceWithoutApiKey(Scenario3.java:13)
	at HCLAssesmnt.Assesment.Scenario3.testServiceWithoutApiKey(Scenario3.java:13)
	at HCLAssesmnt.Assesment.Scenario3.testServiceWithoutApiKey(Scenario3.java:13)
	at HCLAssesmnt.Assesment.Scenario3.testServiceWithoutApiKey(Scenario3.java:13)
	at HCLAssesmnt.Assesment.Scenario3.testServiceWithoutApiKey(Scenario3.java:13)
	at HCLAssesmnt.Assesment.Scenario3.testServiceWithoutApiKey(Scenario3.java:13)
	at HCLAssesmnt.Assesment.Scenario3.testServiceWithoutApiKey(Scenario3.java:13)
	at HCLAssesmnt.Assesment.Scenario3.testServiceWithoutApiKey(Scenario3.java:13)
	at HCLAssesmnt.Assesment.Scenario3.testServiceWithoutApiKey(Scenario3.java:13)
	at HCLAssesmnt.Assesment.Scenario3.testServiceWithoutApiKey(Scenario3.java:13)
	at HCLAssesmnt.Assesment.Scenario3.testServiceWithoutApiKey(Scenario3.java:13)
	at HCLAssesmnt.Assesment.Scenario3.testServiceWithoutApiKey(Scenario3.java:13)
	at HCLAssesmnt.Assesment.Scenario3.testServiceWithoutApiKey(Scenario3.java:13)
	at HCLAssesmnt.Assesment.Scenario3.testServiceWithoutApiKey(Scenario3.java:13)
	at HCLAssesmnt.Assesment.Scenario3.testServiceWithoutApiKey(Scenario3.java:13)
	at HCLAssesmnt.Assesment.Scenario3.testServiceWithoutApiKey(Scenario3.java:13)
	at HCLAssesmnt.Assesment.Scenario3.testServiceWithoutApiKey(Scenario3.java:13)
	at HCLAssesmnt.Assesment.Scenario3.testServiceWithoutApiKey(Scenario3.java:13)
	at HCLAssesmnt.Assesment.Scenario3.testServiceWithoutApiKey(Scenario3.java:13)
	at HCLAssesmnt.Assesment.Scenario3.testServiceWithoutApiKey(Scenario3.java:13)
	at HCLAssesmnt.Assesment.Scenario3.testServiceWithoutApiKey(Scenario3.java:13)
	at HCLAssesmnt.Assesment.Scenario3.testServiceWithoutApiKey(Scenario3.java:13)
	at HCLAssesmnt.Assesment.Scenario3.testServiceWithoutApiKey(Scenario3.java:13)
	at HCLAssesmnt.Assesment.Scenario3.testServiceWithoutApiKey(Scenario3.java:13)
	at HCLAssesmnt.Assesment.Scenario3.testServiceWithoutApiKey(Scenario3.java:13)
	at HCLAssesmnt.Assesment.Scenario3.testServiceWithoutApiKey(Scenario3.java:13)
	at HCLAssesmnt.Assesment.Scenario3.testServiceWithoutApiKey(Scenario3.java:13)
	at HCLAssesmnt.Assesment.Scenario3.testServiceWithoutApiKey(Scenario3.java:13)
	at HCLAssesmnt.Assesment.Scenario3.testServiceWithoutApiKey(Scenario3.java:13)
	at HCLAssesmnt.Assesment.Scenario3.testServiceWithoutApiKey(Scenario3.java:13)
	at HCLAssesmnt.Assesment.Scenario3.testServiceWithoutApiKey(Scenario3.java:13)
	at HCLAssesmnt.Assesment.Scenario3.testServiceWithoutApiKey(Scenario3.java:13)
	at HCLAssesmnt.Assesment.Scenario3.testServiceWithoutApiKey(Scenario3.java:13)
	at HCLAssesmnt.Assesment.Scenario3.testServiceWithoutApiKey(Scenario3.java:13)
	at HCLAssesmnt.Assesment.Scenario3.testServiceWithoutApiKey(Scenario3.java:13)
	at HCLAssesmnt.Assesment.Scenario3.testServiceWithoutApiKey(Scenario3.java:13)
	at HCLAssesmnt.Assesment.Scenario3.testServiceWithoutApiKey(Scenario3.java:13)
	at HCLAssesmnt.Assesment.Scenario3.testServiceWithoutApiKey(Scenario3.java:13)
	at HCLAssesmnt.Assesment.Scenario3.testServiceWithoutApiKey(Scenario3.java:13)
	at HCLAssesmnt.Assesment.Scenario3.testServiceWithoutApiKey(Scenario3.java:13)
	at HCLAssesmnt.Assesment.Scenario3.testServiceWithoutApiKey(Scenario3.java:13)
	at HCLAssesmnt.Assesment.Scenario3.testServiceWithoutApiKey(Scenario3.java:13)
	at HCLAssesmnt.Assesment.Scenario3.testServiceWithoutApiKey(Scenario3.java:13)
	at HCLAssesmnt.Assesment.Scenario3.testServiceWithoutApiKey(Scenario3.java:13)
	at HCLAssesmnt.Assesment.Scenario3.testServiceWithoutApiKey(Scenario3.java:13)
	at HCLAssesmnt.Assesment.Scenario3.testServiceWithoutApiKey(Scenario3.java:13)
	at HCLAssesmnt.Assesment.Scenario3.testServiceWithoutApiKey(Scenario3.java:13)
	at HCLAssesmnt.Assesment.Scenario3.testServiceWithoutApiKey(Scenario3.java:13)
	at HCLAssesmnt.Assesment.Scenario3.testServiceWithoutApiKey(Scenario3.java:13)
	at HCLAssesmnt.Assesment.Scenario3.testServiceWithoutApiKey(Scenario3.java:13)
	at HCLAssesmnt.Assesment.Scenario3.testServiceWithoutApiKey(Scenario3.java:13)
	at HCLAssesmnt.Assesment.Scenario3.testServiceWithoutApiKey(Scenario3.java:13)
	at HCLAssesmnt.Assesment.Scenario3.testServiceWithoutApiKey(Scenario3.java:13)
	at HCLAssesmnt.Assesment.Scenario3.testServiceWithoutApiKey(Scenario3.java:13)
	at HCLAssesmnt.Assesment.Scenario3.testServiceWithoutApiKey(Scenario3.java:13)
	at HCLAssesmnt.Assesment.Scenario3.testServiceWithoutApiKey(Scenario3.java:13)
	at HCLAssesmnt.Assesment.Scenario3.testServiceWithoutApiKey(Scenario3.java:13)
	at HCLAssesmnt.Assesment.Scenario3.testServiceWithoutApiKey(Scenario3.java:13)
	at HCLAssesmnt.Assesment.Scenario3.testServiceWithoutApiKey(Scenario3.java:13)
	at HCLAssesmnt.Assesment.Scenario3.testServiceWithoutApiKey(Scenario3.java:13)
	at HCLAssesmnt.Assesment.Scenario3.testServiceWithoutApiKey(Scenario3.java:13)
	at HCLAssesmnt.Assesment.Scenario3.testServiceWithoutApiKey(Scenario3.java:13)
	at HCLAssesmnt.Assesment.Scenario3.testServiceWithoutApiKey(Scenario3.java:13)
	at HCLAssesmnt.Assesment.Scenario3.testServiceWithoutApiKey(Scenario3.java:13)
	at HCLAssesmnt.Assesment.Scenario3.testServiceWithoutApiKey(Scenario3.java:13)
	at HCLAssesmnt.Assesment.Scenario3.testServiceWithoutApiKey(Scenario3.java:13)
	at HCLAssesmnt.Assesment.Scenario3.testServiceWithoutApiKey(Scenario3.java:13)
	at HCLAssesmnt.Assesment.Scenario3.testServiceWithoutApiKey(Scenario3.java:13)
	at HCLAssesmnt.Assesment.Scenario3.testServiceWithoutApiKey(Scenario3.java:13)
	at HCLAssesmnt.Assesment.Scenario3.testServiceWithoutApiKey(Scenario3.java:13)
	at HCLAssesmnt.Assesment.Scenario3.testServiceWithoutApiKey(Scenario3.java:13)
	at HCLAssesmnt.Assesment.Scenario3.testServiceWithoutApiKey(Scenario3.java:13)
	at HCLAssesmnt.Assesment.Scenario3.testServiceWithoutApiKey(Scenario3.java:13)
	at HCLAssesmnt.Assesment.Scenario3.testServiceWithoutApiKey(Scenario3.java:13)
	at HCLAssesmnt.Assesment.Scenario3.testServiceWithoutApiKey(Scenario3.java:13)
	at HCLAssesmnt.Assesment.Scenario3.testServiceWithoutApiKey(Scenario3.java:13)
	at HCLAssesmnt.Assesment.Scenario3.testServiceWithoutApiKey(Scenario3.java:13)
	at HCLAssesmnt.Assesment.Scenario3.testServiceWithoutApiKey(Scenario3.java:13)
	at HCLAssesmnt.Assesment.Scenario3.testServiceWithoutApiKey(Scenario3.java:13)
	at HCLAssesmnt.Assesment.Scenario3.testServiceWithoutApiKey(Scenario3.java:13)
	at HCLAssesmnt.Assesment.Scenario3.testServiceWithoutApiKey(Scenario3.java:13)
	at HCLAssesmnt.Assesment.Scenario3.testServiceWithoutApiKey(Scenario3.java:13)
	at HCLAssesmnt.Assesment.Scenario3.testServiceWithoutApiKey(Scenario3.java:13)
	at HCLAssesmnt.Assesment.Scenario3.testServiceWithoutApiKey(Scenario3.java:13)
	at HCLAssesmnt.Assesment.Scenario3.testServiceWithoutApiKey(Scenario3.java:13)
	at HCLAssesmnt.Assesment.Scenario3.testServiceWithoutApiKey(Scenario3.java:13)
	at HCLAssesmnt.Assesment.Scenario3.testServiceWithoutApiKey(Scenario3.java:13)
	at HCLAssesmnt.Assesment.Scenario3.testServiceWithoutApiKey(Scenario3.java:13)
	at HCLAssesmnt.Assesment.Scenario3.testServiceWithoutApiKey(Scenario3.java:13)
	at HCLAssesmnt.Assesment.Scenario3.testServiceWithoutApiKey(Scenario3.java:13)
	at HCLAssesmnt.Assesment.Scenario3.testServiceWithoutApiKey(Scenario3.java:13)
	at HCLAssesmnt.Assesment.Scenario3.testServiceWithoutApiKey(Scenario3.java:13)
	at HCLAssesmnt.Assesment.Scenario3.testServiceWithoutApiKey(Scenario3.java:13)
	at HCLAssesmnt.Assesment.Scenario3.testServiceWithoutApiKey(Scenario3.java:13)
	at HCLAssesmnt.Assesment.Scenario3.testServiceWithoutApiKey(Scenario3.java:13)
	at HCLAssesmnt.Assesment.Scenario3.testServiceWithoutApiKey(Scenario3.java:13)
	at HCLAssesmnt.Assesment.Scenario3.testServiceWithoutApiKey(Scenario3.java:13)
	at HCLAssesmnt.Assesment.Scenario3.testServiceWithoutApiKey(Scenario3.java:13)
	at HCLAssesmnt.Assesment.Scenario3.testServiceWithoutApiKey(Scenario3.java:13)
	at HCLAssesmnt.Assesment.Scenario3.testServiceWithoutApiKey(Scenario3.java:13)
	at HCLAssesmnt.Assesment.Scenario3.testServiceWithoutApiKey(Scenario3.java:13)
	at HCLAssesmnt.Assesment.Scenario3.testServiceWithoutApiKey(Scenario3.java:13)
	at HCLAssesmnt.Assesment.Scenario3.testServiceWithoutApiKey(Scenario3.java:13)
	at HCLAssesmnt.Assesment.Scenario3.testServiceWithoutApiKey(Scenario3.java:13)
	at HCLAssesmnt.Assesment.Scenario3.testServiceWithoutApiKey(Scenario3.java:13)
	at HCLAssesmnt.Assesment.Scenario3.testServiceWithoutApiKey(Scenario3.java:13)
	at HCLAssesmnt.Assesment.Scenario3.testServiceWithoutApiKey(Scenario3.java:13)
	at HCLAssesmnt.Assesment.Scenario3.testServiceWithoutApiKey(Scenario3.java:13)
	at HCLAssesmnt.Assesment.Scenario3.testServiceWithoutApiKey(Scenario3.java:13)
	at HCLAssesmnt.Assesment.Scenario3.testServiceWithoutApiKey(Scenario3.java:13)
	at HCLAssesmnt.Assesment.Scenario3.testServiceWithoutApiKey(Scenario3.java:13)
	at HCLAssesmnt.Assesment.Scenario3.testServiceWithoutApiKey(Scenario3.java:13)
	at HCLAssesmnt.Assesment.Scenario3.testServiceWithoutApiKey(Scenario3.java:13)
	at HCLAssesmnt.Assesment.Scenario3.testServiceWithoutApiKey(Scenario3.java:13)
[...]
	at HCLAssesmnt.Assesment.Scenario3.getAddedStations(Scenario3.java:20)
	at HCLAssesmnt.Assesment.Scenario3.getAddedStations(Scenario3.java:20)
	at HCLAssesmnt.Assesment.Scenario3.getAddedStations(Scenario3.java:20)
	at HCLAssesmnt.Assesment.Scenario3.getAddedStations(Scenario3.java:20)
	at HCLAssesmnt.Assesment.Scenario3.getAddedStations(Scenario3.java:20)
	at HCLAssesmnt.Assesment.Scenario3.getAddedStations(Scenario3.java:20)
	at HCLAssesmnt.Assesment.Scenario3.getAddedStations(Scenario3.java:20)
	at HCLAssesmnt.Assesment.Scenario3.getAddedStations(Scenario3.java:20)
	at HCLAssesmnt.Assesment.Scenario3.getAddedStations(Scenario3.java:20)
	at HCLAssesmnt.Assesment.Scenario3.getAddedStations(Scenario3.java:20)
	at HCLAssesmnt.Assesment.Scenario3.getAddedStations(Scenario3.java:20)
	at HCLAssesmnt.Assesment.Scenario3.getAddedStations(Scenario3.java:20)
	at HCLAssesmnt.Assesment.Scenario3.getAddedStations(Scenario3.java:20)
	at HCLAssesmnt.Assesment.Scenario3.getAddedStations(Scenario3.java:20)
	at HCLAssesmnt.Assesment.Scenario3.getAddedStations(Scenario3.java:20)
	at HCLAssesmnt.Assesment.Scenario3.getAddedStations(Scenario3.java:20)
	at HCLAssesmnt.Assesment.Scenario3.getAddedStations(Scenario3.java:20)
	at HCLAssesmnt.Assesment.Scenario3.getAddedStations(Scenario3.java:20)
	at HCLAssesmnt.Assesment.Scenario3.getAddedStations(Scenario3.java:20)
	at HCLAssesmnt.Assesment.Scenario3.getAddedStations(Scenario3.java:20)
	at HCLAssesmnt.Assesment.Scenario3.getAddedStations(Scenario3.java:20)
	at HCLAssesmnt.Assesment.Scenario3.getAddedStations(Scenario3.java:20)
	at HCLAssesmnt.Assesment.Scenario3.getAddedStations(Scenario3.java:20)
	at HCLAssesmnt.Assesment.Scenario3.getAddedStations(Scenario3.java:20)
	at HCLAssesmnt.Assesment.Scenario3.getAddedStations(Scenario3.java:20)
	at HCLAssesmnt.Assesment.Scenario3.getAddedStations(Scenario3.java:20)
	at HCLAssesmnt.Assesment.Scenario3.getAddedStations(Scenario3.java:20)
	at HCLAssesmnt.Assesment.Scenario3.getAddedStations(Scenario3.java:20)
	at HCLAssesmnt.Assesment.Scenario3.getAddedStations(Scenario3.java:20)
	at HCLAssesmnt.Assesment.Scenario3.getAddedStations(Scenario3.java:20)
	at HCLAssesmnt.Assesment.Scenario3.getAddedStations(Scenario3.java:20)
	at HCLAssesmnt.Assesment.Scenario3.getAddedStations(Scenario3.java:20)
	at HCLAssesmnt.Assesment.Scenario3.getAddedStations(Scenario3.java:20)
	at HCLAssesmnt.Assesment.Scenario3.getAddedStations(Scenario3.java:20)
	at HCLAssesmnt.Assesment.Scenario3.getAddedStations(Scenario3.java:20)
	at HCLAssesmnt.Assesment.Scenario3.getAddedStations(Scenario3.java:20)
	at HCLAssesmnt.Assesment.Scenario3.getAddedStations(Scenario3.java:20)
	at HCLAssesmnt.Assesment.Scenario3.getAddedStations(Scenario3.java:20)
	at HCLAssesmnt.Assesment.Scenario3.getAddedStations(Scenario3.java:20)
	at HCLAssesmnt.Assesment.Scenario3.getAddedStations(Scenario3.java:20)
	at HCLAssesmnt.Assesment.Scenario3.getAddedStations(Scenario3.java:20)
	at HCLAssesmnt.Assesment.Scenario3.getAddedStations(Scenario3.java:20)
	at HCLAssesmnt.Assesment.Scenario3.getAddedStations(Scenario3.java:20)
	at HCLAssesmnt.Assesment.Scenario3.getAddedStations(Scenario3.java:20)
	at HCLAssesmnt.Assesment.Scenario3.getAddedStations(Scenario3.java:20)
	at HCLAssesmnt.Assesment.Scenario3.getAddedStations(Scenario3.java:20)
	at HCLAssesmnt.Assesment.Scenario3.getAddedStations(Scenario3.java:20)
	at HCLAssesmnt.Assesment.Scenario3.getAddedStations(Scenario3.java:20)
	at HCLAssesmnt.Assesment.Scenario3.getAddedStations(Scenario3.java:20)
	at HCLAssesmnt.Assesment.Scenario3.getAddedStations(Scenario3.java:20)
	at HCLAssesmnt.Assesment.Scenario3.getAddedStations(Scenario3.java:20)
	at HCLAssesmnt.Assesment.Scenario3.getAddedStations(Scenario3.java:20)
	at HCLAssesmnt.Assesment.Scenario3.getAddedStations(Scenario3.java:20)
	at HCLAssesmnt.Assesment.Scenario3.getAddedStations(Scenario3.java:20)
	at HCLAssesmnt.Assesment.Scenario3.getAddedStations(Scenario3.java:20)
	at HCLAssesmnt.Assesment.Scenario3.getAddedStations(Scenario3.java:20)
	at HCLAssesmnt.Assesment.Scenario3.getAddedStations(Scenario3.java:20)
	at HCLAssesmnt.Assesment.Scenario3.getAddedStations(Scenario3.java:20)
	at HCLAssesmnt.Assesment.Scenario3.getAddedStations(Scenario3.java:20)
	at HCLAssesmnt.Assesment.Scenario3.getAddedStations(Scenario3.java:20)
	at HCLAssesmnt.Assesment.Scenario3.getAddedStations(Scenario3.java:20)
	at HCLAssesmnt.Assesment.Scenario3.getAddedStations(Scenario3.java:20)
	at HCLAssesmnt.Assesment.Scenario3.getAddedStations(Scenario3.java:20)
	at HCLAssesmnt.Assesment.Scenario3.getAddedStations(Scenario3.java:20)
	at HCLAssesmnt.Assesment.Scenario3.getAddedStations(Scenario3.java:20)
	at HCLAssesmnt.Assesment.Scenario3.getAddedStations(Scenario3.java:20)
	at HCLAssesmnt.Assesment.Scenario3.getAddedStations(Scenario3.java:20)
	at HCLAssesmnt.Assesment.Scenario3.getAddedStations(Scenario3.java:20)
	at HCLAssesmnt.Assesment.Scenario3.getAddedStations(Scenario3.java:20)
	at HCLAssesmnt.Assesment.Scenario3.getAddedStations(Scenario3.java:20)
	at HCLAssesmnt.Assesment.Scenario3.getAddedStations(Scenario3.java:20)
	at HCLAssesmnt.Assesment.Scenario3.getAddedStations(Scenario3.java:20)
	at HCLAssesmnt.Assesment.Scenario3.getAddedStations(Scenario3.java:20)
	at HCLAssesmnt.Assesment.Scenario3.getAddedStations(Scenario3.java:20)
	at HCLAssesmnt.Assesment.Scenario3.getAddedStations(Scenario3.java:20)
	at HCLAssesmnt.Assesment.Scenario3.getAddedStations(Scenario3.java:20)
	at HCLAssesmnt.Assesment.Scenario3.getAddedStations(Scenario3.java:20)
	at HCLAssesmnt.Assesment.Scenario3.getAddedStations(Scenario3.java:20)
	at HCLAssesmnt.Assesment.Scenario3.getAddedStations(Scenario3.java:20)
	at HCLAssesmnt.Assesment.Scenario3.getAddedStations(Scenario3.java:20)
	at HCLAssesmnt.Assesment.Scenario3.getAddedStations(Scenario3.java:20)
	at HCLAssesmnt.Assesment.Scenario3.getAddedStations(Scenario3.java:20)
	at HCLAssesmnt.Assesment.Scenario3.getAddedStations(Scenario3.java:20)
	at HCLAssesmnt.Assesment.Scenario3.getAddedStations(Scenario3.java:20)
	at HCLAssesmnt.Assesment.Scenario3.getAddedStations(Scenario3.java:20)
	at HCLAssesmnt.Assesment.Scenario3.getAddedStations(Scenario3.java:20)
	at HCLAssesmnt.Assesment.Scenario3.getAddedStations(Scenario3.java:20)
	at HCLAssesmnt.Assesment.Scenario3.getAddedStations(Scenario3.java:20)
	at HCLAssesmnt.Assesment.Scenario3.getAddedStations(Scenario3.java:20)
	at HCLAssesmnt.Assesment.Scenario3.getAddedStations(Scenario3.java:20)
	at HCLAssesmnt.Assesment.Scenario3.getAddedStations(Scenario3.java:20)
	at HCLAssesmnt.Assesment.Scenario3.getAddedStations(Scenario3.java:20)
	at HCLAssesmnt.Assesment.Scenario3.getAddedStations(Scenario3.java:20)
	at HCLAssesmnt.Assesment.Scenario3.getAddedStations(Scenario3.java:20)
	at HCLAssesmnt.Assesment.Scenario3.getAddedStations(Scenario3.java:20)
	at HCLAssesmnt.Assesment.Scenario3.getAddedStations(Scenario3.java:20)
	at HCLAssesmnt.Assesment.Scenario3.getAddedStations(Scenario3.java:20)
	at HCLAssesmnt.Assesment.Scenario3.getAddedStations(Scenario3.java:20)
	at HCLAssesmnt.Assesment.Scenario3.getAddedStations(Scenario3.java:20)
	at HCLAssesmnt.Assesment.Scenario3.getAddedStations(Scenario3.java:20)
	at HCLAssesmnt.Assesment.Scenario3.getAddedStations(Scenario3.java:20)
	at HCLAssesmnt.Assesment.Scenario3.getAddedStations(Scenario3.java:20)
	at HCLAssesmnt.Assesment.Scenario3.getAddedStations(Scenario3.java:20)
	at HCLAssesmnt.Assesment.Scenario3.getAddedStations(Scenario3.java:20)
	at HCLAssesmnt.Assesment.Scenario3.getAddedStations(Scenario3.java:20)
	at HCLAssesmnt.Assesment.Scenario3.getAddedStations(Scenario3.java:20)
	at HCLAssesmnt.Assesment.Scenario3.getAddedStations(Scenario3.java:20)
	at HCLAssesmnt.Assesment.Scenario3.getAddedStations(Scenario3.java:20)
	at HCLAssesmnt.Assesment.Scenario3.getAddedStations(Scenario3.java:20)
	at HCLAssesmnt.Assesment.Scenario3.getAddedStations(Scenario3.java:20)
	at HCLAssesmnt.Assesment.Scenario3.getAddedStations(Scenario3.java:20)
	at HCLAssesmnt.Assesment.Scenario3.getAddedStations(Scenario3.java:20)
	at HCLAssesmnt.Assesment.Scenario3.getAddedStations(Scenario3.java:20)
	at HCLAssesmnt.Assesment.Scenario3.getAddedStations(Scenario3.java:20)
	at HCLAssesmnt.Assesment.Scenario3.getAddedStations(Scenario3.java:20)
	at HCLAssesmnt.Assesment.Scenario3.getAddedStations(Scenario3.java:20)
	at HCLAssesmnt.Assesment.Scenario3.getAddedStations(Scenario3.java:20)
	at HCLAssesmnt.Assesment.Scenario3.getAddedStations(Scenario3.java:20)
	at HCLAssesmnt.Assesment.Scenario3.getAddedStations(Scenario3.java:20)
	at HCLAssesmnt.Assesment.Scenario3.getAddedStations(Scenario3.java:20)
	at HCLAssesmnt.Assesment.Scenario3.getAddedStations(Scenario3.java:20)
	at HCLAssesmnt.Assesment.Scenario3.getAddedStations(Scenario3.java:20)
	at HCLAssesmnt.Assesment.Scenario3.getAddedStations(Scenario3.java:20)
	at HCLAssesmnt.Assesment.Scenario3.getAddedStations(Scenario3.java:20)
	at HCLAssesmnt.Assesment.Scenario3.getAddedStations(Scenario3.java:20)
	at HCLAssesmnt.Assesment.Scenario3.getAddedStations(Scenario3.java:20)
	at HCLAssesmnt.Assesment.Scenario3.getAddedStations(Scenario3.java:20)
	at HCLAssesmnt.Assesment.Scenario3.getAddedStations(Scenario3.java:20)
	at HCLAssesmnt.Assesment.Scenario3.getAddedStations(Scenario3.java:20)
	at HCLAssesmnt.Assesment.Scenario3.getAddedStations(Scenario3.java:20)
	at HCLAssesmnt.Assesment.Scenario3.getAddedStations(Scenario3.java:20)
	at HCLAssesmnt.Assesment.Scenario3.getAddedStations(Scenario3.java:20)
	at HCLAssesmnt.Assesment.Scenario3.getAddedStations(Scenario3.java:20)
	at HCLAssesmnt.Assesment.Scenario3.getAddedStations(Scenario3.java:20)
	at HCLAssesmnt.Assesment.Scenario3.getAddedStations(Scenario3.java:20)
	at HCLAssesmnt.Assesment.Scenario3.getAddedStations(Scenario3.java:20)
	at HCLAssesmnt.Assesment.Scenario3.getAddedStations(Scenario3.java:20)
	at HCLAssesmnt.Assesment.Scenario3.getAddedStations(Scenario3.java:20)
	at HCLAssesmnt.Assesment.Scenario3.getAddedStations(Scenario3.java:20)
	at HCLAssesmnt.Assesment.Scenario3.getAddedStations(Scenario3.java:20)
	at HCLAssesmnt.Assesment.Scenario3.getAddedStations(Scenario3.java:20)
	at HCLAssesmnt.Assesment.Scenario3.getAddedStations(Scenario3.java:20)
	at HCLAssesmnt.Assesment.Scenario3.getAddedStations(Scenario3.java:20)
	at HCLAssesmnt.Assesment.Scenario3.getAddedStations(Scenario3.java:20)
	at HCLAssesmnt.Assesment.Scenario3.getAddedStations(Scenario3.java:20)
	at HCLAssesmnt.Assesment.Scenario3.getAddedStations(Scenario3.java:20)
	at HCLAssesmnt.Assesment.Scenario3.getAddedStations(Scenario3.java:20)
	at HCLAssesmnt.Assesment.Scenario3.getAddedStations(Scenario3.java:20)
	at HCLAssesmnt.Assesment.Scenario3.getAddedStations(Scenario3.java:20)
	at HCLAssesmnt.Assesment.Scenario3.getAddedStations(Scenario3.java:20)
	at HCLAssesmnt.Assesment.Scenario3.getAddedStations(Scenario3.java:20)
	at HCLAssesmnt.Assesment.Scenario3.getAddedStations(Scenario3.java:20)
	at HCLAssesmnt.Assesment.Scenario3.getAddedStations(Scenario3.java:20)
	at HCLAssesmnt.Assesment.Scenario3.getAddedStations(Scenario3.java:20)
	at HCLAssesmnt.Assesment.Scenario3.getAddedStations(Scenario3.java:20)
	at HCLAssesmnt.Assesment.Scenario3.getAddedStations(Scenario3.java:20)
	at HCLAssesmnt.Assesment.Scenario3.getAddedStations(Scenario3.java:20)
	at HCLAssesmnt.Assesment.Scenario3.getAddedStations(Scenario3.java:20)
	at HCLAssesmnt.Assesment.Scenario3.getAddedStations(Scenario3.java:20)
	at HCLAssesmnt.Assesment.Scenario3.getAddedStations(Scenario3.java:20)
	at HCLAssesmnt.Assesment.Scenario3.getAddedStations(Scenario3.java:20)
	at HCLAssesmnt.Assesment.Scenario3.getAddedStations(Scenario3.java:20)
	at HCLAssesmnt.Assesment.Scenario3.getAddedStations(Scenario3.java:20)
	at HCLAssesmnt.Assesment.Scenario3.getAddedStations(Scenario3.java:20)
	at HCLAssesmnt.Assesment.Scenario3.getAddedStations(Scenario3.java:20)
	at HCLAssesmnt.Assesment.Scenario3.getAddedStations(Scenario3.java:20)
	at HCLAssesmnt.Assesment.Scenario3.getAddedStations(Scenario3.java:20)
	at HCLAssesmnt.Assesment.Scenario3.getAddedStations(Scenario3.java:20)
	at HCLAssesmnt.Assesment.Scenario3.getAddedStations(Scenario3.java:20)
	at HCLAssesmnt.Assesment.Scenario3.getAddedStations(Scenario3.java:20)
	at HCLAssesmnt.Assesment.Scenario3.getAddedStations(Scenario3.java:20)
	at HCLAssesmnt.Assesment.Scenario3.getAddedStations(Scenario3.java:20)
	at HCLAssesmnt.Assesment.Scenario3.getAddedStations(Scenario3.java:20)
	at HCLAssesmnt.Assesment.Scenario3.getAddedStations(Scenario3.java:20)
	at HCLAssesmnt.Assesment.Scenario3.getAddedStations(Scenario3.java:20)
	at HCLAssesmnt.Assesment.Scenario3.getAddedStations(Scenario3.java:20)
	at HCLAssesmnt.Assesment.Scenario3.getAddedStations(Scenario3.java:20)
	at HCLAssesmnt.Assesment.Scenario3.getAddedStations(Scenario3.java:20)
	at HCLAssesmnt.Assesment.Scenario3.getAddedStations(Scenario3.java:20)
	at HCLAssesmnt.Assesment.Scenario3.getAddedStations(Scenario3.java:20)
	at HCLAssesmnt.Assesment.Scenario3.getAddedStations(Scenario3.java:20)
	at HCLAssesmnt.Assesment.Scenario3.getAddedStations(Scenario3.java:20)
	at HCLAssesmnt.Assesment.Scenario3.getAddedStations(Scenario3.java:20)
	at HCLAssesmnt.Assesment.Scenario3.getAddedStations(Scenario3.java:20)
	at HCLAssesmnt.Assesment.Scenario3.getAddedStations(Scenario3.java:20)
	at HCLAssesmnt.Assesment.Scenario3.getAddedStations(Scenario3.java:20)
	at HCLAssesmnt.Assesment.Scenario3.getAddedStations(Scenario3.java:20)
	at HCLAssesmnt.Assesment.Scenario3.getAddedStations(Scenario3.java:20)
	at HCLAssesmnt.Assesment.Scenario3.getAddedStations(Scenario3.java:20)
	at HCLAssesmnt.Assesment.Scenario3.getAddedStations(Scenario3.java:20)
	at HCLAssesmnt.Assesment.Scenario3.getAddedStations(Scenario3.java:20)
	at HCLAssesmnt.Assesment.Scenario3.getAddedStations(Scenario3.java:20)
	at HCLAssesmnt.Assesment.Scenario3.getAddedStations(Scenario3.java:20)
	at HCLAssesmnt.Assesment.Scenario3.getAddedStations(Scenario3.java:20)
	at HCLAssesmnt.Assesment.Scenario3.getAddedStations(Scenario3.java:20)
	at HCLAssesmnt.Assesment.Scenario3.getAddedStations(Scenario3.java:20)
	at HCLAssesmnt.Assesment.Scenario3.getAddedStations(Scenario3.java:20)
	at HCLAssesmnt.Assesment.Scenario3.getAddedStations(Scenario3.java:20)
	at HCLAssesmnt.Assesment.Scenario3.getAddedStations(Scenario3.java:20)
	at HCLAssesmnt.Assesment.Scenario3.getAddedStations(Scenario3.java:20)
	at HCLAssesmnt.Assesment.Scenario3.getAddedStations(Scenario3.java:20)
	at HCLAssesmnt.Assesment.Scenario3.getAddedStations(Scenario3.java:20)
	at HCLAssesmnt.Assesment.Scenario3.getAddedStations(Scenario3.java:20)
	at HCLAssesmnt.Assesment.Scenario3.getAddedStations(Scenario3.java:20)
	at HCLAssesmnt.Assesment.Scenario3.getAddedStations(Scenario3.java:20)
	at HCLAssesmnt.Assesment.Scenario3.getAddedStations(Scenario3.java:20)
	at HCLAssesmnt.Assesment.Scenario3.getAddedStations(Scenario3.java:20)
	at HCLAssesmnt.Assesment.Scenario3.getAddedStations(Scenario3.java:20)
	at HCLAssesmnt.Assesment.Scenario3.getAddedStations(Scenario3.java:20)
	at HCLAssesmnt.Assesment.Scenario3.getAddedStations(Scenario3.java:20)
	at HCLAssesmnt.Assesment.Scenario3.getAddedStations(Scenario3.java:20)
	at HCLAssesmnt.Assesment.Scenario3.getAddedStations(Scenario3.java:20)
	at HCLAssesmnt.Assesment.Scenario3.getAddedStations(Scenario3.java:20)
	at HCLAssesmnt.Assesment.Scenario3.getAddedStations(Scenario3.java:20)
	at HCLAssesmnt.Assesment.Scenario3.getAddedStations(Scenario3.java:20)
	at HCLAssesmnt.Assesment.Scenario3.getAddedStations(Scenario3.java:20)
	at HCLAssesmnt.Assesment.Scenario3.getAddedStations(Scenario3.java:20)
	at HCLAssesmnt.Assesment.Scenario3.getAddedStations(Scenario3.java:20)
	at HCLAssesmnt.Assesment.Scenario3.getAddedStations(Scenario3.java:20)
	at HCLAssesmnt.Assesment.Scenario3.getAddedStations(Scenario3.java:20)
	at HCLAssesmnt.Assesment.Scenario3.getAddedStations(Scenario3.java:20)
	at HCLAssesmnt.Assesment.Scenario3.getAddedStations(Scenario3.java:20)
	at HCLAssesmnt.Assesment.Scenario3.getAddedStations(Scenario3.java:20)
	at HCLAssesmnt.Assesment.Scenario3.getAddedStations(Scenario3.java:20)
	at HCLAssesmnt.Assesment.Scenario3.getAddedStations(Scenario3.java:20)
	at HCLAssesmnt.Assesment.Scenario3.getAddedStations(Scenario3.java:20)
	at HCLAssesmnt.Assesment.Scenario3.getAddedStations(Scenario3.java:20)
	at HCLAssesmnt.Assesment.Scenario3.getAddedStations(Scenario3.java:20)
	at HCLAssesmnt.Assesment.Scenario3.getAddedStations(Scenario3.java:20)
	at HCLAssesmnt.Assesment.Scenario3.getAddedStations(Scenario3.java:20)
	at HCLAssesmnt.Assesment.Scenario3.getAddedStations(Scenario3.java:20)
	at HCLAssesmnt.Assesment.Scenario3.getAddedStations(Scenario3.java:20)
	at HCLAssesmnt.Assesment.Scenario3.getAddedStations(Scenario3.java:20)
	at HCLAssesmnt.Assesment.Scenario3.getAddedStations(Scenario3.java:20)
	at HCLAssesmnt.Assesment.Scenario3.getAddedStations(Scenario3.java:20)
	at HCLAssesmnt.Assesment.Scenario3.getAddedStations(Scenario3.java:20)
	at HCLAssesmnt.Assesment.Scenario3.getAddedStations(Scenario3.java:20)
	at HCLAssesmnt.Assesment.Scenario3.getAddedStations(Scenario3.java:20)
	at HCLAssesmnt.Assesment.Scenario3.getAddedStations(Scenario3.java:20)
	at HCLAssesmnt.Assesment.Scenario3.getAddedStations(Scenario3.java:20)
	at HCLAssesmnt.Assesment.Scenario3.getAddedStations(Scenario3.java:20)
	at HCLAssesmnt.Assesment.Scenario3.getAddedStations(Scenario3.java:20)
	at HCLAssesmnt.Assesment.Scenario3.getAddedStations(Scenario3.java:20)
	at HCLAssesmnt.Assesment.Scenario3.getAddedStations(Scenario3.java:20)
	at HCLAssesmnt.Assesment.Scenario3.getAddedStations(Scenario3.java:20)
	at HCLAssesmnt.Assesment.Scenario3.getAddedStations(Scenario3.java:20)
	at HCLAssesmnt.Assesment.Scenario3.getAddedStations(Scenario3.java:20)
	at HCLAssesmnt.Assesment.Scenario3.getAddedStations(Scenario3.java:20)
	at HCLAssesmnt.Assesment.Scenario3.getAddedStations(Scenario3.java:20)
	at HCLAssesmnt.Assesment.Scenario3.getAddedStations(Scenario3.java:20)
	at HCLAssesmnt.Assesment.Scenario3.getAddedStations(Scenario3.java:20)
	at HCLAssesmnt.Assesment.Scenario3.getAddedStations(Scenario3.java:20)
	at HCLAssesmnt.Assesment.Scenario3.getAddedStations(Scenario3.java:20)
	at HCLAssesmnt.Assesment.Scenario3.getAddedStations(Scenario3.java:20)
	at HCLAssesmnt.Assesment.Scenario3.getAddedStations(Scenario3.java:20)
	at HCLAssesmnt.Assesment.Scenario3.getAddedStations(Scenario3.java:20)
	at HCLAssesmnt.Assesment.Scenario3.getAddedStations(Scenario3.java:20)
	at HCLAssesmnt.Assesment.Scenario3.getAddedStations(Scenario3.java:20)
	at HCLAssesmnt.Assesment.Scenario3.getAddedStations(Scenario3.java:20)
	at HCLAssesmnt.Assesment.Scenario3.getAddedStations(Scenario3.java:20)
	at HCLAssesmnt.Assesment.Scenario3.getAddedStations(Scenario3.java:20)
	at HCLAssesmnt.Assesment.Scenario3.getAddedStations(Scenario3.java:20)
	at HCLAssesmnt.Assesment.Scenario3.getAddedStations(Scenario3.java:20)
	at HCLAssesmnt.Assesment.Scenario3.getAddedStations(Scenario3.java:20)
	at HCLAssesmnt.Assesment.Scenario3.getAddedStations(Scenario3.java:20)
	at HCLAssesmnt.Assesment.Scenario3.getAddedStations(Scenario3.java:20)
	at HCLAssesmnt.Assesment.Scenario3.getAddedStations(Scenario3.java:20)
	at HCLAssesmnt.Assesment.Scenario3.getAddedStations(Scenario3.java:20)
	at HCLAssesmnt.Assesment.Scenario3.getAddedStations(Scenario3.java:20)
	at HCLAssesmnt.Assesment.Scenario3.getAddedStations(Scenario3.java:20)
	at HCLAssesmnt.Assesment.Scenario3.getAddedStations(Scenario3.java:20)
	at HCLAssesmnt.Assesment.Scenario3.getAddedStations(Scenario3.java:20)
	at HCLAssesmnt.Assesment.Scenario3.getAddedStations(Scenario3.java:20)
	at HCLAssesmnt.Assesment.Scenario3.getAddedStations(Scenario3.java:20)
	at HCLAssesmnt.Assesment.Scenario3.getAddedStations(Scenario3.java:20)
	at HCLAssesmnt.Assesment.Scenario3.getAddedStations(Scenario3.java:20)
]]>
    </failure>
  </testcase> <!-- getAddedStations -->
</testsuite> <!-- Default test -->
