<?xml version="1.0" encoding="UTF-8"?>
<testng-results skipped="0" failed="3" ignored="0" total="3" passed="0">
  <reporter-output>
  </reporter-output>
  <suite name="Default suite" duration-ms="69" started-at="2021-02-24T03:27:42Z" finished-at="2021-02-24T03:27:42Z">
    <groups>
    </groups>
    <test name="Default test" duration-ms="69" started-at="2021-02-24T03:27:42Z" finished-at="2021-02-24T03:27:42Z">
      <class name="HCLAssesmnt.Assesment.Scenario3">
        <test-method status="FAIL" signature="testServiceWithoutApiKey()[pri:0, instance:HCLAssesmnt.Assesment.Scenario3@799d4f69]" name="testServiceWithoutApiKey" duration-ms="16" started-at="2021-02-24T08:57:42Z" finished-at="2021-02-24T08:57:42Z">
          <exception class="java.lang.StackOverflowError">
            <full-stacktrace>
              <![CDATA[java.lang.StackOverflowError
	at HCLAssesmnt.Assesment.Scenario3.testServiceWithoutApiKey(Scenario3.java:13)
	at HCLAssesmnt.Assesment.Scenario3.testServiceWithoutApiKey(Scenario3.java:13)
	at HCLAssesmnt.Assesment.Scenario3.testServiceWithoutApiKey(Scenario3.java:13)
	at HCLAssesmnt.Assesment.Scenario3.testServiceWithoutApiKey(Scenario3.java:13)
	at HCLAssesmnt.Assesment.Scenario3.testServiceWithoutApiKey(Scenario3.java:13)
	at HCLAssesmnt.Assesment.Scenario3.testServiceWithoutApiKey(Scenario3.java:13)
	at HCLAssesmnt.Assesment.Scenario3.testServiceWithoutApiKey(Scenario3.java:13)
	at HCLAssesmnt.Assesment.Scenario3.testServiceWithoutApiKey(Scenario3.java:13)
	at HCLAssesmnt.Assesment.Scenario3.testServiceWithoutApiKey(Scenario3.java:13)
	at HCLAssesmnt.Assesment.Scenario3.testServiceWithoutApiKey(Scenario3.java:13)
	at HCLAssesmnt.Assesment.Scenario3.testServiceWithoutApiKey(Scenario3.java:13)
	at HCLAssesmnt.Assesment.Scenario3.testServiceWithoutApiKey(Scenario3.java:13)
	at HCLAssesmnt.Assesment.Scenario3.testServiceWithoutApiKey(Scenario3.java:13)
	at HCLAssesmnt.Assesment.Scenario3.testServiceWithoutApiKey(Scenario3.java:13)
	at HCLAssesmnt.Assesment.Scenario3.testServiceWithoutApiKey(Scenario3.java:13)
	at HCLAssesmnt.Assesment.Scenario3.testServiceWithoutApiKey(Scenario3.java:13)
	at HCLAssesmnt.Assesment.Scenario3.testServiceWithoutApiKey(Scenario3.java:13)
	at HCLAssesmnt.Assesment.Scenario3.testServiceWithoutApiKey(Scenario3.java:13)
	at HCLAssesmnt.Assesment.Scenario3.testServiceWithoutApiKey(Scenario3.java:13)
	at HCLAssesmnt.Assesment.Scenario3.testServiceWithoutApiKey(Scenario3.java:13)
	at HCLAssesmnt.Assesment.Scenario3.testServiceWithoutApiKey(Scenario3.java:13)
	at HCLAssesmnt.Assesment.Scenario3.testServiceWithoutApiKey(Scenario3.java:13)
	at HCLAssesmnt.Assesment.Scenario3.testServiceWithoutApiKey(Scenario3.java:13)
	at HCLAssesmnt.Assesment.Scenario3.testServiceWithoutApiKey(Scenario3.java:13)
	at HCLAssesmnt.Assesment.Scenario3.testServiceWithoutApiKey(Scenario3.java:13)
	at HCLAssesmnt.Assesment.Scenario3.testServiceWithoutApiKey(Scenario3.java:13)
	at HCLAssesmnt.Assesment.Scenario3.testServiceWithoutApiKey(Scenario3.java:13)
	at HCLAssesmnt.Assesment.Scenario3.testServiceWithoutApiKey(Scenario3.java:13)
	at HCLAssesmnt.Assesment.Scenario3.testServiceWithoutApiKey(Scenario3.java:13)
	at HCLAssesmnt.Assesment.Scenario3.testServiceWithoutApiKey(Scenario3.java:13)
	at HCLAssesmnt.Assesment.Scenario3.testServiceWithoutApiKey(Scenario3.java:13)
	at HCLAssesmnt.Assesment.Scenario3.testServiceWithoutApiKey(Scenario3.java:13)
	at HCLAssesmnt.Assesment.Scenario3.testServiceWithoutApiKey(Scenario3.java:13)
	at HCLAssesmnt.Assesment.Scenario3.testServiceWithoutApiKey(Scenario3.java:13)
	at HCLAssesmnt.Assesment.Scenario3.testServiceWithoutApiKey(Scenario3.java:13)
	at HCLAssesmnt.Assesment.Scenario3.testServiceWithoutApiKey(Scenario3.java:13)
	at HCLAssesmnt.Assesment.Scenario3.testServiceWithoutApiKey(Scenario3.java:13)
	at HCLAssesmnt.Assesment.Scenario3.testServiceWithoutApiKey(Scenario3.java:13)
	at HCLAssesmnt.Assesment.Scenario3.testServiceWithoutApiKey(Scenario3.java:13)
	at HCLAssesmnt.Assesment.Scenario3.testServiceWithoutApiKey(Scenario3.java:13)
	at HCLAssesmnt.Assesment.Scenario3.testServiceWithoutApiKey(Scenario3.java:13)
	at HCLAssesmnt.Assesment.Scenario3.testServiceWithoutApiKey(Scenario3.java:13)
	at HCLAssesmnt.Assesment.Scenario3.testServiceWithoutApiKey(Scenario3.java:13)
	at HCLAssesmnt.Assesment.Scenario3.testServiceWithoutApiKey(Scenario3.java:13)
	at HCLAssesmnt.Assesment.Scenario3.testServiceWithoutApiKey(Scenario3.java:13)
	at HCLAssesmnt.Assesment.Scenario3.testServiceWithoutApiKey(Scenario3.java:13)
	at HCLAssesmnt.Assesment.Scenario3.testServiceWithoutApiKey(Scenario3.java:13)
	at HCLAssesmnt.Assesment.Scenario3.testServiceWithoutApiKey(Scenario3.java:13)
	at HCLAssesmnt.Assesment.Scenario3.testServiceWithoutApiKey(Scenario3.java:13)
	at HCLAssesmnt.Assesment.Scenario3.testServiceWithoutApiKey(Scenario3.java:13)
	at HCLAssesmnt.Assesment.Scenario3.testServiceWithoutApiKey(Scenario3.java:13)
	at HCLAssesmnt.Assesment.Scenario3.testServiceWithoutApiKey(Scenario3.java:13)
	at HCLAssesmnt.Assesment.Scenario3.testServiceWithoutApiKey(Scenario3.java:13)
	at HCLAssesmnt.Assesment.Scenario3.testServiceWithoutApiKey(Scenario3.java:13)
	at HCLAssesmnt.Assesment.Scenario3.testServiceWithoutApiKey(Scenario3.java:13)
	at HCLAssesmnt.Assesment.Scenario3.testServiceWithoutApiKey(Scenario3.java:13)
	at HCLAssesmnt.Assesment.Scenario3.testServiceWithoutApiKey(Scenario3.java:13)
	at HCLAssesmnt.Assesment.Scenario3.testServiceWithoutApiKey(Scenario3.java:13)
	at HCLAssesmnt.Assesment.Scenario3.testServiceWithoutApiKey(Scenario3.java:13)
	at HCLAssesmnt.Assesment.Scenario3.testServiceWithoutApiKey(Scenario3.java:13)
	at HCLAssesmnt.Assesment.Scenario3.testServiceWithoutApiKey(Scenario3.java:13)
	at HCLAssesmnt.Assesment.Scenario3.testServiceWithoutApiKey(Scenario3.java:13)
	at HCLAssesmnt.Assesment.Scenario3.testServiceWithoutApiKey(Scenario3.java:13)
	at HCLAssesmnt.Assesment.Scenario3.testServiceWithoutApiKey(Scenario3.java:13)
	at HCLAssesmnt.Assesment.Scenario3.testServiceWithoutApiKey(Scenario3.java:13)
	at HCLAssesmnt.Assesment.Scenario3.testServiceWithoutApiKey(Scenario3.java:13)
	at HCLAssesmnt.Assesment.Scenario3.testServiceWithoutApiKey(Scenario3.java:13)
	at HCLAssesmnt.Assesment.Scenario3.testServiceWithoutApiKey(Scenario3.java:13)
	at HCLAssesmnt.Assesment.Scenario3.testServiceWithoutApiKey(Scenario3.java:13)
	at HCLAssesmnt.Assesment.Scenario3.testServiceWithoutApiKey(Scenario3.java:13)
	at HCLAssesmnt.Assesment.Scenario3.testServiceWithoutApiKey(Scenario3.java:13)
	at HCLAssesmnt.Assesment.Scenario3.testServiceWithoutApiKey(Scenario3.java:13)
	at HCLAssesmnt.Assesment.Scenario3.testServiceWithoutApiKey(Scenario3.java:13)
	at HCLAssesmnt.Assesment.Scenario3.testServiceWithoutApiKey(Scenario3.java:13)
	at HCLAssesmnt.Assesment.Scenario3.testServiceWithoutApiKey(Scenario3.java:13)
	at HCLAssesmnt.Assesment.Scenario3.testServiceWithoutApiKey(Scenario3.java:13)
	at HCLAssesmnt.Assesment.Scenario3.testServiceWithoutApiKey(Scenario3.java:13)
	at HCLAssesmnt.Assesment.Scenario3.testServiceWithoutApiKey(Scenario3.java:13)
	at HCLAssesmnt.Assesment.Scenario3.testServiceWithoutApiKey(Scenario3.java:13)
	at HCLAssesmnt.Assesment.Scenario3.testServiceWithoutApiKey(Scenario3.java:13)
	at HCLAssesmnt.Assesment.Scenario3.testServiceWithoutApiKey(Scenario3.java:13)
	at HCLAssesmnt.Assesment.Scenario3.testServiceWithoutApiKey(Scenario3.java:13)
	at HCLAssesmnt.Assesment.Scenario3.testServiceWithoutApiKey(Scenario3.java:13)
	at HCLAssesmnt.Assesment.Scenario3.testServiceWithoutApiKey(Scenario3.java:13)
	at HCLAssesmnt.Assesment.Scenario3.testServiceWithoutApiKey(Scenario3.java:13)
	at HCLAssesmnt.Assesment.Scenario3.testServiceWithoutApiKey(Scenario3.java:13)
	at HCLAssesmnt.Assesment.Scenario3.testServiceWithoutApiKey(Scenario3.java:13)
	at HCLAssesmnt.Assesment.Scenario3.testServiceWithoutApiKey(Scenario3.java:13)
	at HCLAssesmnt.Assesment.Scenario3.testServiceWithoutApiKey(Scenario3.java:13)
	at HCLAssesmnt.Assesment.Scenario3.testServiceWithoutApiKey(Scenario3.java:13)
	at HCLAssesmnt.Assesment.Scenario3.testServiceWithoutApiKey(Scenario3.java:13)
	at HCLAssesmnt.Assesment.Scenario3.testServiceWithoutApiKey(Scenario3.java:13)
	at HCLAssesmnt.Assesment.Scenario3.testServiceWithoutApiKey(Scenario3.java:13)
	at HCLAssesmnt.Assesment.Scenario3.testServiceWithoutApiKey(Scenario3.java:13)
	at HCLAssesmnt.Assesment.Scenario3.testServiceWithoutApiKey(Scenario3.java:13)
	at HCLAssesmnt.Assesment.Scenario3.testServiceWithoutApiKey(Scenario3.java:13)
	at HCLAssesmnt.Assesment.Scenario3.testServiceWithoutApiKey(Scenario3.java:13)
	at HCLAssesmnt.Assesment.Scenario3.testServiceWithoutApiKey(Scenario3.java:13)
	at HCLAssesmnt.Assesment.Scenario3.testServiceWithoutApiKey(Scenario3.java:13)
	at HCLAssesmnt.Assesment.Scenario3.testServiceWithoutApiKey(Scenario3.java:13)
	at HCLAssesmnt.Assesment.Scenario3.testServiceWithoutApiKey(Scenario3.java:13)
	at HCLAssesmnt.Assesment.Scenario3.testServiceWithoutApiKey(Scenario3.java:13)
	at HCLAssesmnt.Assesment.Scenario3.testServiceWithoutApiKey(Scenario3.java:13)
	at HCLAssesmnt.Assesment.Scenario3.testServiceWithoutApiKey(Scenario3.java:13)
	at HCLAssesmnt.Assesment.Scenario3.testServiceWithoutApiKey(Scenario3.java:13)
	at HCLAssesmnt.Assesment.Scenario3.testServiceWithoutApiKey(Scenario3.java:13)
	at HCLAssesmnt.Assesment.Scenario3.testServiceWithoutApiKey(Scenario3.java:13)
	at HCLAssesmnt.Assesment.Scenario3.testServiceWithoutApiKey(Scenario3.java:13)
	at HCLAssesmnt.Assesment.Scenario3.testServiceWithoutApiKey(Scenario3.java:13)
	at HCLAssesmnt.Assesment.Scenario3.testServiceWithoutApiKey(Scenario3.java:13)
	at HCLAssesmnt.Assesment.Scenario3.testServiceWithoutApiKey(Scenario3.java:13)
	at HCLAssesmnt.Assesment.Scenario3.testServiceWithoutApiKey(Scenario3.java:13)
	at HCLAssesmnt.Assesment.Scenario3.testServiceWithoutApiKey(Scenario3.java:13)
	at HCLAssesmnt.Assesment.Scenario3.testServiceWithoutApiKey(Scenario3.java:13)
	at HCLAssesmnt.Assesment.Scenario3.testServiceWithoutApiKey(Scenario3.java:13)
	at HCLAssesmnt.Assesment.Scenario3.testServiceWithoutApiKey(Scenario3.java:13)
	at HCLAssesmnt.Assesment.Scenario3.testServiceWithoutApiKey(Scenario3.java:13)
	at HCLAssesmnt.Assesment.Scenario3.testServiceWithoutApiKey(Scenario3.java:13)
	at HCLAssesmnt.Assesment.Scenario3.testServiceWithoutApiKey(Scenario3.java:13)
	at HCLAssesmnt.Assesment.Scenario3.testServiceWithoutApiKey(Scenario3.java:13)
	at HCLAssesmnt.Assesment.Scenario3.testServiceWithoutApiKey(Scenario3.java:13)
	at HCLAssesmnt.Assesment.Scenario3.testServiceWithoutApiKey(Scenario3.java:13)
	at HCLAssesmnt.Assesment.Scenario3.testServiceWithoutApiKey(Scenario3.java:13)
	at HCLAssesmnt.Assesment.Scenario3.testServiceWithoutApiKey(Scenario3.java:13)
	at HCLAssesmnt.Assesment.Scenario3.testServiceWithoutApiKey(Scenario3.java:13)
	at HCLAssesmnt.Assesment.Scenario3.testServiceWithoutApiKey(Scenario3.java:13)
	at HCLAssesmnt.Assesment.Scenario3.testServiceWithoutApiKey(Scenario3.java:13)
	at HCLAssesmnt.Assesment.Scenario3.testServiceWithoutApiKey(Scenario3.java:13)
	at HCLAssesmnt.Assesment.Scenario3.testServiceWithoutApiKey(Scenario3.java:13)
	at HCLAssesmnt.Assesment.Scenario3.testServiceWithoutApiKey(Scenario3.java:13)
	at HCLAssesmnt.Assesment.Scenario3.testServiceWithoutApiKey(Scenario3.java:13)
	at HCLAssesmnt.Assesment.Scenario3.testServiceWithoutApiKey(Scenario3.java:13)
	at HCLAssesmnt.Assesment.Scenario3.testServiceWithoutApiKey(Scenario3.java:13)
	at HCLAssesmnt.Assesment.Scenario3.testServiceWithoutApiKey(Scenario3.java:13)
	at HCLAssesmnt.Assesment.Scenario3.testServiceWithoutApiKey(Scenario3.java:13)
	at HCLAssesmnt.Assesment.Scenario3.testServiceWithoutApiKey(Scenario3.java:13)
	at HCLAssesmnt.Assesment.Scenario3.testServiceWithoutApiKey(Scenario3.java:13)
	at HCLAssesmnt.Assesment.Scenario3.testServiceWithoutApiKey(Scenario3.java:13)
	at HCLAssesmnt.Assesment.Scenario3.testServiceWithoutApiKey(Scenario3.java:13)
	at HCLAssesmnt.Assesment.Scenario3.testServiceWithoutApiKey(Scenario3.java:13)
	at HCLAssesmnt.Assesment.Scenario3.testServiceWithoutApiKey(Scenario3.java:13)
	at HCLAssesmnt.Assesment.Scenario3.testServiceWithoutApiKey(Scenario3.java:13)
	at HCLAssesmnt.Assesment.Scenario3.testServiceWithoutApiKey(Scenario3.java:13)
	at HCLAssesmnt.Assesment.Scenario3.testServiceWithoutApiKey(Scenario3.java:13)
	at HCLAssesmnt.Assesment.Scenario3.testServiceWithoutApiKey(Scenario3.java:13)
	at HCLAssesmnt.Assesment.Scenario3.testServiceWithoutApiKey(Scenario3.java:13)
	at HCLAssesmnt.Assesment.Scenario3.testServiceWithoutApiKey(Scenario3.java:13)
	at HCLAssesmnt.Assesment.Scenario3.testServiceWithoutApiKey(Scenario3.java:13)
	at HCLAssesmnt.Assesment.Scenario3.testServiceWithoutApiKey(Scenario3.java:13)
	at HCLAssesmnt.Assesment.Scenario3.testServiceWithoutApiKey(Scenario3.java:13)
	at HCLAssesmnt.Assesment.Scenario3.testServiceWithoutApiKey(Scenario3.java:13)
	at HCLAssesmnt.Assesment.Scenario3.testServiceWithoutApiKey(Scenario3.java:13)
	at HCLAssesmnt.Assesment.Scenario3.testServiceWithoutApiKey(Scenario3.java:13)
	at HCLAssesmnt.Assesment.Scenario3.testServiceWithoutApiKey(Scenario3.java:13)
	at HCLAssesmnt.Assesment.Scenario3.testServiceWithoutApiKey(Scenario3.java:13)
	at HCLAssesmnt.Assesment.Scenario3.testServiceWithoutApiKey(Scenario3.java:13)
	at HCLAssesmnt.Assesment.Scenario3.testServiceWithoutApiKey(Scenario3.java:13)
	at HCLAssesmnt.Assesment.Scenario3.testServiceWithoutApiKey(Scenario3.java:13)
	at HCLAssesmnt.Assesment.Scenario3.testServiceWithoutApiKey(Scenario3.java:13)
	at HCLAssesmnt.Assesment.Scenario3.testServiceWithoutApiKey(Scenario3.java:13)
	at HCLAssesmnt.Assesment.Scenario3.testServiceWithoutApiKey(Scenario3.java:13)
	at HCLAssesmnt.Assesment.Scenario3.testServiceWithoutApiKey(Scenario3.java:13)
	at HCLAssesmnt.Assesment.Scenario3.testServiceWithoutApiKey(Scenario3.java:13)
	at HCLAssesmnt.Assesment.Scenario3.testServiceWithoutApiKey(Scenario3.java:13)
	at HCLAssesmnt.Assesment.Scenario3.testServiceWithoutApiKey(Scenario3.java:13)
	at HCLAssesmnt.Assesment.Scenario3.testServiceWithoutApiKey(Scenario3.java:13)
	at HCLAssesmnt.Assesment.Scenario3.testServiceWithoutApiKey(Scenario3.java:13)
	at HCLAssesmnt.Assesment.Scenario3.testServiceWithoutApiKey(Scenario3.java:13)
	at HCLAssesmnt.Assesment.Scenario3.testServiceWithoutApiKey(Scenario3.java:13)
	at HCLAssesmnt.Assesment.Scenario3.testServiceWithoutApiKey(Scenario3.java:13)
	at HCLAssesmnt.Assesment.Scenario3.testServiceWithoutApiKey(Scenario3.java:13)
	at HCLAssesmnt.Assesment.Scenario3.testServiceWithoutApiKey(Scenario3.java:13)
	at HCLAssesmnt.Assesment.Scenario3.testServiceWithoutApiKey(Scenario3.java:13)
	at HCLAssesmnt.Assesment.Scenario3.testServiceWithoutApiKey(Scenario3.java:13)
	at HCLAssesmnt.Assesment.Scenario3.testServiceWithoutApiKey(Scenario3.java:13)
	at HCLAssesmnt.Assesment.Scenario3.testServiceWithoutApiKey(Scenario3.java:13)
	at HCLAssesmnt.Assesment.Scenario3.testServiceWithoutApiKey(Scenario3.java:13)
	at HCLAssesmnt.Assesment.Scenario3.testServiceWithoutApiKey(Scenario3.java:13)
	at HCLAssesmnt.Assesment.Scenario3.testServiceWithoutApiKey(Scenario3.java:13)
	at HCLAssesmnt.Assesment.Scenario3.testServiceWithoutApiKey(Scenario3.java:13)
	at HCLAssesmnt.Assesment.Scenario3.testServiceWithoutApiKey(Scenario3.java:13)
	at HCLAssesmnt.Assesment.Scenario3.testServiceWithoutApiKey(Scenario3.java:13)
	at HCLAssesmnt.Assesment.Scenario3.testServiceWithoutApiKey(Scenario3.java:13)
	at HCLAssesmnt.Assesment.Scenario3.testServiceWithoutApiKey(Scenario3.java:13)
	at HCLAssesmnt.Assesment.Scenario3.testServiceWithoutApiKey(Scenario3.java:13)
	at HCLAssesmnt.Assesment.Scenario3.testServiceWithoutApiKey(Scenario3.java:13)
	at HCLAssesmnt.Assesment.Scenario3.testServiceWithoutApiKey(Scenario3.java:13)
	at HCLAssesmnt.Assesment.Scenario3.testServiceWithoutApiKey(Scenario3.java:13)
	at HCLAssesmnt.Assesment.Scenario3.testServiceWithoutApiKey(Scenario3.java:13)
	at HCLAssesmnt.Assesment.Scenario3.testServiceWithoutApiKey(Scenario3.java:13)
	at HCLAssesmnt.Assesment.Scenario3.testServiceWithoutApiKey(Scenario3.java:13)
	at HCLAssesmnt.Assesment.Scenario3.testServiceWithoutApiKey(Scenario3.java:13)
	at HCLAssesmnt.Assesment.Scenario3.testServiceWithoutApiKey(Scenario3.java:13)
	at HCLAssesmnt.Assesment.Scenario3.testServiceWithoutApiKey(Scenario3.java:13)
	at HCLAssesmnt.Assesment.Scenario3.testServiceWithoutApiKey(Scenario3.java:13)
	at HCLAssesmnt.Assesment.Scenario3.testServiceWithoutApiKey(Scenario3.java:13)
	at HCLAssesmnt.Assesment.Scenario3.testServiceWithoutApiKey(Scenario3.java:13)
	at HCLAssesmnt.Assesment.Scenario3.testServiceWithoutApiKey(Scenario3.java:13)
	at HCLAssesmnt.Assesment.Scenario3.testServiceWithoutApiKey(Scenario3.java:13)
	at HCLAssesmnt.Assesment.Scenario3.testServiceWithoutApiKey(Scenario3.java:13)
	at HCLAssesmnt.Assesment.Scenario3.testServiceWithoutApiKey(Scenario3.java:13)
	at HCLAssesmnt.Assesment.Scenario3.testServiceWithoutApiKey(Scenario3.java:13)
	at HCLAssesmnt.Assesment.Scenario3.testServiceWithoutApiKey(Scenario3.java:13)
	at HCLAssesmnt.Assesment.Scenario3.testServiceWithoutApiKey(Scenario3.java:13)
	at HCLAssesmnt.Assesment.Scenario3.testServiceWithoutApiKey(Scenario3.java:13)
	at HCLAssesmnt.Assesment.Scenario3.testServiceWithoutApiKey(Scenario3.java:13)
	at HCLAssesmnt.Assesment.Scenario3.testServiceWithoutApiKey(Scenario3.java:13)
	at HCLAssesmnt.Assesment.Scenario3.testServiceWithoutApiKey(Scenario3.java:13)
	at HCLAssesmnt.Assesment.Scenario3.testServiceWithoutApiKey(Scenario3.java:13)
	at HCLAssesmnt.Assesment.Scenario3.testServiceWithoutApiKey(Scenario3.java:13)
	at HCLAssesmnt.Assesment.Scenario3.testServiceWithoutApiKey(Scenario3.java:13)
	at HCLAssesmnt.Assesment.Scenario3.testServiceWithoutApiKey(Scenario3.java:13)
	at HCLAssesmnt.Assesment.Scenario3.testServiceWithoutApiKey(Scenario3.java:13)
	at HCLAssesmnt.Assesment.Scenario3.testServiceWithoutApiKey(Scenario3.java:13)
	at HCLAssesmnt.Assesment.Scenario3.testServiceWithoutApiKey(Scenario3.java:13)
	at HCLAssesmnt.Assesment.Scenario3.testServiceWithoutApiKey(Scenario3.java:13)
	at HCLAssesmnt.Assesment.Scenario3.testServiceWithoutApiKey(Scenario3.java:13)
	at HCLAssesmnt.Assesment.Scenario3.testServiceWithoutApiKey(Scenario3.java:13)
	at HCLAssesmnt.Assesment.Scenario3.testServiceWithoutApiKey(Scenario3.java:13)
	at HCLAssesmnt.Assesment.Scenario3.testServiceWithoutApiKey(Scenario3.java:13)
	at HCLAssesmnt.Assesment.Scenario3.testServiceWithoutApiKey(Scenario3.java:13)
	at HCLAssesmnt.Assesment.Scenario3.testServiceWithoutApiKey(Scenario3.java:13)
	at HCLAssesmnt.Assesment.Scenario3.testServiceWithoutApiKey(Scenario3.java:13)
	at HCLAssesmnt.Assesment.Scenario3.testServiceWithoutApiKey(Scenario3.java:13)
	at HCLAssesmnt.Assesment.Scenario3.testServiceWithoutApiKey(Scenario3.java:13)
	at HCLAssesmnt.Assesment.Scenario3.testServiceWithoutApiKey(Scenario3.java:13)
	at HCLAssesmnt.Assesment.Scenario3.testServiceWithoutApiKey(Scenario3.java:13)
	at HCLAssesmnt.Assesment.Scenario3.testServiceWithoutApiKey(Scenario3.java:13)
	at HCLAssesmnt.Assesment.Scenario3.testServiceWithoutApiKey(Scenario3.java:13)
	at HCLAssesmnt.Assesment.Scenario3.testServiceWithoutApiKey(Scenario3.java:13)
	at HCLAssesmnt.Assesment.Scenario3.testServiceWithoutApiKey(Scenario3.java:13)
	at HCLAssesmnt.Assesment.Scenario3.testServiceWithoutApiKey(Scenario3.java:13)
	at HCLAssesmnt.Assesment.Scenario3.testServiceWithoutApiKey(Scenario3.java:13)
	at HCLAssesmnt.Assesment.Scenario3.testServiceWithoutApiKey(Scenario3.java:13)
	at HCLAssesmnt.Assesment.Scenario3.testServiceWithoutApiKey(Scenario3.java:13)
	at HCLAssesmnt.Assesment.Scenario3.testServiceWithoutApiKey(Scenario3.java:13)
	at HCLAssesmnt.Assesment.Scenario3.testServiceWithoutApiKey(Scenario3.java:13)
	at HCLAssesmnt.Assesment.Scenario3.testServiceWithoutApiKey(Scenario3.java:13)
	at HCLAssesmnt.Assesment.Scenario3.testServiceWithoutApiKey(Scenario3.java:13)
	at HCLAssesmnt.Assesment.Scenario3.testServiceWithoutApiKey(Scenario3.java:13)
	at HCLAssesmnt.Assesment.Scenario3.testServiceWithoutApiKey(Scenario3.java:13)
	at HCLAssesmnt.Assesment.Scenario3.testServiceWithoutApiKey(Scenario3.java:13)
	at HCLAssesmnt.Assesment.Scenario3.testServiceWithoutApiKey(Scenario3.java:13)
	at HCLAssesmnt.Assesment.Scenario3.testServiceWithoutApiKey(Scenario3.java:13)
	at HCLAssesmnt.Assesment.Scenario3.testServiceWithoutApiKey(Scenario3.java:13)
	at HCLAssesmnt.Assesment.Scenario3.testServiceWithoutApiKey(Scenario3.java:13)
	at HCLAssesmnt.Assesment.Scenario3.testServiceWithoutApiKey(Scenario3.java:13)
	at HCLAssesmnt.Assesment.Scenario3.testServiceWithoutApiKey(Scenario3.java:13)
	at HCLAssesmnt.Assesment.Scenario3.testServiceWithoutApiKey(Scenario3.java:13)
	at HCLAssesmnt.Assesment.Scenario3.testServiceWithoutApiKey(Scenario3.java:13)
	at HCLAssesmnt.Assesment.Scenario3.testServiceWithoutApiKey(Scenario3.java:13)
	at HCLAssesmnt.Assesment.Scenario3.testServiceWithoutApiKey(Scenario3.java:13)
	at HCLAssesmnt.Assesment.Scenario3.testServiceWithoutApiKey(Scenario3.java:13)
	at HCLAssesmnt.Assesment.Scenario3.testServiceWithoutApiKey(Scenario3.java:13)
	at HCLAssesmnt.Assesment.Scenario3.testServiceWithoutApiKey(Scenario3.java:13)
	at HCLAssesmnt.Assesment.Scenario3.testServiceWithoutApiKey(Scenario3.java:13)
	at HCLAssesmnt.Assesment.Scenario3.testServiceWithoutApiKey(Scenario3.java:13)
	at HCLAssesmnt.Assesment.Scenario3.testServiceWithoutApiKey(Scenario3.java:13)
	at HCLAssesmnt.Assesment.Scenario3.testServiceWithoutApiKey(Scenario3.java:13)
	at HCLAssesmnt.Assesment.Scenario3.testServiceWithoutApiKey(Scenario3.java:13)
	at HCLAssesmnt.Assesment.Scenario3.testServiceWithoutApiKey(Scenario3.java:13)
	at HCLAssesmnt.Assesment.Scenario3.testServiceWithoutApiKey(Scenario3.java:13)
	at HCLAssesmnt.Assesment.Scenario3.testServiceWithoutApiKey(Scenario3.java:13)
	at HCLAssesmnt.Assesment.Scenario3.testServiceWithoutApiKey(Scenario3.java:13)
	at HCLAssesmnt.Assesment.Scenario3.testServiceWithoutApiKey(Scenario3.java:13)
	at HCLAssesmnt.Assesment.Scenario3.testServiceWithoutApiKey(Scenario3.java:13)
	at HCLAssesmnt.Assesment.Scenario3.testServiceWithoutApiKey(Scenario3.java:13)
	at HCLAssesmnt.Assesment.Scenario3.testServiceWithoutApiKey(Scenario3.java:13)
	at HCLAssesmnt.Assesment.Scenario3.testServiceWithoutApiKey(Scenario3.java:13)
	at HCLAssesmnt.Assesment.Scenario3.testServiceWithoutApiKey(Scenario3.java:13)
	at HCLAssesmnt.Assesment.Scenario3.testServiceWithoutApiKey(Scenario3.java:13)
	at HCLAssesmnt.Assesment.Scenario3.testServiceWithoutApiKey(Scenario3.java:13)
	at HCLAssesmnt.Assesment.Scenario3.testServiceWithoutApiKey(Scenario3.java:13)
	at HCLAssesmnt.Assesment.Scenario3.testServiceWithoutApiKey(Scenario3.java:13)
	at HCLAssesmnt.Assesment.Scenario3.testServiceWithoutApiKey(Scenario3.java:13)
	at HCLAssesmnt.Assesment.Scenario3.testServiceWithoutApiKey(Scenario3.java:13)
	at HCLAssesmnt.Assesment.Scenario3.testServiceWithoutApiKey(Scenario3.java:13)
	at HCLAssesmnt.Assesment.Scenario3.testServiceWithoutApiKey(Scenario3.java:13)
	at HCLAssesmnt.Assesment.Scenario3.testServiceWithoutApiKey(Scenario3.java:13)
	at HCLAssesmnt.Assesment.Scenario3.testServiceWithoutApiKey(Scenario3.java:13)
	at HCLAssesmnt.Assesment.Scenario3.testServiceWithoutApiKey(Scenario3.java:13)
	at HCLAssesmnt.Assesment.Scenario3.testServiceWithoutApiKey(Scenario3.java:13)
	at HCLAssesmnt.Assesment.Scenario3.testServiceWithoutApiKey(Scenario3.java:13)
	at HCLAssesmnt.Assesment.Scenario3.testServiceWithoutApiKey(Scenario3.java:13)
	at HCLAssesmnt.Assesment.Scenario3.testServiceWithoutApiKey(Scenario3.java:13)
	at HCLAssesmnt.Assesment.Scenario3.testServiceWithoutApiKey(Scenario3.java:13)
	at HCLAssesmnt.Assesment.Scenario3.testServiceWithoutApiKey(Scenario3.java:13)
	at HCLAssesmnt.Assesment.Scenario3.testServiceWithoutApiKey(Scenario3.java:13)
	at HCLAssesmnt.Assesment.Scenario3.testServiceWithoutApiKey(Scenario3.java:13)
	at HCLAssesmnt.Assesment.Scenario3.testServiceWithoutApiKey(Scenario3.java:13)
	at HCLAssesmnt.Assesment.Scenario3.testServiceWithoutApiKey(Scenario3.java:13)
	at HCLAssesmnt.Assesment.Scenario3.testServiceWithoutApiKey(Scenario3.java:13)
	at HCLAssesmnt.Assesment.Scenario3.testServiceWithoutApiKey(Scenario3.java:13)
	at HCLAssesmnt.Assesment.Scenario3.testServiceWithoutApiKey(Scenario3.java:13)
	at HCLAssesmnt.Assesment.Scenario3.testServiceWithoutApiKey(Scenario3.java:13)
	at HCLAssesmnt.Assesment.Scenario3.testServiceWithoutApiKey(Scenario3.java:13)
	at HCLAssesmnt.Assesment.Scenario3.testServiceWithoutApiKey(Scenario3.java:13)
	at HCLAssesmnt.Assesment.Scenario3.testServiceWithoutApiKey(Scenario3.java:13)
	at HCLAssesmnt.Assesment.Scenario3.testServiceWithoutApiKey(Scenario3.java:13)
	at HCLAssesmnt.Assesment.Scenario3.testServiceWithoutApiKey(Scenario3.java:13)
	at HCLAssesmnt.Assesment.Scenario3.testServiceWithoutApiKey(Scenario3.java:13)
	at HCLAssesmnt.Assesment.Scenario3.testServiceWithoutApiKey(Scenario3.java:13)
	at HCLAssesmnt.Assesment.Scenario3.testServiceWithoutApiKey(Scenario3.java:13)
	at HCLAssesmnt.Assesment.Scenario3.testServiceWithoutApiKey(Scenario3.java:13)
	at HCLAssesmnt.Assesment.Scenario3.testServiceWithoutApiKey(Scenario3.java:13)
	at HCLAssesmnt.Assesment.Scenario3.testServiceWithoutApiKey(Scenario3.java:13)
	at HCLAssesmnt.Assesment.Scenario3.testServiceWithoutApiKey(Scenario3.java:13)
	at HCLAssesmnt.Assesment.Scenario3.testServiceWithoutApiKey(Scenario3.java:13)
	at HCLAssesmnt.Assesment.Scenario3.testServiceWithoutApiKey(Scenario3.java:13)
	at HCLAssesmnt.Assesment.Scenario3.testServiceWithoutApiKey(Scenario3.java:13)
	at HCLAssesmnt.Assesment.Scenario3.testServiceWithoutApiKey(Scenario3.java:13)
	at HCLAssesmnt.Assesment.Scenario3.testServiceWithoutApiKey(Scenario3.java:13)
	at HCLAssesmnt.Assesment.Scenario3.testServiceWithoutApiKey(Scenario3.java:13)
	at HCLAssesmnt.Assesment.Scenario3.testServiceWithoutApiKey(Scenario3.java:13)
	at HCLAssesmnt.Assesment.Scenario3.testServiceWithoutApiKey(Scenario3.java:13)
	at HCLAssesmnt.Assesment.Scenario3.testServiceWithoutApiKey(Scenario3.java:13)
	at HCLAssesmnt.Assesment.Scenario3.testServiceWithoutApiKey(Scenario3.java:13)
	at HCLAssesmnt.Assesment.Scenario3.testServiceWithoutApiKey(Scenario3.java:13)
	at HCLAssesmnt.Assesment.Scenario3.testServiceWithoutApiKey(Scenario3.java:13)
	at HCLAssesmnt.Assesment.Scenario3.testServiceWithoutApiKey(Scenario3.java:13)
	at HCLAssesmnt.Assesment.Scenario3.testServiceWithoutApiKey(Scenario3.java:13)
	at HCLAssesmnt.Assesment.Scenario3.testServiceWithoutApiKey(Scenario3.java:13)
	at HCLAssesmnt.Assesment.Scenario3.testServiceWithoutApiKey(Scenario3.java:13)
	at HCLAssesmnt.Assesment.Scenario3.testServiceWithoutApiKey(Scenario3.java:13)
	at HCLAssesmnt.Assesment.Scenario3.testServiceWithoutApiKey(Scenario3.java:13)
	at HCLAssesmnt.Assesment.Scenario3.testServiceWithoutApiKey(Scenario3.java:13)
	at HCLAssesmnt.Assesment.Scenario3.testServiceWithoutApiKey(Scenario3.java:13)
	at HCLAssesmnt.Assesment.Scenario3.testServiceWithoutApiKey(Scenario3.java:13)
	at HCLAssesmnt.Assesment.Scenario3.testServiceWithoutApiKey(Scenario3.java:13)
	at HCLAssesmnt.Assesment.Scenario3.testServiceWithoutApiKey(Scenario3.java:13)
	at HCLAssesmnt.Assesment.Scenario3.testServiceWithoutApiKey(Scenario3.java:13)
	at HCLAssesmnt.Assesment.Scenario3.testServiceWithoutApiKey(Scenario3.java:13)
	at HCLAssesmnt.Assesment.Scenario3.testServiceWithoutApiKey(Scenario3.java:13)
	at HCLAssesmnt.Assesment.Scenario3.testServiceWithoutApiKey(Scenario3.java:13)
	at HCLAssesmnt.Assesment.Scenario3.testServiceWithoutApiKey(Scenario3.java:13)
	at HCLAssesmnt.Assesment.Scenario3.testServiceWithoutApiKey(Scenario3.java:13)
	at HCLAssesmnt.Assesment.Scenario3.testServiceWithoutApiKey(Scenario3.java:13)
	at HCLAssesmnt.Assesment.Scenario3.testServiceWithoutApiKey(Scenario3.java:13)
	at HCLAssesmnt.Assesment.Scenario3.testServiceWithoutApiKey(Scenario3.java:13)
	at HCLAssesmnt.Assesment.Scenario3.testServiceWithoutApiKey(Scenario3.java:13)
	at HCLAssesmnt.Assesment.Scenario3.testServiceWithoutApiKey(Scenario3.java:13)
	at HCLAssesmnt.Assesment.Scenario3.testServiceWithoutApiKey(Scenario3.java:13)
	at HCLAssesmnt.Assesment.Scenario3.testServiceWithoutApiKey(Scenario3.java:13)
	at HCLAssesmnt.Assesment.Scenario3.testServiceWithoutApiKey(Scenario3.java:13)
	at HCLAssesmnt.Assesment.Scenario3.testServiceWithoutApiKey(Scenario3.java:13)
	at HCLAssesmnt.Assesment.Scenario3.testServiceWithoutApiKey(Scenario3.java:13)
	at HCLAssesmnt.Assesment.Scenario3.testServiceWithoutApiKey(Scenario3.java:13)
	at HCLAssesmnt.Assesment.Scenario3.testServiceWithoutApiKey(Scenario3.java:13)
	at HCLAssesmnt.Assesment.Scenario3.testServiceWithoutApiKey(Scenario3.java:13)
	at HCLAssesmnt.Assesment.Scenario3.testServiceWithoutApiKey(Scenario3.java:13)
	at HCLAssesmnt.Assesment.Scenario3.testServiceWithoutApiKey(Scenario3.java:13)
	at HCLAssesmnt.Assesment.Scenario3.testServiceWithoutApiKey(Scenario3.java:13)
	at HCLAssesmnt.Assesment.Scenario3.testServiceWithoutApiKey(Scenario3.java:13)
	at HCLAssesmnt.Assesment.Scenario3.testServiceWithoutApiKey(Scenario3.java:13)
	at HCLAssesmnt.Assesment.Scenario3.testServiceWithoutApiKey(Scenario3.java:13)
	at HCLAssesmnt.Assesment.Scenario3.testServiceWithoutApiKey(Scenario3.java:13)
	at HCLAssesmnt.Assesment.Scenario3.testServiceWithoutApiKey(Scenario3.java:13)
	at HCLAssesmnt.Assesment.Scenario3.testServiceWithoutApiKey(Scenario3.java:13)
	at HCLAssesmnt.Assesment.Scenario3.testServiceWithoutApiKey(Scenario3.java:13)
	at HCLAssesmnt.Assesment.Scenario3.testServiceWithoutApiKey(Scenario3.java:13)
	at HCLAssesmnt.Assesment.Scenario3.testServiceWithoutApiKey(Scenario3.java:13)
	at HCLAssesmnt.Assesment.Scenario3.testServiceWithoutApiKey(Scenario3.java:13)
	at HCLAssesmnt.Assesment.Scenario3.testServiceWithoutApiKey(Scenario3.java:13)
	at HCLAssesmnt.Assesment.Scenario3.testServiceWithoutApiKey(Scenario3.java:13)
	at HCLAssesmnt.Assesment.Scenario3.testServiceWithoutApiKey(Scenario3.java:13)
	at HCLAssesmnt.Assesment.Scenario3.testServiceWithoutApiKey(Scenario3.java:13)
	at HCLAssesmnt.Assesment.Scenario3.testServiceWithoutApiKey(Scenario3.java:13)
	at HCLAssesmnt.Assesment.Scenario3.testServiceWithoutApiKey(Scenario3.java:13)
	at HCLAssesmnt.Assesment.Scenario3.testServiceWithoutApiKey(Scenario3.java:13)
	at HCLAssesmnt.Assesment.Scenario3.testServiceWithoutApiKey(Scenario3.java:13)
	at HCLAssesmnt.Assesment.Scenario3.testServiceWithoutApiKey(Scenario3.java:13)
	at HCLAssesmnt.Assesment.Scenario3.testServiceWithoutApiKey(Scenario3.java:13)
	at HCLAssesmnt.Assesment.Scenario3.testServiceWithoutApiKey(Scenario3.java:13)
	at HCLAssesmnt.Assesment.Scenario3.testServiceWithoutApiKey(Scenario3.java:13)
	at HCLAssesmnt.Assesment.Scenario3.testServiceWithoutApiKey(Scenario3.java:13)
	at HCLAssesmnt.Assesment.Scenario3.testServiceWithoutApiKey(Scenario3.java:13)
	at HCLAssesmnt.Assesment.Scenario3.testServiceWithoutApiKey(Scenario3.java:13)
	at HCLAssesmnt.Assesment.Scenario3.testServiceWithoutApiKey(Scenario3.java:13)
	at HCLAssesmnt.Assesment.Scenario3.testServiceWithoutApiKey(Scenario3.java:13)
	at HCLAssesmnt.Assesment.Scenario3.testServiceWithoutApiKey(Scenario3.java:13)
	at HCLAssesmnt.Assesment.Scenario3.testServiceWithoutApiKey(Scenario3.java:13)
	at HCLAssesmnt.Assesment.Scenario3.testServiceWithoutApiKey(Scenario3.java:13)
	at HCLAssesmnt.Assesment.Scenario3.testServiceWithoutApiKey(Scenario3.java:13)
	at HCLAssesmnt.Assesment.Scenario3.testServiceWithoutApiKey(Scenario3.java:13)
	at HCLAssesmnt.Assesment.Scenario3.testServiceWithoutApiKey(Scenario3.java:13)
	at HCLAssesmnt.Assesment.Scenario3.testServiceWithoutApiKey(Scenario3.java:13)
	at HCLAssesmnt.Assesment.Scenario3.testServiceWithoutApiKey(Scenario3.java:13)
	at HCLAssesmnt.Assesment.Scenario3.testServiceWithoutApiKey(Scenario3.java:13)
	at HCLAssesmnt.Assesment.Scenario3.testServiceWithoutApiKey(Scenario3.java:13)
	at HCLAssesmnt.Assesment.Scenario3.testServiceWithoutApiKey(Scenario3.java:13)
	at HCLAssesmnt.Assesment.Scenario3.testServiceWithoutApiKey(Scenario3.java:13)
	at HCLAssesmnt.Assesment.Scenario3.testServiceWithoutApiKey(Scenario3.java:13)
	at HCLAssesmnt.Assesment.Scenario3.testServiceWithoutApiKey(Scenario3.java:13)
	at HCLAssesmnt.Assesment.Scenario3.testServiceWithoutApiKey(Scenario3.java:13)
	at HCLAssesmnt.Assesment.Scenario3.testServiceWithoutApiKey(Scenario3.java:13)
	at HCLAssesmnt.Assesment.Scenario3.testServiceWithoutApiKey(Scenario3.java:13)
	at HCLAssesmnt.Assesment.Scenario3.testServiceWithoutApiKey(Scenario3.java:13)
	at HCLAssesmnt.Assesment.Scenario3.testServiceWithoutApiKey(Scenario3.java:13)
	at HCLAssesmnt.Assesment.Scenario3.testServiceWithoutApiKey(Scenario3.java:13)
	at HCLAssesmnt.Assesment.Scenario3.testServiceWithoutApiKey(Scenario3.java:13)
	at HCLAssesmnt.Assesment.Scenario3.testServiceWithoutApiKey(Scenario3.java:13)
	at HCLAssesmnt.Assesment.Scenario3.testServiceWithoutApiKey(Scenario3.java:13)
	at HCLAssesmnt.Assesment.Scenario3.testServiceWithoutApiKey(Scenario3.java:13)
	at HCLAssesmnt.Assesment.Scenario3.testServiceWithoutApiKey(Scenario3.java:13)
	at HCLAssesmnt.Assesment.Scenario3.testServiceWithoutApiKey(Scenario3.java:13)
	at HCLAssesmnt.Assesment.Scenario3.testServiceWithoutApiKey(Scenario3.java:13)
	at HCLAssesmnt.Assesment.Scenario3.testServiceWithoutApiKey(Scenario3.java:13)
	at HCLAssesmnt.Assesment.Scenario3.testServiceWithoutApiKey(Scenario3.java:13)
	at HCLAssesmnt.Assesment.Scenario3.testServiceWithoutApiKey(Scenario3.java:13)
	at HCLAssesmnt.Assesment.Scenario3.testServiceWithoutApiKey(Scenario3.java:13)
	at HCLAssesmnt.Assesment.Scenario3.testServiceWithoutApiKey(Scenario3.java:13)
	at HCLAssesmnt.Assesment.Scenario3.testServiceWithoutApiKey(Scenario3.java:13)
	at HCLAssesmnt.Assesment.Scenario3.testServiceWithoutApiKey(Scenario3.java:13)
	at HCLAssesmnt.Assesment.Scenario3.testServiceWithoutApiKey(Scenario3.java:13)
	at HCLAssesmnt.Assesment.Scenario3.testServiceWithoutApiKey(Scenario3.java:13)
	at HCLAssesmnt.Assesment.Scenario3.testServiceWithoutApiKey(Scenario3.java:13)
	at HCLAssesmnt.Assesment.Scenario3.testServiceWithoutApiKey(Scenario3.java:13)
	at HCLAssesmnt.Assesment.Scenario3.testServiceWithoutApiKey(Scenario3.java:13)
	at HCLAssesmnt.Assesment.Scenario3.testServiceWithoutApiKey(Scenario3.java:13)
	at HCLAssesmnt.Assesment.Scenario3.testServiceWithoutApiKey(Scenario3.java:13)
	at HCLAssesmnt.Assesment.Scenario3.testServiceWithoutApiKey(Scenario3.java:13)
	at HCLAssesmnt.Assesment.Scenario3.testServiceWithoutApiKey(Scenario3.java:13)
	at HCLAssesmnt.Assesment.Scenario3.testServiceWithoutApiKey(Scenario3.java:13)
	at HCLAssesmnt.Assesment.Scenario3.testServiceWithoutApiKey(Scenario3.java:13)
	at HCLAssesmnt.Assesment.Scenario3.testServiceWithoutApiKey(Scenario3.java:13)
	at HCLAssesmnt.Assesment.Scenario3.testServiceWithoutApiKey(Scenario3.java:13)
	at HCLAssesmnt.Assesment.Scenario3.testServiceWithoutApiKey(Scenario3.java:13)
	at HCLAssesmnt.Assesment.Scenario3.testServiceWithoutApiKey(Scenario3.java:13)
	at HCLAssesmnt.Assesment.Scenario3.testServiceWithoutApiKey(Scenario3.java:13)
	at HCLAssesmnt.Assesment.Scenario3.testServiceWithoutApiKey(Scenario3.java:13)
	at HCLAssesmnt.Assesment.Scenario3.testServiceWithoutApiKey(Scenario3.java:13)
	at HCLAssesmnt.Assesment.Scenario3.testServiceWithoutApiKey(Scenario3.java:13)
	at HCLAssesmnt.Assesment.Scenario3.testServiceWithoutApiKey(Scenario3.java:13)
	at HCLAssesmnt.Assesment.Scenario3.testServiceWithoutApiKey(Scenario3.java:13)
	at HCLAssesmnt.Assesment.Scenario3.testServiceWithoutApiKey(Scenario3.java:13)
	at HCLAssesmnt.Assesment.Scenario3.testServiceWithoutApiKey(Scenario3.java:13)
	at HCLAssesmnt.Assesment.Scenario3.testServiceWithoutApiKey(Scenario3.java:13)
	at HCLAssesmnt.Assesment.Scenario3.testServiceWithoutApiKey(Scenario3.java:13)
	at HCLAssesmnt.Assesment.Scenario3.testServiceWithoutApiKey(Scenario3.java:13)
	at HCLAssesmnt.Assesment.Scenario3.testServiceWithoutApiKey(Scenario3.java:13)
	at HCLAssesmnt.Assesment.Scenario3.testServiceWithoutApiKey(Scenario3.java:13)
	at HCLAssesmnt.Assesment.Scenario3.testServiceWithoutApiKey(Scenario3.java:13)
	at HCLAssesmnt.Assesment.Scenario3.testServiceWithoutApiKey(Scenario3.java:13)
	at HCLAssesmnt.Assesment.Scenario3.testServiceWithoutApiKey(Scenario3.java:13)
	at HCLAssesmnt.Assesment.Scenario3.testServiceWithoutApiKey(Scenario3.java:13)
	at HCLAssesmnt.Assesment.Scenario3.testServiceWithoutApiKey(Scenario3.java:13)
	at HCLAssesmnt.Assesment.Scenario3.testServiceWithoutApiKey(Scenario3.java:13)
	at HCLAssesmnt.Assesment.Scenario3.testServiceWithoutApiKey(Scenario3.java:13)
	at HCLAssesmnt.Assesment.Scenario3.testServiceWithoutApiKey(Scenario3.java:13)
	at HCLAssesmnt.Assesment.Scenario3.testServiceWithoutApiKey(Scenario3.java:13)
	at HCLAssesmnt.Assesment.Scenario3.testServiceWithoutApiKey(Scenario3.java:13)
	at HCLAssesmnt.Assesment.Scenario3.testServiceWithoutApiKey(Scenario3.java:13)
	at HCLAssesmnt.Assesment.Scenario3.testServiceWithoutApiKey(Scenario3.java:13)
	at HCLAssesmnt.Assesment.Scenario3.testServiceWithoutApiKey(Scenario3.java:13)
	at HCLAssesmnt.Assesment.Scenario3.testServiceWithoutApiKey(Scenario3.java:13)
	at HCLAssesmnt.Assesment.Scenario3.testServiceWithoutApiKey(Scenario3.java:13)
	at HCLAssesmnt.Assesment.Scenario3.testServiceWithoutApiKey(Scenario3.java:13)
	at HCLAssesmnt.Assesment.Scenario3.testServiceWithoutApiKey(Scenario3.java:13)
	at HCLAssesmnt.Assesment.Scenario3.testServiceWithoutApiKey(Scenario3.java:13)
	at HCLAssesmnt.Assesment.Scenario3.testServiceWithoutApiKey(Scenario3.java:13)
	at HCLAssesmnt.Assesment.Scenario3.testServiceWithoutApiKey(Scenario3.java:13)
	at HCLAssesmnt.Assesment.Scenario3.testServiceWithoutApiKey(Scenario3.java:13)
	at HCLAssesmnt.Assesment.Scenario3.testServiceWithoutApiKey(Scenario3.java:13)
	at HCLAssesmnt.Assesment.Scenario3.testServiceWithoutApiKey(Scenario3.java:13)
	at HCLAssesmnt.Assesment.Scenario3.testServiceWithoutApiKey(Scenario3.java:13)
	at HCLAssesmnt.Assesment.Scenario3.testServiceWithoutApiKey(Scenario3.java:13)
	at HCLAssesmnt.Assesment.Scenario3.testServiceWithoutApiKey(Scenario3.java:13)
	at HCLAssesmnt.Assesment.Scenario3.testServiceWithoutApiKey(Scenario3.java:13)
	at HCLAssesmnt.Assesment.Scenario3.testServiceWithoutApiKey(Scenario3.java:13)
	at HCLAssesmnt.Assesment.Scenario3.testServiceWithoutApiKey(Scenario3.java:13)
	at HCLAssesmnt.Assesment.Scenario3.testServiceWithoutApiKey(Scenario3.java:13)
	at HCLAssesmnt.Assesment.Scenario3.testServiceWithoutApiKey(Scenario3.java:13)
	at HCLAssesmnt.Assesment.Scenario3.testServiceWithoutApiKey(Scenario3.java:13)
	at HCLAssesmnt.Assesment.Scenario3.testServiceWithoutApiKey(Scenario3.java:13)
	at HCLAssesmnt.Assesment.Scenario3.testServiceWithoutApiKey(Scenario3.java:13)
	at HCLAssesmnt.Assesment.Scenario3.testServiceWithoutApiKey(Scenario3.java:13)
	at HCLAssesmnt.Assesment.Scenario3.testServiceWithoutApiKey(Scenario3.java:13)
	at HCLAssesmnt.Assesment.Scenario3.testServiceWithoutApiKey(Scenario3.java:13)
	at HCLAssesmnt.Assesment.Scenario3.testServiceWithoutApiKey(Scenario3.java:13)
	at HCLAssesmnt.Assesment.Scenario3.testServiceWithoutApiKey(Scenario3.java:13)
	at HCLAssesmnt.Assesment.Scenario3.testServiceWithoutApiKey(Scenario3.java:13)
	at HCLAssesmnt.Assesment.Scenario3.testServiceWithoutApiKey(Scenario3.java:13)
	at HCLAssesmnt.Assesment.Scenario3.testServiceWithoutApiKey(Scenario3.java:13)
	at HCLAssesmnt.Assesment.Scenario3.testServiceWithoutApiKey(Scenario3.java:13)
	at HCLAssesmnt.Assesment.Scenario3.testServiceWithoutApiKey(Scenario3.java:13)
	at HCLAssesmnt.Assesment.Scenario3.testServiceWithoutApiKey(Scenario3.java:13)
	at HCLAssesmnt.Assesment.Scenario3.testServiceWithoutApiKey(Scenario3.java:13)
	at HCLAssesmnt.Assesment.Scenario3.testServiceWithoutApiKey(Scenario3.java:13)
	at HCLAssesmnt.Assesment.Scenario3.testServiceWithoutApiKey(Scenario3.java:13)
	at HCLAssesmnt.Assesment.Scenario3.testServiceWithoutApiKey(Scenario3.java:13)
	at HCLAssesmnt.Assesment.Scenario3.testServiceWithoutApiKey(Scenario3.java:13)
	at HCLAssesmnt.Assesment.Scenario3.testServiceWithoutApiKey(Scenario3.java:13)
	at HCLAssesmnt.Assesment.Scenario3.testServiceWithoutApiKey(Scenario3.java:13)
	at HCLAssesmnt.Assesment.Scenario3.testServiceWithoutApiKey(Scenario3.java:13)
	at HCLAssesmnt.Assesment.Scenario3.testServiceWithoutApiKey(Scenario3.java:13)
	at HCLAssesmnt.Assesment.Scenario3.testServiceWithoutApiKey(Scenario3.java:13)
	at HCLAssesmnt.Assesment.Scenario3.testServiceWithoutApiKey(Scenario3.java:13)
	at HCLAssesmnt.Assesment.Scenario3.testServiceWithoutApiKey(Scenario3.java:13)
	at HCLAssesmnt.Assesment.Scenario3.testServiceWithoutApiKey(Scenario3.java:13)
	at HCLAssesmnt.Assesment.Scenario3.testServiceWithoutApiKey(Scenario3.java:13)
	at HCLAssesmnt.Assesment.Scenario3.testServiceWithoutApiKey(Scenario3.java:13)
	at HCLAssesmnt.Assesment.Scenario3.testServiceWithoutApiKey(Scenario3.java:13)
	at HCLAssesmnt.Assesment.Scenario3.testServiceWithoutApiKey(Scenario3.java:13)
	at HCLAssesmnt.Assesment.Scenario3.testServiceWithoutApiKey(Scenario3.java:13)
	at HCLAssesmnt.Assesment.Scenario3.testServiceWithoutApiKey(Scenario3.java:13)
	at HCLAssesmnt.Assesment.Scenario3.testServiceWithoutApiKey(Scenario3.java:13)
	at HCLAssesmnt.Assesment.Scenario3.testServiceWithoutApiKey(Scenario3.java:13)
	at HCLAssesmnt.Assesment.Scenario3.testServiceWithoutApiKey(Scenario3.java:13)
	at HCLAssesmnt.Assesment.Scenario3.testServiceWithoutApiKey(Scenario3.java:13)
	at HCLAssesmnt.Assesment.Scenario3.testServiceWithoutApiKey(Scenario3.java:13)
	at HCLAssesmnt.Assesment.Scenario3.testServiceWithoutApiKey(Scenario3.java:13)
	at HCLAssesmnt.Assesment.Scenario3.testServiceWithoutApiKey(Scenario3.java:13)
	at HCLAssesmnt.Assesment.Scenario3.testServiceWithoutApiKey(Scenario3.java:13)
	at HCLAssesmnt.Assesment.Scenario3.testServiceWithoutApiKey(Scenario3.java:13)
	at HCLAssesmnt.Assesment.Scenario3.testServiceWithoutApiKey(Scenario3.java:13)
	at HCLAssesmnt.Assesment.Scenario3.testServiceWithoutApiKey(Scenario3.java:13)
	at HCLAssesmnt.Assesment.Scenario3.testServiceWithoutApiKey(Scenario3.java:13)
	at HCLAssesmnt.Assesment.Scenario3.testServiceWithoutApiKey(Scenario3.java:13)
	at HCLAssesmnt.Assesment.Scenario3.testServiceWithoutApiKey(Scenario3.java:13)
	at HCLAssesmnt.Assesment.Scenario3.testServiceWithoutApiKey(Scenario3.java:13)
	at HCLAssesmnt.Assesment.Scenario3.testServiceWithoutApiKey(Scenario3.java:13)
	at HCLAssesmnt.Assesment.Scenario3.testServiceWithoutApiKey(Scenario3.java:13)
	at HCLAssesmnt.Assesment.Scenario3.testServiceWithoutApiKey(Scenario3.java:13)
	at HCLAssesmnt.Assesment.Scenario3.testServiceWithoutApiKey(Scenario3.java:13)
	at HCLAssesmnt.Assesment.Scenario3.testServiceWithoutApiKey(Scenario3.java:13)
	at HCLAssesmnt.Assesment.Scenario3.testServiceWithoutApiKey(Scenario3.java:13)
	at HCLAssesmnt.Assesment.Scenario3.testServiceWithoutApiKey(Scenario3.java:13)
	at HCLAssesmnt.Assesment.Scenario3.testServiceWithoutApiKey(Scenario3.java:13)
	at HCLAssesmnt.Assesment.Scenario3.testServiceWithoutApiKey(Scenario3.java:13)
	at HCLAssesmnt.Assesment.Scenario3.testServiceWithoutApiKey(Scenario3.java:13)
	at HCLAssesmnt.Assesment.Scenario3.testServiceWithoutApiKey(Scenario3.java:13)
	at HCLAssesmnt.Assesment.Scenario3.testServiceWithoutApiKey(Scenario3.java:13)
	at HCLAssesmnt.Assesment.Scenario3.testServiceWithoutApiKey(Scenario3.java:13)
	at HCLAssesmnt.Assesment.Scenario3.testServiceWithoutApiKey(Scenario3.java:13)
	at HCLAssesmnt.Assesment.Scenario3.testServiceWithoutApiKey(Scenario3.java:13)
	at HCLAssesmnt.Assesment.Scenario3.testServiceWithoutApiKey(Scenario3.java:13)
	at HCLAssesmnt.Assesment.Scenario3.testServiceWithoutApiKey(Scenario3.java:13)
	at HCLAssesmnt.Assesment.Scenario3.testServiceWithoutApiKey(Scenario3.java:13)
	at HCLAssesmnt.Assesment.Scenario3.testServiceWithoutApiKey(Scenario3.java:13)
	at HCLAssesmnt.Assesment.Scenario3.testServiceWithoutApiKey(Scenario3.java:13)
	at HCLAssesmnt.Assesment.Scenario3.testServiceWithoutApiKey(Scenario3.java:13)
	at HCLAssesmnt.Assesment.Scenario3.testServiceWithoutApiKey(Scenario3.java:13)
	at HCLAssesmnt.Assesment.Scenario3.testServiceWithoutApiKey(Scenario3.java:13)
	at HCLAssesmnt.Assesment.Scenario3.testServiceWithoutApiKey(Scenario3.java:13)
	at HCLAssesmnt.Assesment.Scenario3.testServiceWithoutApiKey(Scenario3.java:13)
	at HCLAssesmnt.Assesment.Scenario3.testServiceWithoutApiKey(Scenario3.java:13)
	at HCLAssesmnt.Assesment.Scenario3.testServiceWithoutApiKey(Scenario3.java:13)
	at HCLAssesmnt.Assesment.Scenario3.testServiceWithoutApiKey(Scenario3.java:13)
	at HCLAssesmnt.Assesment.Scenario3.testServiceWithoutApiKey(Scenario3.java:13)
	at HCLAssesmnt.Assesment.Scenario3.testServiceWithoutApiKey(Scenario3.java:13)
	at HCLAssesmnt.Assesment.Scenario3.testServiceWithoutApiKey(Scenario3.java:13)
	at HCLAssesmnt.Assesment.Scenario3.testServiceWithoutApiKey(Scenario3.java:13)
	at HCLAssesmnt.Assesment.Scenario3.testServiceWithoutApiKey(Scenario3.java:13)
	at HCLAssesmnt.Assesment.Scenario3.testServiceWithoutApiKey(Scenario3.java:13)
	at HCLAssesmnt.Assesment.Scenario3.testServiceWithoutApiKey(Scenario3.java:13)
	at HCLAssesmnt.Assesment.Scenario3.testServiceWithoutApiKey(Scenario3.java:13)
	at HCLAssesmnt.Assesment.Scenario3.testServiceWithoutApiKey(Scenario3.java:13)
	at HCLAssesmnt.Assesment.Scenario3.testServiceWithoutApiKey(Scenario3.java:13)
	at HCLAssesmnt.Assesment.Scenario3.testServiceWithoutApiKey(Scenario3.java:13)
	at HCLAssesmnt.Assesment.Scenario3.testServiceWithoutApiKey(Scenario3.java:13)
	at HCLAssesmnt.Assesment.Scenario3.testServiceWithoutApiKey(Scenario3.java:13)
	at HCLAssesmnt.Assesment.Scenario3.testServiceWithoutApiKey(Scenario3.java:13)
	at HCLAssesmnt.Assesment.Scenario3.testServiceWithoutApiKey(Scenario3.java:13)
	at HCLAssesmnt.Assesment.Scenario3.testServiceWithoutApiKey(Scenario3.java:13)
	at HCLAssesmnt.Assesment.Scenario3.testServiceWithoutApiKey(Scenario3.java:13)
	at HCLAssesmnt.Assesment.Scenario3.testServiceWithoutApiKey(Scenario3.java:13)
	at HCLAssesmnt.Assesment.Scenario3.testServiceWithoutApiKey(Scenario3.java:13)
	at HCLAssesmnt.Assesment.Scenario3.testServiceWithoutApiKey(Scenario3.java:13)
	at HCLAssesmnt.Assesment.Scenario3.testServiceWithoutApiKey(Scenario3.java:13)
	at HCLAssesmnt.Assesment.Scenario3.testServiceWithoutApiKey(Scenario3.java:13)
	at HCLAssesmnt.Assesment.Scenario3.testServiceWithoutApiKey(Scenario3.java:13)
	at HCLAssesmnt.Assesment.Scenario3.testServiceWithoutApiKey(Scenario3.java:13)
	at HCLAssesmnt.Assesment.Scenario3.testServiceWithoutApiKey(Scenario3.java:13)
	at HCLAssesmnt.Assesment.Scenario3.testServiceWithoutApiKey(Scenario3.java:13)
	at HCLAssesmnt.Assesment.Scenario3.testServiceWithoutApiKey(Scenario3.java:13)
	at HCLAssesmnt.Assesment.Scenario3.testServiceWithoutApiKey(Scenario3.java:13)
	at HCLAssesmnt.Assesment.Scenario3.testServiceWithoutApiKey(Scenario3.java:13)
	at HCLAssesmnt.Assesment.Scenario3.testServiceWithoutApiKey(Scenario3.java:13)
	at HCLAssesmnt.Assesment.Scenario3.testServiceWithoutApiKey(Scenario3.java:13)
	at HCLAssesmnt.Assesment.Scenario3.testServiceWithoutApiKey(Scenario3.java:13)
	at HCLAssesmnt.Assesment.Scenario3.testServiceWithoutApiKey(Scenario3.java:13)
	at HCLAssesmnt.Assesment.Scenario3.testServiceWithoutApiKey(Scenario3.java:13)
	at HCLAssesmnt.Assesment.Scenario3.testServiceWithoutApiKey(Scenario3.java:13)
	at HCLAssesmnt.Assesment.Scenario3.testServiceWithoutApiKey(Scenario3.java:13)
	at HCLAssesmnt.Assesment.Scenario3.testServiceWithoutApiKey(Scenario3.java:13)
	at HCLAssesmnt.Assesment.Scenario3.testServiceWithoutApiKey(Scenario3.java:13)
	at HCLAssesmnt.Assesment.Scenario3.testServiceWithoutApiKey(Scenario3.java:13)
	at HCLAssesmnt.Assesment.Scenario3.testServiceWithoutApiKey(Scenario3.java:13)
	at HCLAssesmnt.Assesment.Scenario3.testServiceWithoutApiKey(Scenario3.java:13)
	at HCLAssesmnt.Assesment.Scenario3.testServiceWithoutApiKey(Scenario3.java:13)
	at HCLAssesmnt.Assesment.Scenario3.testServiceWithoutApiKey(Scenario3.java:13)
	at HCLAssesmnt.Assesment.Scenario3.testServiceWithoutApiKey(Scenario3.java:13)
	at HCLAssesmnt.Assesment.Scenario3.testServiceWithoutApiKey(Scenario3.java:13)
	at HCLAssesmnt.Assesment.Scenario3.testServiceWithoutApiKey(Scenario3.java:13)
	at HCLAssesmnt.Assesment.Scenario3.testServiceWithoutApiKey(Scenario3.java:13)
	at HCLAssesmnt.Assesment.Scenario3.testServiceWithoutApiKey(Scenario3.java:13)
	at HCLAssesmnt.Assesment.Scenario3.testServiceWithoutApiKey(Scenario3.java:13)
	at HCLAssesmnt.Assesment.Scenario3.testServiceWithoutApiKey(Scenario3.java:13)
	at HCLAssesmnt.Assesment.Scenario3.testServiceWithoutApiKey(Scenario3.java:13)
	at HCLAssesmnt.Assesment.Scenario3.testServiceWithoutApiKey(Scenario3.java:13)
	at HCLAssesmnt.Assesment.Scenario3.testServiceWithoutApiKey(Scenario3.java:13)
	at HCLAssesmnt.Assesment.Scenario3.testServiceWithoutApiKey(Scenario3.java:13)
	at HCLAssesmnt.Assesment.Scenario3.testServiceWithoutApiKey(Scenario3.java:13)
	at HCLAssesmnt.Assesment.Scenario3.testServiceWithoutApiKey(Scenario3.java:13)
	at HCLAssesmnt.Assesment.Scenario3.testServiceWithoutApiKey(Scenario3.java:13)
	at HCLAssesmnt.Assesment.Scenario3.testServiceWithoutApiKey(Scenario3.java:13)
	at HCLAssesmnt.Assesment.Scenario3.testServiceWithoutApiKey(Scenario3.java:13)
	at HCLAssesmnt.Assesment.Scenario3.testServiceWithoutApiKey(Scenario3.java:13)
	at HCLAssesmnt.Assesment.Scenario3.testServiceWithoutApiKey(Scenario3.java:13)
	at HCLAssesmnt.Assesment.Scenario3.testServiceWithoutApiKey(Scenario3.java:13)
	at HCLAssesmnt.Assesment.Scenario3.testServiceWithoutApiKey(Scenario3.java:13)
	at HCLAssesmnt.Assesment.Scenario3.testServiceWithoutApiKey(Scenario3.java:13)
	at HCLAssesmnt.Assesment.Scenario3.testServiceWithoutApiKey(Scenario3.java:13)
	at HCLAssesmnt.Assesment.Scenario3.testServiceWithoutApiKey(Scenario3.java:13)
	at HCLAssesmnt.Assesment.Scenario3.testServiceWithoutApiKey(Scenario3.java:13)
	at HCLAssesmnt.Assesment.Scenario3.testServiceWithoutApiKey(Scenario3.java:13)
	at HCLAssesmnt.Assesment.Scenario3.testServiceWithoutApiKey(Scenario3.java:13)
	at HCLAssesmnt.Assesment.Scenario3.testServiceWithoutApiKey(Scenario3.java:13)
	at HCLAssesmnt.Assesment.Scenario3.testServiceWithoutApiKey(Scenario3.java:13)
	at HCLAssesmnt.Assesment.Scenario3.testServiceWithoutApiKey(Scenario3.java:13)
	at HCLAssesmnt.Assesment.Scenario3.testServiceWithoutApiKey(Scenario3.java:13)
	at HCLAssesmnt.Assesment.Scenario3.testServiceWithoutApiKey(Scenario3.java:13)
	at HCLAssesmnt.Assesment.Scenario3.testServiceWithoutApiKey(Scenario3.java:13)
	at HCLAssesmnt.Assesment.Scenario3.testServiceWithoutApiKey(Scenario3.java:13)
	at HCLAssesmnt.Assesment.Scenario3.testServiceWithoutApiKey(Scenario3.java:13)
	at HCLAssesmnt.Assesment.Scenario3.testServiceWithoutApiKey(Scenario3.java:13)
	at HCLAssesmnt.Assesment.Scenario3.testServiceWithoutApiKey(Scenario3.java:13)
	at HCLAssesmnt.Assesment.Scenario3.testServiceWithoutApiKey(Scenario3.java:13)
	at HCLAssesmnt.Assesment.Scenario3.testServiceWithoutApiKey(Scenario3.java:13)
	at HCLAssesmnt.Assesment.Scenario3.testServiceWithoutApiKey(Scenario3.java:13)
	at HCLAssesmnt.Assesment.Scenario3.testServiceWithoutApiKey(Scenario3.java:13)
	at HCLAssesmnt.Assesment.Scenario3.testServiceWithoutApiKey(Scenario3.java:13)
	at HCLAssesmnt.Assesment.Scenario3.testServiceWithoutApiKey(Scenario3.java:13)
	at HCLAssesmnt.Assesment.Scenario3.testServiceWithoutApiKey(Scenario3.java:13)
	at HCLAssesmnt.Assesment.Scenario3.testServiceWithoutApiKey(Scenario3.java:13)
	at HCLAssesmnt.Assesment.Scenario3.testServiceWithoutApiKey(Scenario3.java:13)
	at HCLAssesmnt.Assesment.Scenario3.testServiceWithoutApiKey(Scenario3.java:13)
	at HCLAssesmnt.Assesment.Scenario3.testServiceWithoutApiKey(Scenario3.java:13)
	at HCLAssesmnt.Assesment.Scenario3.testServiceWithoutApiKey(Scenario3.java:13)
	at HCLAssesmnt.Assesment.Scenario3.testServiceWithoutApiKey(Scenario3.java:13)
	at HCLAssesmnt.Assesment.Scenario3.testServiceWithoutApiKey(Scenario3.java:13)
	at HCLAssesmnt.Assesment.Scenario3.testServiceWithoutApiKey(Scenario3.java:13)
	at HCLAssesmnt.Assesment.Scenario3.testServiceWithoutApiKey(Scenario3.java:13)
	at HCLAssesmnt.Assesment.Scenario3.testServiceWithoutApiKey(Scenario3.java:13)
	at HCLAssesmnt.Assesment.Scenario3.testServiceWithoutApiKey(Scenario3.java:13)
	at HCLAssesmnt.Assesment.Scenario3.testServiceWithoutApiKey(Scenario3.java:13)
	at HCLAssesmnt.Assesment.Scenario3.testServiceWithoutApiKey(Scenario3.java:13)
	at HCLAssesmnt.Assesment.Scenario3.testServiceWithoutApiKey(Scenario3.java:13)
	at HCLAssesmnt.Assesment.Scenario3.testServiceWithoutApiKey(Scenario3.java:13)
	at HCLAssesmnt.Assesment.Scenario3.testServiceWithoutApiKey(Scenario3.java:13)
	at HCLAssesmnt.Assesment.Scenario3.testServiceWithoutApiKey(Scenario3.java:13)
	at HCLAssesmnt.Assesment.Scenario3.testServiceWithoutApiKey(Scenario3.java:13)
	at HCLAssesmnt.Assesment.Scenario3.testServiceWithoutApiKey(Scenario3.java:13)
	at HCLAssesmnt.Assesment.Scenario3.testServiceWithoutApiKey(Scenario3.java:13)
	at HCLAssesmnt.Assesment.Scenario3.testServiceWithoutApiKey(Scenario3.java:13)
	at HCLAssesmnt.Assesment.Scenario3.testServiceWithoutApiKey(Scenario3.java:13)
	at HCLAssesmnt.Assesment.Scenario3.testServiceWithoutApiKey(Scenario3.java:13)
	at HCLAssesmnt.Assesment.Scenario3.testServiceWithoutApiKey(Scenario3.java:13)
	at HCLAssesmnt.Assesment.Scenario3.testServiceWithoutApiKey(Scenario3.java:13)
	at HCLAssesmnt.Assesment.Scenario3.testServiceWithoutApiKey(Scenario3.java:13)
	at HCLAssesmnt.Assesment.Scenario3.testServiceWithoutApiKey(Scenario3.java:13)
	at HCLAssesmnt.Assesment.Scenario3.testServiceWithoutApiKey(Scenario3.java:13)
	at HCLAssesmnt.Assesment.Scenario3.testServiceWithoutApiKey(Scenario3.java:13)
	at HCLAssesmnt.Assesment.Scenario3.testServiceWithoutApiKey(Scenario3.java:13)
	at HCLAssesmnt.Assesment.Scenario3.testServiceWithoutApiKey(Scenario3.java:13)
	at HCLAssesmnt.Assesment.Scenario3.testServiceWithoutApiKey(Scenario3.java:13)
	at HCLAssesmnt.Assesment.Scenario3.testServiceWithoutApiKey(Scenario3.java:13)
	at HCLAssesmnt.Assesment.Scenario3.testServiceWithoutApiKey(Scenario3.java:13)
	at HCLAssesmnt.Assesment.Scenario3.testServiceWithoutApiKey(Scenario3.java:13)
	at HCLAssesmnt.Assesment.Scenario3.testServiceWithoutApiKey(Scenario3.java:13)
	at HCLAssesmnt.Assesment.Scenario3.testServiceWithoutApiKey(Scenario3.java:13)
	at HCLAssesmnt.Assesment.Scenario3.testServiceWithoutApiKey(Scenario3.java:13)
	at HCLAssesmnt.Assesment.Scenario3.testServiceWithoutApiKey(Scenario3.java:13)
	at HCLAssesmnt.Assesment.Scenario3.testServiceWithoutApiKey(Scenario3.java:13)
	at HCLAssesmnt.Assesment.Scenario3.testServiceWithoutApiKey(Scenario3.java:13)
	at HCLAssesmnt.Assesment.Scenario3.testServiceWithoutApiKey(Scenario3.java:13)
	at HCLAssesmnt.Assesment.Scenario3.testServiceWithoutApiKey(Scenario3.java:13)
	at HCLAssesmnt.Assesment.Scenario3.testServiceWithoutApiKey(Scenario3.java:13)
	at HCLAssesmnt.Assesment.Scenario3.testServiceWithoutApiKey(Scenario3.java:13)
	at HCLAssesmnt.Assesment.Scenario3.testServiceWithoutApiKey(Scenario3.java:13)
	at HCLAssesmnt.Assesment.Scenario3.testServiceWithoutApiKey(Scenario3.java:13)
	at HCLAssesmnt.Assesment.Scenario3.testServiceWithoutApiKey(Scenario3.java:13)
	at HCLAssesmnt.Assesment.Scenario3.testServiceWithoutApiKey(Scenario3.java:13)
	at HCLAssesmnt.Assesment.Scenario3.testServiceWithoutApiKey(Scenario3.java:13)
	at HCLAssesmnt.Assesment.Scenario3.testServiceWithoutApiKey(Scenario3.java:13)
	at HCLAssesmnt.Assesment.Scenario3.testServiceWithoutApiKey(Scenario3.java:13)
	at HCLAssesmnt.Assesment.Scenario3.testServiceWithoutApiKey(Scenario3.java:13)
	at HCLAssesmnt.Assesment.Scenario3.testServiceWithoutApiKey(Scenario3.java:13)
	at HCLAssesmnt.Assesment.Scenario3.testServiceWithoutApiKey(Scenario3.java:13)
	at HCLAssesmnt.Assesment.Scenario3.testServiceWithoutApiKey(Scenario3.java:13)
	at HCLAssesmnt.Assesment.Scenario3.testServiceWithoutApiKey(Scenario3.java:13)
	at HCLAssesmnt.Assesment.Scenario3.testServiceWithoutApiKey(Scenario3.java:13)
	at HCLAssesmnt.Assesment.Scenario3.testServiceWithoutApiKey(Scenario3.java:13)
	at HCLAssesmnt.Assesment.Scenario3.testServiceWithoutApiKey(Scenario3.java:13)
	at HCLAssesmnt.Assesment.Scenario3.testServiceWithoutApiKey(Scenario3.java:13)
	at HCLAssesmnt.Assesment.Scenario3.testServiceWithoutApiKey(Scenario3.java:13)
	at HCLAssesmnt.Assesment.Scenario3.testServiceWithoutApiKey(Scenario3.java:13)
	at HCLAssesmnt.Assesment.Scenario3.testServiceWithoutApiKey(Scenario3.java:13)
	at HCLAssesmnt.Assesment.Scenario3.testServiceWithoutApiKey(Scenario3.java:13)
	at HCLAssesmnt.Assesment.Scenario3.testServiceWithoutApiKey(Scenario3.java:13)
	at HCLAssesmnt.Assesment.Scenario3.testServiceWithoutApiKey(Scenario3.java:13)
	at HCLAssesmnt.Assesment.Scenario3.testServiceWithoutApiKey(Scenario3.java:13)
	at HCLAssesmnt.Assesment.Scenario3.testServiceWithoutApiKey(Scenario3.java:13)
	at HCLAssesmnt.Assesment.Scenario3.testServiceWithoutApiKey(Scenario3.java:13)
	at HCLAssesmnt.Assesment.Scenario3.testServiceWithoutApiKey(Scenario3.java:13)
	at HCLAssesmnt.Assesment.Scenario3.testServiceWithoutApiKey(Scenario3.java:13)
	at HCLAssesmnt.Assesment.Scenario3.testServiceWithoutApiKey(Scenario3.java:13)
	at HCLAssesmnt.Assesment.Scenario3.testServiceWithoutApiKey(Scenario3.java:13)
	at HCLAssesmnt.Assesment.Scenario3.testServiceWithoutApiKey(Scenario3.java:13)
	at HCLAssesmnt.Assesment.Scenario3.testServiceWithoutApiKey(Scenario3.java:13)
	at HCLAssesmnt.Assesment.Scenario3.testServiceWithoutApiKey(Scenario3.java:13)
	at HCLAssesmnt.Assesment.Scenario3.testServiceWithoutApiKey(Scenario3.java:13)
	at HCLAssesmnt.Assesment.Scenario3.testServiceWithoutApiKey(Scenario3.java:13)
	at HCLAssesmnt.Assesment.Scenario3.testServiceWithoutApiKey(Scenario3.java:13)
	at HCLAssesmnt.Assesment.Scenario3.testServiceWithoutApiKey(Scenario3.java:13)
	at HCLAssesmnt.Assesment.Scenario3.testServiceWithoutApiKey(Scenario3.java:13)
	at HCLAssesmnt.Assesment.Scenario3.testServiceWithoutApiKey(Scenario3.java:13)
	at HCLAssesmnt.Assesment.Scenario3.testServiceWithoutApiKey(Scenario3.java:13)
	at HCLAssesmnt.Assesment.Scenario3.testServiceWithoutApiKey(Scenario3.java:13)
	at HCLAssesmnt.Assesment.Scenario3.testServiceWithoutApiKey(Scenario3.java:13)
	at HCLAssesmnt.Assesment.Scenario3.testServiceWithoutApiKey(Scenario3.java:13)
	at HCLAssesmnt.Assesment.Scenario3.testServiceWithoutApiKey(Scenario3.java:13)
	at HCLAssesmnt.Assesment.Scenario3.testServiceWithoutApiKey(Scenario3.java:13)
	at HCLAssesmnt.Assesment.Scenario3.testServiceWithoutApiKey(Scenario3.java:13)
	at HCLAssesmnt.Assesment.Scenario3.testServiceWithoutApiKey(Scenario3.java:13)
	at HCLAssesmnt.Assesment.Scenario3.testServiceWithoutApiKey(Scenario3.java:13)
	at HCLAssesmnt.Assesment.Scenario3.testServiceWithoutApiKey(Scenario3.java:13)
	at HCLAssesmnt.Assesment.Scenario3.testServiceWithoutApiKey(Scenario3.java:13)
	at HCLAssesmnt.Assesment.Scenario3.testServiceWithoutApiKey(Scenario3.java:13)
	at HCLAssesmnt.Assesment.Scenario3.testServiceWithoutApiKey(Scenario3.java:13)
	at HCLAssesmnt.Assesment.Scenario3.testServiceWithoutApiKey(Scenario3.java:13)
	at HCLAssesmnt.Assesment.Scenario3.testServiceWithoutApiKey(Scenario3.java:13)
	at HCLAssesmnt.Assesment.Scenario3.testServiceWithoutApiKey(Scenario3.java:13)
	at HCLAssesmnt.Assesment.Scenario3.testServiceWithoutApiKey(Scenario3.java:13)
	at HCLAssesmnt.Assesment.Scenario3.testServiceWithoutApiKey(Scenario3.java:13)
	at HCLAssesmnt.Assesment.Scenario3.testServiceWithoutApiKey(Scenario3.java:13)
	at HCLAssesmnt.Assesment.Scenario3.testServiceWithoutApiKey(Scenario3.java:13)
	at HCLAssesmnt.Assesment.Scenario3.testServiceWithoutApiKey(Scenario3.java:13)
	at HCLAssesmnt.Assesment.Scenario3.testServiceWithoutApiKey(Scenario3.java:13)
	at HCLAssesmnt.Assesment.Scenario3.testServiceWithoutApiKey(Scenario3.java:13)
	at HCLAssesmnt.Assesment.Scenario3.testServiceWithoutApiKey(Scenario3.java:13)
	at HCLAssesmnt.Assesment.Scenario3.testServiceWithoutApiKey(Scenario3.java:13)
	at HCLAssesmnt.Assesment.Scenario3.testServiceWithoutApiKey(Scenario3.java:13)
	at HCLAssesmnt.Assesment.Scenario3.testServiceWithoutApiKey(Scenario3.java:13)
	at HCLAssesmnt.Assesment.Scenario3.testServiceWithoutApiKey(Scenario3.java:13)
	at HCLAssesmnt.Assesment.Scenario3.testServiceWithoutApiKey(Scenario3.java:13)
	at HCLAssesmnt.Assesment.Scenario3.testServiceWithoutApiKey(Scenario3.java:13)
	at HCLAssesmnt.Assesment.Scenario3.testServiceWithoutApiKey(Scenario3.java:13)
	at HCLAssesmnt.Assesment.Scenario3.testServiceWithoutApiKey(Scenario3.java:13)
	at HCLAssesmnt.Assesment.Scenario3.testServiceWithoutApiKey(Scenario3.java:13)
	at HCLAssesmnt.Assesment.Scenario3.testServiceWithoutApiKey(Scenario3.java:13)
	at HCLAssesmnt.Assesment.Scenario3.testServiceWithoutApiKey(Scenario3.java:13)
	at HCLAssesmnt.Assesment.Scenario3.testServiceWithoutApiKey(Scenario3.java:13)
	at HCLAssesmnt.Assesment.Scenario3.testServiceWithoutApiKey(Scenario3.java:13)
	at HCLAssesmnt.Assesment.Scenario3.testServiceWithoutApiKey(Scenario3.java:13)
	at HCLAssesmnt.Assesment.Scenario3.testServiceWithoutApiKey(Scenario3.java:13)
	at HCLAssesmnt.Assesment.Scenario3.testServiceWithoutApiKey(Scenario3.java:13)
	at HCLAssesmnt.Assesment.Scenario3.testServiceWithoutApiKey(Scenario3.java:13)
	at HCLAssesmnt.Assesment.Scenario3.testServiceWithoutApiKey(Scenario3.java:13)
	at HCLAssesmnt.Assesment.Scenario3.testServiceWithoutApiKey(Scenario3.java:13)
	at HCLAssesmnt.Assesment.Scenario3.testServiceWithoutApiKey(Scenario3.java:13)
	at HCLAssesmnt.Assesment.Scenario3.testServiceWithoutApiKey(Scenario3.java:13)
	at HCLAssesmnt.Assesment.Scenario3.testServiceWithoutApiKey(Scenario3.java:13)
	at HCLAssesmnt.Assesment.Scenario3.testServiceWithoutApiKey(Scenario3.java:13)
	at HCLAssesmnt.Assesment.Scenario3.testServiceWithoutApiKey(Scenario3.java:13)
	at HCLAssesmnt.Assesment.Scenario3.testServiceWithoutApiKey(Scenario3.java:13)
	at HCLAssesmnt.Assesment.Scenario3.testServiceWithoutApiKey(Scenario3.java:13)
	at HCLAssesmnt.Assesment.Scenario3.testServiceWithoutApiKey(Scenario3.java:13)
	at HCLAssesmnt.Assesment.Scenario3.testServiceWithoutApiKey(Scenario3.java:13)
	at HCLAssesmnt.Assesment.Scenario3.testServiceWithoutApiKey(Scenario3.java:13)
	at HCLAssesmnt.Assesment.Scenario3.testServiceWithoutApiKey(Scenario3.java:13)
	at HCLAssesmnt.Assesment.Scenario3.testServiceWithoutApiKey(Scenario3.java:13)
	at HCLAssesmnt.Assesment.Scenario3.testServiceWithoutApiKey(Scenario3.java:13)
	at HCLAssesmnt.Assesment.Scenario3.testServiceWithoutApiKey(Scenario3.java:13)
	at HCLAssesmnt.Assesment.Scenario3.testServiceWithoutApiKey(Scenario3.java:13)
	at HCLAssesmnt.Assesment.Scenario3.testServiceWithoutApiKey(Scenario3.java:13)
	at HCLAssesmnt.Assesment.Scenario3.testServiceWithoutApiKey(Scenario3.java:13)
	at HCLAssesmnt.Assesment.Scenario3.testServiceWithoutApiKey(Scenario3.java:13)
	at HCLAssesmnt.Assesment.Scenario3.testServiceWithoutApiKey(Scenario3.java:13)
	at HCLAssesmnt.Assesment.Scenario3.testServiceWithoutApiKey(Scenario3.java:13)
	at HCLAssesmnt.Assesment.Scenario3.testServiceWithoutApiKey(Scenario3.java:13)
	at HCLAssesmnt.Assesment.Scenario3.testServiceWithoutApiKey(Scenario3.java:13)
	at HCLAssesmnt.Assesment.Scenario3.testServiceWithoutApiKey(Scenario3.java:13)
	at HCLAssesmnt.Assesment.Scenario3.testServiceWithoutApiKey(Scenario3.java:13)
	at HCLAssesmnt.Assesment.Scenario3.testServiceWithoutApiKey(Scenario3.java:13)
	at HCLAssesmnt.Assesment.Scenario3.testServiceWithoutApiKey(Scenario3.java:13)
	at HCLAssesmnt.Assesment.Scenario3.testServiceWithoutApiKey(Scenario3.java:13)
	at HCLAssesmnt.Assesment.Scenario3.testServiceWithoutApiKey(Scenario3.java:13)
	at HCLAssesmnt.Assesment.Scenario3.testServiceWithoutApiKey(Scenario3.java:13)
	at HCLAssesmnt.Assesment.Scenario3.testServiceWithoutApiKey(Scenario3.java:13)
	at HCLAssesmnt.Assesment.Scenario3.testServiceWithoutApiKey(Scenario3.java:13)
	at HCLAssesmnt.Assesment.Scenario3.testServiceWithoutApiKey(Scenario3.java:13)
	at HCLAssesmnt.Assesment.Scenario3.testServiceWithoutApiKey(Scenario3.java:13)
	at HCLAssesmnt.Assesment.Scenario3.testServiceWithoutApiKey(Scenario3.java:13)
	at HCLAssesmnt.Assesment.Scenario3.testServiceWithoutApiKey(Scenario3.java:13)
	at HCLAssesmnt.Assesment.Scenario3.testServiceWithoutApiKey(Scenario3.java:13)
	at HCLAssesmnt.Assesment.Scenario3.testServiceWithoutApiKey(Scenario3.java:13)
	at HCLAssesmnt.Assesment.Scenario3.testServiceWithoutApiKey(Scenario3.java:13)
	at HCLAssesmnt.Assesment.Scenario3.testServiceWithoutApiKey(Scenario3.java:13)
	at HCLAssesmnt.Assesment.Scenario3.testServiceWithoutApiKey(Scenario3.java:13)
	at HCLAssesmnt.Assesment.Scenario3.testServiceWithoutApiKey(Scenario3.java:13)
	at HCLAssesmnt.Assesment.Scenario3.testServiceWithoutApiKey(Scenario3.java:13)
	at HCLAssesmnt.Assesment.Scenario3.testServiceWithoutApiKey(Scenario3.java:13)
	at HCLAssesmnt.Assesment.Scenario3.testServiceWithoutApiKey(Scenario3.java:13)
	at HCLAssesmnt.Assesment.Scenario3.testServiceWithoutApiKey(Scenario3.java:13)
	at HCLAssesmnt.Assesment.Scenario3.testServiceWithoutApiKey(Scenario3.java:13)
	at HCLAssesmnt.Assesment.Scenario3.testServiceWithoutApiKey(Scenario3.java:13)
	at HCLAssesmnt.Assesment.Scenario3.testServiceWithoutApiKey(Scenario3.java:13)
	at HCLAssesmnt.Assesment.Scenario3.testServiceWithoutApiKey(Scenario3.java:13)
	at HCLAssesmnt.Assesment.Scenario3.testServiceWithoutApiKey(Scenario3.java:13)
	at HCLAssesmnt.Assesment.Scenario3.testServiceWithoutApiKey(Scenario3.java:13)
	at HCLAssesmnt.Assesment.Scenario3.testServiceWithoutApiKey(Scenario3.java:13)
	at HCLAssesmnt.Assesment.Scenario3.testServiceWithoutApiKey(Scenario3.java:13)
	at HCLAssesmnt.Assesment.Scenario3.testServiceWithoutApiKey(Scenario3.java:13)
	at HCLAssesmnt.Assesment.Scenario3.testServiceWithoutApiKey(Scenario3.java:13)
	at HCLAssesmnt.Assesment.Scenario3.testServiceWithoutApiKey(Scenario3.java:13)
	at HCLAssesmnt.Assesment.Scenario3.testServiceWithoutApiKey(Scenario3.java:13)
	at HCLAssesmnt.Assesment.Scenario3.testServiceWithoutApiKey(Scenario3.java:13)
	at HCLAssesmnt.Assesment.Scenario3.testServiceWithoutApiKey(Scenario3.java:13)
	at HCLAssesmnt.Assesment.Scenario3.testServiceWithoutApiKey(Scenario3.java:13)
	at HCLAssesmnt.Assesment.Scenario3.testServiceWithoutApiKey(Scenario3.java:13)
	at HCLAssesmnt.Assesment.Scenario3.testServiceWithoutApiKey(Scenario3.java:13)
	at HCLAssesmnt.Assesment.Scenario3.testServiceWithoutApiKey(Scenario3.java:13)
	at HCLAssesmnt.Assesment.Scenario3.testServiceWithoutApiKey(Scenario3.java:13)
	at HCLAssesmnt.Assesment.Scenario3.testServiceWithoutApiKey(Scenario3.java:13)
	at HCLAssesmnt.Assesment.Scenario3.testServiceWithoutApiKey(Scenario3.java:13)
	at HCLAssesmnt.Assesment.Scenario3.testServiceWithoutApiKey(Scenario3.java:13)
	at HCLAssesmnt.Assesment.Scenario3.testServiceWithoutApiKey(Scenario3.java:13)
	at HCLAssesmnt.Assesment.Scenario3.testServiceWithoutApiKey(Scenario3.java:13)
	at HCLAssesmnt.Assesment.Scenario3.testServiceWithoutApiKey(Scenario3.java:13)
	at HCLAssesmnt.Assesment.Scenario3.testServiceWithoutApiKey(Scenario3.java:13)
	at HCLAssesmnt.Assesment.Scenario3.testServiceWithoutApiKey(Scenario3.java:13)
	at HCLAssesmnt.Assesment.Scenario3.testServiceWithoutApiKey(Scenario3.java:13)
	at HCLAssesmnt.Assesment.Scenario3.testServiceWithoutApiKey(Scenario3.java:13)
	at HCLAssesmnt.Assesment.Scenario3.testServiceWithoutApiKey(Scenario3.java:13)
	at HCLAssesmnt.Assesment.Scenario3.testServiceWithoutApiKey(Scenario3.java:13)
	at HCLAssesmnt.Assesment.Scenario3.testServiceWithoutApiKey(Scenario3.java:13)
	at HCLAssesmnt.Assesment.Scenario3.testServiceWithoutApiKey(Scenario3.java:13)
	at HCLAssesmnt.Assesment.Scenario3.testServiceWithoutApiKey(Scenario3.java:13)
	at HCLAssesmnt.Assesment.Scenario3.testServiceWithoutApiKey(Scenario3.java:13)
	at HCLAssesmnt.Assesment.Scenario3.testServiceWithoutApiKey(Scenario3.java:13)
	at HCLAssesmnt.Assesment.Scenario3.testServiceWithoutApiKey(Scenario3.java:13)
	at HCLAssesmnt.Assesment.Scenario3.testServiceWithoutApiKey(Scenario3.java:13)
	at HCLAssesmnt.Assesment.Scenario3.testServiceWithoutApiKey(Scenario3.java:13)
	at HCLAssesmnt.Assesment.Scenario3.testServiceWithoutApiKey(Scenario3.java:13)
	at HCLAssesmnt.Assesment.Scenario3.testServiceWithoutApiKey(Scenario3.java:13)
	at HCLAssesmnt.Assesment.Scenario3.testServiceWithoutApiKey(Scenario3.java:13)
	at HCLAssesmnt.Assesment.Scenario3.testServiceWithoutApiKey(Scenario3.java:13)
	at HCLAssesmnt.Assesment.Scenario3.testServiceWithoutApiKey(Scenario3.java:13)
	at HCLAssesmnt.Assesment.Scenario3.testServiceWithoutApiKey(Scenario3.java:13)
	at HCLAssesmnt.Assesment.Scenario3.testServiceWithoutApiKey(Scenario3.java:13)
	at HCLAssesmnt.Assesment.Scenario3.testServiceWithoutApiKey(Scenario3.java:13)
	at HCLAssesmnt.Assesment.Scenario3.testServiceWithoutApiKey(Scenario3.java:13)
	at HCLAssesmnt.Assesment.Scenario3.testServiceWithoutApiKey(Scenario3.java:13)
	at HCLAssesmnt.Assesment.Scenario3.testServiceWithoutApiKey(Scenario3.java:13)
	at HCLAssesmnt.Assesment.Scenario3.testServiceWithoutApiKey(Scenario3.java:13)
	at HCLAssesmnt.Assesment.Scenario3.testServiceWithoutApiKey(Scenario3.java:13)
	at HCLAssesmnt.Assesment.Scenario3.testServiceWithoutApiKey(Scenario3.java:13)
	at HCLAssesmnt.Assesment.Scenario3.testServiceWithoutApiKey(Scenario3.java:13)
	at HCLAssesmnt.Assesment.Scenario3.testServiceWithoutApiKey(Scenario3.java:13)
	at HCLAssesmnt.Assesment.Scenario3.testServiceWithoutApiKey(Scenario3.java:13)
	at HCLAssesmnt.Assesment.Scenario3.testServiceWithoutApiKey(Scenario3.java:13)
	at HCLAssesmnt.Assesment.Scenario3.testServiceWithoutApiKey(Scenario3.java:13)
	at HCLAssesmnt.Assesment.Scenario3.testServiceWithoutApiKey(Scenario3.java:13)
	at HCLAssesmnt.Assesment.Scenario3.testServiceWithoutApiKey(Scenario3.java:13)
	at HCLAssesmnt.Assesment.Scenario3.testServiceWithoutApiKey(Scenario3.java:13)
	at HCLAssesmnt.Assesment.Scenario3.testServiceWithoutApiKey(Scenario3.java:13)
	at HCLAssesmnt.Assesment.Scenario3.testServiceWithoutApiKey(Scenario3.java:13)
	at HCLAssesmnt.Assesment.Scenario3.testServiceWithoutApiKey(Scenario3.java:13)
	at HCLAssesmnt.Assesment.Scenario3.testServiceWithoutApiKey(Scenario3.java:13)
	at HCLAssesmnt.Assesment.Scenario3.testServiceWithoutApiKey(Scenario3.java:13)
	at HCLAssesmnt.Assesment.Scenario3.testServiceWithoutApiKey(Scenario3.java:13)
	at HCLAssesmnt.Assesment.Scenario3.testServiceWithoutApiKey(Scenario3.java:13)
	at HCLAssesmnt.Assesment.Scenario3.testServiceWithoutApiKey(Scenario3.java:13)
	at HCLAssesmnt.Assesment.Scenario3.testServiceWithoutApiKey(Scenario3.java:13)
	at HCLAssesmnt.Assesment.Scenario3.testServiceWithoutApiKey(Scenario3.java:13)
	at HCLAssesmnt.Assesment.Scenario3.testServiceWithoutApiKey(Scenario3.java:13)
	at HCLAssesmnt.Assesment.Scenario3.testServiceWithoutApiKey(Scenario3.java:13)
	at HCLAssesmnt.Assesment.Scenario3.testServiceWithoutApiKey(Scenario3.java:13)
	at HCLAssesmnt.Assesment.Scenario3.testServiceWithoutApiKey(Scenario3.java:13)
	at HCLAssesmnt.Assesment.Scenario3.testServiceWithoutApiKey(Scenario3.java:13)
	at HCLAssesmnt.Assesment.Scenario3.testServiceWithoutApiKey(Scenario3.java:13)
	at HCLAssesmnt.Assesment.Scenario3.testServiceWithoutApiKey(Scenario3.java:13)
	at HCLAssesmnt.Assesment.Scenario3.testServiceWithoutApiKey(Scenario3.java:13)
	at HCLAssesmnt.Assesment.Scenario3.testServiceWithoutApiKey(Scenario3.java:13)
	at HCLAssesmnt.Assesment.Scenario3.testServiceWithoutApiKey(Scenario3.java:13)
	at HCLAssesmnt.Assesment.Scenario3.testServiceWithoutApiKey(Scenario3.java:13)
	at HCLAssesmnt.Assesment.Scenario3.testServiceWithoutApiKey(Scenario3.java:13)
	at HCLAssesmnt.Assesment.Scenario3.testServiceWithoutApiKey(Scenario3.java:13)
	at HCLAssesmnt.Assesment.Scenario3.testServiceWithoutApiKey(Scenario3.java:13)
	at HCLAssesmnt.Assesment.Scenario3.testServiceWithoutApiKey(Scenario3.java:13)
	at HCLAssesmnt.Assesment.Scenario3.testServiceWithoutApiKey(Scenario3.java:13)
	at HCLAssesmnt.Assesment.Scenario3.testServiceWithoutApiKey(Scenario3.java:13)
	at HCLAssesmnt.Assesment.Scenario3.testServiceWithoutApiKey(Scenario3.java:13)
	at HCLAssesmnt.Assesment.Scenario3.testServiceWithoutApiKey(Scenario3.java:13)
	at HCLAssesmnt.Assesment.Scenario3.testServiceWithoutApiKey(Scenario3.java:13)
	at HCLAssesmnt.Assesment.Scenario3.testServiceWithoutApiKey(Scenario3.java:13)
	at HCLAssesmnt.Assesment.Scenario3.testServiceWithoutApiKey(Scenario3.java:13)
	at HCLAssesmnt.Assesment.Scenario3.testServiceWithoutApiKey(Scenario3.java:13)
	at HCLAssesmnt.Assesment.Scenario3.testServiceWithoutApiKey(Scenario3.java:13)
	at HCLAssesmnt.Assesment.Scenario3.testServiceWithoutApiKey(Scenario3.java:13)
	at HCLAssesmnt.Assesment.Scenario3.testServiceWithoutApiKey(Scenario3.java:13)
	at HCLAssesmnt.Assesment.Scenario3.testServiceWithoutApiKey(Scenario3.java:13)
	at HCLAssesmnt.Assesment.Scenario3.testServiceWithoutApiKey(Scenario3.java:13)
	at HCLAssesmnt.Assesment.Scenario3.testServiceWithoutApiKey(Scenario3.java:13)
	at HCLAssesmnt.Assesment.Scenario3.testServiceWithoutApiKey(Scenario3.java:13)
	at HCLAssesmnt.Assesment.Scenario3.testServiceWithoutApiKey(Scenario3.java:13)
	at HCLAssesmnt.Assesment.Scenario3.testServiceWithoutApiKey(Scenario3.java:13)
	at HCLAssesmnt.Assesment.Scenario3.testServiceWithoutApiKey(Scenario3.java:13)
	at HCLAssesmnt.Assesment.Scenario3.testServiceWithoutApiKey(Scenario3.java:13)
	at HCLAssesmnt.Assesment.Scenario3.testServiceWithoutApiKey(Scenario3.java:13)
	at HCLAssesmnt.Assesment.Scenario3.testServiceWithoutApiKey(Scenario3.java:13)
	at HCLAssesmnt.Assesment.Scenario3.testServiceWithoutApiKey(Scenario3.java:13)
	at HCLAssesmnt.Assesment.Scenario3.testServiceWithoutApiKey(Scenario3.java:13)
	at HCLAssesmnt.Assesment.Scenario3.testServiceWithoutApiKey(Scenario3.java:13)
	at HCLAssesmnt.Assesment.Scenario3.testServiceWithoutApiKey(Scenario3.java:13)
	at HCLAssesmnt.Assesment.Scenario3.testServiceWithoutApiKey(Scenario3.java:13)
	at HCLAssesmnt.Assesment.Scenario3.testServiceWithoutApiKey(Scenario3.java:13)
	at HCLAssesmnt.Assesment.Scenario3.testServiceWithoutApiKey(Scenario3.java:13)
	at HCLAssesmnt.Assesment.Scenario3.testServiceWithoutApiKey(Scenario3.java:13)
	at HCLAssesmnt.Assesment.Scenario3.testServiceWithoutApiKey(Scenario3.java:13)
	at HCLAssesmnt.Assesment.Scenario3.testServiceWithoutApiKey(Scenario3.java:13)
	at HCLAssesmnt.Assesment.Scenario3.testServiceWithoutApiKey(Scenario3.java:13)
	at HCLAssesmnt.Assesment.Scenario3.testServiceWithoutApiKey(Scenario3.java:13)
	at HCLAssesmnt.Assesment.Scenario3.testServiceWithoutApiKey(Scenario3.java:13)
	at HCLAssesmnt.Assesment.Scenario3.testServiceWithoutApiKey(Scenario3.java:13)
	at HCLAssesmnt.Assesment.Scenario3.testServiceWithoutApiKey(Scenario3.java:13)
	at HCLAssesmnt.Assesment.Scenario3.testServiceWithoutApiKey(Scenario3.java:13)
	at HCLAssesmnt.Assesment.Scenario3.testServiceWithoutApiKey(Scenario3.java:13)
	at HCLAssesmnt.Assesment.Scenario3.testServiceWithoutApiKey(Scenario3.java:13)
	at HCLAssesmnt.Assesment.Scenario3.testServiceWithoutApiKey(Scenario3.java:13)
	at HCLAssesmnt.Assesment.Scenario3.testServiceWithoutApiKey(Scenario3.java:13)
	at HCLAssesmnt.Assesment.Scenario3.testServiceWithoutApiKey(Scenario3.java:13)
	at HCLAssesmnt.Assesment.Scenario3.testServiceWithoutApiKey(Scenario3.java:13)
	at HCLAssesmnt.Assesment.Scenario3.testServiceWithoutApiKey(Scenario3.java:13)
	at HCLAssesmnt.Assesment.Scenario3.testServiceWithoutApiKey(Scenario3.java:13)
	at HCLAssesmnt.Assesment.Scenario3.testServiceWithoutApiKey(Scenario3.java:13)
	at HCLAssesmnt.Assesment.Scenario3.testServiceWithoutApiKey(Scenario3.java:13)
	at HCLAssesmnt.Assesment.Scenario3.testServiceWithoutApiKey(Scenario3.java:13)
	at HCLAssesmnt.Assesment.Scenario3.testServiceWithoutApiKey(Scenario3.java:13)
	at HCLAssesmnt.Assesment.Scenario3.testServiceWithoutApiKey(Scenario3.java:13)
	at HCLAssesmnt.Assesment.Scenario3.testServiceWithoutApiKey(Scenario3.java:13)
	at HCLAssesmnt.Assesment.Scenario3.testServiceWithoutApiKey(Scenario3.java:13)
	at HCLAssesmnt.Assesment.Scenario3.testServiceWithoutApiKey(Scenario3.java:13)
	at HCLAssesmnt.Assesment.Scenario3.testServiceWithoutApiKey(Scenario3.java:13)
	at HCLAssesmnt.Assesment.Scenario3.testServiceWithoutApiKey(Scenario3.java:13)
	at HCLAssesmnt.Assesment.Scenario3.testServiceWithoutApiKey(Scenario3.java:13)
	at HCLAssesmnt.Assesment.Scenario3.testServiceWithoutApiKey(Scenario3.java:13)
	at HCLAssesmnt.Assesment.Scenario3.testServiceWithoutApiKey(Scenario3.java:13)
	at HCLAssesmnt.Assesment.Scenario3.testServiceWithoutApiKey(Scenario3.java:13)
	at HCLAssesmnt.Assesment.Scenario3.testServiceWithoutApiKey(Scenario3.java:13)
	at HCLAssesmnt.Assesment.Scenario3.testServiceWithoutApiKey(Scenario3.java:13)
	at HCLAssesmnt.Assesment.Scenario3.testServiceWithoutApiKey(Scenario3.java:13)
	at HCLAssesmnt.Assesment.Scenario3.testServiceWithoutApiKey(Scenario3.java:13)
	at HCLAssesmnt.Assesment.Scenario3.testServiceWithoutApiKey(Scenario3.java:13)
	at HCLAssesmnt.Assesment.Scenario3.testServiceWithoutApiKey(Scenario3.java:13)
	at HCLAssesmnt.Assesment.Scenario3.testServiceWithoutApiKey(Scenario3.java:13)
	at HCLAssesmnt.Assesment.Scenario3.testServiceWithoutApiKey(Scenario3.java:13)
	at HCLAssesmnt.Assesment.Scenario3.testServiceWithoutApiKey(Scenario3.java:13)
	at HCLAssesmnt.Assesment.Scenario3.testServiceWithoutApiKey(Scenario3.java:13)
	at HCLAssesmnt.Assesment.Scenario3.testServiceWithoutApiKey(Scenario3.java:13)
	at HCLAssesmnt.Assesment.Scenario3.testServiceWithoutApiKey(Scenario3.java:13)
	at HCLAssesmnt.Assesment.Scenario3.testServiceWithoutApiKey(Scenario3.java:13)
	at HCLAssesmnt.Assesment.Scenario3.testServiceWithoutApiKey(Scenario3.java:13)
	at HCLAssesmnt.Assesment.Scenario3.testServiceWithoutApiKey(Scenario3.java:13)
	at HCLAssesmnt.Assesment.Scenario3.testServiceWithoutApiKey(Scenario3.java:13)
	at HCLAssesmnt.Assesment.Scenario3.testServiceWithoutApiKey(Scenario3.java:13)
	at HCLAssesmnt.Assesment.Scenario3.testServiceWithoutApiKey(Scenario3.java:13)
	at HCLAssesmnt.Assesment.Scenario3.testServiceWithoutApiKey(Scenario3.java:13)
	at HCLAssesmnt.Assesment.Scenario3.testServiceWithoutApiKey(Scenario3.java:13)
	at HCLAssesmnt.Assesment.Scenario3.testServiceWithoutApiKey(Scenario3.java:13)
	at HCLAssesmnt.Assesment.Scenario3.testServiceWithoutApiKey(Scenario3.java:13)
	at HCLAssesmnt.Assesment.Scenario3.testServiceWithoutApiKey(Scenario3.java:13)
	at HCLAssesmnt.Assesment.Scenario3.testServiceWithoutApiKey(Scenario3.java:13)
	at HCLAssesmnt.Assesment.Scenario3.testServiceWithoutApiKey(Scenario3.java:13)
	at HCLAssesmnt.Assesment.Scenario3.testServiceWithoutApiKey(Scenario3.java:13)
[...]
	at HCLAssesmnt.Assesment.Scenario3.getAddedStations(Scenario3.java:20)
	at HCLAssesmnt.Assesment.Scenario3.getAddedStations(Scenario3.java:20)
	at HCLAssesmnt.Assesment.Scenario3.getAddedStations(Scenario3.java:20)
	at HCLAssesmnt.Assesment.Scenario3.getAddedStations(Scenario3.java:20)
	at HCLAssesmnt.Assesment.Scenario3.getAddedStations(Scenario3.java:20)
	at HCLAssesmnt.Assesment.Scenario3.getAddedStations(Scenario3.java:20)
	at HCLAssesmnt.Assesment.Scenario3.getAddedStations(Scenario3.java:20)
	at HCLAssesmnt.Assesment.Scenario3.getAddedStations(Scenario3.java:20)
	at HCLAssesmnt.Assesment.Scenario3.getAddedStations(Scenario3.java:20)
	at HCLAssesmnt.Assesment.Scenario3.getAddedStations(Scenario3.java:20)
	at HCLAssesmnt.Assesment.Scenario3.getAddedStations(Scenario3.java:20)
	at HCLAssesmnt.Assesment.Scenario3.getAddedStations(Scenario3.java:20)
	at HCLAssesmnt.Assesment.Scenario3.getAddedStations(Scenario3.java:20)
	at HCLAssesmnt.Assesment.Scenario3.getAddedStations(Scenario3.java:20)
	at HCLAssesmnt.Assesment.Scenario3.getAddedStations(Scenario3.java:20)
	at HCLAssesmnt.Assesment.Scenario3.getAddedStations(Scenario3.java:20)
	at HCLAssesmnt.Assesment.Scenario3.getAddedStations(Scenario3.java:20)
	at HCLAssesmnt.Assesment.Scenario3.getAddedStations(Scenario3.java:20)
	at HCLAssesmnt.Assesment.Scenario3.getAddedStations(Scenario3.java:20)
	at HCLAssesmnt.Assesment.Scenario3.getAddedStations(Scenario3.java:20)
	at HCLAssesmnt.Assesment.Scenario3.getAddedStations(Scenario3.java:20)
	at HCLAssesmnt.Assesment.Scenario3.getAddedStations(Scenario3.java:20)
	at HCLAssesmnt.Assesment.Scenario3.getAddedStations(Scenario3.java:20)
	at HCLAssesmnt.Assesment.Scenario3.getAddedStations(Scenario3.java:20)
	at HCLAssesmnt.Assesment.Scenario3.getAddedStations(Scenario3.java:20)
	at HCLAssesmnt.Assesment.Scenario3.getAddedStations(Scenario3.java:20)
	at HCLAssesmnt.Assesment.Scenario3.getAddedStations(Scenario3.java:20)
	at HCLAssesmnt.Assesment.Scenario3.getAddedStations(Scenario3.java:20)
	at HCLAssesmnt.Assesment.Scenario3.getAddedStations(Scenario3.java:20)
	at HCLAssesmnt.Assesment.Scenario3.getAddedStations(Scenario3.java:20)
	at HCLAssesmnt.Assesment.Scenario3.getAddedStations(Scenario3.java:20)
	at HCLAssesmnt.Assesment.Scenario3.getAddedStations(Scenario3.java:20)
	at HCLAssesmnt.Assesment.Scenario3.getAddedStations(Scenario3.java:20)
	at HCLAssesmnt.Assesment.Scenario3.getAddedStations(Scenario3.java:20)
	at HCLAssesmnt.Assesment.Scenario3.getAddedStations(Scenario3.java:20)
	at HCLAssesmnt.Assesment.Scenario3.getAddedStations(Scenario3.java:20)
	at HCLAssesmnt.Assesment.Scenario3.getAddedStations(Scenario3.java:20)
	at HCLAssesmnt.Assesment.Scenario3.getAddedStations(Scenario3.java:20)
	at HCLAssesmnt.Assesment.Scenario3.getAddedStations(Scenario3.java:20)
	at HCLAssesmnt.Assesment.Scenario3.getAddedStations(Scenario3.java:20)
	at HCLAssesmnt.Assesment.Scenario3.getAddedStations(Scenario3.java:20)
	at HCLAssesmnt.Assesment.Scenario3.getAddedStations(Scenario3.java:20)
	at HCLAssesmnt.Assesment.Scenario3.getAddedStations(Scenario3.java:20)
	at HCLAssesmnt.Assesment.Scenario3.getAddedStations(Scenario3.java:20)
	at HCLAssesmnt.Assesment.Scenario3.getAddedStations(Scenario3.java:20)
	at HCLAssesmnt.Assesment.Scenario3.getAddedStations(Scenario3.java:20)
	at HCLAssesmnt.Assesment.Scenario3.getAddedStations(Scenario3.java:20)
	at HCLAssesmnt.Assesment.Scenario3.getAddedStations(Scenario3.java:20)
	at HCLAssesmnt.Assesment.Scenario3.getAddedStations(Scenario3.java:20)
	at HCLAssesmnt.Assesment.Scenario3.getAddedStations(Scenario3.java:20)
	at HCLAssesmnt.Assesment.Scenario3.getAddedStations(Scenario3.java:20)
	at HCLAssesmnt.Assesment.Scenario3.getAddedStations(Scenario3.java:20)
	at HCLAssesmnt.Assesment.Scenario3.getAddedStations(Scenario3.java:20)
	at HCLAssesmnt.Assesment.Scenario3.getAddedStations(Scenario3.java:20)
	at HCLAssesmnt.Assesment.Scenario3.getAddedStations(Scenario3.java:20)
	at HCLAssesmnt.Assesment.Scenario3.getAddedStations(Scenario3.java:20)
	at HCLAssesmnt.Assesment.Scenario3.getAddedStations(Scenario3.java:20)
	at HCLAssesmnt.Assesment.Scenario3.getAddedStations(Scenario3.java:20)
	at HCLAssesmnt.Assesment.Scenario3.getAddedStations(Scenario3.java:20)
	at HCLAssesmnt.Assesment.Scenario3.getAddedStations(Scenario3.java:20)
	at HCLAssesmnt.Assesment.Scenario3.getAddedStations(Scenario3.java:20)
	at HCLAssesmnt.Assesment.Scenario3.getAddedStations(Scenario3.java:20)
	at HCLAssesmnt.Assesment.Scenario3.getAddedStations(Scenario3.java:20)
	at HCLAssesmnt.Assesment.Scenario3.getAddedStations(Scenario3.java:20)
	at HCLAssesmnt.Assesment.Scenario3.getAddedStations(Scenario3.java:20)
	at HCLAssesmnt.Assesment.Scenario3.getAddedStations(Scenario3.java:20)
	at HCLAssesmnt.Assesment.Scenario3.getAddedStations(Scenario3.java:20)
	at HCLAssesmnt.Assesment.Scenario3.getAddedStations(Scenario3.java:20)
	at HCLAssesmnt.Assesment.Scenario3.getAddedStations(Scenario3.java:20)
	at HCLAssesmnt.Assesment.Scenario3.getAddedStations(Scenario3.java:20)
	at HCLAssesmnt.Assesment.Scenario3.getAddedStations(Scenario3.java:20)
	at HCLAssesmnt.Assesment.Scenario3.getAddedStations(Scenario3.java:20)
	at HCLAssesmnt.Assesment.Scenario3.getAddedStations(Scenario3.java:20)
	at HCLAssesmnt.Assesment.Scenario3.getAddedStations(Scenario3.java:20)
	at HCLAssesmnt.Assesment.Scenario3.getAddedStations(Scenario3.java:20)
	at HCLAssesmnt.Assesment.Scenario3.getAddedStations(Scenario3.java:20)
	at HCLAssesmnt.Assesment.Scenario3.getAddedStations(Scenario3.java:20)
	at HCLAssesmnt.Assesment.Scenario3.getAddedStations(Scenario3.java:20)
	at HCLAssesmnt.Assesment.Scenario3.getAddedStations(Scenario3.java:20)
	at HCLAssesmnt.Assesment.Scenario3.getAddedStations(Scenario3.java:20)
	at HCLAssesmnt.Assesment.Scenario3.getAddedStations(Scenario3.java:20)
	at HCLAssesmnt.Assesment.Scenario3.getAddedStations(Scenario3.java:20)
	at HCLAssesmnt.Assesment.Scenario3.getAddedStations(Scenario3.java:20)
	at HCLAssesmnt.Assesment.Scenario3.getAddedStations(Scenario3.java:20)
	at HCLAssesmnt.Assesment.Scenario3.getAddedStations(Scenario3.java:20)
	at HCLAssesmnt.Assesment.Scenario3.getAddedStations(Scenario3.java:20)
	at HCLAssesmnt.Assesment.Scenario3.getAddedStations(Scenario3.java:20)
	at HCLAssesmnt.Assesment.Scenario3.getAddedStations(Scenario3.java:20)
	at HCLAssesmnt.Assesment.Scenario3.getAddedStations(Scenario3.java:20)
	at HCLAssesmnt.Assesment.Scenario3.getAddedStations(Scenario3.java:20)
	at HCLAssesmnt.Assesment.Scenario3.getAddedStations(Scenario3.java:20)
	at HCLAssesmnt.Assesment.Scenario3.getAddedStations(Scenario3.java:20)
	at HCLAssesmnt.Assesment.Scenario3.getAddedStations(Scenario3.java:20)
	at HCLAssesmnt.Assesment.Scenario3.getAddedStations(Scenario3.java:20)
	at HCLAssesmnt.Assesment.Scenario3.getAddedStations(Scenario3.java:20)
	at HCLAssesmnt.Assesment.Scenario3.getAddedStations(Scenario3.java:20)
	at HCLAssesmnt.Assesment.Scenario3.getAddedStations(Scenario3.java:20)
	at HCLAssesmnt.Assesment.Scenario3.getAddedStations(Scenario3.java:20)
	at HCLAssesmnt.Assesment.Scenario3.getAddedStations(Scenario3.java:20)
	at HCLAssesmnt.Assesment.Scenario3.getAddedStations(Scenario3.java:20)
	at HCLAssesmnt.Assesment.Scenario3.getAddedStations(Scenario3.java:20)
	at HCLAssesmnt.Assesment.Scenario3.getAddedStations(Scenario3.java:20)
	at HCLAssesmnt.Assesment.Scenario3.getAddedStations(Scenario3.java:20)
	at HCLAssesmnt.Assesment.Scenario3.getAddedStations(Scenario3.java:20)
	at HCLAssesmnt.Assesment.Scenario3.getAddedStations(Scenario3.java:20)
	at HCLAssesmnt.Assesment.Scenario3.getAddedStations(Scenario3.java:20)
	at HCLAssesmnt.Assesment.Scenario3.getAddedStations(Scenario3.java:20)
	at HCLAssesmnt.Assesment.Scenario3.getAddedStations(Scenario3.java:20)
	at HCLAssesmnt.Assesment.Scenario3.getAddedStations(Scenario3.java:20)
	at HCLAssesmnt.Assesment.Scenario3.getAddedStations(Scenario3.java:20)
	at HCLAssesmnt.Assesment.Scenario3.getAddedStations(Scenario3.java:20)
	at HCLAssesmnt.Assesment.Scenario3.getAddedStations(Scenario3.java:20)
	at HCLAssesmnt.Assesment.Scenario3.getAddedStations(Scenario3.java:20)
	at HCLAssesmnt.Assesment.Scenario3.getAddedStations(Scenario3.java:20)
	at HCLAssesmnt.Assesment.Scenario3.getAddedStations(Scenario3.java:20)
	at HCLAssesmnt.Assesment.Scenario3.getAddedStations(Scenario3.java:20)
	at HCLAssesmnt.Assesment.Scenario3.getAddedStations(Scenario3.java:20)
	at HCLAssesmnt.Assesment.Scenario3.getAddedStations(Scenario3.java:20)
	at HCLAssesmnt.Assesment.Scenario3.getAddedStations(Scenario3.java:20)
	at HCLAssesmnt.Assesment.Scenario3.getAddedStations(Scenario3.java:20)
	at HCLAssesmnt.Assesment.Scenario3.getAddedStations(Scenario3.java:20)
	at HCLAssesmnt.Assesment.Scenario3.getAddedStations(Scenario3.java:20)
	at HCLAssesmnt.Assesment.Scenario3.getAddedStations(Scenario3.java:20)
	at HCLAssesmnt.Assesment.Scenario3.getAddedStations(Scenario3.java:20)
	at HCLAssesmnt.Assesment.Scenario3.getAddedStations(Scenario3.java:20)
	at HCLAssesmnt.Assesment.Scenario3.getAddedStations(Scenario3.java:20)
	at HCLAssesmnt.Assesment.Scenario3.getAddedStations(Scenario3.java:20)
	at HCLAssesmnt.Assesment.Scenario3.getAddedStations(Scenario3.java:20)
	at HCLAssesmnt.Assesment.Scenario3.getAddedStations(Scenario3.java:20)
	at HCLAssesmnt.Assesment.Scenario3.getAddedStations(Scenario3.java:20)
	at HCLAssesmnt.Assesment.Scenario3.getAddedStations(Scenario3.java:20)
	at HCLAssesmnt.Assesment.Scenario3.getAddedStations(Scenario3.java:20)
	at HCLAssesmnt.Assesment.Scenario3.getAddedStations(Scenario3.java:20)
	at HCLAssesmnt.Assesment.Scenario3.getAddedStations(Scenario3.java:20)
	at HCLAssesmnt.Assesment.Scenario3.getAddedStations(Scenario3.java:20)
	at HCLAssesmnt.Assesment.Scenario3.getAddedStations(Scenario3.java:20)
	at HCLAssesmnt.Assesment.Scenario3.getAddedStations(Scenario3.java:20)
	at HCLAssesmnt.Assesment.Scenario3.getAddedStations(Scenario3.java:20)
	at HCLAssesmnt.Assesment.Scenario3.getAddedStations(Scenario3.java:20)
	at HCLAssesmnt.Assesment.Scenario3.getAddedStations(Scenario3.java:20)
	at HCLAssesmnt.Assesment.Scenario3.getAddedStations(Scenario3.java:20)
	at HCLAssesmnt.Assesment.Scenario3.getAddedStations(Scenario3.java:20)
	at HCLAssesmnt.Assesment.Scenario3.getAddedStations(Scenario3.java:20)
	at HCLAssesmnt.Assesment.Scenario3.getAddedStations(Scenario3.java:20)
	at HCLAssesmnt.Assesment.Scenario3.getAddedStations(Scenario3.java:20)
	at HCLAssesmnt.Assesment.Scenario3.getAddedStations(Scenario3.java:20)
	at HCLAssesmnt.Assesment.Scenario3.getAddedStations(Scenario3.java:20)
	at HCLAssesmnt.Assesment.Scenario3.getAddedStations(Scenario3.java:20)
	at HCLAssesmnt.Assesment.Scenario3.getAddedStations(Scenario3.java:20)
	at HCLAssesmnt.Assesment.Scenario3.getAddedStations(Scenario3.java:20)
	at HCLAssesmnt.Assesment.Scenario3.getAddedStations(Scenario3.java:20)
	at HCLAssesmnt.Assesment.Scenario3.getAddedStations(Scenario3.java:20)
	at HCLAssesmnt.Assesment.Scenario3.getAddedStations(Scenario3.java:20)
	at HCLAssesmnt.Assesment.Scenario3.getAddedStations(Scenario3.java:20)
	at HCLAssesmnt.Assesment.Scenario3.getAddedStations(Scenario3.java:20)
	at HCLAssesmnt.Assesment.Scenario3.getAddedStations(Scenario3.java:20)
	at HCLAssesmnt.Assesment.Scenario3.getAddedStations(Scenario3.java:20)
	at HCLAssesmnt.Assesment.Scenario3.getAddedStations(Scenario3.java:20)
	at HCLAssesmnt.Assesment.Scenario3.getAddedStations(Scenario3.java:20)
	at HCLAssesmnt.Assesment.Scenario3.getAddedStations(Scenario3.java:20)
	at HCLAssesmnt.Assesment.Scenario3.getAddedStations(Scenario3.java:20)
	at HCLAssesmnt.Assesment.Scenario3.getAddedStations(Scenario3.java:20)
	at HCLAssesmnt.Assesment.Scenario3.getAddedStations(Scenario3.java:20)
	at HCLAssesmnt.Assesment.Scenario3.getAddedStations(Scenario3.java:20)
	at HCLAssesmnt.Assesment.Scenario3.getAddedStations(Scenario3.java:20)
	at HCLAssesmnt.Assesment.Scenario3.getAddedStations(Scenario3.java:20)
	at HCLAssesmnt.Assesment.Scenario3.getAddedStations(Scenario3.java:20)
	at HCLAssesmnt.Assesment.Scenario3.getAddedStations(Scenario3.java:20)
	at HCLAssesmnt.Assesment.Scenario3.getAddedStations(Scenario3.java:20)
	at HCLAssesmnt.Assesment.Scenario3.getAddedStations(Scenario3.java:20)
	at HCLAssesmnt.Assesment.Scenario3.getAddedStations(Scenario3.java:20)
	at HCLAssesmnt.Assesment.Scenario3.getAddedStations(Scenario3.java:20)
	at HCLAssesmnt.Assesment.Scenario3.getAddedStations(Scenario3.java:20)
	at HCLAssesmnt.Assesment.Scenario3.getAddedStations(Scenario3.java:20)
	at HCLAssesmnt.Assesment.Scenario3.getAddedStations(Scenario3.java:20)
	at HCLAssesmnt.Assesment.Scenario3.getAddedStations(Scenario3.java:20)
	at HCLAssesmnt.Assesment.Scenario3.getAddedStations(Scenario3.java:20)
	at HCLAssesmnt.Assesment.Scenario3.getAddedStations(Scenario3.java:20)
	at HCLAssesmnt.Assesment.Scenario3.getAddedStations(Scenario3.java:20)
	at HCLAssesmnt.Assesment.Scenario3.getAddedStations(Scenario3.java:20)
	at HCLAssesmnt.Assesment.Scenario3.getAddedStations(Scenario3.java:20)
	at HCLAssesmnt.Assesment.Scenario3.getAddedStations(Scenario3.java:20)
	at HCLAssesmnt.Assesment.Scenario3.getAddedStations(Scenario3.java:20)
	at HCLAssesmnt.Assesment.Scenario3.getAddedStations(Scenario3.java:20)
	at HCLAssesmnt.Assesment.Scenario3.getAddedStations(Scenario3.java:20)
	at HCLAssesmnt.Assesment.Scenario3.getAddedStations(Scenario3.java:20)
	at HCLAssesmnt.Assesment.Scenario3.getAddedStations(Scenario3.java:20)
	at HCLAssesmnt.Assesment.Scenario3.getAddedStations(Scenario3.java:20)
	at HCLAssesmnt.Assesment.Scenario3.getAddedStations(Scenario3.java:20)
	at HCLAssesmnt.Assesment.Scenario3.getAddedStations(Scenario3.java:20)
	at HCLAssesmnt.Assesment.Scenario3.getAddedStations(Scenario3.java:20)
	at HCLAssesmnt.Assesment.Scenario3.getAddedStations(Scenario3.java:20)
	at HCLAssesmnt.Assesment.Scenario3.getAddedStations(Scenario3.java:20)
	at HCLAssesmnt.Assesment.Scenario3.getAddedStations(Scenario3.java:20)
	at HCLAssesmnt.Assesment.Scenario3.getAddedStations(Scenario3.java:20)
	at HCLAssesmnt.Assesment.Scenario3.getAddedStations(Scenario3.java:20)
	at HCLAssesmnt.Assesment.Scenario3.getAddedStations(Scenario3.java:20)
	at HCLAssesmnt.Assesment.Scenario3.getAddedStations(Scenario3.java:20)
	at HCLAssesmnt.Assesment.Scenario3.getAddedStations(Scenario3.java:20)
	at HCLAssesmnt.Assesment.Scenario3.getAddedStations(Scenario3.java:20)
	at HCLAssesmnt.Assesment.Scenario3.getAddedStations(Scenario3.java:20)
	at HCLAssesmnt.Assesment.Scenario3.getAddedStations(Scenario3.java:20)
	at HCLAssesmnt.Assesment.Scenario3.getAddedStations(Scenario3.java:20)
	at HCLAssesmnt.Assesment.Scenario3.getAddedStations(Scenario3.java:20)
	at HCLAssesmnt.Assesment.Scenario3.getAddedStations(Scenario3.java:20)
	at HCLAssesmnt.Assesment.Scenario3.getAddedStations(Scenario3.java:20)
	at HCLAssesmnt.Assesment.Scenario3.getAddedStations(Scenario3.java:20)
	at HCLAssesmnt.Assesment.Scenario3.getAddedStations(Scenario3.java:20)
	at HCLAssesmnt.Assesment.Scenario3.getAddedStations(Scenario3.java:20)
	at HCLAssesmnt.Assesment.Scenario3.getAddedStations(Scenario3.java:20)
	at HCLAssesmnt.Assesment.Scenario3.getAddedStations(Scenario3.java:20)
	at HCLAssesmnt.Assesment.Scenario3.getAddedStations(Scenario3.java:20)
	at HCLAssesmnt.Assesment.Scenario3.getAddedStations(Scenario3.java:20)
	at HCLAssesmnt.Assesment.Scenario3.getAddedStations(Scenario3.java:20)
	at HCLAssesmnt.Assesment.Scenario3.getAddedStations(Scenario3.java:20)
	at HCLAssesmnt.Assesment.Scenario3.getAddedStations(Scenario3.java:20)
	at HCLAssesmnt.Assesment.Scenario3.getAddedStations(Scenario3.java:20)
	at HCLAssesmnt.Assesment.Scenario3.getAddedStations(Scenario3.java:20)
	at HCLAssesmnt.Assesment.Scenario3.getAddedStations(Scenario3.java:20)
	at HCLAssesmnt.Assesment.Scenario3.getAddedStations(Scenario3.java:20)
	at HCLAssesmnt.Assesment.Scenario3.getAddedStations(Scenario3.java:20)
	at HCLAssesmnt.Assesment.Scenario3.getAddedStations(Scenario3.java:20)
	at HCLAssesmnt.Assesment.Scenario3.getAddedStations(Scenario3.java:20)
	at HCLAssesmnt.Assesment.Scenario3.getAddedStations(Scenario3.java:20)
	at HCLAssesmnt.Assesment.Scenario3.getAddedStations(Scenario3.java:20)
	at HCLAssesmnt.Assesment.Scenario3.getAddedStations(Scenario3.java:20)
	at HCLAssesmnt.Assesment.Scenario3.getAddedStations(Scenario3.java:20)
	at HCLAssesmnt.Assesment.Scenario3.getAddedStations(Scenario3.java:20)
	at HCLAssesmnt.Assesment.Scenario3.getAddedStations(Scenario3.java:20)
	at HCLAssesmnt.Assesment.Scenario3.getAddedStations(Scenario3.java:20)
	at HCLAssesmnt.Assesment.Scenario3.getAddedStations(Scenario3.java:20)
	at HCLAssesmnt.Assesment.Scenario3.getAddedStations(Scenario3.java:20)
	at HCLAssesmnt.Assesment.Scenario3.getAddedStations(Scenario3.java:20)
	at HCLAssesmnt.Assesment.Scenario3.getAddedStations(Scenario3.java:20)
	at HCLAssesmnt.Assesment.Scenario3.getAddedStations(Scenario3.java:20)
	at HCLAssesmnt.Assesment.Scenario3.getAddedStations(Scenario3.java:20)
	at HCLAssesmnt.Assesment.Scenario3.getAddedStations(Scenario3.java:20)
	at HCLAssesmnt.Assesment.Scenario3.getAddedStations(Scenario3.java:20)
	at HCLAssesmnt.Assesment.Scenario3.getAddedStations(Scenario3.java:20)
	at HCLAssesmnt.Assesment.Scenario3.getAddedStations(Scenario3.java:20)
	at HCLAssesmnt.Assesment.Scenario3.getAddedStations(Scenario3.java:20)
	at HCLAssesmnt.Assesment.Scenario3.getAddedStations(Scenario3.java:20)
	at HCLAssesmnt.Assesment.Scenario3.getAddedStations(Scenario3.java:20)
	at HCLAssesmnt.Assesment.Scenario3.getAddedStations(Scenario3.java:20)
	at HCLAssesmnt.Assesment.Scenario3.getAddedStations(Scenario3.java:20)
	at HCLAssesmnt.Assesment.Scenario3.getAddedStations(Scenario3.java:20)
	at HCLAssesmnt.Assesment.Scenario3.getAddedStations(Scenario3.java:20)
	at HCLAssesmnt.Assesment.Scenario3.getAddedStations(Scenario3.java:20)
	at HCLAssesmnt.Assesment.Scenario3.getAddedStations(Scenario3.java:20)
	at HCLAssesmnt.Assesment.Scenario3.getAddedStations(Scenario3.java:20)
	at HCLAssesmnt.Assesment.Scenario3.getAddedStations(Scenario3.java:20)
	at HCLAssesmnt.Assesment.Scenario3.getAddedStations(Scenario3.java:20)
	at HCLAssesmnt.Assesment.Scenario3.getAddedStations(Scenario3.java:20)
	at HCLAssesmnt.Assesment.Scenario3.getAddedStations(Scenario3.java:20)
	at HCLAssesmnt.Assesment.Scenario3.getAddedStations(Scenario3.java:20)
	at HCLAssesmnt.Assesment.Scenario3.getAddedStations(Scenario3.java:20)
	at HCLAssesmnt.Assesment.Scenario3.getAddedStations(Scenario3.java:20)
	at HCLAssesmnt.Assesment.Scenario3.getAddedStations(Scenario3.java:20)
	at HCLAssesmnt.Assesment.Scenario3.getAddedStations(Scenario3.java:20)
	at HCLAssesmnt.Assesment.Scenario3.getAddedStations(Scenario3.java:20)
	at HCLAssesmnt.Assesment.Scenario3.getAddedStations(Scenario3.java:20)
	at HCLAssesmnt.Assesment.Scenario3.getAddedStations(Scenario3.java:20)
	at HCLAssesmnt.Assesment.Scenario3.getAddedStations(Scenario3.java:20)
	at HCLAssesmnt.Assesment.Scenario3.getAddedStations(Scenario3.java:20)
	at HCLAssesmnt.Assesment.Scenario3.getAddedStations(Scenario3.java:20)
	at HCLAssesmnt.Assesment.Scenario3.getAddedStations(Scenario3.java:20)
	at HCLAssesmnt.Assesment.Scenario3.getAddedStations(Scenario3.java:20)
	at HCLAssesmnt.Assesment.Scenario3.getAddedStations(Scenario3.java:20)
	at HCLAssesmnt.Assesment.Scenario3.getAddedStations(Scenario3.java:20)
]]>
            </full-stacktrace>
          </exception> <!-- java.lang.StackOverflowError -->
          <reporter-output>
          </reporter-output>
        </test-method> <!-- getAddedStations -->
      </class> <!-- HCLAssesmnt.Assesment.Scenario3 -->
    </test> <!-- Default test -->
  </suite> <!-- Default suite -->
</testng-results>
