<?xml version="1.0" encoding="UTF-8"?>
<!-- Generated by org.testng.reporters.JUnitReportReporter -->
<testsuite skipped="0" hostname="NBSP000BOP-TP" name="HCLAssesmnt.Assesment.Scenario3" tests="3" failures="0" timestamp="24 Feb 2021 03:27:42 GMT" time="0.019" errors="3">
  <testcase name="testServiceWithoutApiKey" time="0.016" classname="HCLAssesmnt.Assesment.Scenario3">
    <error type="java.lang.StackOverflowError">
      <![CDATA[java.lang.StackOverflowError
	at HCLAssesmnt.Assesment.Scenario3.testServiceWithoutApiKey(Scenario3.java:13)
	at HCLAssesmnt.Assesment.Scenario3.testServiceWithoutApiKey(Scenario3.java:13)
	at HCLAssesmnt.Assesment.Scenario3.testServiceWithoutApiKey(Scenario3.java:13)
	at HCLAssesmnt.Assesment.Scenario3.testServiceWithoutApiKey(Scenario3.java:13)
	at HCLAssesmnt.Assesment.Scenario3.testServiceWithoutApiKey(Scenario3.java:13)
	at HCLAssesmnt.Assesment.Scenario3.testServiceWithoutApiKey(Scenario3.java:13)
	at HCLAssesmnt.Assesment.Scenario3.testServiceWithoutApiKey(Scenario3.java:13)
	at HCLAssesmnt.Assesment.Scenario3.testServiceWithoutApiKey(Scenario3.java:13)
	at HCLAssesmnt.Assesment.Scenario3.testServiceWithoutApiKey(Scenario3.java:13)
	at HCLAssesmnt.Assesment.Scenario3.testServiceWithoutApiKey(Scenario3.java:13)
	at HCLAssesmnt.Assesment.Scenario3.testServiceWithoutApiKey(Scenario3.java:13)
	at HCLAssesmnt.Assesment.Scenario3.testServiceWithoutApiKey(Scenario3.java:13)
	at HCLAssesmnt.Assesment.Scenario3.testServiceWithoutApiKey(Scenario3.java:13)
	at HCLAssesmnt.Assesment.Scenario3.testServiceWithoutApiKey(Scenario3.java:13)
	at HCLAssesmnt.Assesment.Scenario3.testServiceWithoutApiKey(Scenario3.java:13)
	at HCLAssesmnt.Assesment.Scenario3.testServiceWithoutApiKey(Scenario3.java:13)
	at HCLAssesmnt.Assesment.Scenario3.testServiceWithoutApiKey(Scenario3.java:13)
	at HCLAssesmnt.Assesment.Scenario3.testServiceWithoutApiKey(Scenario3.java:13)
	at HCLAssesmnt.Assesment.Scenario3.testServiceWithoutApiKey(Scenario3.java:13)
	at HCLAssesmnt.Assesment.Scenario3.testServiceWithoutApiKey(Scenario3.java:13)
	at HCLAssesmnt.Assesment.Scenario3.testServiceWithoutApiKey(Scenario3.java:13)
	at HCLAssesmnt.Assesment.Scenario3.testServiceWithoutApiKey(Scenario3.java:13)
	at HCLAssesmnt.Assesment.Scenario3.testServiceWithoutApiKey(Scenario3.java:13)
	at HCLAssesmnt.Assesment.Scenario3.testServiceWithoutApiKey(Scenario3.java:13)
	at HCLAssesmnt.Assesment.Scenario3.testServiceWithoutApiKey(Scenario3.java:13)
	at HCLAssesmnt.Assesment.Scenario3.testServiceWithoutApiKey(Scenario3.java:13)
	at HCLAssesmnt.Assesment.Scenario3.testServiceWithoutApiKey(Scenario3.java:13)
	at HCLAssesmnt.Assesment.Scenario3.testServiceWithoutApiKey(Scenario3.java:13)
	at HCLAssesmnt.Assesment.Scenario3.testServiceWithoutApiKey(Scenario3.java:13)
	at HCLAssesmnt.Assesment.Scenario3.testServiceWithoutApiKey(Scenario3.java:13)
	at HCLAssesmnt.Assesment.Scenario3.testServiceWithoutApiKey(Scenario3.java:13)
	at HCLAssesmnt.Assesment.Scenario3.testServiceWithoutApiKey(Scenario3.java:13)
	at HCLAssesmnt.Assesment.Scenario3.testServiceWithoutApiKey(Scenario3.java:13)
	at HCLAssesmnt.Assesment.Scenario3.testServiceWithoutApiKey(Scenario3.java:13)
	at HCLAssesmnt.Assesment.Scenario3.testServiceWithoutApiKey(Scenario3.java:13)
	at HCLAssesmnt.Assesment.Scenario3.testServiceWithoutApiKey(Scenario3.java:13)
	at HCLAssesmnt.Assesment.Scenario3.testServiceWithoutApiKey(Scenario3.java:13)
	at HCLAssesmnt.Assesment.Scenario3.testServiceWithoutApiKey(Scenario3.java:13)
	at HCLAssesmnt.Assesment.Scenario3.testServiceWithoutApiKey(Scenario3.java:13)
	at HCLAssesmnt.Assesment.Scenario3.testServiceWithoutApiKey(Scenario3.java:13)
	at HCLAssesmnt.Assesment.Scenario3.testServiceWithoutApiKey(Scenario3.java:13)
	at HCLAssesmnt.Assesment.Scenario3.testServiceWithoutApiKey(Scenario3.java:13)
	at HCLAssesmnt.Assesment.Scenario3.testServiceWithoutApiKey(Scenario3.java:13)
	at HCLAssesmnt.Assesment.Scenario3.testServiceWithoutApiKey(Scenario3.java:13)
	at HCLAssesmnt.Assesment.Scenario3.testServiceWithoutApiKey(Scenario3.java:13)
	at HCLAssesmnt.Assesment.Scenario3.testServiceWithoutApiKey(Scenario3.java:13)
	at HCLAssesmnt.Assesment.Scenario3.testServiceWithoutApiKey(Scenario3.java:13)
	at HCLAssesmnt.Assesment.Scenario3.testServiceWithoutApiKey(Scenario3.java:13)
	at HCLAssesmnt.Assesment.Scenario3.testServiceWithoutApiKey(Scenario3.java:13)
	at HCLAssesmnt.Assesment.Scenario3.testServiceWithoutApiKey(Scenario3.java:13)
	at HCLAssesmnt.Assesment.Scenario3.testServiceWithoutApiKey(Scenario3.java:13)
	at HCLAssesmnt.Assesment.Scenario3.testServiceWithoutApiKey(Scenario3.java:13)
	at HCLAssesmnt.Assesment.Scenario3.testServiceWithoutApiKey(Scenario3.java:13)
	at HCLAssesmnt.Assesment.Scenario3.testServiceWithoutApiKey(Scenario3.java:13)
	at HCLAssesmnt.Assesment.Scenario3.testServiceWithoutApiKey(Scenario3.java:13)
	at HCLAssesmnt.Assesment.Scenario3.testServiceWithoutApiKey(Scenario3.java:13)
	at HCLAssesmnt.Assesment.Scenario3.testServiceWithoutApiKey(Scenario3.java:13)
	at HCLAssesmnt.Assesment.Scenario3.testServiceWithoutApiKey(Scenario3.java:13)
	at HCLAssesmnt.Assesment.Scenario3.testServiceWithoutApiKey(Scenario3.java:13)
	at HCLAssesmnt.Assesment.Scenario3.testServiceWithoutApiKey(Scenario3.java:13)
	at HCLAssesmnt.Assesment.Scenario3.testServiceWithoutApiKey(Scenario3.java:13)
	at HCLAssesmnt.Assesment.Scenario3.testServiceWithoutApiKey(Scenario3.java:13)
	at HCLAssesmnt.Assesment.Scenario3.testServiceWithoutApiKey(Scenario3.java:13)
	at HCLAssesmnt.Assesment.Scenario3.testServiceWithoutApiKey(Scenario3.java:13)
	at HCLAssesmnt.Assesment.Scenario3.testServiceWithoutApiKey(Scenario3.java:13)
	at HCLAssesmnt.Assesment.Scenario3.testServiceWithoutApiKey(Scenario3.java:13)
	at HCLAssesmnt.Assesment.Scenario3.testServiceWithoutApiKey(Scenario3.java:13)
	at HCLAssesmnt.Assesment.Scenario3.testServiceWithoutApiKey(Scenario3.java:13)
	at HCLAssesmnt.Assesment.Scenario3.testServiceWithoutApiKey(Scenario3.java:13)
	at HCLAssesmnt.Assesment.Scenario3.testServiceWithoutApiKey(Scenario3.java:13)
	at HCLAssesmnt.Assesment.Scenario3.testServiceWithoutApiKey(Scenario3.java:13)
	at HCLAssesmnt.Assesment.Scenario3.testServiceWithoutApiKey(Scenario3.java:13)
	at HCLAssesmnt.Assesment.Scenario3.testServiceWithoutApiKey(Scenario3.java:13)
	at HCLAssesmnt.Assesment.Scenario3.testServiceWithoutApiKey(Scenario3.java:13)
	at HCLAssesmnt.Assesment.Scenario3.testServiceWithoutApiKey(Scenario3.java:13)
	at HCLAssesmnt.Assesment.Scenario3.testServiceWithoutApiKey(Scenario3.java:13)
	at HCLAssesmnt.Assesment.Scenario3.testServiceWithoutApiKey(Scenario3.java:13)
	at HCLAssesmnt.Assesment.Scenario3.testServiceWithoutApiKey(Scenario3.java:13)
	at HCLAssesmnt.Assesment.Scenario3.testServiceWithoutApiKey(Scenario3.java:13)
	at HCLAssesmnt.Assesment.Scenario3.testServiceWithoutApiKey(Scenario3.java:13)
	at HCLAssesmnt.Assesment.Scenario3.testServiceWithoutApiKey(Scenario3.java:13)
	at HCLAssesmnt.Assesment.Scenario3.testServiceWithoutApiKey(Scenario3.java:13)
	at HCLAssesmnt.Assesment.Scenario3.testServiceWithoutApiKey(Scenario3.java:13)
	at HCLAssesmnt.Assesment.Scenario3.testServiceWithoutApiKey(Scenario3.java:13)
	at HCLAssesmnt.Assesment.Scenario3.testServiceWithoutApiKey(Scenario3.java:13)
	at HCLAssesmnt.Assesment.Scenario3.testServiceWithoutApiKey(Scenario3.java:13)
	at HCLAssesmnt.Assesment.Scenario3.testServiceWithoutApiKey(Scenario3.java:13)
	at HCLAssesmnt.Assesment.Scenario3.testServiceWithoutApiKey(Scenario3.java:13)
	at HCLAssesmnt.Assesment.Scenario3.testServiceWithoutApiKey(Scenario3.java:13)
	at HCLAssesmnt.Assesment.Scenario3.testServiceWithoutApiKey(Scenario3.java:13)
	at HCLAssesmnt.Assesment.Scenario3.testServiceWithoutApiKey(Scenario3.java:13)
	at HCLAssesmnt.Assesment.Scenario3.testServiceWithoutApiKey(Scenario3.java:13)
	at HCLAssesmnt.Assesment.Scenario3.testServiceWithoutApiKey(Scenario3.java:13)
	at HCLAssesmnt.Assesment.Scenario3.testServiceWithoutApiKey(Scenario3.java:13)
	at HCLAssesmnt.Assesment.Scenario3.testServiceWithoutApiKey(Scenario3.java:13)
	at HCLAssesmnt.Assesment.Scenario3.testServiceWithoutApiKey(Scenario3.java:13)
	at HCLAssesmnt.Assesment.Scenario3.testServiceWithoutApiKey(Scenario3.java:13)
	at HCLAssesmnt.Assesment.Scenario3.testServiceWithoutApiKey(Scenario3.java:13)
	at HCLAssesmnt.Assesment.Scenario3.testServiceWithoutApiKey(Scenario3.java:13)
	at HCLAssesmnt.Assesment.Scenario3.testServiceWithoutApiKey(Scenario3.java:13)
	at HCLAssesmnt.Assesment.Scenario3.testServiceWithoutApiKey(Scenario3.java:13)
	at HCLAssesmnt.Assesment.Scenario3.testServiceWithoutApiKey(Scenario3.java:13)
	at HCLAssesmnt.Assesment.Scenario3.testServiceWithoutApiKey(Scenario3.java:13)
	at HCLAssesmnt.Assesment.Scenario3.testServiceWithoutApiKey(Scenario3.java:13)
	at HCLAssesmnt.Assesment.Scenario3.testServiceWithoutApiKey(Scenario3.java:13)
	at HCLAssesmnt.Assesment.Scenario3.testServiceWithoutApiKey(Scenario3.java:13)
	at HCLAssesmnt.Assesment.Scenario3.testServiceWithoutApiKey(Scenario3.java:13)
	at HCLAssesmnt.Assesment.Scenario3.testServiceWithoutApiKey(Scenario3.java:13)
	at HCLAssesmnt.Assesment.Scenario3.testServiceWithoutApiKey(Scenario3.java:13)
	at HCLAssesmnt.Assesment.Scenario3.testServiceWithoutApiKey(Scenario3.java:13)
	at HCLAssesmnt.Assesment.Scenario3.testServiceWithoutApiKey(Scenario3.java:13)
	at HCLAssesmnt.Assesment.Scenario3.testServiceWithoutApiKey(Scenario3.java:13)
	at HCLAssesmnt.Assesment.Scenario3.testServiceWithoutApiKey(Scenario3.java:13)
	at HCLAssesmnt.Assesment.Scenario3.testServiceWithoutApiKey(Scenario3.java:13)
	at HCLAssesmnt.Assesment.Scenario3.testServiceWithoutApiKey(Scenario3.java:13)
	at HCLAssesmnt.Assesment.Scenario3.testServiceWithoutApiKey(Scenario3.java:13)
	at HCLAssesmnt.Assesment.Scenario3.testServiceWithoutApiKey(Scenario3.java:13)
	at HCLAssesmnt.Assesment.Scenario3.testServiceWithoutApiKey(Scenario3.java:13)
	at HCLAssesmnt.Assesment.Scenario3.testServiceWithoutApiKey(Scenario3.java:13)
	at HCLAssesmnt.Assesment.Scenario3.testServiceWithoutApiKey(Scenario3.java:13)
	at HCLAssesmnt.Assesment.Scenario3.testServiceWithoutApiKey(Scenario3.java:13)
	at HCLAssesmnt.Assesment.Scenario3.testServiceWithoutApiKey(Scenario3.java:13)
	at HCLAssesmnt.Assesment.Scenario3.testServiceWithoutApiKey(Scenario3.java:13)
	at HCLAssesmnt.Assesment.Scenario3.testServiceWithoutApiKey(Scenario3.java:13)
	at HCLAssesmnt.Assesment.Scenario3.testServiceWithoutApiKey(Scenario3.java:13)
	at HCLAssesmnt.Assesment.Scenario3.testServiceWithoutApiKey(Scenario3.java:13)
	at HCLAssesmnt.Assesment.Scenario3.testServiceWithoutApiKey(Scenario3.java:13)
	at HCLAssesmnt.Assesment.Scenario3.testServiceWithoutApiKey(Scenario3.java:13)
	at HCLAssesmnt.Assesment.Scenario3.testServiceWithoutApiKey(Scenario3.java:13)
	at HCLAssesmnt.Assesment.Scenario3.testServiceWithoutApiKey(Scenario3.java:13)
	at HCLAssesmnt.Assesment.Scenario3.testServiceWithoutApiKey(Scenario3.java:13)
	at HCLAssesmnt.Assesment.Scenario3.testServiceWithoutApiKey(Scenario3.java:13)
	at HCLAssesmnt.Assesment.Scenario3.testServiceWithoutApiKey(Scenario3.java:13)
	at HCLAssesmnt.Assesment.Scenario3.testServiceWithoutApiKey(Scenario3.java:13)
	at HCLAssesmnt.Assesment.Scenario3.testServiceWithoutApiKey(Scenario3.java:13)
	at HCLAssesmnt.Assesment.Scenario3.testServiceWithoutApiKey(Scenario3.java:13)
	at HCLAssesmnt.Assesment.Scenario3.testServiceWithoutApiKey(Scenario3.java:13)
	at HCLAssesmnt.Assesment.Scenario3.testServiceWithoutApiKey(Scenario3.java:13)
	at HCLAssesmnt.Assesment.Scenario3.testServiceWithoutApiKey(Scenario3.java:13)
	at HCLAssesmnt.Assesment.Scenario3.testServiceWithoutApiKey(Scenario3.java:13)
	at HCLAssesmnt.Assesment.Scenario3.testServiceWithoutApiKey(Scenario3.java:13)
	at HCLAssesmnt.Assesment.Scenario3.testServiceWithoutApiKey(Scenario3.java:13)
	at HCLAssesmnt.Assesment.Scenario3.testServiceWithoutApiKey(Scenario3.java:13)
	at HCLAssesmnt.Assesment.Scenario3.testServiceWithoutApiKey(Scenario3.java:13)
	at HCLAssesmnt.Assesment.Scenario3.testServiceWithoutApiKey(Scenario3.java:13)
	at HCLAssesmnt.Assesment.Scenario3.testServiceWithoutApiKey(Scenario3.java:13)
	at HCLAssesmnt.Assesment.Scenario3.testServiceWithoutApiKey(Scenario3.java:13)
	at HCLAssesmnt.Assesment.Scenario3.testServiceWithoutApiKey(Scenario3.java:13)
	at HCLAssesmnt.Assesment.Scenario3.testServiceWithoutApiKey(Scenario3.java:13)
	at HCLAssesmnt.Assesment.Scenario3.testServiceWithoutApiKey(Scenario3.java:13)
	at HCLAssesmnt.Assesment.Scenario3.testServiceWithoutApiKey(Scenario3.java:13)
	at HCLAssesmnt.Assesment.Scenario3.testServiceWithoutApiKey(Scenario3.java:13)
	at HCLAssesmnt.Assesment.Scenario3.testServiceWithoutApiKey(Scenario3.java:13)
	at HCLAssesmnt.Assesment.Scenario3.testServiceWithoutApiKey(Scenario3.java:13)
	at HCLAssesmnt.Assesment.Scenario3.testServiceWithoutApiKey(Scenario3.java:13)
	at HCLAssesmnt.Assesment.Scenario3.testServiceWithoutApiKey(Scenario3.java:13)
	at HCLAssesmnt.Assesment.Scenario3.testServiceWithoutApiKey(Scenario3.java:13)
	at HCLAssesmnt.Assesment.Scenario3.testServiceWithoutApiKey(Scenario3.java:13)
	at HCLAssesmnt.Assesment.Scenario3.testServiceWithoutApiKey(Scenario3.java:13)
	at HCLAssesmnt.Assesment.Scenario3.testServiceWithoutApiKey(Scenario3.java:13)
	at HCLAssesmnt.Assesment.Scenario3.testServiceWithoutApiKey(Scenario3.java:13)
	at HCLAssesmnt.Assesment.Scenario3.testServiceWithoutApiKey(Scenario3.java:13)
	at HCLAssesmnt.Assesment.Scenario3.testServiceWithoutApiKey(Scenario3.java:13)
	at HCLAssesmnt.Assesment.Scenario3.testServiceWithoutApiKey(Scenario3.java:13)
	at HCLAssesmnt.Assesment.Scenario3.testServiceWithoutApiKey(Scenario3.java:13)
	at HCLAssesmnt.Assesment.Scenario3.testServiceWithoutApiKey(Scenario3.java:13)
	at HCLAssesmnt.Assesment.Scenario3.testServiceWithoutApiKey(Scenario3.java:13)
	at HCLAssesmnt.Assesment.Scenario3.testServiceWithoutApiKey(Scenario3.java:13)
	at HCLAssesmnt.Assesment.Scenario3.testServiceWithoutApiKey(Scenario3.java:13)
	at HCLAssesmnt.Assesment.Scenario3.testServiceWithoutApiKey(Scenario3.java:13)
	at HCLAssesmnt.Assesment.Scenario3.testServiceWithoutApiKey(Scenario3.java:13)
	at HCLAssesmnt.Assesment.Scenario3.testServiceWithoutApiKey(Scenario3.java:13)
	at HCLAssesmnt.Assesment.Scenario3.testServiceWithoutApiKey(Scenario3.java:13)
	at HCLAssesmnt.Assesment.Scenario3.testServiceWithoutApiKey(Scenario3.java:13)
	at HCLAssesmnt.Assesment.Scenario3.testServiceWithoutApiKey(Scenario3.java:13)
	at HCLAssesmnt.Assesment.Scenario3.testServiceWithoutApiKey(Scenario3.java:13)
	at HCLAssesmnt.Assesment.Scenario3.testServiceWithoutApiKey(Scenario3.java:13)
	at HCLAssesmnt.Assesment.Scenario3.testServiceWithoutApiKey(Scenario3.java:13)
	at HCLAssesmnt.Assesment.Scenario3.testServiceWithoutApiKey(Scenario3.java:13)
	at HCLAssesmnt.Assesment.Scenario3.testServiceWithoutApiKey(Scenario3.java:13)
	at HCLAssesmnt.Assesment.Scenario3.testServiceWithoutApiKey(Scenario3.java:13)
	at HCLAssesmnt.Assesment.Scenario3.testServiceWithoutApiKey(Scenario3.java:13)
	at HCLAssesmnt.Assesment.Scenario3.testServiceWithoutApiKey(Scenario3.java:13)
	at HCLAssesmnt.Assesment.Scenario3.testServiceWithoutApiKey(Scenario3.java:13)
	at HCLAssesmnt.Assesment.Scenario3.testServiceWithoutApiKey(Scenario3.java:13)
	at HCLAssesmnt.Assesment.Scenario3.testServiceWithoutApiKey(Scenario3.java:13)
	at HCLAssesmnt.Assesment.Scenario3.testServiceWithoutApiKey(Scenario3.java:13)
	at HCLAssesmnt.Assesment.Scenario3.testServiceWithoutApiKey(Scenario3.java:13)
	at HCLAssesmnt.Assesment.Scenario3.testServiceWithoutApiKey(Scenario3.java:13)
	at HCLAssesmnt.Assesment.Scenario3.testServiceWithoutApiKey(Scenario3.java:13)
	at HCLAssesmnt.Assesment.Scenario3.testServiceWithoutApiKey(Scenario3.java:13)
	at HCLAssesmnt.Assesment.Scenario3.testServiceWithoutApiKey(Scenario3.java:13)
	at HCLAssesmnt.Assesment.Scenario3.testServiceWithoutApiKey(Scenario3.java:13)
	at HCLAssesmnt.Assesment.Scenario3.testServiceWithoutApiKey(Scenario3.java:13)
	at HCLAssesmnt.Assesment.Scenario3.testServiceWithoutApiKey(Scenario3.java:13)
	at HCLAssesmnt.Assesment.Scenario3.testServiceWithoutApiKey(Scenario3.java:13)
	at HCLAssesmnt.Assesment.Scenario3.testServiceWithoutApiKey(Scenario3.java:13)
	at HCLAssesmnt.Assesment.Scenario3.testServiceWithoutApiKey(Scenario3.java:13)
	at HCLAssesmnt.Assesment.Scenario3.testServiceWithoutApiKey(Scenario3.java:13)
	at HCLAssesmnt.Assesment.Scenario3.testServiceWithoutApiKey(Scenario3.java:13)
	at HCLAssesmnt.Assesment.Scenario3.testServiceWithoutApiKey(Scenario3.java:13)
	at HCLAssesmnt.Assesment.Scenario3.testServiceWithoutApiKey(Scenario3.java:13)
	at HCLAssesmnt.Assesment.Scenario3.testServiceWithoutApiKey(Scenario3.java:13)
	at HCLAssesmnt.Assesment.Scenario3.testServiceWithoutApiKey(Scenario3.java:13)
	at HCLAssesmnt.Assesment.Scenario3.testServiceWithoutApiKey(Scenario3.java:13)
	at HCLAssesmnt.Assesment.Scenario3.testServiceWithoutApiKey(Scenario3.java:13)
	at HCLAssesmnt.Assesment.Scenario3.testServiceWithoutApiKey(Scenario3.java:13)
	at HCLAssesmnt.Assesment.Scenario3.testServiceWithoutApiKey(Scenario3.java:13)
	at HCLAssesmnt.Assesment.Scenario3.testServiceWithoutApiKey(Scenario3.java:13)
	at HCLAssesmnt.Assesment.Scenario3.testServiceWithoutApiKey(Scenario3.java:13)
	at HCLAssesmnt.Assesment.Scenario3.testServiceWithoutApiKey(Scenario3.java:13)
	at HCLAssesmnt.Assesment.Scenario3.testServiceWithoutApiKey(Scenario3.java:13)
	at HCLAssesmnt.Assesment.Scenario3.testServiceWithoutApiKey(Scenario3.java:13)
	at HCLAssesmnt.Assesment.Scenario3.testServiceWithoutApiKey(Scenario3.java:13)
	at HCLAssesmnt.Assesment.Scenario3.testServiceWithoutApiKey(Scenario3.java:13)
	at HCLAssesmnt.Assesment.Scenario3.testServiceWithoutApiKey(Scenario3.java:13)
	at HCLAssesmnt.Assesment.Scenario3.testServiceWithoutApiKey(Scenario3.java:13)
	at HCLAssesmnt.Assesment.Scenario3.testServiceWithoutApiKey(Scenario3.java:13)
	at HCLAssesmnt.Assesment.Scenario3.testServiceWithoutApiKey(Scenario3.java:13)
	at HCLAssesmnt.Assesment.Scenario3.testServiceWithoutApiKey(Scenario3.java:13)
	at HCLAssesmnt.Assesment.Scenario3.testServiceWithoutApiKey(Scenario3.java:13)
	at HCLAssesmnt.Assesment.Scenario3.testServiceWithoutApiKey(Scenario3.java:13)
	at HCLAssesmnt.Assesment.Scenario3.testServiceWithoutApiKey(Scenario3.java:13)
	at HCLAssesmnt.Assesment.Scenario3.testServiceWithoutApiKey(Scenario3.java:13)
	at HCLAssesmnt.Assesment.Scenario3.testServiceWithoutApiKey(Scenario3.java:13)
	at HCLAssesmnt.Assesment.Scenario3.testServiceWithoutApiKey(Scenario3.java:13)
	at HCLAssesmnt.Assesment.Scenario3.testServiceWithoutApiKey(Scenario3.java:13)
	at HCLAssesmnt.Assesment.Scenario3.testServiceWithoutApiKey(Scenario3.java:13)
	at HCLAssesmnt.Assesment.Scenario3.testServiceWithoutApiKey(Scenario3.java:13)
	at HCLAssesmnt.Assesment.Scenario3.testServiceWithoutApiKey(Scenario3.java:13)
	at HCLAssesmnt.Assesment.Scenario3.testServiceWithoutApiKey(Scenario3.java:13)
	at HCLAssesmnt.Assesment.Scenario3.testServiceWithoutApiKey(Scenario3.java:13)
	at HCLAssesmnt.Assesment.Scenario3.testServiceWithoutApiKey(Scenario3.java:13)
	at HCLAssesmnt.Assesment.Scenario3.testServiceWithoutApiKey(Scenario3.java:13)
	at HCLAssesmnt.Assesment.Scenario3.testServiceWithoutApiKey(Scenario3.java:13)
	at HCLAssesmnt.Assesment.Scenario3.testServiceWithoutApiKey(Scenario3.java:13)
	at HCLAssesmnt.Assesment.Scenario3.testServiceWithoutApiKey(Scenario3.java:13)
	at HCLAssesmnt.Assesment.Scenario3.testServiceWithoutApiKey(Scenario3.java:13)
	at HCLAssesmnt.Assesment.Scenario3.testServiceWithoutApiKey(Scenario3.java:13)
	at HCLAssesmnt.Assesment.Scenario3.testServiceWithoutApiKey(Scenario3.java:13)
	at HCLAssesmnt.Assesment.Scenario3.testServiceWithoutApiKey(Scenario3.java:13)
	at HCLAssesmnt.Assesment.Scenario3.testServiceWithoutApiKey(Scenario3.java:13)
	at HCLAssesmnt.Assesment.Scenario3.testServiceWithoutApiKey(Scenario3.java:13)
	at HCLAssesmnt.Assesment.Scenario3.testServiceWithoutApiKey(Scenario3.java:13)
	at HCLAssesmnt.Assesment.Scenario3.testServiceWithoutApiKey(Scenario3.java:13)
	at HCLAssesmnt.Assesment.Scenario3.testServiceWithoutApiKey(Scenario3.java:13)
	at HCLAssesmnt.Assesment.Scenario3.testServiceWithoutApiKey(Scenario3.java:13)
	at HCLAssesmnt.Assesment.Scenario3.testServiceWithoutApiKey(Scenario3.java:13)
	at HCLAssesmnt.Assesment.Scenario3.testServiceWithoutApiKey(Scenario3.java:13)
	at HCLAssesmnt.Assesment.Scenario3.testServiceWithoutApiKey(Scenario3.java:13)
	at HCLAssesmnt.Assesment.Scenario3.testServiceWithoutApiKey(Scenario3.java:13)
	at HCLAssesmnt.Assesment.Scenario3.testServiceWithoutApiKey(Scenario3.java:13)
	at HCLAssesmnt.Assesment.Scenario3.testServiceWithoutApiKey(Scenario3.java:13)
	at HCLAssesmnt.Assesment.Scenario3.testServiceWithoutApiKey(Scenario3.java:13)
	at HCLAssesmnt.Assesment.Scenario3.testServiceWithoutApiKey(Scenario3.java:13)
	at HCLAssesmnt.Assesment.Scenario3.testServiceWithoutApiKey(Scenario3.java:13)
	at HCLAssesmnt.Assesment.Scenario3.testServiceWithoutApiKey(Scenario3.java:13)
	at HCLAssesmnt.Assesment.Scenario3.testServiceWithoutApiKey(Scenario3.java:13)
	at HCLAssesmnt.Assesment.Scenario3.testServiceWithoutApiKey(Scenario3.java:13)
	at HCLAssesmnt.Assesment.Scenario3.testServiceWithoutApiKey(Scenario3.java:13)
	at HCLAssesmnt.Assesment.Scenario3.testServiceWithoutApiKey(Scenario3.java:13)
	at HCLAssesmnt.Assesment.Scenario3.testServiceWithoutApiKey(Scenario3.java:13)
	at HCLAssesmnt.Assesment.Scenario3.testServiceWithoutApiKey(Scenario3.java:13)
	at HCLAssesmnt.Assesment.Scenario3.testServiceWithoutApiKey(Scenario3.java:13)
	at HCLAssesmnt.Assesment.Scenario3.testServiceWithoutApiKey(Scenario3.java:13)
	at HCLAssesmnt.Assesment.Scenario3.testServiceWithoutApiKey(Scenario3.java:13)
	at HCLAssesmnt.Assesment.Scenario3.testServiceWithoutApiKey(Scenario3.java:13)
	at HCLAssesmnt.Assesment.Scenario3.testServiceWithoutApiKey(Scenario3.java:13)
	at HCLAssesmnt.Assesment.Scenario3.testServiceWithoutApiKey(Scenario3.java:13)
	at HCLAssesmnt.Assesment.Scenario3.testServiceWithoutApiKey(Scenario3.java:13)
	at HCLAssesmnt.Assesment.Scenario3.testServiceWithoutApiKey(Scenario3.java:13)
	at HCLAssesmnt.Assesment.Scenario3.testServiceWithoutApiKey(Scenario3.java:13)
	at HCLAssesmnt.Assesment.Scenario3.testServiceWithoutApiKey(Scenario3.java:13)
	at HCLAssesmnt.Assesment.Scenario3.testServiceWithoutApiKey(Scenario3.java:13)
	at HCLAssesmnt.Assesment.Scenario3.testServiceWithoutApiKey(Scenario3.java:13)
	at HCLAssesmnt.Assesment.Scenario3.testServiceWithoutApiKey(Scenario3.java:13)
	at HCLAssesmnt.Assesment.Scenario3.testServiceWithoutApiKey(Scenario3.java:13)
	at HCLAssesmnt.Assesment.Scenario3.testServiceWithoutApiKey(Scenario3.java:13)
	at HCLAssesmnt.Assesment.Scenario3.testServiceWithoutApiKey(Scenario3.java:13)
	at HCLAssesmnt.Assesment.Scenario3.testServiceWithoutApiKey(Scenario3.java:13)
	at HCLAssesmnt.Assesment.Scenario3.testServiceWithoutApiKey(Scenario3.java:13)
	at HCLAssesmnt.Assesment.Scenario3.testServiceWithoutApiKey(Scenario3.java:13)
	at HCLAssesmnt.Assesment.Scenario3.testServiceWithoutApiKey(Scenario3.java:13)
	at HCLAssesmnt.Assesment.Scenario3.testServiceWithoutApiKey(Scenario3.java:13)
	at HCLAssesmnt.Assesment.Scenario3.testServiceWithoutApiKey(Scenario3.java:13)
	at HCLAssesmnt.Assesment.Scenario3.testServiceWithoutApiKey(Scenario3.java:13)
	at HCLAssesmnt.Assesment.Scenario3.testServiceWithoutApiKey(Scenario3.java:13)
	at HCLAssesmnt.Assesment.Scenario3.testServiceWithoutApiKey(Scenario3.java:13)
	at HCLAssesmnt.Assesment.Scenario3.testServiceWithoutApiKey(Scenario3.java:13)
	at HCLAssesmnt.Assesment.Scenario3.testServiceWithoutApiKey(Scenario3.java:13)
	at HCLAssesmnt.Assesment.Scenario3.testServiceWithoutApiKey(Scenario3.java:13)
	at HCLAssesmnt.Assesment.Scenario3.testServiceWithoutApiKey(Scenario3.java:13)
	at HCLAssesmnt.Assesment.Scenario3.testServiceWithoutApiKey(Scenario3.java:13)
	at HCLAssesmnt.Assesment.Scenario3.testServiceWithoutApiKey(Scenario3.java:13)
	at HCLAssesmnt.Assesment.Scenario3.testServiceWithoutApiKey(Scenario3.java:13)
	at HCLAssesmnt.Assesment.Scenario3.testServiceWithoutApiKey(Scenario3.java:13)
	at HCLAssesmnt.Assesment.Scenario3.testServiceWithoutApiKey(Scenario3.java:13)
	at HCLAssesmnt.Assesment.Scenario3.testServiceWithoutApiKey(Scenario3.java:13)
	at HCLAssesmnt.Assesment.Scenario3.testServiceWithoutApiKey(Scenario3.java:13)
	at HCLAssesmnt.Assesment.Scenario3.testServiceWithoutApiKey(Scenario3.java:13)
	at HCLAssesmnt.Assesment.Scenario3.testServiceWithoutApiKey(Scenario3.java:13)
	at HCLAssesmnt.Assesment.Scenario3.testServiceWithoutApiKey(Scenario3.java:13)
	at HCLAssesmnt.Assesment.Scenario3.testServiceWithoutApiKey(Scenario3.java:13)
	at HCLAssesmnt.Assesment.Scenario3.testServiceWithoutApiKey(Scenario3.java:13)
	at HCLAssesmnt.Assesment.Scenario3.testServiceWithoutApiKey(Scenario3.java:13)
	at HCLAssesmnt.Assesment.Scenario3.testServiceWithoutApiKey(Scenario3.java:13)
	at HCLAssesmnt.Assesment.Scenario3.testServiceWithoutApiKey(Scenario3.java:13)
	at HCLAssesmnt.Assesment.Scenario3.testServiceWithoutApiKey(Scenario3.java:13)
	at HCLAssesmnt.Assesment.Scenario3.testServiceWithoutApiKey(Scenario3.java:13)
	at HCLAssesmnt.Assesment.Scenario3.testServiceWithoutApiKey(Scenario3.java:13)
	at HCLAssesmnt.Assesment.Scenario3.testServiceWithoutApiKey(Scenario3.java:13)
	at HCLAssesmnt.Assesment.Scenario3.testServiceWithoutApiKey(Scenario3.java:13)
	at HCLAssesmnt.Assesment.Scenario3.testServiceWithoutApiKey(Scenario3.java:13)
	at HCLAssesmnt.Assesment.Scenario3.testServiceWithoutApiKey(Scenario3.java:13)
	at HCLAssesmnt.Assesment.Scenario3.testServiceWithoutApiKey(Scenario3.java:13)
	at HCLAssesmnt.Assesment.Scenario3.testServiceWithoutApiKey(Scenario3.java:13)
	at HCLAssesmnt.Assesment.Scenario3.testServiceWithoutApiKey(Scenario3.java:13)
	at HCLAssesmnt.Assesment.Scenario3.testServiceWithoutApiKey(Scenario3.java:13)
	at HCLAssesmnt.Assesment.Scenario3.testServiceWithoutApiKey(Scenario3.java:13)
	at HCLAssesmnt.Assesment.Scenario3.testServiceWithoutApiKey(Scenario3.java:13)
	at HCLAssesmnt.Assesment.Scenario3.testServiceWithoutApiKey(Scenario3.java:13)
	at HCLAssesmnt.Assesment.Scenario3.testServiceWithoutApiKey(Scenario3.java:13)
	at HCLAssesmnt.Assesment.Scenario3.testServiceWithoutApiKey(Scenario3.java:13)
	at HCLAssesmnt.Assesment.Scenario3.testServiceWithoutApiKey(Scenario3.java:13)
	at HCLAssesmnt.Assesment.Scenario3.testServiceWithoutApiKey(Scenario3.java:13)
	at HCLAssesmnt.Assesment.Scenario3.testServiceWithoutApiKey(Scenario3.java:13)
	at HCLAssesmnt.Assesment.Scenario3.testServiceWithoutApiKey(Scenario3.java:13)
	at HCLAssesmnt.Assesment.Scenario3.testServiceWithoutApiKey(Scenario3.java:13)
	at HCLAssesmnt.Assesment.Scenario3.testServiceWithoutApiKey(Scenario3.java:13)
	at HCLAssesmnt.Assesment.Scenario3.testServiceWithoutApiKey(Scenario3.java:13)
	at HCLAssesmnt.Assesment.Scenario3.testServiceWithoutApiKey(Scenario3.java:13)
	at HCLAssesmnt.Assesment.Scenario3.testServiceWithoutApiKey(Scenario3.java:13)
	at HCLAssesmnt.Assesment.Scenario3.testServiceWithoutApiKey(Scenario3.java:13)
	at HCLAssesmnt.Assesment.Scenario3.testServiceWithoutApiKey(Scenario3.java:13)
	at HCLAssesmnt.Assesment.Scenario3.testServiceWithoutApiKey(Scenario3.java:13)
	at HCLAssesmnt.Assesment.Scenario3.testServiceWithoutApiKey(Scenario3.java:13)
	at HCLAssesmnt.Assesment.Scenario3.testServiceWithoutApiKey(Scenario3.java:13)
	at HCLAssesmnt.Assesment.Scenario3.testServiceWithoutApiKey(Scenario3.java:13)
	at HCLAssesmnt.Assesment.Scenario3.testServiceWithoutApiKey(Scenario3.java:13)
	at HCLAssesmnt.Assesment.Scenario3.testServiceWithoutApiKey(Scenario3.java:13)
	at HCLAssesmnt.Assesment.Scenario3.testServiceWithoutApiKey(Scenario3.java:13)
	at HCLAssesmnt.Assesment.Scenario3.testServiceWithoutApiKey(Scenario3.java:13)
	at HCLAssesmnt.Assesment.Scenario3.testServiceWithoutApiKey(Scenario3.java:13)
	at HCLAssesmnt.Assesment.Scenario3.testServiceWithoutApiKey(Scenario3.java:13)
	at HCLAssesmnt.Assesment.Scenario3.testServiceWithoutApiKey(Scenario3.java:13)
	at HCLAssesmnt.Assesment.Scenario3.testServiceWithoutApiKey(Scenario3.java:13)
	at HCLAssesmnt.Assesment.Scenario3.testServiceWithoutApiKey(Scenario3.java:13)
	at HCLAssesmnt.Assesment.Scenario3.testServiceWithoutApiKey(Scenario3.java:13)
	at HCLAssesmnt.Assesment.Scenario3.testServiceWithoutApiKey(Scenario3.java:13)
	at HCLAssesmnt.Assesment.Scenario3.testServiceWithoutApiKey(Scenario3.java:13)
	at HCLAssesmnt.Assesment.Scenario3.testServiceWithoutApiKey(Scenario3.java:13)
	at HCLAssesmnt.Assesment.Scenario3.testServiceWithoutApiKey(Scenario3.java:13)
	at HCLAssesmnt.Assesment.Scenario3.testServiceWithoutApiKey(Scenario3.java:13)
	at HCLAssesmnt.Assesment.Scenario3.testServiceWithoutApiKey(Scenario3.java:13)
	at HCLAssesmnt.Assesment.Scenario3.testServiceWithoutApiKey(Scenario3.java:13)
	at HCLAssesmnt.Assesment.Scenario3.testServiceWithoutApiKey(Scenario3.java:13)
	at HCLAssesmnt.Assesment.Scenario3.testServiceWithoutApiKey(Scenario3.java:13)
	at HCLAssesmnt.Assesment.Scenario3.testServiceWithoutApiKey(Scenario3.java:13)
	at HCLAssesmnt.Assesment.Scenario3.testServiceWithoutApiKey(Scenario3.java:13)
	at HCLAssesmnt.Assesment.Scenario3.testServiceWithoutApiKey(Scenario3.java:13)
	at HCLAssesmnt.Assesment.Scenario3.testServiceWithoutApiKey(Scenario3.java:13)
	at HCLAssesmnt.Assesment.Scenario3.testServiceWithoutApiKey(Scenario3.java:13)
	at HCLAssesmnt.Assesment.Scenario3.testServiceWithoutApiKey(Scenario3.java:13)
	at HCLAssesmnt.Assesment.Scenario3.testServiceWithoutApiKey(Scenario3.java:13)
	at HCLAssesmnt.Assesment.Scenario3.testServiceWithoutApiKey(Scenario3.java:13)
	at HCLAssesmnt.Assesment.Scenario3.testServiceWithoutApiKey(Scenario3.java:13)
	at HCLAssesmnt.Assesment.Scenario3.testServiceWithoutApiKey(Scenario3.java:13)
	at HCLAssesmnt.Assesment.Scenario3.testServiceWithoutApiKey(Scenario3.java:13)
	at HCLAssesmnt.Assesment.Scenario3.testServiceWithoutApiKey(Scenario3.java:13)
	at HCLAssesmnt.Assesment.Scenario3.testServiceWithoutApiKey(Scenario3.java:13)
	at HCLAssesmnt.Assesment.Scenario3.testServiceWithoutApiKey(Scenario3.java:13)
	at HCLAssesmnt.Assesment.Scenario3.testServiceWithoutApiKey(Scenario3.java:13)
	at HCLAssesmnt.Assesment.Scenario3.testServiceWithoutApiKey(Scenario3.java:13)
	at HCLAssesmnt.Assesment.Scenario3.testServiceWithoutApiKey(Scenario3.java:13)
	at HCLAssesmnt.Assesment.Scenario3.testServiceWithoutApiKey(Scenario3.java:13)
	at HCLAssesmnt.Assesment.Scenario3.testServiceWithoutApiKey(Scenario3.java:13)
	at HCLAssesmnt.Assesment.Scenario3.testServiceWithoutApiKey(Scenario3.java:13)
	at HCLAssesmnt.Assesment.Scenario3.testServiceWithoutApiKey(Scenario3.java:13)
	at HCLAssesmnt.Assesment.Scenario3.testServiceWithoutApiKey(Scenario3.java:13)
	at HCLAssesmnt.Assesment.Scenario3.testServiceWithoutApiKey(Scenario3.java:13)
	at HCLAssesmnt.Assesment.Scenario3.testServiceWithoutApiKey(Scenario3.java:13)
	at HCLAssesmnt.Assesment.Scenario3.testServiceWithoutApiKey(Scenario3.java:13)
	at HCLAssesmnt.Assesment.Scenario3.testServiceWithoutApiKey(Scenario3.java:13)
	at HCLAssesmnt.Assesment.Scenario3.testServiceWithoutApiKey(Scenario3.java:13)
	at HCLAssesmnt.Assesment.Scenario3.testServiceWithoutApiKey(Scenario3.java:13)
	at HCLAssesmnt.Assesment.Scenario3.testServiceWithoutApiKey(Scenario3.java:13)
	at HCLAssesmnt.Assesment.Scenario3.testServiceWithoutApiKey(Scenario3.java:13)
	at HCLAssesmnt.Assesment.Scenario3.testServiceWithoutApiKey(Scenario3.java:13)
	at HCLAssesmnt.Assesment.Scenario3.testServiceWithoutApiKey(Scenario3.java:13)
	at HCLAssesmnt.Assesment.Scenario3.testServiceWithoutApiKey(Scenario3.java:13)
	at HCLAssesmnt.Assesment.Scenario3.testServiceWithoutApiKey(Scenario3.java:13)
	at HCLAssesmnt.Assesment.Scenario3.testServiceWithoutApiKey(Scenario3.java:13)
	at HCLAssesmnt.Assesment.Scenario3.testServiceWithoutApiKey(Scenario3.java:13)
	at HCLAssesmnt.Assesment.Scenario3.testServiceWithoutApiKey(Scenario3.java:13)
	at HCLAssesmnt.Assesment.Scenario3.testServiceWithoutApiKey(Scenario3.java:13)
	at HCLAssesmnt.Assesment.Scenario3.testServiceWithoutApiKey(Scenario3.java:13)
	at HCLAssesmnt.Assesment.Scenario3.testServiceWithoutApiKey(Scenario3.java:13)
	at HCLAssesmnt.Assesment.Scenario3.testServiceWithoutApiKey(Scenario3.java:13)
	at HCLAssesmnt.Assesment.Scenario3.testServiceWithoutApiKey(Scenario3.java:13)
	at HCLAssesmnt.Assesment.Scenario3.testServiceWithoutApiKey(Scenario3.java:13)
	at HCLAssesmnt.Assesment.Scenario3.testServiceWithoutApiKey(Scenario3.java:13)
	at HCLAssesmnt.Assesment.Scenario3.testServiceWithoutApiKey(Scenario3.java:13)
	at HCLAssesmnt.Assesment.Scenario3.testServiceWithoutApiKey(Scenario3.java:13)
	at HCLAssesmnt.Assesment.Scenario3.testServiceWithoutApiKey(Scenario3.java:13)
	at HCLAssesmnt.Assesment.Scenario3.testServiceWithoutApiKey(Scenario3.java:13)
	at HCLAssesmnt.Assesment.Scenario3.testServiceWithoutApiKey(Scenario3.java:13)
	at HCLAssesmnt.Assesment.Scenario3.testServiceWithoutApiKey(Scenario3.java:13)
	at HCLAssesmnt.Assesment.Scenario3.testServiceWithoutApiKey(Scenario3.java:13)
	at HCLAssesmnt.Assesment.Scenario3.testServiceWithoutApiKey(Scenario3.java:13)
	at HCLAssesmnt.Assesment.Scenario3.testServiceWithoutApiKey(Scenario3.java:13)
	at HCLAssesmnt.Assesment.Scenario3.testServiceWithoutApiKey(Scenario3.java:13)
	at HCLAssesmnt.Assesment.Scenario3.testServiceWithoutApiKey(Scenario3.java:13)
	at HCLAssesmnt.Assesment.Scenario3.testServiceWithoutApiKey(Scenario3.java:13)
	at HCLAssesmnt.Assesment.Scenario3.testServiceWithoutApiKey(Scenario3.java:13)
	at HCLAssesmnt.Assesment.Scenario3.testServiceWithoutApiKey(Scenario3.java:13)
	at HCLAssesmnt.Assesment.Scenario3.testServiceWithoutApiKey(Scenario3.java:13)
	at HCLAssesmnt.Assesment.Scenario3.testServiceWithoutApiKey(Scenario3.java:13)
	at HCLAssesmnt.Assesment.Scenario3.testServiceWithoutApiKey(Scenario3.java:13)
	at HCLAssesmnt.Assesment.Scenario3.testServiceWithoutApiKey(Scenario3.java:13)
	at HCLAssesmnt.Assesment.Scenario3.testServiceWithoutApiKey(Scenario3.java:13)
	at HCLAssesmnt.Assesment.Scenario3.testServiceWithoutApiKey(Scenario3.java:13)
	at HCLAssesmnt.Assesment.Scenario3.testServiceWithoutApiKey(Scenario3.java:13)
	at HCLAssesmnt.Assesment.Scenario3.testServiceWithoutApiKey(Scenario3.java:13)
	at HCLAssesmnt.Assesment.Scenario3.testServiceWithoutApiKey(Scenario3.java:13)
	at HCLAssesmnt.Assesment.Scenario3.testServiceWithoutApiKey(Scenario3.java:13)
	at HCLAssesmnt.Assesment.Scenario3.testServiceWithoutApiKey(Scenario3.java:13)
	at HCLAssesmnt.Assesment.Scenario3.testServiceWithoutApiKey(Scenario3.java:13)
	at HCLAssesmnt.Assesment.Scenario3.testServiceWithoutApiKey(Scenario3.java:13)
	at HCLAssesmnt.Assesment.Scenario3.testServiceWithoutApiKey(Scenario3.java:13)
	at HCLAssesmnt.Assesment.Scenario3.testServiceWithoutApiKey(Scenario3.java:13)
	at HCLAssesmnt.Assesment.Scenario3.testServiceWithoutApiKey(Scenario3.java:13)
	at HCLAssesmnt.Assesment.Scenario3.testServiceWithoutApiKey(Scenario3.java:13)
	at HCLAssesmnt.Assesment.Scenario3.testServiceWithoutApiKey(Scenario3.java:13)
	at HCLAssesmnt.Assesment.Scenario3.testServiceWithoutApiKey(Scenario3.java:13)
	at HCLAssesmnt.Assesment.Scenario3.testServiceWithoutApiKey(Scenario3.java:13)
	at HCLAssesmnt.Assesment.Scenario3.testServiceWithoutApiKey(Scenario3.java:13)
	at HCLAssesmnt.Assesment.Scenario3.testServiceWithoutApiKey(Scenario3.java:13)
	at HCLAssesmnt.Assesment.Scenario3.testServiceWithoutApiKey(Scenario3.java:13)
	at HCLAssesmnt.Assesment.Scenario3.testServiceWithoutApiKey(Scenario3.java:13)
	at HCLAssesmnt.Assesment.Scenario3.testServiceWithoutApiKey(Scenario3.java:13)
	at HCLAssesmnt.Assesment.Scenario3.testServiceWithoutApiKey(Scenario3.java:13)
	at HCLAssesmnt.Assesment.Scenario3.testServiceWithoutApiKey(Scenario3.java:13)
	at HCLAssesmnt.Assesment.Scenario3.testServiceWithoutApiKey(Scenario3.java:13)
	at HCLAssesmnt.Assesment.Scenario3.testServiceWithoutApiKey(Scenario3.java:13)
	at HCLAssesmnt.Assesment.Scenario3.testServiceWithoutApiKey(Scenario3.java:13)
	at HCLAssesmnt.Assesment.Scenario3.testServiceWithoutApiKey(Scenario3.java:13)
	at HCLAssesmnt.Assesment.Scenario3.testServiceWithoutApiKey(Scenario3.java:13)
	at HCLAssesmnt.Assesment.Scenario3.testServiceWithoutApiKey(Scenario3.java:13)
	at HCLAssesmnt.Assesment.Scenario3.testServiceWithoutApiKey(Scenario3.java:13)
	at HCLAssesmnt.Assesment.Scenario3.testServiceWithoutApiKey(Scenario3.java:13)
	at HCLAssesmnt.Assesment.Scenario3.testServiceWithoutApiKey(Scenario3.java:13)
	at HCLAssesmnt.Assesment.Scenario3.testServiceWithoutApiKey(Scenario3.java:13)
	at HCLAssesmnt.Assesment.Scenario3.testServiceWithoutApiKey(Scenario3.java:13)
	at HCLAssesmnt.Assesment.Scenario3.testServiceWithoutApiKey(Scenario3.java:13)
	at HCLAssesmnt.Assesment.Scenario3.testServiceWithoutApiKey(Scenario3.java:13)
	at HCLAssesmnt.Assesment.Scenario3.testServiceWithoutApiKey(Scenario3.java:13)
	at HCLAssesmnt.Assesment.Scenario3.testServiceWithoutApiKey(Scenario3.java:13)
	at HCLAssesmnt.Assesment.Scenario3.testServiceWithoutApiKey(Scenario3.java:13)
	at HCLAssesmnt.Assesment.Scenario3.testServiceWithoutApiKey(Scenario3.java:13)
	at HCLAssesmnt.Assesment.Scenario3.testServiceWithoutApiKey(Scenario3.java:13)
	at HCLAssesmnt.Assesment.Scenario3.testServiceWithoutApiKey(Scenario3.java:13)
	at HCLAssesmnt.Assesment.Scenario3.testServiceWithoutApiKey(Scenario3.java:13)
	at HCLAssesmnt.Assesment.Scenario3.testServiceWithoutApiKey(Scenario3.java:13)
	at HCLAssesmnt.Assesment.Scenario3.testServiceWithoutApiKey(Scenario3.java:13)
	at HCLAssesmnt.Assesment.Scenario3.testServiceWithoutApiKey(Scenario3.java:13)
	at HCLAssesmnt.Assesment.Scenario3.testServiceWithoutApiKey(Scenario3.java:13)
	at HCLAssesmnt.Assesment.Scenario3.testServiceWithoutApiKey(Scenario3.java:13)
	at HCLAssesmnt.Assesment.Scenario3.testServiceWithoutApiKey(Scenario3.java:13)
	at HCLAssesmnt.Assesment.Scenario3.testServiceWithoutApiKey(Scenario3.java:13)
	at HCLAssesmnt.Assesment.Scenario3.testServiceWithoutApiKey(Scenario3.java:13)
	at HCLAssesmnt.Assesment.Scenario3.testServiceWithoutApiKey(Scenario3.java:13)
	at HCLAssesmnt.Assesment.Scenario3.testServiceWithoutApiKey(Scenario3.java:13)
	at HCLAssesmnt.Assesment.Scenario3.testServiceWithoutApiKey(Scenario3.java:13)
	at HCLAssesmnt.Assesment.Scenario3.testServiceWithoutApiKey(Scenario3.java:13)
	at HCLAssesmnt.Assesment.Scenario3.testServiceWithoutApiKey(Scenario3.java:13)
	at HCLAssesmnt.Assesment.Scenario3.testServiceWithoutApiKey(Scenario3.java:13)
	at HCLAssesmnt.Assesment.Scenario3.testServiceWithoutApiKey(Scenario3.java:13)
	at HCLAssesmnt.Assesment.Scenario3.testServiceWithoutApiKey(Scenario3.java:13)
	at HCLAssesmnt.Assesment.Scenario3.testServiceWithoutApiKey(Scenario3.java:13)
	at HCLAssesmnt.Assesment.Scenario3.testServiceWithoutApiKey(Scenario3.java:13)
	at HCLAssesmnt.Assesment.Scenario3.testServiceWithoutApiKey(Scenario3.java:13)
	at HCLAssesmnt.Assesment.Scenario3.testServiceWithoutApiKey(Scenario3.java:13)
	at HCLAssesmnt.Assesment.Scenario3.testServiceWithoutApiKey(Scenario3.java:13)
	at HCLAssesmnt.Assesment.Scenario3.testServiceWithoutApiKey(Scenario3.java:13)
	at HCLAssesmnt.Assesment.Scenario3.testServiceWithoutApiKey(Scenario3.java:13)
	at HCLAssesmnt.Assesment.Scenario3.testServiceWithoutApiKey(Scenario3.java:13)
	at HCLAssesmnt.Assesment.Scenario3.testServiceWithoutApiKey(Scenario3.java:13)
	at HCLAssesmnt.Assesment.Scenario3.testServiceWithoutApiKey(Scenario3.java:13)
	at HCLAssesmnt.Assesment.Scenario3.testServiceWithoutApiKey(Scenario3.java:13)
	at HCLAssesmnt.Assesment.Scenario3.testServiceWithoutApiKey(Scenario3.java:13)
	at HCLAssesmnt.Assesment.Scenario3.testServiceWithoutApiKey(Scenario3.java:13)
	at HCLAssesmnt.Assesment.Scenario3.testServiceWithoutApiKey(Scenario3.java:13)
	at HCLAssesmnt.Assesment.Scenario3.testServiceWithoutApiKey(Scenario3.java:13)
	at HCLAssesmnt.Assesment.Scenario3.testServiceWithoutApiKey(Scenario3.java:13)
	at HCLAssesmnt.Assesment.Scenario3.testServiceWithoutApiKey(Scenario3.java:13)
	at HCLAssesmnt.Assesment.Scenario3.testServiceWithoutApiKey(Scenario3.java:13)
	at HCLAssesmnt.Assesment.Scenario3.testServiceWithoutApiKey(Scenario3.java:13)
	at HCLAssesmnt.Assesment.Scenario3.testServiceWithoutApiKey(Scenario3.java:13)
	at HCLAssesmnt.Assesment.Scenario3.testServiceWithoutApiKey(Scenario3.java:13)
	at HCLAssesmnt.Assesment.Scenario3.testServiceWithoutApiKey(Scenario3.java:13)
	at HCLAssesmnt.Assesment.Scenario3.testServiceWithoutApiKey(Scenario3.java:13)
	at HCLAssesmnt.Assesment.Scenario3.testServiceWithoutApiKey(Scenario3.java:13)
	at HCLAssesmnt.Assesment.Scenario3.testServiceWithoutApiKey(Scenario3.java:13)
	at HCLAssesmnt.Assesment.Scenario3.testServiceWithoutApiKey(Scenario3.java:13)
	at HCLAssesmnt.Assesment.Scenario3.testServiceWithoutApiKey(Scenario3.java:13)
	at HCLAssesmnt.Assesment.Scenario3.testServiceWithoutApiKey(Scenario3.java:13)
	at HCLAssesmnt.Assesment.Scenario3.testServiceWithoutApiKey(Scenario3.java:13)
	at HCLAssesmnt.Assesment.Scenario3.testServiceWithoutApiKey(Scenario3.java:13)
	at HCLAssesmnt.Assesment.Scenario3.testServiceWithoutApiKey(Scenario3.java:13)
	at HCLAssesmnt.Assesment.Scenario3.testServiceWithoutApiKey(Scenario3.java:13)
	at HCLAssesmnt.Assesment.Scenario3.testServiceWithoutApiKey(Scenario3.java:13)
	at HCLAssesmnt.Assesment.Scenario3.testServiceWithoutApiKey(Scenario3.java:13)
	at HCLAssesmnt.Assesment.Scenario3.testServiceWithoutApiKey(Scenario3.java:13)
	at HCLAssesmnt.Assesment.Scenario3.testServiceWithoutApiKey(Scenario3.java:13)
	at HCLAssesmnt.Assesment.Scenario3.testServiceWithoutApiKey(Scenario3.java:13)
	at HCLAssesmnt.Assesment.Scenario3.testServiceWithoutApiKey(Scenario3.java:13)
	at HCLAssesmnt.Assesment.Scenario3.testServiceWithoutApiKey(Scenario3.java:13)
	at HCLAssesmnt.Assesment.Scenario3.testServiceWithoutApiKey(Scenario3.java:13)
	at HCLAssesmnt.Assesment.Scenario3.testServiceWithoutApiKey(Scenario3.java:13)
	at HCLAssesmnt.Assesment.Scenario3.testServiceWithoutApiKey(Scenario3.java:13)
	at HCLAssesmnt.Assesment.Scenario3.testServiceWithoutApiKey(Scenario3.java:13)
	at HCLAssesmnt.Assesment.Scenario3.testServiceWithoutApiKey(Scenario3.java:13)
	at HCLAssesmnt.Assesment.Scenario3.testServiceWithoutApiKey(Scenario3.java:13)
	at HCLAssesmnt.Assesment.Scenario3.testServiceWithoutApiKey(Scenario3.java:13)
	at HCLAssesmnt.Assesment.Scenario3.testServiceWithoutApiKey(Scenario3.java:13)
	at HCLAssesmnt.Assesment.Scenario3.testServiceWithoutApiKey(Scenario3.java:13)
	at HCLAssesmnt.Assesment.Scenario3.testServiceWithoutApiKey(Scenario3.java:13)
	at HCLAssesmnt.Assesment.Scenario3.testServiceWithoutApiKey(Scenario3.java:13)
	at HCLAssesmnt.Assesment.Scenario3.testServiceWithoutApiKey(Scenario3.java:13)
	at HCLAssesmnt.Assesment.Scenario3.testServiceWithoutApiKey(Scenario3.java:13)
	at HCLAssesmnt.Assesment.Scenario3.testServiceWithoutApiKey(Scenario3.java:13)
	at HCLAssesmnt.Assesment.Scenario3.testServiceWithoutApiKey(Scenario3.java:13)
	at HCLAssesmnt.Assesment.Scenario3.testServiceWithoutApiKey(Scenario3.java:13)
	at HCLAssesmnt.Assesment.Scenario3.testServiceWithoutApiKey(Scenario3.java:13)
	at HCLAssesmnt.Assesment.Scenario3.testServiceWithoutApiKey(Scenario3.java:13)
	at HCLAssesmnt.Assesment.Scenario3.testServiceWithoutApiKey(Scenario3.java:13)
	at HCLAssesmnt.Assesment.Scenario3.testServiceWithoutApiKey(Scenario3.java:13)
	at HCLAssesmnt.Assesment.Scenario3.testServiceWithoutApiKey(Scenario3.java:13)
	at HCLAssesmnt.Assesment.Scenario3.testServiceWithoutApiKey(Scenario3.java:13)
	at HCLAssesmnt.Assesment.Scenario3.testServiceWithoutApiKey(Scenario3.java:13)
	at HCLAssesmnt.Assesment.Scenario3.testServiceWithoutApiKey(Scenario3.java:13)
	at HCLAssesmnt.Assesment.Scenario3.testServiceWithoutApiKey(Scenario3.java:13)
	at HCLAssesmnt.Assesment.Scenario3.testServiceWithoutApiKey(Scenario3.java:13)
	at HCLAssesmnt.Assesment.Scenario3.testServiceWithoutApiKey(Scenario3.java:13)
	at HCLAssesmnt.Assesment.Scenario3.testServiceWithoutApiKey(Scenario3.java:13)
	at HCLAssesmnt.Assesment.Scenario3.testServiceWithoutApiKey(Scenario3.java:13)
	at HCLAssesmnt.Assesment.Scenario3.testServiceWithoutApiKey(Scenario3.java:13)
	at HCLAssesmnt.Assesment.Scenario3.testServiceWithoutApiKey(Scenario3.java:13)
	at HCLAssesmnt.Assesment.Scenario3.testServiceWithoutApiKey(Scenario3.java:13)
	at HCLAssesmnt.Assesment.Scenario3.testServiceWithoutApiKey(Scenario3.java:13)
	at HCLAssesmnt.Assesment.Scenario3.testServiceWithoutApiKey(Scenario3.java:13)
	at HCLAssesmnt.Assesment.Scenario3.testServiceWithoutApiKey(Scenario3.java:13)
	at HCLAssesmnt.Assesment.Scenario3.testServiceWithoutApiKey(Scenario3.java:13)
	at HCLAssesmnt.Assesment.Scenario3.testServiceWithoutApiKey(Scenario3.java:13)
	at HCLAssesmnt.Assesment.Scenario3.testServiceWithoutApiKey(Scenario3.java:13)
	at HCLAssesmnt.Assesment.Scenario3.testServiceWithoutApiKey(Scenario3.java:13)
	at HCLAssesmnt.Assesment.Scenario3.testServiceWithoutApiKey(Scenario3.java:13)
	at HCLAssesmnt.Assesment.Scenario3.testServiceWithoutApiKey(Scenario3.java:13)
	at HCLAssesmnt.Assesment.Scenario3.testServiceWithoutApiKey(Scenario3.java:13)
	at HCLAssesmnt.Assesment.Scenario3.testServiceWithoutApiKey(Scenario3.java:13)
	at HCLAssesmnt.Assesment.Scenario3.testServiceWithoutApiKey(Scenario3.java:13)
	at HCLAssesmnt.Assesment.Scenario3.testServiceWithoutApiKey(Scenario3.java:13)
	at HCLAssesmnt.Assesment.Scenario3.testServiceWithoutApiKey(Scenario3.java:13)
	at HCLAssesmnt.Assesment.Scenario3.testServiceWithoutApiKey(Scenario3.java:13)
	at HCLAssesmnt.Assesment.Scenario3.testServiceWithoutApiKey(Scenario3.java:13)
	at HCLAssesmnt.Assesment.Scenario3.testServiceWithoutApiKey(Scenario3.java:13)
	at HCLAssesmnt.Assesment.Scenario3.testServiceWithoutApiKey(Scenario3.java:13)
	at HCLAssesmnt.Assesment.Scenario3.testServiceWithoutApiKey(Scenario3.java:13)
	at HCLAssesmnt.Assesment.Scenario3.testServiceWithoutApiKey(Scenario3.java:13)
	at HCLAssesmnt.Assesment.Scenario3.testServiceWithoutApiKey(Scenario3.java:13)
	at HCLAssesmnt.Assesment.Scenario3.testServiceWithoutApiKey(Scenario3.java:13)
	at HCLAssesmnt.Assesment.Scenario3.testServiceWithoutApiKey(Scenario3.java:13)
	at HCLAssesmnt.Assesment.Scenario3.testServiceWithoutApiKey(Scenario3.java:13)
	at HCLAssesmnt.Assesment.Scenario3.testServiceWithoutApiKey(Scenario3.java:13)
	at HCLAssesmnt.Assesment.Scenario3.testServiceWithoutApiKey(Scenario3.java:13)
	at HCLAssesmnt.Assesment.Scenario3.testServiceWithoutApiKey(Scenario3.java:13)
	at HCLAssesmnt.Assesment.Scenario3.testServiceWithoutApiKey(Scenario3.java:13)
	at HCLAssesmnt.Assesment.Scenario3.testServiceWithoutApiKey(Scenario3.java:13)
	at HCLAssesmnt.Assesment.Scenario3.testServiceWithoutApiKey(Scenario3.java:13)
	at HCLAssesmnt.Assesment.Scenario3.testServiceWithoutApiKey(Scenario3.java:13)
	at HCLAssesmnt.Assesment.Scenario3.testServiceWithoutApiKey(Scenario3.java:13)
	at HCLAssesmnt.Assesment.Scenario3.testServiceWithoutApiKey(Scenario3.java:13)
	at HCLAssesmnt.Assesment.Scenario3.testServiceWithoutApiKey(Scenario3.java:13)
	at HCLAssesmnt.Assesment.Scenario3.testServiceWithoutApiKey(Scenario3.java:13)
	at HCLAssesmnt.Assesment.Scenario3.testServiceWithoutApiKey(Scenario3.java:13)
	at HCLAssesmnt.Assesment.Scenario3.testServiceWithoutApiKey(Scenario3.java:13)
	at HCLAssesmnt.Assesment.Scenario3.testServiceWithoutApiKey(Scenario3.java:13)
	at HCLAssesmnt.Assesment.Scenario3.testServiceWithoutApiKey(Scenario3.java:13)
	at HCLAssesmnt.Assesment.Scenario3.testServiceWithoutApiKey(Scenario3.java:13)
	at HCLAssesmnt.Assesment.Scenario3.testServiceWithoutApiKey(Scenario3.java:13)
	at HCLAssesmnt.Assesment.Scenario3.testServiceWithoutApiKey(Scenario3.java:13)
	at HCLAssesmnt.Assesment.Scenario3.testServiceWithoutApiKey(Scenario3.java:13)
	at HCLAssesmnt.Assesment.Scenario3.testServiceWithoutApiKey(Scenario3.java:13)
	at HCLAssesmnt.Assesment.Scenario3.testServiceWithoutApiKey(Scenario3.java:13)
	at HCLAssesmnt.Assesment.Scenario3.testServiceWithoutApiKey(Scenario3.java:13)
	at HCLAssesmnt.Assesment.Scenario3.testServiceWithoutApiKey(Scenario3.java:13)
	at HCLAssesmnt.Assesment.Scenario3.testServiceWithoutApiKey(Scenario3.java:13)
	at HCLAssesmnt.Assesment.Scenario3.testServiceWithoutApiKey(Scenario3.java:13)
	at HCLAssesmnt.Assesment.Scenario3.testServiceWithoutApiKey(Scenario3.java:13)
	at HCLAssesmnt.Assesment.Scenario3.testServiceWithoutApiKey(Scenario3.java:13)
	at HCLAssesmnt.Assesment.Scenario3.testServiceWithoutApiKey(Scenario3.java:13)
	at HCLAssesmnt.Assesment.Scenario3.testServiceWithoutApiKey(Scenario3.java:13)
	at HCLAssesmnt.Assesment.Scenario3.testServiceWithoutApiKey(Scenario3.java:13)
	at HCLAssesmnt.Assesment.Scenario3.testServiceWithoutApiKey(Scenario3.java:13)
	at HCLAssesmnt.Assesment.Scenario3.testServiceWithoutApiKey(Scenario3.java:13)
	at HCLAssesmnt.Assesment.Scenario3.testServiceWithoutApiKey(Scenario3.java:13)
	at HCLAssesmnt.Assesment.Scenario3.testServiceWithoutApiKey(Scenario3.java:13)
	at HCLAssesmnt.Assesment.Scenario3.testServiceWithoutApiKey(Scenario3.java:13)
	at HCLAssesmnt.Assesment.Scenario3.testServiceWithoutApiKey(Scenario3.java:13)
	at HCLAssesmnt.Assesment.Scenario3.testServiceWithoutApiKey(Scenario3.java:13)
	at HCLAssesmnt.Assesment.Scenario3.testServiceWithoutApiKey(Scenario3.java:13)
	at HCLAssesmnt.Assesment.Scenario3.testServiceWithoutApiKey(Scenario3.java:13)
	at HCLAssesmnt.Assesment.Scenario3.testServiceWithoutApiKey(Scenario3.java:13)
	at HCLAssesmnt.Assesment.Scenario3.testServiceWithoutApiKey(Scenario3.java:13)
	at HCLAssesmnt.Assesment.Scenario3.testServiceWithoutApiKey(Scenario3.java:13)
	at HCLAssesmnt.Assesment.Scenario3.testServiceWithoutApiKey(Scenario3.java:13)
	at HCLAssesmnt.Assesment.Scenario3.testServiceWithoutApiKey(Scenario3.java:13)
	at HCLAssesmnt.Assesment.Scenario3.testServiceWithoutApiKey(Scenario3.java:13)
	at HCLAssesmnt.Assesment.Scenario3.testServiceWithoutApiKey(Scenario3.java:13)
	at HCLAssesmnt.Assesment.Scenario3.testServiceWithoutApiKey(Scenario3.java:13)
	at HCLAssesmnt.Assesment.Scenario3.testServiceWithoutApiKey(Scenario3.java:13)
	at HCLAssesmnt.Assesment.Scenario3.testServiceWithoutApiKey(Scenario3.java:13)
	at HCLAssesmnt.Assesment.Scenario3.testServiceWithoutApiKey(Scenario3.java:13)
	at HCLAssesmnt.Assesment.Scenario3.testServiceWithoutApiKey(Scenario3.java:13)
	at HCLAssesmnt.Assesment.Scenario3.testServiceWithoutApiKey(Scenario3.java:13)
	at HCLAssesmnt.Assesment.Scenario3.testServiceWithoutApiKey(Scenario3.java:13)
	at HCLAssesmnt.Assesment.Scenario3.testServiceWithoutApiKey(Scenario3.java:13)
	at HCLAssesmnt.Assesment.Scenario3.testServiceWithoutApiKey(Scenario3.java:13)
	at HCLAssesmnt.Assesment.Scenario3.testServiceWithoutApiKey(Scenario3.java:13)
	at HCLAssesmnt.Assesment.Scenario3.testServiceWithoutApiKey(Scenario3.java:13)
	at HCLAssesmnt.Assesment.Scenario3.testServiceWithoutApiKey(Scenario3.java:13)
	at HCLAssesmnt.Assesment.Scenario3.testServiceWithoutApiKey(Scenario3.java:13)
	at HCLAssesmnt.Assesment.Scenario3.testServiceWithoutApiKey(Scenario3.java:13)
	at HCLAssesmnt.Assesment.Scenario3.testServiceWithoutApiKey(Scenario3.java:13)
	at HCLAssesmnt.Assesment.Scenario3.testServiceWithoutApiKey(Scenario3.java:13)
	at HCLAssesmnt.Assesment.Scenario3.testServiceWithoutApiKey(Scenario3.java:13)
	at HCLAssesmnt.Assesment.Scenario3.testServiceWithoutApiKey(Scenario3.java:13)
	at HCLAssesmnt.Assesment.Scenario3.testServiceWithoutApiKey(Scenario3.java:13)
	at HCLAssesmnt.Assesment.Scenario3.testServiceWithoutApiKey(Scenario3.java:13)
	at HCLAssesmnt.Assesment.Scenario3.testServiceWithoutApiKey(Scenario3.java:13)
	at HCLAssesmnt.Assesment.Scenario3.testServiceWithoutApiKey(Scenario3.java:13)
	at HCLAssesmnt.Assesment.Scenario3.testServiceWithoutApiKey(Scenario3.java:13)
	at HCLAssesmnt.Assesment.Scenario3.testServiceWithoutApiKey(Scenario3.java:13)
	at HCLAssesmnt.Assesment.Scenario3.testServiceWithoutApiKey(Scenario3.java:13)
	at HCLAssesmnt.Assesment.Scenario3.testServiceWithoutApiKey(Scenario3.java:13)
	at HCLAssesmnt.Assesment.Scenario3.testServiceWithoutApiKey(Scenario3.java:13)
	at HCLAssesmnt.Assesment.Scenario3.testServiceWithoutApiKey(Scenario3.java:13)
	at HCLAssesmnt.Assesment.Scenario3.testServiceWithoutApiKey(Scenario3.java:13)
	at HCLAssesmnt.Assesment.Scenario3.testServiceWithoutApiKey(Scenario3.java:13)
	at HCLAssesmnt.Assesment.Scenario3.testServiceWithoutApiKey(Scenario3.java:13)
	at HCLAssesmnt.Assesment.Scenario3.testServiceWithoutApiKey(Scenario3.java:13)
	at HCLAssesmnt.Assesment.Scenario3.testServiceWithoutApiKey(Scenario3.java:13)
	at HCLAssesmnt.Assesment.Scenario3.testServiceWithoutApiKey(Scenario3.java:13)
	at HCLAssesmnt.Assesment.Scenario3.testServiceWithoutApiKey(Scenario3.java:13)
	at HCLAssesmnt.Assesment.Scenario3.testServiceWithoutApiKey(Scenario3.java:13)
	at HCLAssesmnt.Assesment.Scenario3.testServiceWithoutApiKey(Scenario3.java:13)
	at HCLAssesmnt.Assesment.Scenario3.testServiceWithoutApiKey(Scenario3.java:13)
	at HCLAssesmnt.Assesment.Scenario3.testServiceWithoutApiKey(Scenario3.java:13)
	at HCLAssesmnt.Assesment.Scenario3.testServiceWithoutApiKey(Scenario3.java:13)
	at HCLAssesmnt.Assesment.Scenario3.testServiceWithoutApiKey(Scenario3.java:13)
	at HCLAssesmnt.Assesment.Scenario3.testServiceWithoutApiKey(Scenario3.java:13)
	at HCLAssesmnt.Assesment.Scenario3.testServiceWithoutApiKey(Scenario3.java:13)
	at HCLAssesmnt.Assesment.Scenario3.testServiceWithoutApiKey(Scenario3.java:13)
	at HCLAssesmnt.Assesment.Scenario3.testServiceWithoutApiKey(Scenario3.java:13)
	at HCLAssesmnt.Assesment.Scenario3.testServiceWithoutApiKey(Scenario3.java:13)
	at HCLAssesmnt.Assesment.Scenario3.testServiceWithoutApiKey(Scenario3.java:13)
	at HCLAssesmnt.Assesment.Scenario3.testServiceWithoutApiKey(Scenario3.java:13)
	at HCLAssesmnt.Assesment.Scenario3.testServiceWithoutApiKey(Scenario3.java:13)
	at HCLAssesmnt.Assesment.Scenario3.testServiceWithoutApiKey(Scenario3.java:13)
	at HCLAssesmnt.Assesment.Scenario3.testServiceWithoutApiKey(Scenario3.java:13)
	at HCLAssesmnt.Assesment.Scenario3.testServiceWithoutApiKey(Scenario3.java:13)
	at HCLAssesmnt.Assesment.Scenario3.testServiceWithoutApiKey(Scenario3.java:13)
	at HCLAssesmnt.Assesment.Scenario3.testServiceWithoutApiKey(Scenario3.java:13)
	at HCLAssesmnt.Assesment.Scenario3.testServiceWithoutApiKey(Scenario3.java:13)
	at HCLAssesmnt.Assesment.Scenario3.testServiceWithoutApiKey(Scenario3.java:13)
	at HCLAssesmnt.Assesment.Scenario3.testServiceWithoutApiKey(Scenario3.java:13)
	at HCLAssesmnt.Assesment.Scenario3.testServiceWithoutApiKey(Scenario3.java:13)
	at HCLAssesmnt.Assesment.Scenario3.testServiceWithoutApiKey(Scenario3.java:13)
	at HCLAssesmnt.Assesment.Scenario3.testServiceWithoutApiKey(Scenario3.java:13)
	at HCLAssesmnt.Assesment.Scenario3.testServiceWithoutApiKey(Scenario3.java:13)
	at HCLAssesmnt.Assesment.Scenario3.testServiceWithoutApiKey(Scenario3.java:13)
	at HCLAssesmnt.Assesment.Scenario3.testServiceWithoutApiKey(Scenario3.java:13)
	at HCLAssesmnt.Assesment.Scenario3.testServiceWithoutApiKey(Scenario3.java:13)
	at HCLAssesmnt.Assesment.Scenario3.testServiceWithoutApiKey(Scenario3.java:13)
	at HCLAssesmnt.Assesment.Scenario3.testServiceWithoutApiKey(Scenario3.java:13)
	at HCLAssesmnt.Assesment.Scenario3.testServiceWithoutApiKey(Scenario3.java:13)
	at HCLAssesmnt.Assesment.Scenario3.testServiceWithoutApiKey(Scenario3.java:13)
	at HCLAssesmnt.Assesment.Scenario3.testServiceWithoutApiKey(Scenario3.java:13)
	at HCLAssesmnt.Assesment.Scenario3.testServiceWithoutApiKey(Scenario3.java:13)
	at HCLAssesmnt.Assesment.Scenario3.testServiceWithoutApiKey(Scenario3.java:13)
	at HCLAssesmnt.Assesment.Scenario3.testServiceWithoutApiKey(Scenario3.java:13)
	at HCLAssesmnt.Assesment.Scenario3.testServiceWithoutApiKey(Scenario3.java:13)
	at HCLAssesmnt.Assesment.Scenario3.testServiceWithoutApiKey(Scenario3.java:13)
	at HCLAssesmnt.Assesment.Scenario3.testServiceWithoutApiKey(Scenario3.java:13)
	at HCLAssesmnt.Assesment.Scenario3.testServiceWithoutApiKey(Scenario3.java:13)
	at HCLAssesmnt.Assesment.Scenario3.testServiceWithoutApiKey(Scenario3.java:13)
	at HCLAssesmnt.Assesment.Scenario3.testServiceWithoutApiKey(Scenario3.java:13)
	at HCLAssesmnt.Assesment.Scenario3.testServiceWithoutApiKey(Scenario3.java:13)
	at HCLAssesmnt.Assesment.Scenario3.testServiceWithoutApiKey(Scenario3.java:13)
	at HCLAssesmnt.Assesment.Scenario3.testServiceWithoutApiKey(Scenario3.java:13)
	at HCLAssesmnt.Assesment.Scenario3.testServiceWithoutApiKey(Scenario3.java:13)
	at HCLAssesmnt.Assesment.Scenario3.testServiceWithoutApiKey(Scenario3.java:13)
	at HCLAssesmnt.Assesment.Scenario3.testServiceWithoutApiKey(Scenario3.java:13)
	at HCLAssesmnt.Assesment.Scenario3.testServiceWithoutApiKey(Scenario3.java:13)
	at HCLAssesmnt.Assesment.Scenario3.testServiceWithoutApiKey(Scenario3.java:13)
	at HCLAssesmnt.Assesment.Scenario3.testServiceWithoutApiKey(Scenario3.java:13)
	at HCLAssesmnt.Assesment.Scenario3.testServiceWithoutApiKey(Scenario3.java:13)
	at HCLAssesmnt.Assesment.Scenario3.testServiceWithoutApiKey(Scenario3.java:13)
	at HCLAssesmnt.Assesment.Scenario3.testServiceWithoutApiKey(Scenario3.java:13)
	at HCLAssesmnt.Assesment.Scenario3.testServiceWithoutApiKey(Scenario3.java:13)
	at HCLAssesmnt.Assesment.Scenario3.testServiceWithoutApiKey(Scenario3.java:13)
	at HCLAssesmnt.Assesment.Scenario3.testServiceWithoutApiKey(Scenario3.java:13)
	at HCLAssesmnt.Assesment.Scenario3.testServiceWithoutApiKey(Scenario3.java:13)
	at HCLAssesmnt.Assesment.Scenario3.testServiceWithoutApiKey(Scenario3.java:13)
	at HCLAssesmnt.Assesment.Scenario3.testServiceWithoutApiKey(Scenario3.java:13)
	at HCLAssesmnt.Assesment.Scenario3.testServiceWithoutApiKey(Scenario3.java:13)
	at HCLAssesmnt.Assesment.Scenario3.testServiceWithoutApiKey(Scenario3.java:13)
	at HCLAssesmnt.Assesment.Scenario3.testServiceWithoutApiKey(Scenario3.java:13)
	at HCLAssesmnt.Assesment.Scenario3.testServiceWithoutApiKey(Scenario3.java:13)
	at HCLAssesmnt.Assesment.Scenario3.testServiceWithoutApiKey(Scenario3.java:13)
	at HCLAssesmnt.Assesment.Scenario3.testServiceWithoutApiKey(Scenario3.java:13)
	at HCLAssesmnt.Assesment.Scenario3.testServiceWithoutApiKey(Scenario3.java:13)
	at HCLAssesmnt.Assesment.Scenario3.testServiceWithoutApiKey(Scenario3.java:13)
	at HCLAssesmnt.Assesment.Scenario3.testServiceWithoutApiKey(Scenario3.java:13)
	at HCLAssesmnt.Assesment.Scenario3.testServiceWithoutApiKey(Scenario3.java:13)
	at HCLAssesmnt.Assesment.Scenario3.testServiceWithoutApiKey(Scenario3.java:13)
	at HCLAssesmnt.Assesment.Scenario3.testServiceWithoutApiKey(Scenario3.java:13)
	at HCLAssesmnt.Assesment.Scenario3.testServiceWithoutApiKey(Scenario3.java:13)
	at HCLAssesmnt.Assesment.Scenario3.testServiceWithoutApiKey(Scenario3.java:13)
	at HCLAssesmnt.Assesment.Scenario3.testServiceWithoutApiKey(Scenario3.java:13)
	at HCLAssesmnt.Assesment.Scenario3.testServiceWithoutApiKey(Scenario3.java:13)
	at HCLAssesmnt.Assesment.Scenario3.testServiceWithoutApiKey(Scenario3.java:13)
	at HCLAssesmnt.Assesment.Scenario3.testServiceWithoutApiKey(Scenario3.java:13)
	at HCLAssesmnt.Assesment.Scenario3.testServiceWithoutApiKey(Scenario3.java:13)
	at HCLAssesmnt.Assesment.Scenario3.testServiceWithoutApiKey(Scenario3.java:13)
	at HCLAssesmnt.Assesment.Scenario3.testServiceWithoutApiKey(Scenario3.java:13)
	at HCLAssesmnt.Assesment.Scenario3.testServiceWithoutApiKey(Scenario3.java:13)
	at HCLAssesmnt.Assesment.Scenario3.testServiceWithoutApiKey(Scenario3.java:13)
	at HCLAssesmnt.Assesment.Scenario3.testServiceWithoutApiKey(Scenario3.java:13)
	at HCLAssesmnt.Assesment.Scenario3.testServiceWithoutApiKey(Scenario3.java:13)
	at HCLAssesmnt.Assesment.Scenario3.testServiceWithoutApiKey(Scenario3.java:13)
	at HCLAssesmnt.Assesment.Scenario3.testServiceWithoutApiKey(Scenario3.java:13)
	at HCLAssesmnt.Assesment.Scenario3.testServiceWithoutApiKey(Scenario3.java:13)
	at HCLAssesmnt.Assesment.Scenario3.testServiceWithoutApiKey(Scenario3.java:13)
	at HCLAssesmnt.Assesment.Scenario3.testServiceWithoutApiKey(Scenario3.java:13)
	at HCLAssesmnt.Assesment.Scenario3.testServiceWithoutApiKey(Scenario3.java:13)
	at HCLAssesmnt.Assesment.Scenario3.testServiceWithoutApiKey(Scenario3.java:13)
	at HCLAssesmnt.Assesment.Scenario3.testServiceWithoutApiKey(Scenario3.java:13)
	at HCLAssesmnt.Assesment.Scenario3.testServiceWithoutApiKey(Scenario3.java:13)
	at HCLAssesmnt.Assesment.Scenario3.testServiceWithoutApiKey(Scenario3.java:13)
	at HCLAssesmnt.Assesment.Scenario3.testServiceWithoutApiKey(Scenario3.java:13)
	at HCLAssesmnt.Assesment.Scenario3.testServiceWithoutApiKey(Scenario3.java:13)
	at HCLAssesmnt.Assesment.Scenario3.testServiceWithoutApiKey(Scenario3.java:13)
	at HCLAssesmnt.Assesment.Scenario3.testServiceWithoutApiKey(Scenario3.java:13)
	at HCLAssesmnt.Assesment.Scenario3.testServiceWithoutApiKey(Scenario3.java:13)
	at HCLAssesmnt.Assesment.Scenario3.testServiceWithoutApiKey(Scenario3.java:13)
	at HCLAssesmnt.Assesment.Scenario3.testServiceWithoutApiKey(Scenario3.java:13)
	at HCLAssesmnt.Assesment.Scenario3.testServiceWithoutApiKey(Scenario3.java:13)
	at HCLAssesmnt.Assesment.Scenario3.testServiceWithoutApiKey(Scenario3.java:13)
	at HCLAssesmnt.Assesment.Scenario3.testServiceWithoutApiKey(Scenario3.java:13)
	at HCLAssesmnt.Assesment.Scenario3.testServiceWithoutApiKey(Scenario3.java:13)
	at HCLAssesmnt.Assesment.Scenario3.testServiceWithoutApiKey(Scenario3.java:13)
	at HCLAssesmnt.Assesment.Scenario3.testServiceWithoutApiKey(Scenario3.java:13)
	at HCLAssesmnt.Assesment.Scenario3.testServiceWithoutApiKey(Scenario3.java:13)
	at HCLAssesmnt.Assesment.Scenario3.testServiceWithoutApiKey(Scenario3.java:13)
	at HCLAssesmnt.Assesment.Scenario3.testServiceWithoutApiKey(Scenario3.java:13)
	at HCLAssesmnt.Assesment.Scenario3.testServiceWithoutApiKey(Scenario3.java:13)
	at HCLAssesmnt.Assesment.Scenario3.testServiceWithoutApiKey(Scenario3.java:13)
	at HCLAssesmnt.Assesment.Scenario3.testServiceWithoutApiKey(Scenario3.java:13)
	at HCLAssesmnt.Assesment.Scenario3.testServiceWithoutApiKey(Scenario3.java:13)
	at HCLAssesmnt.Assesment.Scenario3.testServiceWithoutApiKey(Scenario3.java:13)
	at HCLAssesmnt.Assesment.Scenario3.testServiceWithoutApiKey(Scenario3.java:13)
	at HCLAssesmnt.Assesment.Scenario3.testServiceWithoutApiKey(Scenario3.java:13)
	at HCLAssesmnt.Assesment.Scenario3.testServiceWithoutApiKey(Scenario3.java:13)
	at HCLAssesmnt.Assesment.Scenario3.testServiceWithoutApiKey(Scenario3.java:13)
	at HCLAssesmnt.Assesment.Scenario3.testServiceWithoutApiKey(Scenario3.java:13)
	at HCLAssesmnt.Assesment.Scenario3.testServiceWithoutApiKey(Scenario3.java:13)
	at HCLAssesmnt.Assesment.Scenario3.testServiceWithoutApiKey(Scenario3.java:13)
	at HCLAssesmnt.Assesment.Scenario3.testServiceWithoutApiKey(Scenario3.java:13)
	at HCLAssesmnt.Assesment.Scenario3.testServiceWithoutApiKey(Scenario3.java:13)
	at HCLAssesmnt.Assesment.Scenario3.testServiceWithoutApiKey(Scenario3.java:13)
	at HCLAssesmnt.Assesment.Scenario3.testServiceWithoutApiKey(Scenario3.java:13)
	at HCLAssesmnt.Assesment.Scenario3.testServiceWithoutApiKey(Scenario3.java:13)
	at HCLAssesmnt.Assesment.Scenario3.testServiceWithoutApiKey(Scenario3.java:13)
	at HCLAssesmnt.Assesment.Scenario3.testServiceWithoutApiKey(Scenario3.java:13)
	at HCLAssesmnt.Assesment.Scenario3.testServiceWithoutApiKey(Scenario3.java:13)
	at HCLAssesmnt.Assesment.Scenario3.testServiceWithoutApiKey(Scenario3.java:13)
	at HCLAssesmnt.Assesment.Scenario3.testServiceWithoutApiKey(Scenario3.java:13)
	at HCLAssesmnt.Assesment.Scenario3.testServiceWithoutApiKey(Scenario3.java:13)
	at HCLAssesmnt.Assesment.Scenario3.testServiceWithoutApiKey(Scenario3.java:13)
	at HCLAssesmnt.Assesment.Scenario3.testServiceWithoutApiKey(Scenario3.java:13)
	at HCLAssesmnt.Assesment.Scenario3.testServiceWithoutApiKey(Scenario3.java:13)
	at HCLAssesmnt.Assesment.Scenario3.testServiceWithoutApiKey(Scenario3.java:13)
	at HCLAssesmnt.Assesment.Scenario3.testServiceWithoutApiKey(Scenario3.java:13)
	at HCLAssesmnt.Assesment.Scenario3.testServiceWithoutApiKey(Scenario3.java:13)
	at HCLAssesmnt.Assesment.Scenario3.testServiceWithoutApiKey(Scenario3.java:13)
	at HCLAssesmnt.Assesment.Scenario3.testServiceWithoutApiKey(Scenario3.java:13)
	at HCLAssesmnt.Assesment.Scenario3.testServiceWithoutApiKey(Scenario3.java:13)
	at HCLAssesmnt.Assesment.Scenario3.testServiceWithoutApiKey(Scenario3.java:13)
	at HCLAssesmnt.Assesment.Scenario3.testServiceWithoutApiKey(Scenario3.java:13)
	at HCLAssesmnt.Assesment.Scenario3.testServiceWithoutApiKey(Scenario3.java:13)
	at HCLAssesmnt.Assesment.Scenario3.testServiceWithoutApiKey(Scenario3.java:13)
	at HCLAssesmnt.Assesment.Scenario3.testServiceWithoutApiKey(Scenario3.java:13)
	at HCLAssesmnt.Assesment.Scenario3.testServiceWithoutApiKey(Scenario3.java:13)
	at HCLAssesmnt.Assesment.Scenario3.testServiceWithoutApiKey(Scenario3.java:13)
	at HCLAssesmnt.Assesment.Scenario3.testServiceWithoutApiKey(Scenario3.java:13)
	at HCLAssesmnt.Assesment.Scenario3.testServiceWithoutApiKey(Scenario3.java:13)
	at HCLAssesmnt.Assesment.Scenario3.testServiceWithoutApiKey(Scenario3.java:13)
	at HCLAssesmnt.Assesment.Scenario3.testServiceWithoutApiKey(Scenario3.java:13)
	at HCLAssesmnt.Assesment.Scenario3.testServiceWithoutApiKey(Scenario3.java:13)
	at HCLAssesmnt.Assesment.Scenario3.testServiceWithoutApiKey(Scenario3.java:13)
	at HCLAssesmnt.Assesment.Scenario3.testServiceWithoutApiKey(Scenario3.java:13)
	at HCLAssesmnt.Assesment.Scenario3.testServiceWithoutApiKey(Scenario3.java:13)
	at HCLAssesmnt.Assesment.Scenario3.testServiceWithoutApiKey(Scenario3.java:13)
	at HCLAssesmnt.Assesment.Scenario3.testServiceWithoutApiKey(Scenario3.java:13)
	at HCLAssesmnt.Assesment.Scenario3.testServiceWithoutApiKey(Scenario3.java:13)
	at HCLAssesmnt.Assesment.Scenario3.testServiceWithoutApiKey(Scenario3.java:13)
	at HCLAssesmnt.Assesment.Scenario3.testServiceWithoutApiKey(Scenario3.java:13)
	at HCLAssesmnt.Assesment.Scenario3.testServiceWithoutApiKey(Scenario3.java:13)
	at HCLAssesmnt.Assesment.Scenario3.testServiceWithoutApiKey(Scenario3.java:13)
	at HCLAssesmnt.Assesment.Scenario3.testServiceWithoutApiKey(Scenario3.java:13)
	at HCLAssesmnt.Assesment.Scenario3.testServiceWithoutApiKey(Scenario3.java:13)
	at HCLAssesmnt.Assesment.Scenario3.testServiceWithoutApiKey(Scenario3.java:13)
	at HCLAssesmnt.Assesment.Scenario3.testServiceWithoutApiKey(Scenario3.java:13)
	at HCLAssesmnt.Assesment.Scenario3.testServiceWithoutApiKey(Scenario3.java:13)
	at HCLAssesmnt.Assesment.Scenario3.testServiceWithoutApiKey(Scenario3.java:13)
	at HCLAssesmnt.Assesment.Scenario3.testServiceWithoutApiKey(Scenario3.java:13)
	at HCLAssesmnt.Assesment.Scenario3.testServiceWithoutApiKey(Scenario3.java:13)
	at HCLAssesmnt.Assesment.Scenario3.testServiceWithoutApiKey(Scenario3.java:13)
	at HCLAssesmnt.Assesment.Scenario3.testServiceWithoutApiKey(Scenario3.java:13)
	at HCLAssesmnt.Assesment.Scenario3.testServiceWithoutApiKey(Scenario3.java:13)
	at HCLAssesmnt.Assesment.Scenario3.testServiceWithoutApiKey(Scenario3.java:13)
	at HCLAssesmnt.Assesment.Scenario3.testServiceWithoutApiKey(Scenario3.java:13)
	at HCLAssesmnt.Assesment.Scenario3.testServiceWithoutApiKey(Scenario3.java:13)
	at HCLAssesmnt.Assesment.Scenario3.testServiceWithoutApiKey(Scenario3.java:13)
	at HCLAssesmnt.Assesment.Scenario3.testServiceWithoutApiKey(Scenario3.java:13)
	at HCLAssesmnt.Assesment.Scenario3.testServiceWithoutApiKey(Scenario3.java:13)
	at HCLAssesmnt.Assesment.Scenario3.testServiceWithoutApiKey(Scenario3.java:13)
	at HCLAssesmnt.Assesment.Scenario3.testServiceWithoutApiKey(Scenario3.java:13)
	at HCLAssesmnt.Assesment.Scenario3.testServiceWithoutApiKey(Scenario3.java:13)
	at HCLAssesmnt.Assesment.Scenario3.testServiceWithoutApiKey(Scenario3.java:13)
	at HCLAssesmnt.Assesment.Scenario3.testServiceWithoutApiKey(Scenario3.java:13)
	at HCLAssesmnt.Assesment.Scenario3.testServiceWithoutApiKey(Scenario3.java:13)
	at HCLAssesmnt.Assesment.Scenario3.testServiceWithoutApiKey(Scenario3.java:13)
	at HCLAssesmnt.Assesment.Scenario3.testServiceWithoutApiKey(Scenario3.java:13)
	at HCLAssesmnt.Assesment.Scenario3.testServiceWithoutApiKey(Scenario3.java:13)
	at HCLAssesmnt.Assesment.Scenario3.testServiceWithoutApiKey(Scenario3.java:13)
	at HCLAssesmnt.Assesment.Scenario3.testServiceWithoutApiKey(Scenario3.java:13)
	at HCLAssesmnt.Assesment.Scenario3.testServiceWithoutApiKey(Scenario3.java:13)
	at HCLAssesmnt.Assesment.Scenario3.testServiceWithoutApiKey(Scenario3.java:13)
	at HCLAssesmnt.Assesment.Scenario3.testServiceWithoutApiKey(Scenario3.java:13)
	at HCLAssesmnt.Assesment.Scenario3.testServiceWithoutApiKey(Scenario3.java:13)
	at HCLAssesmnt.Assesment.Scenario3.testServiceWithoutApiKey(Scenario3.java:13)
	at HCLAssesmnt.Assesment.Scenario3.testServiceWithoutApiKey(Scenario3.java:13)
	at HCLAssesmnt.Assesment.Scenario3.testServiceWithoutApiKey(Scenario3.java:13)
	at HCLAssesmnt.Assesment.Scenario3.testServiceWithoutApiKey(Scenario3.java:13)
	at HCLAssesmnt.Assesment.Scenario3.testServiceWithoutApiKey(Scenario3.java:13)
	at HCLAssesmnt.Assesment.Scenario3.testServiceWithoutApiKey(Scenario3.java:13)
	at HCLAssesmnt.Assesment.Scenario3.testServiceWithoutApiKey(Scenario3.java:13)
	at HCLAssesmnt.Assesment.Scenario3.testServiceWithoutApiKey(Scenario3.java:13)
	at HCLAssesmnt.Assesment.Scenario3.testServiceWithoutApiKey(Scenario3.java:13)
	at HCLAssesmnt.Assesment.Scenario3.testServiceWithoutApiKey(Scenario3.java:13)
	at HCLAssesmnt.Assesment.Scenario3.testServiceWithoutApiKey(Scenario3.java:13)
	at HCLAssesmnt.Assesment.Scenario3.testServiceWithoutApiKey(Scenario3.java:13)
	at HCLAssesmnt.Assesment.Scenario3.testServiceWithoutApiKey(Scenario3.java:13)
	at HCLAssesmnt.Assesment.Scenario3.testServiceWithoutApiKey(Scenario3.java:13)
	at HCLAssesmnt.Assesment.Scenario3.testServiceWithoutApiKey(Scenario3.java:13)
	at HCLAssesmnt.Assesment.Scenario3.testServiceWithoutApiKey(Scenario3.java:13)
	at HCLAssesmnt.Assesment.Scenario3.testServiceWithoutApiKey(Scenario3.java:13)
	at HCLAssesmnt.Assesment.Scenario3.testServiceWithoutApiKey(Scenario3.java:13)
	at HCLAssesmnt.Assesment.Scenario3.testServiceWithoutApiKey(Scenario3.java:13)
	at HCLAssesmnt.Assesment.Scenario3.testServiceWithoutApiKey(Scenario3.java:13)
	at HCLAssesmnt.Assesment.Scenario3.testServiceWithoutApiKey(Scenario3.java:13)
	at HCLAssesmnt.Assesment.Scenario3.testServiceWithoutApiKey(Scenario3.java:13)
	at HCLAssesmnt.Assesment.Scenario3.testServiceWithoutApiKey(Scenario3.java:13)
	at HCLAssesmnt.Assesment.Scenario3.testServiceWithoutApiKey(Scenario3.java:13)
	at HCLAssesmnt.Assesment.Scenario3.testServiceWithoutApiKey(Scenario3.java:13)
	at HCLAssesmnt.Assesment.Scenario3.testServiceWithoutApiKey(Scenario3.java:13)
	at HCLAssesmnt.Assesment.Scenario3.testServiceWithoutApiKey(Scenario3.java:13)
	at HCLAssesmnt.Assesment.Scenario3.testServiceWithoutApiKey(Scenario3.java:13)
	at HCLAssesmnt.Assesment.Scenario3.testServiceWithoutApiKey(Scenario3.java:13)
	at HCLAssesmnt.Assesment.Scenario3.testServiceWithoutApiKey(Scenario3.java:13)
	at HCLAssesmnt.Assesment.Scenario3.testServiceWithoutApiKey(Scenario3.java:13)
	at HCLAssesmnt.Assesment.Scenario3.testServiceWithoutApiKey(Scenario3.java:13)
	at HCLAssesmnt.Assesment.Scenario3.testServiceWithoutApiKey(Scenario3.java:13)
	at HCLAssesmnt.Assesment.Scenario3.testServiceWithoutApiKey(Scenario3.java:13)
	at HCLAssesmnt.Assesment.Scenario3.testServiceWithoutApiKey(Scenario3.java:13)
	at HCLAssesmnt.Assesment.Scenario3.testServiceWithoutApiKey(Scenario3.java:13)
	at HCLAssesmnt.Assesment.Scenario3.testServiceWithoutApiKey(Scenario3.java:13)
	at HCLAssesmnt.Assesment.Scenario3.testServiceWithoutApiKey(Scenario3.java:13)
	at HCLAssesmnt.Assesment.Scenario3.testServiceWithoutApiKey(Scenario3.java:13)
	at HCLAssesmnt.Assesment.Scenario3.testServiceWithoutApiKey(Scenario3.java:13)
	at HCLAssesmnt.Assesment.Scenario3.testServiceWithoutApiKey(Scenario3.java:13)
	at HCLAssesmnt.Assesment.Scenario3.testServiceWithoutApiKey(Scenario3.java:13)
	at HCLAssesmnt.Assesment.Scenario3.testServiceWithoutApiKey(Scenario3.java:13)
	at HCLAssesmnt.Assesment.Scenario3.testServiceWithoutApiKey(Scenario3.java:13)
	at HCLAssesmnt.Assesment.Scenario3.testServiceWithoutApiKey(Scenario3.java:13)
	at HCLAssesmnt.Assesment.Scenario3.testServiceWithoutApiKey(Scenario3.java:13)
	at HCLAssesmnt.Assesment.Scenario3.testServiceWithoutApiKey(Scenario3.java:13)
	at HCLAssesmnt.Assesment.Scenario3.testServiceWithoutApiKey(Scenario3.java:13)
	at HCLAssesmnt.Assesment.Scenario3.testServiceWithoutApiKey(Scenario3.java:13)
	at HCLAssesmnt.Assesment.Scenario3.testServiceWithoutApiKey(Scenario3.java:13)
	at HCLAssesmnt.Assesment.Scenario3.testServiceWithoutApiKey(Scenario3.java:13)
	at HCLAssesmnt.Assesment.Scenario3.testServiceWithoutApiKey(Scenario3.java:13)
	at HCLAssesmnt.Assesment.Scenario3.testServiceWithoutApiKey(Scenario3.java:13)
	at HCLAssesmnt.Assesment.Scenario3.testServiceWithoutApiKey(Scenario3.java:13)
	at HCLAssesmnt.Assesment.Scenario3.testServiceWithoutApiKey(Scenario3.java:13)
	at HCLAssesmnt.Assesment.Scenario3.testServiceWithoutApiKey(Scenario3.java:13)
	at HCLAssesmnt.Assesment.Scenario3.testServiceWithoutApiKey(Scenario3.java:13)
	at HCLAssesmnt.Assesment.Scenario3.testServiceWithoutApiKey(Scenario3.java:13)
	at HCLAssesmnt.Assesment.Scenario3.testServiceWithoutApiKey(Scenario3.java:13)
	at HCLAssesmnt.Assesment.Scenario3.testServiceWithoutApiKey(Scenario3.java:13)
	at HCLAssesmnt.Assesment.Scenario3.testServiceWithoutApiKey(Scenario3.java:13)
	at HCLAssesmnt.Assesment.Scenario3.testServiceWithoutApiKey(Scenario3.java:13)
	at HCLAssesmnt.Assesment.Scenario3.testServiceWithoutApiKey(Scenario3.java:13)
	at HCLAssesmnt.Assesment.Scenario3.testServiceWithoutApiKey(Scenario3.java:13)
	at HCLAssesmnt.Assesment.Scenario3.testServiceWithoutApiKey(Scenario3.java:13)
	at HCLAssesmnt.Assesment.Scenario3.testServiceWithoutApiKey(Scenario3.java:13)
	at HCLAssesmnt.Assesment.Scenario3.testServiceWithoutApiKey(Scenario3.java:13)
	at HCLAssesmnt.Assesment.Scenario3.testServiceWithoutApiKey(Scenario3.java:13)
	at HCLAssesmnt.Assesment.Scenario3.testServiceWithoutApiKey(Scenario3.java:13)
	at HCLAssesmnt.Assesment.Scenario3.testServiceWithoutApiKey(Scenario3.java:13)
	at HCLAssesmnt.Assesment.Scenario3.testServiceWithoutApiKey(Scenario3.java:13)
	at HCLAssesmnt.Assesment.Scenario3.testServiceWithoutApiKey(Scenario3.java:13)
	at HCLAssesmnt.Assesment.Scenario3.testServiceWithoutApiKey(Scenario3.java:13)
	at HCLAssesmnt.Assesment.Scenario3.testServiceWithoutApiKey(Scenario3.java:13)
	at HCLAssesmnt.Assesment.Scenario3.testServiceWithoutApiKey(Scenario3.java:13)
	at HCLAssesmnt.Assesment.Scenario3.testServiceWithoutApiKey(Scenario3.java:13)
	at HCLAssesmnt.Assesment.Scenario3.testServiceWithoutApiKey(Scenario3.java:13)
	at HCLAssesmnt.Assesment.Scenario3.testServiceWithoutApiKey(Scenario3.java:13)
	at HCLAssesmnt.Assesment.Scenario3.testServiceWithoutApiKey(Scenario3.java:13)
	at HCLAssesmnt.Assesment.Scenario3.testServiceWithoutApiKey(Scenario3.java:13)
	at HCLAssesmnt.Assesment.Scenario3.testServiceWithoutApiKey(Scenario3.java:13)
	at HCLAssesmnt.Assesment.Scenario3.testServiceWithoutApiKey(Scenario3.java:13)
	at HCLAssesmnt.Assesment.Scenario3.testServiceWithoutApiKey(Scenario3.java:13)
	at HCLAssesmnt.Assesment.Scenario3.testServiceWithoutApiKey(Scenario3.java:13)
	at HCLAssesmnt.Assesment.Scenario3.testServiceWithoutApiKey(Scenario3.java:13)
	at HCLAssesmnt.Assesment.Scenario3.testServiceWithoutApiKey(Scenario3.java:13)
	at HCLAssesmnt.Assesment.Scenario3.testServiceWithoutApiKey(Scenario3.java:13)
	at HCLAssesmnt.Assesment.Scenario3.testServiceWithoutApiKey(Scenario3.java:13)
	at HCLAssesmnt.Assesment.Scenario3.testServiceWithoutApiKey(Scenario3.java:13)
	at HCLAssesmnt.Assesment.Scenario3.testServiceWithoutApiKey(Scenario3.java:13)
	at HCLAssesmnt.Assesment.Scenario3.testServiceWithoutApiKey(Scenario3.java:13)
	at HCLAssesmnt.Assesment.Scenario3.testServiceWithoutApiKey(Scenario3.java:13)
	at HCLAssesmnt.Assesment.Scenario3.testServiceWithoutApiKey(Scenario3.java:13)
	at HCLAssesmnt.Assesment.Scenario3.testServiceWithoutApiKey(Scenario3.java:13)
	at HCLAssesmnt.Assesment.Scenario3.testServiceWithoutApiKey(Scenario3.java:13)
	at HCLAssesmnt.Assesment.Scenario3.testServiceWithoutApiKey(Scenario3.java:13)
	at HCLAssesmnt.Assesment.Scenario3.testServiceWithoutApiKey(Scenario3.java:13)
	at HCLAssesmnt.Assesment.Scenario3.testServiceWithoutApiKey(Scenario3.java:13)
	at HCLAssesmnt.Assesment.Scenario3.testServiceWithoutApiKey(Scenario3.java:13)
	at HCLAssesmnt.Assesment.Scenario3.testServiceWithoutApiKey(Scenario3.java:13)
	at HCLAssesmnt.Assesment.Scenario3.testServiceWithoutApiKey(Scenario3.java:13)
	at HCLAssesmnt.Assesment.Scenario3.testServiceWithoutApiKey(Scenario3.java:13)
	at HCLAssesmnt.Assesment.Scenario3.testServiceWithoutApiKey(Scenario3.java:13)
	at HCLAssesmnt.Assesment.Scenario3.testServiceWithoutApiKey(Scenario3.java:13)
	at HCLAssesmnt.Assesment.Scenario3.testServiceWithoutApiKey(Scenario3.java:13)
	at HCLAssesmnt.Assesment.Scenario3.testServiceWithoutApiKey(Scenario3.java:13)
	at HCLAssesmnt.Assesment.Scenario3.testServiceWithoutApiKey(Scenario3.java:13)
	at HCLAssesmnt.Assesment.Scenario3.testServiceWithoutApiKey(Scenario3.java:13)
	at HCLAssesmnt.Assesment.Scenario3.testServiceWithoutApiKey(Scenario3.java:13)
	at HCLAssesmnt.Assesment.Scenario3.testServiceWithoutApiKey(Scenario3.java:13)
	at HCLAssesmnt.Assesment.Scenario3.testServiceWithoutApiKey(Scenario3.java:13)
	at HCLAssesmnt.Assesment.Scenario3.testServiceWithoutApiKey(Scenario3.java:13)
	at HCLAssesmnt.Assesment.Scenario3.testServiceWithoutApiKey(Scenario3.java:13)
	at HCLAssesmnt.Assesment.Scenario3.testServiceWithoutApiKey(Scenario3.java:13)
	at HCLAssesmnt.Assesment.Scenario3.testServiceWithoutApiKey(Scenario3.java:13)
	at HCLAssesmnt.Assesment.Scenario3.testServiceWithoutApiKey(Scenario3.java:13)
	at HCLAssesmnt.Assesment.Scenario3.testServiceWithoutApiKey(Scenario3.java:13)
	at HCLAssesmnt.Assesment.Scenario3.testServiceWithoutApiKey(Scenario3.java:13)
	at HCLAssesmnt.Assesment.Scenario3.testServiceWithoutApiKey(Scenario3.java:13)
	at HCLAssesmnt.Assesment.Scenario3.testServiceWithoutApiKey(Scenario3.java:13)
	at HCLAssesmnt.Assesment.Scenario3.testServiceWithoutApiKey(Scenario3.java:13)
	at HCLAssesmnt.Assesment.Scenario3.testServiceWithoutApiKey(Scenario3.java:13)
	at HCLAssesmnt.Assesment.Scenario3.testServiceWithoutApiKey(Scenario3.java:13)
	at HCLAssesmnt.Assesment.Scenario3.testServiceWithoutApiKey(Scenario3.java:13)
	at HCLAssesmnt.Assesment.Scenario3.testServiceWithoutApiKey(Scenario3.java:13)
	at HCLAssesmnt.Assesment.Scenario3.testServiceWithoutApiKey(Scenario3.java:13)
	at HCLAssesmnt.Assesment.Scenario3.testServiceWithoutApiKey(Scenario3.java:13)
	at HCLAssesmnt.Assesment.Scenario3.testServiceWithoutApiKey(Scenario3.java:13)
	at HCLAssesmnt.Assesment.Scenario3.testServiceWithoutApiKey(Scenario3.java:13)
	at HCLAssesmnt.Assesment.Scenario3.testServiceWithoutApiKey(Scenario3.java:13)
	at HCLAssesmnt.Assesment.Scenario3.testServiceWithoutApiKey(Scenario3.java:13)
	at HCLAssesmnt.Assesment.Scenario3.testServiceWithoutApiKey(Scenario3.java:13)
	at HCLAssesmnt.Assesment.Scenario3.testServiceWithoutApiKey(Scenario3.java:13)
	at HCLAssesmnt.Assesment.Scenario3.testServiceWithoutApiKey(Scenario3.java:13)
	at HCLAssesmnt.Assesment.Scenario3.testServiceWithoutApiKey(Scenario3.java:13)
	at HCLAssesmnt.Assesment.Scenario3.testServiceWithoutApiKey(Scenario3.java:13)
	at HCLAssesmnt.Assesment.Scenario3.testServiceWithoutApiKey(Scenario3.java:13)
	at HCLAssesmnt.Assesment.Scenario3.testServiceWithoutApiKey(Scenario3.java:13)
	at HCLAssesmnt.Assesment.Scenario3.testServiceWithoutApiKey(Scenario3.java:13)
	at HCLAssesmnt.Assesment.Scenario3.testServiceWithoutApiKey(Scenario3.java:13)
	at HCLAssesmnt.Assesment.Scenario3.testServiceWithoutApiKey(Scenario3.java:13)
	at HCLAssesmnt.Assesment.Scenario3.testServiceWithoutApiKey(Scenario3.java:13)
[...]
	at HCLAssesmnt.Assesment.Scenario3.getAddedStations(Scenario3.java:20)
	at HCLAssesmnt.Assesment.Scenario3.getAddedStations(Scenario3.java:20)
	at HCLAssesmnt.Assesment.Scenario3.getAddedStations(Scenario3.java:20)
	at HCLAssesmnt.Assesment.Scenario3.getAddedStations(Scenario3.java:20)
	at HCLAssesmnt.Assesment.Scenario3.getAddedStations(Scenario3.java:20)
	at HCLAssesmnt.Assesment.Scenario3.getAddedStations(Scenario3.java:20)
	at HCLAssesmnt.Assesment.Scenario3.getAddedStations(Scenario3.java:20)
	at HCLAssesmnt.Assesment.Scenario3.getAddedStations(Scenario3.java:20)
	at HCLAssesmnt.Assesment.Scenario3.getAddedStations(Scenario3.java:20)
	at HCLAssesmnt.Assesment.Scenario3.getAddedStations(Scenario3.java:20)
	at HCLAssesmnt.Assesment.Scenario3.getAddedStations(Scenario3.java:20)
	at HCLAssesmnt.Assesment.Scenario3.getAddedStations(Scenario3.java:20)
	at HCLAssesmnt.Assesment.Scenario3.getAddedStations(Scenario3.java:20)
	at HCLAssesmnt.Assesment.Scenario3.getAddedStations(Scenario3.java:20)
	at HCLAssesmnt.Assesment.Scenario3.getAddedStations(Scenario3.java:20)
	at HCLAssesmnt.Assesment.Scenario3.getAddedStations(Scenario3.java:20)
	at HCLAssesmnt.Assesment.Scenario3.getAddedStations(Scenario3.java:20)
	at HCLAssesmnt.Assesment.Scenario3.getAddedStations(Scenario3.java:20)
	at HCLAssesmnt.Assesment.Scenario3.getAddedStations(Scenario3.java:20)
	at HCLAssesmnt.Assesment.Scenario3.getAddedStations(Scenario3.java:20)
	at HCLAssesmnt.Assesment.Scenario3.getAddedStations(Scenario3.java:20)
	at HCLAssesmnt.Assesment.Scenario3.getAddedStations(Scenario3.java:20)
	at HCLAssesmnt.Assesment.Scenario3.getAddedStations(Scenario3.java:20)
	at HCLAssesmnt.Assesment.Scenario3.getAddedStations(Scenario3.java:20)
	at HCLAssesmnt.Assesment.Scenario3.getAddedStations(Scenario3.java:20)
	at HCLAssesmnt.Assesment.Scenario3.getAddedStations(Scenario3.java:20)
	at HCLAssesmnt.Assesment.Scenario3.getAddedStations(Scenario3.java:20)
	at HCLAssesmnt.Assesment.Scenario3.getAddedStations(Scenario3.java:20)
	at HCLAssesmnt.Assesment.Scenario3.getAddedStations(Scenario3.java:20)
	at HCLAssesmnt.Assesment.Scenario3.getAddedStations(Scenario3.java:20)
	at HCLAssesmnt.Assesment.Scenario3.getAddedStations(Scenario3.java:20)
	at HCLAssesmnt.Assesment.Scenario3.getAddedStations(Scenario3.java:20)
	at HCLAssesmnt.Assesment.Scenario3.getAddedStations(Scenario3.java:20)
	at HCLAssesmnt.Assesment.Scenario3.getAddedStations(Scenario3.java:20)
	at HCLAssesmnt.Assesment.Scenario3.getAddedStations(Scenario3.java:20)
	at HCLAssesmnt.Assesment.Scenario3.getAddedStations(Scenario3.java:20)
	at HCLAssesmnt.Assesment.Scenario3.getAddedStations(Scenario3.java:20)
	at HCLAssesmnt.Assesment.Scenario3.getAddedStations(Scenario3.java:20)
	at HCLAssesmnt.Assesment.Scenario3.getAddedStations(Scenario3.java:20)
	at HCLAssesmnt.Assesment.Scenario3.getAddedStations(Scenario3.java:20)
	at HCLAssesmnt.Assesment.Scenario3.getAddedStations(Scenario3.java:20)
	at HCLAssesmnt.Assesment.Scenario3.getAddedStations(Scenario3.java:20)
	at HCLAssesmnt.Assesment.Scenario3.getAddedStations(Scenario3.java:20)
	at HCLAssesmnt.Assesment.Scenario3.getAddedStations(Scenario3.java:20)
	at HCLAssesmnt.Assesment.Scenario3.getAddedStations(Scenario3.java:20)
	at HCLAssesmnt.Assesment.Scenario3.getAddedStations(Scenario3.java:20)
	at HCLAssesmnt.Assesment.Scenario3.getAddedStations(Scenario3.java:20)
	at HCLAssesmnt.Assesment.Scenario3.getAddedStations(Scenario3.java:20)
	at HCLAssesmnt.Assesment.Scenario3.getAddedStations(Scenario3.java:20)
	at HCLAssesmnt.Assesment.Scenario3.getAddedStations(Scenario3.java:20)
	at HCLAssesmnt.Assesment.Scenario3.getAddedStations(Scenario3.java:20)
	at HCLAssesmnt.Assesment.Scenario3.getAddedStations(Scenario3.java:20)
	at HCLAssesmnt.Assesment.Scenario3.getAddedStations(Scenario3.java:20)
	at HCLAssesmnt.Assesment.Scenario3.getAddedStations(Scenario3.java:20)
	at HCLAssesmnt.Assesment.Scenario3.getAddedStations(Scenario3.java:20)
	at HCLAssesmnt.Assesment.Scenario3.getAddedStations(Scenario3.java:20)
	at HCLAssesmnt.Assesment.Scenario3.getAddedStations(Scenario3.java:20)
	at HCLAssesmnt.Assesment.Scenario3.getAddedStations(Scenario3.java:20)
	at HCLAssesmnt.Assesment.Scenario3.getAddedStations(Scenario3.java:20)
	at HCLAssesmnt.Assesment.Scenario3.getAddedStations(Scenario3.java:20)
	at HCLAssesmnt.Assesment.Scenario3.getAddedStations(Scenario3.java:20)
	at HCLAssesmnt.Assesment.Scenario3.getAddedStations(Scenario3.java:20)
	at HCLAssesmnt.Assesment.Scenario3.getAddedStations(Scenario3.java:20)
	at HCLAssesmnt.Assesment.Scenario3.getAddedStations(Scenario3.java:20)
	at HCLAssesmnt.Assesment.Scenario3.getAddedStations(Scenario3.java:20)
	at HCLAssesmnt.Assesment.Scenario3.getAddedStations(Scenario3.java:20)
	at HCLAssesmnt.Assesment.Scenario3.getAddedStations(Scenario3.java:20)
	at HCLAssesmnt.Assesment.Scenario3.getAddedStations(Scenario3.java:20)
	at HCLAssesmnt.Assesment.Scenario3.getAddedStations(Scenario3.java:20)
	at HCLAssesmnt.Assesment.Scenario3.getAddedStations(Scenario3.java:20)
	at HCLAssesmnt.Assesment.Scenario3.getAddedStations(Scenario3.java:20)
	at HCLAssesmnt.Assesment.Scenario3.getAddedStations(Scenario3.java:20)
	at HCLAssesmnt.Assesment.Scenario3.getAddedStations(Scenario3.java:20)
	at HCLAssesmnt.Assesment.Scenario3.getAddedStations(Scenario3.java:20)
	at HCLAssesmnt.Assesment.Scenario3.getAddedStations(Scenario3.java:20)
	at HCLAssesmnt.Assesment.Scenario3.getAddedStations(Scenario3.java:20)
	at HCLAssesmnt.Assesment.Scenario3.getAddedStations(Scenario3.java:20)
	at HCLAssesmnt.Assesment.Scenario3.getAddedStations(Scenario3.java:20)
	at HCLAssesmnt.Assesment.Scenario3.getAddedStations(Scenario3.java:20)
	at HCLAssesmnt.Assesment.Scenario3.getAddedStations(Scenario3.java:20)
	at HCLAssesmnt.Assesment.Scenario3.getAddedStations(Scenario3.java:20)
	at HCLAssesmnt.Assesment.Scenario3.getAddedStations(Scenario3.java:20)
	at HCLAssesmnt.Assesment.Scenario3.getAddedStations(Scenario3.java:20)
	at HCLAssesmnt.Assesment.Scenario3.getAddedStations(Scenario3.java:20)
	at HCLAssesmnt.Assesment.Scenario3.getAddedStations(Scenario3.java:20)
	at HCLAssesmnt.Assesment.Scenario3.getAddedStations(Scenario3.java:20)
	at HCLAssesmnt.Assesment.Scenario3.getAddedStations(Scenario3.java:20)
	at HCLAssesmnt.Assesment.Scenario3.getAddedStations(Scenario3.java:20)
	at HCLAssesmnt.Assesment.Scenario3.getAddedStations(Scenario3.java:20)
	at HCLAssesmnt.Assesment.Scenario3.getAddedStations(Scenario3.java:20)
	at HCLAssesmnt.Assesment.Scenario3.getAddedStations(Scenario3.java:20)
	at HCLAssesmnt.Assesment.Scenario3.getAddedStations(Scenario3.java:20)
	at HCLAssesmnt.Assesment.Scenario3.getAddedStations(Scenario3.java:20)
	at HCLAssesmnt.Assesment.Scenario3.getAddedStations(Scenario3.java:20)
	at HCLAssesmnt.Assesment.Scenario3.getAddedStations(Scenario3.java:20)
	at HCLAssesmnt.Assesment.Scenario3.getAddedStations(Scenario3.java:20)
	at HCLAssesmnt.Assesment.Scenario3.getAddedStations(Scenario3.java:20)
	at HCLAssesmnt.Assesment.Scenario3.getAddedStations(Scenario3.java:20)
	at HCLAssesmnt.Assesment.Scenario3.getAddedStations(Scenario3.java:20)
	at HCLAssesmnt.Assesment.Scenario3.getAddedStations(Scenario3.java:20)
	at HCLAssesmnt.Assesment.Scenario3.getAddedStations(Scenario3.java:20)
	at HCLAssesmnt.Assesment.Scenario3.getAddedStations(Scenario3.java:20)
	at HCLAssesmnt.Assesment.Scenario3.getAddedStations(Scenario3.java:20)
	at HCLAssesmnt.Assesment.Scenario3.getAddedStations(Scenario3.java:20)
	at HCLAssesmnt.Assesment.Scenario3.getAddedStations(Scenario3.java:20)
	at HCLAssesmnt.Assesment.Scenario3.getAddedStations(Scenario3.java:20)
	at HCLAssesmnt.Assesment.Scenario3.getAddedStations(Scenario3.java:20)
	at HCLAssesmnt.Assesment.Scenario3.getAddedStations(Scenario3.java:20)
	at HCLAssesmnt.Assesment.Scenario3.getAddedStations(Scenario3.java:20)
	at HCLAssesmnt.Assesment.Scenario3.getAddedStations(Scenario3.java:20)
	at HCLAssesmnt.Assesment.Scenario3.getAddedStations(Scenario3.java:20)
	at HCLAssesmnt.Assesment.Scenario3.getAddedStations(Scenario3.java:20)
	at HCLAssesmnt.Assesment.Scenario3.getAddedStations(Scenario3.java:20)
	at HCLAssesmnt.Assesment.Scenario3.getAddedStations(Scenario3.java:20)
	at HCLAssesmnt.Assesment.Scenario3.getAddedStations(Scenario3.java:20)
	at HCLAssesmnt.Assesment.Scenario3.getAddedStations(Scenario3.java:20)
	at HCLAssesmnt.Assesment.Scenario3.getAddedStations(Scenario3.java:20)
	at HCLAssesmnt.Assesment.Scenario3.getAddedStations(Scenario3.java:20)
	at HCLAssesmnt.Assesment.Scenario3.getAddedStations(Scenario3.java:20)
	at HCLAssesmnt.Assesment.Scenario3.getAddedStations(Scenario3.java:20)
	at HCLAssesmnt.Assesment.Scenario3.getAddedStations(Scenario3.java:20)
	at HCLAssesmnt.Assesment.Scenario3.getAddedStations(Scenario3.java:20)
	at HCLAssesmnt.Assesment.Scenario3.getAddedStations(Scenario3.java:20)
	at HCLAssesmnt.Assesment.Scenario3.getAddedStations(Scenario3.java:20)
	at HCLAssesmnt.Assesment.Scenario3.getAddedStations(Scenario3.java:20)
	at HCLAssesmnt.Assesment.Scenario3.getAddedStations(Scenario3.java:20)
	at HCLAssesmnt.Assesment.Scenario3.getAddedStations(Scenario3.java:20)
	at HCLAssesmnt.Assesment.Scenario3.getAddedStations(Scenario3.java:20)
	at HCLAssesmnt.Assesment.Scenario3.getAddedStations(Scenario3.java:20)
	at HCLAssesmnt.Assesment.Scenario3.getAddedStations(Scenario3.java:20)
	at HCLAssesmnt.Assesment.Scenario3.getAddedStations(Scenario3.java:20)
	at HCLAssesmnt.Assesment.Scenario3.getAddedStations(Scenario3.java:20)
	at HCLAssesmnt.Assesment.Scenario3.getAddedStations(Scenario3.java:20)
	at HCLAssesmnt.Assesment.Scenario3.getAddedStations(Scenario3.java:20)
	at HCLAssesmnt.Assesment.Scenario3.getAddedStations(Scenario3.java:20)
	at HCLAssesmnt.Assesment.Scenario3.getAddedStations(Scenario3.java:20)
	at HCLAssesmnt.Assesment.Scenario3.getAddedStations(Scenario3.java:20)
	at HCLAssesmnt.Assesment.Scenario3.getAddedStations(Scenario3.java:20)
	at HCLAssesmnt.Assesment.Scenario3.getAddedStations(Scenario3.java:20)
	at HCLAssesmnt.Assesment.Scenario3.getAddedStations(Scenario3.java:20)
	at HCLAssesmnt.Assesment.Scenario3.getAddedStations(Scenario3.java:20)
	at HCLAssesmnt.Assesment.Scenario3.getAddedStations(Scenario3.java:20)
	at HCLAssesmnt.Assesment.Scenario3.getAddedStations(Scenario3.java:20)
	at HCLAssesmnt.Assesment.Scenario3.getAddedStations(Scenario3.java:20)
	at HCLAssesmnt.Assesment.Scenario3.getAddedStations(Scenario3.java:20)
	at HCLAssesmnt.Assesment.Scenario3.getAddedStations(Scenario3.java:20)
	at HCLAssesmnt.Assesment.Scenario3.getAddedStations(Scenario3.java:20)
	at HCLAssesmnt.Assesment.Scenario3.getAddedStations(Scenario3.java:20)
	at HCLAssesmnt.Assesment.Scenario3.getAddedStations(Scenario3.java:20)
	at HCLAssesmnt.Assesment.Scenario3.getAddedStations(Scenario3.java:20)
	at HCLAssesmnt.Assesment.Scenario3.getAddedStations(Scenario3.java:20)
	at HCLAssesmnt.Assesment.Scenario3.getAddedStations(Scenario3.java:20)
	at HCLAssesmnt.Assesment.Scenario3.getAddedStations(Scenario3.java:20)
	at HCLAssesmnt.Assesment.Scenario3.getAddedStations(Scenario3.java:20)
	at HCLAssesmnt.Assesment.Scenario3.getAddedStations(Scenario3.java:20)
	at HCLAssesmnt.Assesment.Scenario3.getAddedStations(Scenario3.java:20)
	at HCLAssesmnt.Assesment.Scenario3.getAddedStations(Scenario3.java:20)
	at HCLAssesmnt.Assesment.Scenario3.getAddedStations(Scenario3.java:20)
	at HCLAssesmnt.Assesment.Scenario3.getAddedStations(Scenario3.java:20)
	at HCLAssesmnt.Assesment.Scenario3.getAddedStations(Scenario3.java:20)
	at HCLAssesmnt.Assesment.Scenario3.getAddedStations(Scenario3.java:20)
	at HCLAssesmnt.Assesment.Scenario3.getAddedStations(Scenario3.java:20)
	at HCLAssesmnt.Assesment.Scenario3.getAddedStations(Scenario3.java:20)
	at HCLAssesmnt.Assesment.Scenario3.getAddedStations(Scenario3.java:20)
	at HCLAssesmnt.Assesment.Scenario3.getAddedStations(Scenario3.java:20)
	at HCLAssesmnt.Assesment.Scenario3.getAddedStations(Scenario3.java:20)
	at HCLAssesmnt.Assesment.Scenario3.getAddedStations(Scenario3.java:20)
	at HCLAssesmnt.Assesment.Scenario3.getAddedStations(Scenario3.java:20)
	at HCLAssesmnt.Assesment.Scenario3.getAddedStations(Scenario3.java:20)
	at HCLAssesmnt.Assesment.Scenario3.getAddedStations(Scenario3.java:20)
	at HCLAssesmnt.Assesment.Scenario3.getAddedStations(Scenario3.java:20)
	at HCLAssesmnt.Assesment.Scenario3.getAddedStations(Scenario3.java:20)
	at HCLAssesmnt.Assesment.Scenario3.getAddedStations(Scenario3.java:20)
	at HCLAssesmnt.Assesment.Scenario3.getAddedStations(Scenario3.java:20)
	at HCLAssesmnt.Assesment.Scenario3.getAddedStations(Scenario3.java:20)
	at HCLAssesmnt.Assesment.Scenario3.getAddedStations(Scenario3.java:20)
	at HCLAssesmnt.Assesment.Scenario3.getAddedStations(Scenario3.java:20)
	at HCLAssesmnt.Assesment.Scenario3.getAddedStations(Scenario3.java:20)
	at HCLAssesmnt.Assesment.Scenario3.getAddedStations(Scenario3.java:20)
	at HCLAssesmnt.Assesment.Scenario3.getAddedStations(Scenario3.java:20)
	at HCLAssesmnt.Assesment.Scenario3.getAddedStations(Scenario3.java:20)
	at HCLAssesmnt.Assesment.Scenario3.getAddedStations(Scenario3.java:20)
	at HCLAssesmnt.Assesment.Scenario3.getAddedStations(Scenario3.java:20)
	at HCLAssesmnt.Assesment.Scenario3.getAddedStations(Scenario3.java:20)
	at HCLAssesmnt.Assesment.Scenario3.getAddedStations(Scenario3.java:20)
	at HCLAssesmnt.Assesment.Scenario3.getAddedStations(Scenario3.java:20)
	at HCLAssesmnt.Assesment.Scenario3.getAddedStations(Scenario3.java:20)
	at HCLAssesmnt.Assesment.Scenario3.getAddedStations(Scenario3.java:20)
	at HCLAssesmnt.Assesment.Scenario3.getAddedStations(Scenario3.java:20)
	at HCLAssesmnt.Assesment.Scenario3.getAddedStations(Scenario3.java:20)
	at HCLAssesmnt.Assesment.Scenario3.getAddedStations(Scenario3.java:20)
	at HCLAssesmnt.Assesment.Scenario3.getAddedStations(Scenario3.java:20)
	at HCLAssesmnt.Assesment.Scenario3.getAddedStations(Scenario3.java:20)
	at HCLAssesmnt.Assesment.Scenario3.getAddedStations(Scenario3.java:20)
	at HCLAssesmnt.Assesment.Scenario3.getAddedStations(Scenario3.java:20)
	at HCLAssesmnt.Assesment.Scenario3.getAddedStations(Scenario3.java:20)
	at HCLAssesmnt.Assesment.Scenario3.getAddedStations(Scenario3.java:20)
	at HCLAssesmnt.Assesment.Scenario3.getAddedStations(Scenario3.java:20)
	at HCLAssesmnt.Assesment.Scenario3.getAddedStations(Scenario3.java:20)
	at HCLAssesmnt.Assesment.Scenario3.getAddedStations(Scenario3.java:20)
	at HCLAssesmnt.Assesment.Scenario3.getAddedStations(Scenario3.java:20)
	at HCLAssesmnt.Assesment.Scenario3.getAddedStations(Scenario3.java:20)
	at HCLAssesmnt.Assesment.Scenario3.getAddedStations(Scenario3.java:20)
	at HCLAssesmnt.Assesment.Scenario3.getAddedStations(Scenario3.java:20)
	at HCLAssesmnt.Assesment.Scenario3.getAddedStations(Scenario3.java:20)
	at HCLAssesmnt.Assesment.Scenario3.getAddedStations(Scenario3.java:20)
	at HCLAssesmnt.Assesment.Scenario3.getAddedStations(Scenario3.java:20)
	at HCLAssesmnt.Assesment.Scenario3.getAddedStations(Scenario3.java:20)
	at HCLAssesmnt.Assesment.Scenario3.getAddedStations(Scenario3.java:20)
	at HCLAssesmnt.Assesment.Scenario3.getAddedStations(Scenario3.java:20)
	at HCLAssesmnt.Assesment.Scenario3.getAddedStations(Scenario3.java:20)
	at HCLAssesmnt.Assesment.Scenario3.getAddedStations(Scenario3.java:20)
	at HCLAssesmnt.Assesment.Scenario3.getAddedStations(Scenario3.java:20)
	at HCLAssesmnt.Assesment.Scenario3.getAddedStations(Scenario3.java:20)
	at HCLAssesmnt.Assesment.Scenario3.getAddedStations(Scenario3.java:20)
	at HCLAssesmnt.Assesment.Scenario3.getAddedStations(Scenario3.java:20)
	at HCLAssesmnt.Assesment.Scenario3.getAddedStations(Scenario3.java:20)
	at HCLAssesmnt.Assesment.Scenario3.getAddedStations(Scenario3.java:20)
	at HCLAssesmnt.Assesment.Scenario3.getAddedStations(Scenario3.java:20)
	at HCLAssesmnt.Assesment.Scenario3.getAddedStations(Scenario3.java:20)
	at HCLAssesmnt.Assesment.Scenario3.getAddedStations(Scenario3.java:20)
	at HCLAssesmnt.Assesment.Scenario3.getAddedStations(Scenario3.java:20)
	at HCLAssesmnt.Assesment.Scenario3.getAddedStations(Scenario3.java:20)
	at HCLAssesmnt.Assesment.Scenario3.getAddedStations(Scenario3.java:20)
	at HCLAssesmnt.Assesment.Scenario3.getAddedStations(Scenario3.java:20)
	at HCLAssesmnt.Assesment.Scenario3.getAddedStations(Scenario3.java:20)
	at HCLAssesmnt.Assesment.Scenario3.getAddedStations(Scenario3.java:20)
	at HCLAssesmnt.Assesment.Scenario3.getAddedStations(Scenario3.java:20)
	at HCLAssesmnt.Assesment.Scenario3.getAddedStations(Scenario3.java:20)
	at HCLAssesmnt.Assesment.Scenario3.getAddedStations(Scenario3.java:20)
	at HCLAssesmnt.Assesment.Scenario3.getAddedStations(Scenario3.java:20)
	at HCLAssesmnt.Assesment.Scenario3.getAddedStations(Scenario3.java:20)
	at HCLAssesmnt.Assesment.Scenario3.getAddedStations(Scenario3.java:20)
	at HCLAssesmnt.Assesment.Scenario3.getAddedStations(Scenario3.java:20)
	at HCLAssesmnt.Assesment.Scenario3.getAddedStations(Scenario3.java:20)
	at HCLAssesmnt.Assesment.Scenario3.getAddedStations(Scenario3.java:20)
	at HCLAssesmnt.Assesment.Scenario3.getAddedStations(Scenario3.java:20)
	at HCLAssesmnt.Assesment.Scenario3.getAddedStations(Scenario3.java:20)
	at HCLAssesmnt.Assesment.Scenario3.getAddedStations(Scenario3.java:20)
	at HCLAssesmnt.Assesment.Scenario3.getAddedStations(Scenario3.java:20)
	at HCLAssesmnt.Assesment.Scenario3.getAddedStations(Scenario3.java:20)
	at HCLAssesmnt.Assesment.Scenario3.getAddedStations(Scenario3.java:20)
	at HCLAssesmnt.Assesment.Scenario3.getAddedStations(Scenario3.java:20)
	at HCLAssesmnt.Assesment.Scenario3.getAddedStations(Scenario3.java:20)
	at HCLAssesmnt.Assesment.Scenario3.getAddedStations(Scenario3.java:20)
	at HCLAssesmnt.Assesment.Scenario3.getAddedStations(Scenario3.java:20)
	at HCLAssesmnt.Assesment.Scenario3.getAddedStations(Scenario3.java:20)
	at HCLAssesmnt.Assesment.Scenario3.getAddedStations(Scenario3.java:20)
	at HCLAssesmnt.Assesment.Scenario3.getAddedStations(Scenario3.java:20)
	at HCLAssesmnt.Assesment.Scenario3.getAddedStations(Scenario3.java:20)
	at HCLAssesmnt.Assesment.Scenario3.getAddedStations(Scenario3.java:20)
	at HCLAssesmnt.Assesment.Scenario3.getAddedStations(Scenario3.java:20)
	at HCLAssesmnt.Assesment.Scenario3.getAddedStations(Scenario3.java:20)
	at HCLAssesmnt.Assesment.Scenario3.getAddedStations(Scenario3.java:20)
	at HCLAssesmnt.Assesment.Scenario3.getAddedStations(Scenario3.java:20)
	at HCLAssesmnt.Assesment.Scenario3.getAddedStations(Scenario3.java:20)
	at HCLAssesmnt.Assesment.Scenario3.getAddedStations(Scenario3.java:20)
	at HCLAssesmnt.Assesment.Scenario3.getAddedStations(Scenario3.java:20)
	at HCLAssesmnt.Assesment.Scenario3.getAddedStations(Scenario3.java:20)
	at HCLAssesmnt.Assesment.Scenario3.getAddedStations(Scenario3.java:20)
	at HCLAssesmnt.Assesment.Scenario3.getAddedStations(Scenario3.java:20)
	at HCLAssesmnt.Assesment.Scenario3.getAddedStations(Scenario3.java:20)
	at HCLAssesmnt.Assesment.Scenario3.getAddedStations(Scenario3.java:20)
	at HCLAssesmnt.Assesment.Scenario3.getAddedStations(Scenario3.java:20)
	at HCLAssesmnt.Assesment.Scenario3.getAddedStations(Scenario3.java:20)
	at HCLAssesmnt.Assesment.Scenario3.getAddedStations(Scenario3.java:20)
	at HCLAssesmnt.Assesment.Scenario3.getAddedStations(Scenario3.java:20)
	at HCLAssesmnt.Assesment.Scenario3.getAddedStations(Scenario3.java:20)
	at HCLAssesmnt.Assesment.Scenario3.getAddedStations(Scenario3.java:20)
	at HCLAssesmnt.Assesment.Scenario3.getAddedStations(Scenario3.java:20)
	at HCLAssesmnt.Assesment.Scenario3.getAddedStations(Scenario3.java:20)
	at HCLAssesmnt.Assesment.Scenario3.getAddedStations(Scenario3.java:20)
	at HCLAssesmnt.Assesment.Scenario3.getAddedStations(Scenario3.java:20)
	at HCLAssesmnt.Assesment.Scenario3.getAddedStations(Scenario3.java:20)
	at HCLAssesmnt.Assesment.Scenario3.getAddedStations(Scenario3.java:20)
	at HCLAssesmnt.Assesment.Scenario3.getAddedStations(Scenario3.java:20)
]]>
    </error>
  </testcase> <!-- getAddedStations -->
</testsuite> <!-- HCLAssesmnt.Assesment.Scenario3 -->
